TN:
SF:src/compile.ts
FN:16,(anonymous_9)
FN:42,resolveSourceLine
FN:60,isLibrarySource
FN:76,resolveImportPath
FN:105,countLines
FN:109,offsetRanges
FN:110,(anonymous_15)
FN:117,preprocessSourceWithMetadata
FN:185,(anonymous_17)
FN:211,preprocessSource
FNF:10
FNH:1
FNDA:0,(anonymous_9)
FNDA:0,resolveSourceLine
FNDA:0,isLibrarySource
FNDA:0,resolveImportPath
FNDA:0,countLines
FNDA:0,offsetRanges
FNDA:0,(anonymous_15)
FNDA:9,preprocessSourceWithMetadata
FNDA:0,(anonymous_17)
FNDA:0,preprocessSource
DA:7,1
DA:8,1
DA:10,1
DA:16,1
DA:42,1
DA:47,0
DA:48,0
DA:49,0
DA:50,0
DA:53,0
DA:56,1
DA:61,0
DA:62,0
DA:63,0
DA:64,0
DA:66,0
DA:81,0
DA:83,0
DA:85,0
DA:86,0
DA:91,0
DA:92,0
DA:93,0
DA:94,0
DA:97,0
DA:98,0
DA:99,0
DA:102,0
DA:106,0
DA:110,0
DA:117,1
DA:118,9
DA:119,9
DA:120,9
DA:122,9
DA:123,0
DA:126,9
DA:127,9
DA:129,9
DA:130,9
DA:131,9
DA:133,9
DA:134,51
DA:135,51
DA:136,51
DA:138,51
DA:139,0
DA:140,0
DA:148,0
DA:149,0
DA:150,0
DA:157,0
DA:158,0
DA:159,0
DA:161,0
DA:164,0
DA:165,0
DA:167,0
DA:169,0
DA:172,0
DA:175,51
DA:176,9
DA:177,9
DA:180,42
DA:181,42
DA:184,9
DA:185,9
DA:186,9
DA:188,9
DA:189,9
DA:191,9
DA:192,0
DA:193,0
DA:196,9
DA:197,0
DA:204,9
DA:211,1
DA:212,0
LF:78
LH:35
BRDA:48,0,0,0
BRDA:48,1,0,0
BRDA:48,1,1,0
BRDA:63,2,0,0
BRDA:63,3,0,0
BRDA:63,3,1,0
BRDA:81,4,0,0
BRDA:81,4,1,0
BRDA:86,5,0,0
BRDA:94,6,0,0
BRDA:99,7,0,0
BRDA:106,8,0,0
BRDA:106,8,1,0
BRDA:117,9,0,0
BRDA:119,10,0,9
BRDA:119,10,1,9
BRDA:120,11,0,9
BRDA:120,11,1,9
BRDA:122,12,0,0
BRDA:138,13,0,0
BRDA:138,14,0,51
BRDA:138,14,1,18
BRDA:139,15,0,0
BRDA:149,16,0,0
BRDA:157,17,0,0
BRDA:161,18,0,0
BRDA:161,18,1,0
BRDA:167,19,0,0
BRDA:175,20,0,9
BRDA:175,21,0,51
BRDA:175,21,1,18
BRDA:175,21,2,9
BRDA:196,22,0,0
BRDA:196,23,0,9
BRDA:196,23,1,0
BRDA:207,24,0,0
BRDA:207,24,1,9
BRDA:211,25,0,0
BRF:38
BRH:12
end_of_record
TN:
SF:src/diagnostics/index.ts
FN:19,formatSourcePointer
FN:36,(anonymous_1)
FN:57,(anonymous_2)
FN:86,(anonymous_3)
FN:94,(anonymous_4)
FN:105,(anonymous_5)
FN:122,(anonymous_6)
FN:129,(anonymous_7)
FN:139,(anonymous_8)
FN:143,(anonymous_9)
FN:147,(anonymous_10)
FN:148,(anonymous_11)
FN:151,(anonymous_12)
FN:167,parseErrorMessage
FN:186,formatError
FNF:15
FNH:4
FNDA:0,formatSourcePointer
FNDA:76,(anonymous_1)
FNDA:0,(anonymous_2)
FNDA:0,(anonymous_3)
FNDA:0,(anonymous_4)
FNDA:0,(anonymous_5)
FNDA:113,(anonymous_6)
FNDA:76,(anonymous_7)
FNDA:0,(anonymous_8)
FNDA:113,(anonymous_9)
FNDA:0,(anonymous_10)
FNDA:0,(anonymous_11)
FNDA:0,(anonymous_12)
FNDA:0,parseErrorMessage
FNDA:0,formatError
DA:20,0
DA:21,0
DA:22,0
DA:25,0
DA:26,0
DA:27,0
DA:28,0
DA:31,3
DA:42,76
DA:43,76
DA:44,76
DA:45,76
DA:46,76
DA:58,0
DA:59,0
DA:60,0
DA:62,0
DA:63,0
DA:66,0
DA:67,0
DA:68,0
DA:70,0
DA:71,0
DA:72,0
DA:73,0
DA:74,0
DA:75,0
DA:79,0
DA:87,0
DA:91,3
DA:95,0
DA:96,0
DA:97,0
DA:101,3
DA:106,0
DA:107,0
DA:108,0
DA:109,0
DA:117,3
DA:118,113
DA:119,113
DA:123,113
DA:124,113
DA:126,113
DA:130,76
DA:136,76
DA:140,0
DA:144,113
DA:148,0
DA:152,0
DA:153,0
DA:155,0
DA:167,3
DA:174,0
DA:175,0
DA:176,0
DA:177,0
DA:178,0
DA:179,0
DA:183,0
DA:186,3
DA:187,0
DA:188,0
DA:189,0
DA:190,0
DA:191,0
DA:192,0
DA:193,0
DA:194,0
DA:196,0
DA:199,0
DA:200,0
DA:203,0
DA:204,0
LF:74
LH:19
BRDA:21,0,0,0
BRDA:21,1,0,0
BRDA:21,1,1,0
BRDA:59,2,0,0
BRDA:59,2,1,0
BRDA:62,3,0,0
BRDA:62,4,0,0
BRDA:62,4,1,0
BRDA:67,5,0,0
BRDA:75,6,0,0
BRDA:75,6,1,0
BRDA:76,7,0,0
BRDA:76,7,1,0
BRDA:82,8,0,0
BRDA:82,8,1,0
BRDA:95,9,0,0
BRDA:95,9,1,0
BRDA:106,10,0,0
BRDA:106,10,1,0
BRDA:123,11,0,113
BRDA:152,12,0,0
BRDA:175,13,0,0
BRDA:187,14,0,0
BRDA:188,15,0,0
BRDA:188,15,1,0
BRDA:188,15,2,0
BRDA:190,16,0,0
BRDA:190,16,1,0
BRDA:190,16,2,0
BRDA:193,17,0,0
BRDA:199,18,0,0
BRF:31
BRH:1
end_of_record
TN:
SF:src/emit/compile.ts
FN:62,annotateFunctionSourceFiles
FN:76,pruneLibraryFunctionFiles
FN:124,(anonymous_11)
FN:127,compile
FN:158,resolveModuleFilePath
FN:176,mergeWholeModuleImport
FN:277,(anonymous_15)
FN:304,(anonymous_16)
FN:305,(anonymous_17)
FN:334,(anonymous_18)
FN:412,(anonymous_19)
FN:504,(anonymous_20)
FN:519,(anonymous_21)
FN:578,singletonObjectiveName
FNF:14
FNH:4
FNDA:9,annotateFunctionSourceFiles
FNDA:5,pruneLibraryFunctionFiles
FNDA:0,(anonymous_11)
FNDA:9,compile
FNDA:0,resolveModuleFilePath
FNDA:0,mergeWholeModuleImport
FNDA:0,(anonymous_15)
FNDA:6,(anonymous_16)
FNDA:0,(anonymous_17)
FNDA:0,(anonymous_18)
FNDA:0,(anonymous_19)
FNDA:0,(anonymous_20)
FNDA:0,(anonymous_21)
FNDA:0,singletonObjectiveName
DA:7,1
DA:8,1
DA:9,1
DA:10,1
DA:11,1
DA:12,1
DA:13,1
DA:14,1
DA:15,1
DA:16,1
DA:17,1
DA:18,1
DA:19,1
DA:20,1
DA:21,1
DA:22,1
DA:23,1
DA:24,1
DA:25,1
DA:69,9
DA:70,0
DA:71,0
DA:72,0
DA:80,5
DA:82,0
DA:83,0
DA:84,0
DA:85,0
DA:86,0
DA:90,0
DA:91,0
DA:92,0
DA:93,0
DA:94,0
DA:96,0
DA:97,0
DA:98,0
DA:100,0
DA:103,0
DA:104,0
DA:105,0
DA:106,0
DA:107,0
DA:108,0
DA:109,0
DA:112,0
DA:113,0
DA:114,0
DA:115,0
DA:116,0
DA:117,0
DA:118,0
DA:119,0
DA:124,0
DA:127,1
DA:137,9
DA:138,9
DA:141,9
DA:142,9
DA:144,9
DA:146,9
DA:147,9
DA:148,9
DA:149,9
DA:150,9
DA:151,9
DA:152,9
DA:153,0
DA:157,9
DA:159,0
DA:160,0
DA:161,0
DA:162,0
DA:163,0
DA:164,0
DA:166,0
DA:167,0
DA:168,0
DA:169,0
DA:170,0
DA:173,0
DA:177,0
DA:178,0
DA:179,0
DA:180,0
DA:181,0
DA:182,0
DA:183,0
DA:184,0
DA:185,0
DA:186,0
DA:187,0
DA:189,0
DA:190,0
DA:191,0
DA:192,0
DA:193,0
DA:194,0
DA:195,0
DA:197,0
DA:199,0
DA:200,0
DA:201,0
DA:202,0
DA:203,0
DA:204,0
DA:207,9
DA:208,0
DA:209,0
DA:210,0
DA:211,0
DA:217,0
DA:220,9
DA:221,0
DA:222,0
DA:223,0
DA:224,0
DA:225,0
DA:226,0
DA:227,0
DA:228,0
DA:230,0
DA:231,0
DA:232,0
DA:233,0
DA:234,0
DA:235,0
DA:236,0
DA:239,9
DA:240,0
DA:241,0
DA:242,0
DA:243,0
DA:244,0
DA:245,0
DA:246,0
DA:248,0
DA:249,0
DA:250,0
DA:251,0
DA:252,0
DA:253,0
DA:254,0
DA:259,9
DA:260,9
DA:261,9
DA:262,0
DA:263,0
DA:266,0
DA:267,0
DA:273,0
DA:276,9
DA:277,0
DA:282,9
DA:283,9
DA:284,9
DA:285,9
DA:286,7
DA:287,3
DA:288,3
DA:291,4
DA:297,5
DA:300,5
DA:302,5
DA:304,6
DA:305,0
DA:309,5
DA:311,5
DA:312,0
DA:316,5
DA:317,5
DA:318,5
DA:319,5
DA:320,5
DA:321,5
DA:322,5
DA:323,5
DA:324,5
DA:325,5
DA:326,5
DA:327,5
DA:328,5
DA:329,5
DA:330,6
DA:331,0
DA:334,6
DA:335,6
DA:336,0
DA:339,6
DA:340,0
DA:341,0
DA:342,0
DA:343,0
DA:344,0
DA:345,0
DA:351,0
DA:352,0
DA:354,0
DA:355,0
DA:357,0
DA:358,0
DA:360,0
DA:361,0
DA:363,0
DA:364,0
DA:366,0
DA:367,0
DA:369,0
DA:370,0
DA:371,0
DA:372,0
DA:373,0
DA:380,5
DA:381,5
DA:382,0
DA:384,5
DA:385,0
DA:389,5
DA:393,5
DA:394,5
DA:395,6
DA:400,5
DA:401,5
DA:402,5
DA:403,5
DA:406,5
DA:409,5
DA:412,5
DA:413,5
DA:414,5
DA:415,0
DA:416,0
DA:422,0
DA:426,5
DA:427,5
DA:428,5
DA:429,6
DA:430,7
DA:431,0
DA:446,5
DA:447,5
DA:448,0
DA:449,0
DA:450,0
DA:454,0
DA:455,0
DA:456,0
DA:457,0
DA:458,0
DA:461,0
DA:468,0
DA:472,0
DA:481,0
DA:482,0
DA:483,0
DA:484,0
DA:485,0
DA:491,0
DA:493,0
DA:503,5
DA:504,0
DA:505,0
DA:506,0
DA:507,0
DA:509,0
DA:510,0
DA:511,0
DA:518,5
DA:519,0
DA:520,0
DA:521,0
DA:522,0
DA:523,0
DA:524,0
DA:525,0
DA:531,5
DA:548,5
DA:550,5
DA:552,4
DA:553,0
DA:554,0
DA:555,0
DA:557,0
DA:558,0
DA:560,0
DA:561,0
DA:566,4
DA:567,0
DA:568,0
DA:579,0
DA:581,0
DA:582,0
DA:584,0
LF:293
LH:104
BRDA:69,0,0,9
BRDA:80,1,0,5
BRDA:85,2,0,0
BRDA:93,3,0,0
BRDA:106,4,0,0
BRDA:107,5,0,0
BRDA:114,6,0,0
BRDA:114,6,1,0
BRDA:117,7,0,0
BRDA:117,8,0,0
BRDA:117,8,1,0
BRDA:124,9,0,0
BRDA:124,9,1,0
BRDA:127,10,0,0
BRDA:129,11,0,0
BRDA:131,12,0,9
BRDA:132,13,0,9
BRDA:133,14,0,5
BRDA:135,15,0,9
BRDA:136,16,0,9
BRDA:152,17,0,0
BRDA:153,18,0,0
BRDA:153,18,1,0
BRDA:162,19,0,0
BRDA:164,20,0,0
BRDA:167,21,0,0
BRDA:168,22,0,0
BRDA:168,22,1,0
BRDA:170,23,0,0
BRDA:177,24,0,0
BRDA:186,25,0,0
BRDA:187,26,0,0
BRDA:187,26,1,0
BRDA:191,27,0,0
BRDA:193,28,0,0
BRDA:208,29,0,0
BRDA:210,30,0,0
BRDA:214,31,0,0
BRDA:214,31,1,0
BRDA:220,32,0,9
BRDA:220,32,1,9
BRDA:227,33,0,0
BRDA:228,34,0,0
BRDA:228,34,1,0
BRDA:239,35,0,0
BRDA:245,36,0,0
BRDA:246,37,0,0
BRDA:246,37,1,0
BRDA:259,38,0,9
BRDA:259,38,1,9
BRDA:262,39,0,0
BRDA:263,40,0,0
BRDA:263,40,1,0
BRDA:265,41,0,0
BRDA:265,41,1,0
BRDA:276,42,0,0
BRDA:285,43,0,7
BRDA:286,44,0,3
BRDA:286,44,1,4
BRDA:291,45,0,0
BRDA:291,45,1,4
BRDA:304,46,0,6
BRDA:304,46,1,0
BRDA:311,47,0,0
BRDA:330,48,0,0
BRDA:330,48,1,6
BRDA:334,49,0,0
BRDA:334,49,1,0
BRDA:335,50,0,0
BRDA:340,51,0,0
BRDA:341,52,0,0
BRDA:342,53,0,0
BRDA:343,54,0,0
BRDA:344,55,0,0
BRDA:347,56,0,0
BRDA:347,56,1,0
BRDA:351,57,0,0
BRDA:352,58,0,0
BRDA:352,58,1,0
BRDA:354,59,0,0
BRDA:357,60,0,0
BRDA:360,61,0,0
BRDA:360,62,0,0
BRDA:360,62,1,0
BRDA:363,63,0,0
BRDA:363,64,0,0
BRDA:363,64,1,0
BRDA:366,65,0,0
BRDA:369,66,0,0
BRDA:369,67,0,0
BRDA:369,67,1,0
BRDA:371,68,0,0
BRDA:372,69,0,0
BRDA:381,70,0,0
BRDA:384,71,0,0
BRDA:393,72,0,5
BRDA:393,73,0,5
BRDA:393,73,1,5
BRDA:415,74,0,0
BRDA:430,75,0,0
BRDA:430,76,0,7
BRDA:430,76,1,1
BRDA:430,76,2,1
BRDA:448,77,0,0
BRDA:457,78,0,0
BRDA:505,79,0,0
BRDA:510,80,0,0
BRDA:510,81,0,0
BRDA:510,81,1,0
BRDA:520,82,0,0
BRDA:524,83,0,0
BRDA:524,84,0,0
BRDA:524,84,1,0
BRDA:552,85,0,0
BRDA:553,86,0,0
BRDA:554,87,0,0
BRDA:557,88,0,0
BRDA:566,89,0,4
BRDA:581,90,0,0
BRF:119
BRH:24
end_of_record
TN:
SF:src/emit/index.ts
FN:60,emit
FN:91,(anonymous_1)
FN:92,(anonymous_2)
FN:100,(anonymous_3)
FN:101,(anonymous_4)
FN:295,(anonymous_5)
FN:304,(anonymous_6)
FN:305,(anonymous_7)
FN:306,(anonymous_8)
FN:309,(anonymous_9)
FN:344,emitFunction
FN:353,(anonymous_11)
FN:378,fnNameToPath
FN:384,qualifiedFunctionRef
FN:388,humanFunctionName
FN:393,emitFunctionHeader
FN:403,formatSourceMarker
FN:407,watchDispatcherName
FN:411,watchPrevObjective
FN:415,throttleDispatcherName
FN:419,throttleObjective
FN:423,retryDispatcherName
FN:427,retryObjective
FN:431,profilerSafeName
FN:435,profilerStartPlayer
FN:439,profilerDeltaPlayer
FN:443,profilerTotalPlayer
FN:447,profilerCountPlayer
FN:451,benchmarkWrapperName
FN:455,benchmarkStartPlayer
FN:459,benchmarkDeltaPlayer
FN:463,profilerStartLines
FN:471,profilerEndLines
FN:482,emitProfilerReset
FN:483,(anonymous_34)
FN:489,emitProfilerReport
FN:490,(anonymous_36)
FN:499,emitInstr
FN:596,slot
FN:600,cmpToMC
FN:617,macroLineCompat
FN:619,(anonymous_41)
FN:642,flattenExecute
FN:672,emitSubcmd
FNF:44
FNH:8
FNDA:5,emit
FNDA:0,(anonymous_1)
FNDA:0,(anonymous_2)
FNDA:0,(anonymous_3)
FNDA:0,(anonymous_4)
FNDA:0,(anonymous_5)
FNDA:0,(anonymous_6)
FNDA:0,(anonymous_7)
FNDA:0,(anonymous_8)
FNDA:0,(anonymous_9)
FNDA:6,emitFunction
FNDA:7,(anonymous_11)
FNDA:6,fnNameToPath
FNDA:0,qualifiedFunctionRef
FNDA:0,humanFunctionName
FNDA:6,emitFunctionHeader
FNDA:0,formatSourceMarker
FNDA:0,watchDispatcherName
FNDA:0,watchPrevObjective
FNDA:0,throttleDispatcherName
FNDA:0,throttleObjective
FNDA:0,retryDispatcherName
FNDA:0,retryObjective
FNDA:0,profilerSafeName
FNDA:0,profilerStartPlayer
FNDA:0,profilerDeltaPlayer
FNDA:0,profilerTotalPlayer
FNDA:0,profilerCountPlayer
FNDA:0,benchmarkWrapperName
FNDA:0,benchmarkStartPlayer
FNDA:0,benchmarkDeltaPlayer
FNDA:0,profilerStartLines
FNDA:0,profilerEndLines
FNDA:0,emitProfilerReset
FNDA:0,(anonymous_34)
FNDA:0,emitProfilerReport
FNDA:0,(anonymous_36)
FNDA:7,emitInstr
FNDA:11,slot
FNDA:0,cmpToMC
FNDA:0,macroLineCompat
FNDA:0,(anonymous_41)
FNDA:7,flattenExecute
FNDA:0,emitSubcmd
DA:9,1
DA:16,1
DA:60,1
DA:61,5
DA:62,5
DA:63,5
DA:64,5
DA:65,5
DA:66,5
DA:67,5
DA:68,5
DA:69,5
DA:70,5
DA:71,5
DA:72,5
DA:73,5
DA:74,5
DA:75,5
DA:76,5
DA:79,5
DA:86,5
DA:89,5
DA:91,0
DA:92,0
DA:100,0
DA:101,0
DA:104,5
DA:110,5
DA:111,6
DA:112,6
DA:113,6
DA:114,0
DA:115,0
DA:116,0
DA:117,0
DA:118,0
DA:119,0
DA:122,6
DA:123,6
DA:127,5
DA:128,5
DA:129,0
DA:135,5
DA:136,0
DA:140,0
DA:147,5
DA:148,0
DA:155,5
DA:156,0
DA:157,0
DA:158,0
DA:162,0
DA:176,5
DA:177,0
DA:178,0
DA:179,0
DA:180,0
DA:191,5
DA:192,0
DA:193,0
DA:194,0
DA:207,0
DA:214,5
DA:215,0
DA:216,0
DA:247,0
DA:255,0
DA:271,5
DA:272,0
DA:273,0
DA:274,0
DA:275,0
DA:276,0
DA:293,5
DA:295,5
DA:296,5
DA:302,5
DA:304,0
DA:305,0
DA:306,0
DA:308,5
DA:309,0
DA:310,0
DA:317,5
DA:325,5
DA:326,5
DA:327,0
DA:328,0
DA:329,0
DA:337,5
DA:352,6
DA:353,6
DA:354,7
DA:355,7
DA:358,6
DA:359,6
DA:360,0
DA:364,6
DA:365,7
DA:366,7
DA:367,0
DA:368,0
DA:370,7
DA:372,6
DA:373,0
DA:375,6
DA:380,6
DA:381,6
DA:385,0
DA:389,0
DA:390,0
DA:394,6
DA:395,0
DA:396,0
DA:397,0
DA:398,0
DA:400,0
DA:404,0
DA:408,0
DA:412,0
DA:416,0
DA:420,0
DA:424,0
DA:428,0
DA:432,0
DA:436,0
DA:440,0
DA:444,0
DA:448,0
DA:452,0
DA:456,0
DA:460,0
DA:464,0
DA:472,0
DA:483,0
DA:490,0
DA:491,0
DA:500,7
DA:502,1
DA:505,3
DA:508,1
DA:511,0
DA:514,0
DA:517,0
DA:520,0
DA:523,0
DA:526,0
DA:529,0
DA:532,0
DA:535,0
DA:538,0
DA:541,0
DA:544,0
DA:547,0
DA:550,0
DA:551,0
DA:554,0
DA:557,0
DA:560,0
DA:563,0
DA:566,0
DA:569,0
DA:570,0
DA:576,2
DA:579,0
DA:580,0
DA:585,0
DA:588,0
DA:597,11
DA:601,0
DA:602,0
DA:603,0
DA:604,0
DA:605,0
DA:606,0
DA:607,0
DA:619,0
DA:642,1
DA:646,7
DA:647,7
DA:648,7
DA:652,0
DA:653,0
DA:655,0
DA:656,0
DA:659,0
DA:664,0
DA:666,0
DA:669,0
DA:673,0
DA:675,0
DA:677,0
DA:679,0
DA:681,0
DA:683,0
DA:685,0
DA:687,0
DA:689,0
DA:691,0
DA:693,0
DA:695,0
LF:201
LH:72
BRDA:62,0,0,5
BRDA:62,0,1,0
BRDA:63,1,0,5
BRDA:63,1,1,0
BRDA:64,2,0,5
BRDA:64,2,1,0
BRDA:65,3,0,5
BRDA:65,3,1,0
BRDA:66,4,0,5
BRDA:66,4,1,0
BRDA:67,5,0,5
BRDA:67,5,1,0
BRDA:68,6,0,5
BRDA:68,6,1,0
BRDA:69,7,0,5
BRDA:69,7,1,0
BRDA:70,8,0,5
BRDA:70,8,1,0
BRDA:71,9,0,5
BRDA:71,9,1,0
BRDA:73,10,0,5
BRDA:73,10,1,0
BRDA:74,11,0,5
BRDA:74,11,1,0
BRDA:76,12,0,0
BRDA:76,12,1,5
BRDA:86,13,0,5
BRDA:86,13,1,0
BRDA:93,14,0,0
BRDA:93,14,1,5
BRDA:93,15,0,5
BRDA:93,15,1,0
BRDA:99,16,0,0
BRDA:99,16,1,5
BRDA:102,17,0,0
BRDA:102,17,1,5
BRDA:113,18,0,0
BRDA:113,18,1,6
BRDA:115,19,0,0
BRDA:115,19,1,0
BRDA:118,20,0,0
BRDA:122,21,0,6
BRDA:122,21,1,0
BRDA:128,22,0,0
BRDA:135,23,0,0
BRDA:135,24,0,5
BRDA:135,24,1,0
BRDA:293,25,0,5
BRDA:293,26,0,5
BRDA:293,26,1,5
BRDA:308,27,0,0
BRDA:325,28,0,5
BRDA:328,29,0,0
BRDA:328,30,0,0
BRDA:328,30,1,0
BRDA:349,31,0,0
BRDA:359,32,0,0
BRDA:365,33,0,0
BRDA:365,33,1,7
BRDA:366,34,0,0
BRDA:366,35,0,7
BRDA:366,35,1,0
BRDA:372,36,0,0
BRDA:390,37,0,0
BRDA:390,37,1,0
BRDA:390,37,2,0
BRDA:394,38,0,6
BRDA:397,39,0,0
BRDA:500,40,0,1
BRDA:500,40,1,3
BRDA:500,40,2,1
BRDA:500,40,3,0
BRDA:500,40,4,0
BRDA:500,40,5,0
BRDA:500,40,6,0
BRDA:500,40,7,0
BRDA:500,40,8,0
BRDA:500,40,9,0
BRDA:500,40,10,0
BRDA:500,40,11,0
BRDA:500,40,12,0
BRDA:500,40,13,0
BRDA:500,40,14,0
BRDA:500,40,15,0
BRDA:500,40,16,0
BRDA:500,40,17,0
BRDA:500,40,18,0
BRDA:500,40,19,0
BRDA:500,40,20,0
BRDA:500,40,21,0
BRDA:500,40,22,2
BRDA:500,40,23,0
BRDA:500,40,24,0
BRDA:538,41,0,0
BRDA:538,41,1,0
BRDA:550,42,0,0
BRDA:570,43,0,0
BRDA:570,43,1,0
BRDA:579,44,0,0
BRDA:601,45,0,0
BRDA:601,45,1,0
BRDA:601,45,2,0
BRDA:601,45,3,0
BRDA:601,45,4,0
BRDA:601,45,5,0
BRDA:647,46,0,7
BRDA:653,47,0,0
BRDA:659,48,0,0
BRDA:673,49,0,0
BRDA:673,49,1,0
BRDA:673,49,2,0
BRDA:673,49,3,0
BRDA:673,49,4,0
BRDA:673,49,5,0
BRDA:673,49,6,0
BRDA:673,49,7,0
BRDA:673,49,8,0
BRDA:673,49,9,0
BRDA:673,49,10,0
BRF:119
BRH:33
end_of_record
TN:
SF:src/emit/sourcemap.ts
FN:41,(anonymous_0)
FN:45,(anonymous_1)
FN:56,(anonymous_2)
FN:66,(anonymous_3)
FN:77,(anonymous_4)
FN:82,(anonymous_5)
FN:92,(anonymous_6)
FN:101,(anonymous_7)
FN:112,serializeSourceMap
FN:116,sourceMapPath
FN:120,namespaceSourceMapPath
FNF:11
FNH:0
FNDA:0,(anonymous_0)
FNDA:0,(anonymous_1)
FNDA:0,(anonymous_2)
FNDA:0,(anonymous_3)
FNDA:0,(anonymous_4)
FNDA:0,(anonymous_5)
FNDA:0,(anonymous_6)
FNDA:0,(anonymous_7)
FNDA:0,serializeSourceMap
FNDA:0,sourceMapPath
FNDA:0,namespaceSourceMapPath
DA:34,1
DA:36,0
DA:37,0
DA:38,0
DA:39,0
DA:42,0
DA:46,0
DA:47,0
DA:48,0
DA:57,0
DA:58,0
DA:67,0
DA:68,0
DA:69,0
DA:70,0
DA:71,0
DA:73,0
DA:77,1
DA:78,0
DA:79,0
DA:80,0
DA:83,0
DA:84,0
DA:93,0
DA:94,0
DA:102,0
DA:103,0
DA:104,0
DA:105,0
DA:106,0
DA:108,0
DA:112,1
DA:113,0
DA:116,1
DA:117,0
DA:120,1
DA:121,0
LF:37
LH:5
BRDA:47,0,0,0
BRDA:57,1,0,0
BRDA:68,2,0,0
BRDA:83,3,0,0
BRDA:88,4,0,0
BRDA:88,4,1,0
BRDA:93,5,0,0
BRDA:103,6,0,0
BRF:8
BRH:0
end_of_record
TN:
SF:src/events/types.ts
FN:41,isEventTypeName
FN:45,getEventParamSpecs
FN:49,parseEventParam
FN:62,toTypeNode
FNF:4
FNH:4
FNDA:6,isEventTypeName
FNDA:5,getEventParamSpecs
FNDA:5,parseEventParam
FNDA:5,toTypeNode
DA:3,3
DA:41,3
DA:42,6
DA:45,3
DA:46,5
DA:50,5
DA:51,5
DA:52,0
DA:55,5
DA:56,5
DA:63,5
DA:64,5
DA:67,0
DA:68,0
DA:71,0
LF:15
LH:11
BRDA:51,0,0,0
BRDA:63,1,0,5
BRDA:67,2,0,0
BRDA:67,3,0,0
BRDA:67,3,1,0
BRDA:67,3,2,0
BRDA:67,3,3,0
BRDA:67,3,4,0
BRDA:67,3,5,0
BRDA:67,3,6,0
BRDA:67,3,7,0
BRDA:67,3,8,0
BRDA:67,3,9,0
BRDA:67,3,10,0
BRF:14
BRH:1
end_of_record
TN:
SF:src/hir/deprecated.ts
FN:14,buildDeprecatedMap
FN:34,getDeprecatedDecorator
FN:48,checkDeprecatedCalls
FN:66,walkBlock
FN:72,walkStmt
FN:110,walkExpr
FNF:6
FNH:3
FNDA:5,buildDeprecatedMap
FNDA:6,getDeprecatedDecorator
FNDA:5,checkDeprecatedCalls
FNDA:0,walkBlock
FNDA:0,walkStmt
FNDA:0,walkExpr
DA:15,5
DA:16,5
DA:17,6
DA:18,6
DA:19,0
DA:23,5
DA:24,0
DA:25,0
DA:26,0
DA:27,0
DA:31,5
DA:35,6
DA:36,0
DA:37,0
DA:40,6
DA:48,1
DA:49,5
DA:50,5
DA:52,0
DA:54,0
DA:55,0
DA:57,0
DA:58,0
DA:59,0
DA:63,0
DA:67,0
DA:68,0
DA:73,0
DA:76,0
DA:77,0
DA:79,0
DA:80,0
DA:82,0
DA:83,0
DA:85,0
DA:86,0
DA:87,0
DA:88,0
DA:90,0
DA:91,0
DA:92,0
DA:93,0
DA:95,0
DA:96,0
DA:97,0
DA:99,0
DA:100,0
DA:101,0
DA:103,0
DA:106,0
DA:111,0
DA:114,0
DA:115,0
DA:116,0
DA:117,0
DA:118,0
DA:120,0
DA:121,0
DA:124,0
DA:125,0
DA:126,0
DA:127,0
DA:128,0
DA:129,0
DA:131,0
DA:132,0
DA:135,0
DA:136,0
DA:137,0
DA:139,0
DA:140,0
DA:141,0
DA:143,0
DA:144,0
DA:146,0
DA:147,0
DA:149,0
DA:150,0
DA:152,0
DA:153,0
DA:155,0
DA:156,0
DA:157,0
DA:159,0
DA:160,0
DA:161,0
DA:162,0
DA:164,0
DA:165,0
DA:167,0
DA:168,0
DA:169,0
DA:171,0
DA:172,0
DA:174,0
DA:175,0
DA:177,0
DA:178,0
DA:180,0
DA:182,0
DA:183,0
DA:185,0
DA:187,0
DA:188,0
DA:190,0
DA:191,0
DA:192,0
DA:194,0
DA:195,0
DA:196,0
DA:198,0
DA:200,0
DA:203,0
DA:204,0
DA:206,0
DA:207,0
DA:210,0
LF:117
LH:11
BRDA:18,0,0,0
BRDA:26,1,0,0
BRDA:36,2,0,0
BRDA:37,3,0,0
BRDA:37,3,1,0
BRDA:50,4,0,5
BRDA:73,5,0,0
BRDA:73,5,1,0
BRDA:73,5,2,0
BRDA:73,5,3,0
BRDA:73,5,4,0
BRDA:73,5,5,0
BRDA:73,5,6,0
BRDA:73,5,7,0
BRDA:73,5,8,0
BRDA:82,6,0,0
BRDA:87,7,0,0
BRDA:92,8,0,0
BRDA:111,9,0,0
BRDA:111,9,1,0
BRDA:111,9,2,0
BRDA:111,9,3,0
BRDA:111,9,4,0
BRDA:111,9,5,0
BRDA:111,9,6,0
BRDA:111,9,7,0
BRDA:111,9,8,0
BRDA:111,9,9,0
BRDA:111,9,10,0
BRDA:111,9,11,0
BRDA:111,9,12,0
BRDA:111,9,13,0
BRDA:111,9,14,0
BRDA:111,9,15,0
BRDA:111,9,16,0
BRDA:111,9,17,0
BRDA:111,9,18,0
BRDA:111,9,19,0
BRDA:111,9,20,0
BRDA:111,9,21,0
BRDA:114,10,0,0
BRDA:116,11,0,0
BRDA:116,11,1,0
BRDA:117,12,0,0
BRDA:117,12,1,0
BRDA:125,13,0,0
BRDA:127,14,0,0
BRDA:127,14,1,0
BRDA:128,15,0,0
BRDA:128,15,1,0
BRDA:178,16,0,0
BRDA:183,17,0,0
BRDA:195,18,0,0
BRDA:195,18,1,0
BRF:54
BRH:1
end_of_record
TN:
SF:src/hir/lower.ts
FN:29,lowerToHIR
FN:30,(anonymous_1)
FN:33,(anonymous_2)
FN:43,(anonymous_3)
FN:49,(anonymous_4)
FN:51,(anonymous_5)
FN:54,(anonymous_6)
FN:68,lowerMatchPattern
FN:83,lowerGlobal
FN:93,lowerFunction
FN:109,lowerParam
FN:121,lowerBlock
FN:135,lowerStmt
FN:390,(anonymous_13)
FN:524,lowerExecuteSubcommand
FN:548,lowerExpr
FN:578,(anonymous_16)
FN:585,(anonymous_17)
FN:590,(anonymous_18)
FN:719,(anonymous_19)
FNF:20
FNH:6
FNDA:5,lowerToHIR
FNDA:0,(anonymous_1)
FNDA:0,(anonymous_2)
FNDA:0,(anonymous_3)
FNDA:0,(anonymous_4)
FNDA:0,(anonymous_5)
FNDA:0,(anonymous_6)
FNDA:0,lowerMatchPattern
FNDA:0,lowerGlobal
FNDA:6,lowerFunction
FNDA:2,lowerParam
FNDA:6,lowerBlock
FNDA:6,lowerStmt
FNDA:0,(anonymous_13)
FNDA:0,lowerExecuteSubcommand
FNDA:10,lowerExpr
FNDA:0,(anonymous_16)
FNDA:0,(anonymous_17)
FNDA:0,(anonymous_18)
FNDA:0,(anonymous_19)
DA:23,1
DA:29,1
DA:30,5
DA:33,0
DA:38,5
DA:43,0
DA:49,0
DA:51,0
DA:54,0
DA:69,0
DA:70,0
DA:71,0
DA:72,0
DA:73,0
DA:74,0
DA:75,0
DA:84,0
DA:94,6
DA:110,2
DA:122,6
DA:123,6
DA:124,6
DA:126,6
DA:127,0
DA:129,6
DA:132,6
DA:136,6
DA:138,4
DA:141,0
DA:144,0
DA:147,0
DA:150,2
DA:153,0
DA:156,0
DA:159,0
DA:162,0
DA:168,0
DA:169,0
DA:171,0
DA:172,0
DA:173,0
DA:174,0
DA:176,0
DA:180,0
DA:189,0
DA:193,0
DA:195,0
DA:196,0
DA:197,0
DA:198,0
DA:201,0
DA:202,0
DA:203,0
DA:204,0
DA:209,0
DA:210,0
DA:217,0
DA:219,0
DA:232,0
DA:244,0
DA:249,0
DA:250,0
DA:257,0
DA:268,0
DA:282,0
DA:283,0
DA:284,0
DA:296,0
DA:302,0
DA:303,0
DA:304,0
DA:305,0
DA:308,0
DA:321,0
DA:330,0
DA:343,0
DA:358,0
DA:359,0
DA:361,0
DA:373,0
DA:377,0
DA:387,0
DA:390,0
DA:399,0
DA:408,0
DA:417,0
DA:428,0
DA:436,0
DA:439,0
DA:453,0
DA:454,0
DA:455,0
DA:461,0
DA:466,0
DA:467,0
DA:468,0
DA:475,0
DA:476,0
DA:489,0
DA:501,0
DA:505,0
DA:514,0
DA:515,0
DA:526,0
DA:534,1
DA:537,1
DA:540,1
DA:549,10
DA:564,4
DA:567,4
DA:570,0
DA:573,0
DA:576,0
DA:578,0
DA:583,0
DA:585,0
DA:590,0
DA:591,0
DA:595,0
DA:600,1
DA:609,0
DA:612,0
DA:616,0
DA:617,0
DA:618,0
DA:631,0
DA:635,0
DA:636,0
DA:637,0
DA:638,0
DA:652,0
DA:661,0
DA:664,0
DA:668,0
DA:669,0
DA:670,0
DA:671,0
DA:672,0
DA:687,0
DA:697,1
DA:700,0
DA:703,0
DA:712,0
DA:715,0
DA:719,0
DA:724,0
DA:727,0
DA:730,0
DA:733,0
DA:736,0
DA:739,0
DA:740,0
DA:750,0
DA:751,0
LF:154
LH:23
BRDA:69,0,0,0
BRDA:69,0,1,0
BRDA:69,0,2,0
BRDA:69,0,3,0
BRDA:69,0,4,0
BRDA:69,0,5,0
BRDA:113,1,0,0
BRDA:113,1,1,2
BRDA:126,2,0,0
BRDA:126,2,1,6
BRDA:136,3,0,4
BRDA:136,3,1,0
BRDA:136,3,2,0
BRDA:136,3,3,0
BRDA:136,3,4,2
BRDA:136,3,5,0
BRDA:136,3,6,0
BRDA:136,3,7,0
BRDA:136,3,8,0
BRDA:136,3,9,0
BRDA:136,3,10,0
BRDA:136,3,11,0
BRDA:136,3,12,0
BRDA:136,3,13,0
BRDA:136,3,14,0
BRDA:136,3,15,0
BRDA:136,3,16,0
BRDA:136,3,17,0
BRDA:136,3,18,0
BRDA:136,3,19,0
BRDA:136,3,20,0
BRDA:136,3,21,0
BRDA:136,3,22,0
BRDA:136,3,23,0
BRDA:136,3,24,0
BRDA:136,3,25,0
BRDA:136,3,26,0
BRDA:136,3,27,0
BRDA:150,4,0,2
BRDA:150,4,1,0
BRDA:169,5,0,0
BRDA:184,6,0,0
BRDA:184,6,1,0
BRDA:195,7,0,0
BRDA:197,8,0,0
BRDA:197,8,1,0
BRDA:236,9,0,0
BRDA:236,9,1,0
BRDA:444,10,0,0
BRDA:444,10,1,0
BRDA:549,11,0,4
BRDA:549,11,1,4
BRDA:549,11,2,4
BRDA:549,11,3,4
BRDA:549,11,4,4
BRDA:549,11,5,4
BRDA:549,11,6,4
BRDA:549,11,7,4
BRDA:549,11,8,4
BRDA:549,11,9,4
BRDA:549,11,10,4
BRDA:549,11,11,4
BRDA:549,11,12,4
BRDA:549,11,13,4
BRDA:549,11,14,0
BRDA:549,11,15,0
BRDA:549,11,16,0
BRDA:549,11,17,0
BRDA:549,11,18,0
BRDA:549,11,19,1
BRDA:549,11,20,0
BRDA:549,11,21,0
BRDA:549,11,22,0
BRDA:549,11,23,0
BRDA:549,11,24,0
BRDA:549,11,25,0
BRDA:549,11,26,0
BRDA:549,11,27,1
BRDA:549,11,28,0
BRDA:549,11,29,0
BRDA:549,11,30,0
BRDA:549,11,31,0
BRDA:549,11,32,0
BRDA:549,11,33,0
BRDA:549,11,34,0
BRDA:549,11,35,0
BRDA:549,11,36,0
BRDA:549,11,37,0
BRDA:549,11,38,0
BRDA:585,12,0,0
BRDA:585,12,1,0
BRDA:591,13,0,0
BRDA:591,13,1,0
BRDA:616,14,0,0
BRDA:635,15,0,0
BRDA:668,16,0,0
BRDA:739,17,0,0
BRDA:739,17,1,0
BRF:98
BRH:21
end_of_record
TN:
SF:src/hir/monomorphize.ts
FN:31,monomorphize
FN:41,typeSuffix
FN:54,mangledName
FN:59,buildSubst
FN:69,substType
FN:79,(anonymous_5)
FN:83,(anonymous_6)
FN:110,(anonymous_7)
FN:114,(anonymous_8)
FN:157,(anonymous_9)
FN:162,(anonymous_10)
FN:168,(anonymous_11)
FN:195,(anonymous_12)
FN:203,(anonymous_13)
FN:211,(anonymous_14)
FN:221,(anonymous_15)
FN:261,(anonymous_16)
FN:302,(anonymous_17)
FN:306,(anonymous_18)
FN:308,(anonymous_19)
FN:326,(anonymous_20)
FN:342,(anonymous_21)
FN:344,(anonymous_22)
FN:346,(anonymous_23)
FN:348,(anonymous_24)
FN:354,(anonymous_25)
FN:359,(anonymous_26)
FN:382,(anonymous_27)
FN:395,(anonymous_28)
FN:396,(anonymous_29)
FN:402,(anonymous_30)
FN:422,(anonymous_31)
FNF:32
FNH:3
FNDA:5,monomorphize
FNDA:0,typeSuffix
FNDA:0,mangledName
FNDA:0,buildSubst
FNDA:0,substType
FNDA:0,(anonymous_5)
FNDA:0,(anonymous_6)
FNDA:5,(anonymous_7)
FNDA:5,(anonymous_8)
FNDA:0,(anonymous_9)
FNDA:0,(anonymous_10)
FNDA:0,(anonymous_11)
FNDA:0,(anonymous_12)
FNDA:0,(anonymous_13)
FNDA:0,(anonymous_14)
FNDA:0,(anonymous_15)
FNDA:0,(anonymous_16)
FNDA:0,(anonymous_17)
FNDA:0,(anonymous_18)
FNDA:0,(anonymous_19)
FNDA:0,(anonymous_20)
FNDA:0,(anonymous_21)
FNDA:0,(anonymous_22)
FNDA:0,(anonymous_23)
FNDA:0,(anonymous_24)
FNDA:0,(anonymous_25)
FNDA:0,(anonymous_26)
FNDA:0,(anonymous_27)
FNDA:0,(anonymous_28)
FNDA:0,(anonymous_29)
FNDA:0,(anonymous_30)
FNDA:0,(anonymous_31)
DA:31,1
DA:32,5
DA:33,5
DA:42,0
DA:43,0
DA:44,0
DA:45,0
DA:46,0
DA:47,0
DA:48,0
DA:49,0
DA:55,0
DA:60,0
DA:61,0
DA:62,0
DA:64,0
DA:70,0
DA:72,0
DA:73,0
DA:74,0
DA:77,0
DA:79,0
DA:81,0
DA:83,0
DA:85,0
DA:104,5
DA:106,5
DA:108,5
DA:111,5
DA:116,5
DA:117,6
DA:118,0
DA:122,5
DA:124,5
DA:128,0
DA:129,0
DA:130,0
DA:132,0
DA:134,0
DA:135,0
DA:139,0
DA:140,0
DA:141,0
DA:142,0
DA:144,0
DA:145,0
DA:146,0
DA:150,0
DA:151,0
DA:154,0
DA:158,0
DA:163,0
DA:164,0
DA:167,0
DA:168,0
DA:169,0
DA:170,0
DA:171,0
DA:178,0
DA:179,0
DA:181,0
DA:196,0
DA:198,0
DA:199,0
DA:201,0
DA:203,0
DA:213,0
DA:214,0
DA:215,0
DA:216,0
DA:218,0
DA:222,0
DA:223,0
DA:225,0
DA:226,0
DA:228,0
DA:230,0
DA:231,0
DA:233,0
DA:236,0
DA:238,0
DA:240,0
DA:242,0
DA:249,0
DA:256,0
DA:258,0
DA:263,0
DA:264,0
DA:266,0
DA:268,0
DA:272,0
DA:274,0
DA:281,0
DA:287,0
DA:291,0
DA:294,0
DA:296,0
DA:297,0
DA:303,0
DA:304,0
DA:306,0
DA:308,0
DA:309,0
DA:310,0
DA:312,0
DA:313,0
DA:314,0
DA:315,0
DA:317,0
DA:319,0
DA:320,0
DA:323,0
DA:326,0
DA:328,0
DA:330,0
DA:332,0
DA:334,0
DA:336,0
DA:338,0
DA:340,0
DA:342,0
DA:344,0
DA:346,0
DA:348,0
DA:350,0
DA:352,0
DA:354,0
DA:357,0
DA:360,0
DA:364,0
DA:366,0
DA:368,0
DA:371,0
DA:383,0
DA:384,0
DA:386,0
DA:387,0
DA:388,0
DA:389,0
DA:390,0
DA:395,0
DA:396,0
DA:398,0
DA:403,0
DA:405,0
DA:406,0
DA:408,0
DA:410,0
DA:411,0
DA:412,0
DA:414,0
DA:415,0
DA:416,0
DA:423,0
DA:424,0
DA:425,0
DA:426,0
DA:427,0
DA:428,0
DA:429,0
DA:430,0
DA:431,0
DA:432,0
DA:435,0
DA:438,0
DA:439,0
DA:440,0
DA:442,0
LF:168
LH:11
BRDA:42,0,0,0
BRDA:42,0,1,0
BRDA:42,0,2,0
BRDA:42,0,3,0
BRDA:42,0,4,0
BRDA:42,0,5,0
BRDA:42,0,6,0
BRDA:70,1,0,0
BRDA:70,1,1,0
BRDA:70,1,2,0
BRDA:70,1,3,0
BRDA:70,1,4,0
BRDA:70,1,5,0
BRDA:73,2,0,0
BRDA:117,3,0,0
BRDA:117,4,0,6
BRDA:117,4,1,0
BRDA:122,5,0,5
BRDA:130,6,0,0
BRDA:130,7,0,0
BRDA:130,7,1,0
BRDA:142,8,0,0
BRDA:151,9,0,0
BRDA:174,10,0,0
BRDA:174,10,1,0
BRDA:205,11,0,0
BRDA:205,11,1,0
BRDA:223,12,0,0
BRDA:223,12,1,0
BRDA:223,12,2,0
BRDA:223,12,3,0
BRDA:223,12,4,0
BRDA:223,12,5,0
BRDA:223,12,6,0
BRDA:223,12,7,0
BRDA:223,12,8,0
BRDA:223,12,9,0
BRDA:223,12,10,0
BRDA:223,12,11,0
BRDA:223,12,12,0
BRDA:223,12,13,0
BRDA:223,12,14,0
BRDA:223,12,15,0
BRDA:223,12,16,0
BRDA:223,12,17,0
BRDA:226,13,0,0
BRDA:226,13,1,0
BRDA:228,14,0,0
BRDA:228,14,1,0
BRDA:231,15,0,0
BRDA:236,16,0,0
BRDA:236,16,1,0
BRDA:240,17,0,0
BRDA:240,17,1,0
BRDA:246,18,0,0
BRDA:246,18,1,0
BRDA:253,19,0,0
BRDA:253,19,1,0
BRDA:263,20,0,0
BRDA:263,20,1,0
BRDA:278,21,0,0
BRDA:278,21,1,0
BRDA:304,22,0,0
BRDA:304,22,1,0
BRDA:304,22,2,0
BRDA:304,22,3,0
BRDA:304,22,4,0
BRDA:304,22,5,0
BRDA:304,22,6,0
BRDA:304,22,7,0
BRDA:304,22,8,0
BRDA:304,22,9,0
BRDA:304,22,10,0
BRDA:304,22,11,0
BRDA:304,22,12,0
BRDA:304,22,13,0
BRDA:304,22,14,0
BRDA:304,22,15,0
BRDA:304,22,16,0
BRDA:304,22,17,0
BRDA:304,22,18,0
BRDA:304,22,19,0
BRDA:304,22,20,0
BRDA:310,23,0,0
BRDA:310,24,0,0
BRDA:310,24,1,0
BRDA:310,24,2,0
BRDA:312,25,0,0
BRDA:312,25,1,0
BRDA:313,26,0,0
BRDA:315,27,0,0
BRDA:350,28,0,0
BRDA:350,28,1,0
BRDA:354,29,0,0
BRDA:354,29,1,0
BRDA:360,30,0,0
BRDA:360,30,1,0
BRDA:386,31,0,0
BRDA:386,31,1,0
BRDA:389,32,0,0
BRDA:395,33,0,0
BRDA:403,34,0,0
BRDA:403,35,0,0
BRDA:403,35,1,0
BRDA:405,36,0,0
BRDA:410,37,0,0
BRDA:410,38,0,0
BRDA:410,38,1,0
BRDA:414,39,0,0
BRDA:414,40,0,0
BRDA:414,40,1,0
BRDA:415,41,0,0
BRDA:415,41,1,0
BRDA:423,42,0,0
BRDA:423,42,1,0
BRDA:423,42,2,0
BRDA:423,42,3,0
BRDA:423,42,4,0
BRDA:423,42,5,0
BRDA:423,42,6,0
BRDA:423,42,7,0
BRDA:423,42,8,0
BRDA:423,42,9,0
BRDA:423,42,10,0
BRDA:423,42,11,0
BRDA:432,43,0,0
BRDA:432,43,1,0
BRDA:439,44,0,0
BRF:128
BRH:2
end_of_record
TN:
SF:src/lexer/index.ts
FN:127,(anonymous_0)
FN:133,(anonymous_1)
FN:142,(anonymous_2)
FN:150,(anonymous_3)
FN:154,(anonymous_4)
FN:160,(anonymous_5)
FN:171,(anonymous_6)
FN:175,(anonymous_7)
FN:421,(anonymous_8)
FN:461,(anonymous_9)
FN:479,(anonymous_10)
FN:507,(anonymous_11)
FN:555,(anonymous_12)
FN:602,(anonymous_13)
FN:679,(anonymous_14)
FNF:15
FNH:13
FNDA:118,(anonymous_0)
FNDA:0,(anonymous_1)
FNDA:118,(anonymous_2)
FNDA:5927,(anonymous_3)
FNDA:5500,(anonymous_4)
FNDA:8652,(anonymous_5)
FNDA:2704,(anonymous_6)
FNDA:5454,(anonymous_7)
FNDA:32,(anonymous_8)
FNDA:1,(anonymous_9)
FNDA:0,(anonymous_10)
FNDA:26,(anonymous_11)
FNDA:6,(anonymous_12)
FNDA:109,(anonymous_13)
FNDA:1027,(anonymous_14)
DA:9,3
DA:67,3
DA:112,3
DA:118,3
DA:121,118
DA:122,118
DA:123,118
DA:124,118
DA:128,118
DA:129,118
DA:130,118
DA:134,0
DA:143,118
DA:144,5454
DA:146,118
DA:147,118
DA:151,5927
DA:155,5500
DA:156,5500
DA:157,5495
DA:161,8652
DA:162,8652
DA:163,638
DA:164,638
DA:166,8014
DA:168,8652
DA:172,2704
DA:176,5454
DA:177,5454
DA:179,5454
DA:182,5454
DA:185,2704
DA:187,0
DA:188,0
DA:190,0
DA:194,2704
DA:195,0
DA:196,0
DA:197,0
DA:198,0
DA:199,0
DA:200,0
DA:202,0
DA:204,0
DA:208,2704
DA:209,34
DA:210,34
DA:211,34
DA:213,2670
DA:214,15
DA:215,15
DA:216,15
DA:218,2655
DA:219,1
DA:220,1
DA:221,1
DA:223,2654
DA:224,0
DA:225,0
DA:226,0
DA:228,2654
DA:229,0
DA:230,0
DA:231,0
DA:233,2654
DA:234,0
DA:235,0
DA:236,0
DA:238,2654
DA:239,0
DA:240,0
DA:241,0
DA:243,2654
DA:244,0
DA:245,0
DA:246,0
DA:248,2654
DA:249,0
DA:250,0
DA:251,0
DA:253,2654
DA:254,0
DA:255,0
DA:256,0
DA:258,2654
DA:259,0
DA:260,0
DA:261,0
DA:263,2654
DA:264,0
DA:265,0
DA:266,0
DA:268,2654
DA:269,0
DA:270,0
DA:271,0
DA:275,2654
DA:276,7
DA:277,7
DA:278,7
DA:282,2647
DA:283,0
DA:284,0
DA:286,0
DA:287,0
DA:289,0
DA:290,0
DA:292,0
DA:293,0
DA:297,2647
DA:298,5
DA:300,5
DA:301,0
DA:304,5
DA:305,6
DA:308,5
DA:309,0
DA:310,0
DA:311,0
DA:315,5
DA:316,0
DA:317,0
DA:318,0
DA:321,0
DA:323,5
DA:324,5
DA:328,2642
DA:329,0
DA:331,0
DA:332,0
DA:333,0
DA:335,0
DA:336,0
DA:339,0
DA:340,0
DA:343,0
DA:344,0
DA:347,0
DA:348,0
DA:349,0
DA:350,0
DA:353,0
DA:354,0
DA:358,2642
DA:360,2642
DA:361,1442
DA:362,1442
DA:366,1200
DA:367,32
DA:368,32
DA:372,1168
DA:373,6
DA:374,6
DA:375,6
DA:379,1162
DA:380,26
DA:381,0
DA:382,0
DA:383,0
DA:385,26
DA:387,26
DA:391,1136
DA:392,0
DA:393,0
DA:394,0
DA:395,0
DA:396,0
DA:398,0
DA:399,0
DA:402,0
DA:403,0
DA:407,1136
DA:408,109
DA:409,109
DA:413,1027
DA:414,1027
DA:415,1027
DA:418,0
DA:423,32
DA:424,32
DA:427,32
DA:428,22
DA:429,22
DA:432,22
DA:433,1
DA:436,22
DA:437,22
DA:441,10
DA:442,10
DA:443,22
DA:447,10
DA:448,9
DA:449,9
DA:450,9
DA:451,96
DA:452,96
DA:453,96
DA:454,96
DA:458,10
DA:462,1
DA:463,1
DA:464,1
DA:466,1
DA:467,20
DA:468,20
DA:470,20
DA:471,20
DA:472,20
DA:473,20
DA:476,1
DA:480,0
DA:482,0
DA:484,0
DA:485,0
DA:486,0
DA:487,0
DA:488,0
DA:491,0
DA:492,0
DA:493,0
DA:494,0
DA:497,0
DA:501,0
DA:502,0
DA:504,0
DA:508,26
DA:509,26
DA:510,26
DA:512,26
DA:513,121
DA:514,26
DA:517,95
DA:518,0
DA:519,0
DA:520,0
DA:523,95
DA:524,0
DA:525,0
DA:526,0
DA:527,0
DA:528,0
DA:531,95
DA:532,95
DA:534,95
DA:536,0
DA:537,0
DA:538,0
DA:541,0
DA:543,0
DA:544,0
DA:547,26
DA:548,0
DA:551,26
DA:552,26
DA:556,6
DA:557,6
DA:558,6
DA:560,6
DA:561,76
DA:562,6
DA:565,70
DA:566,0
DA:567,0
DA:568,0
DA:571,70
DA:572,5
DA:573,5
DA:574,5
DA:575,5
DA:578,65
DA:579,65
DA:581,65
DA:583,26
DA:584,0
DA:585,0
DA:588,26
DA:590,26
DA:591,26
DA:594,6
DA:595,0
DA:598,6
DA:599,6
DA:603,109
DA:606,109
DA:607,34
DA:611,109
DA:612,0
DA:613,0
DA:615,0
DA:616,0
DA:619,0
DA:620,0
DA:622,0
DA:623,0
DA:627,109
DA:628,7
DA:629,7
DA:630,10
DA:633,7
DA:634,7
DA:635,0
DA:636,0
DA:637,0
DA:639,7
DA:640,1
DA:641,1
DA:642,1
DA:644,6
DA:645,6
DA:649,102
DA:650,102
DA:651,0
DA:652,0
DA:653,0
DA:655,102
DA:656,0
DA:657,0
DA:658,0
DA:660,102
DA:661,0
DA:662,0
DA:663,0
DA:665,102
DA:666,0
DA:667,0
DA:668,0
DA:670,102
DA:671,0
DA:672,0
DA:673,0
DA:676,102
DA:680,1027
DA:682,1027
DA:683,2710
DA:687,1027
DA:688,0
DA:690,0
DA:691,0
DA:694,0
DA:695,0
DA:696,0
DA:697,0
DA:698,0
DA:699,0
DA:700,0
DA:702,0
DA:705,0
DA:706,0
DA:709,0
DA:710,0
DA:712,0
DA:713,0
DA:715,0
DA:716,0
DA:721,1027
DA:722,1027
DA:723,473
DA:725,554
LF:358
LH:190
BRDA:137,0,0,0
BRDA:137,0,1,0
BRDA:137,1,0,0
BRDA:137,1,1,0
BRDA:154,2,0,5454
BRDA:156,3,0,5
BRDA:162,4,0,638
BRDA:162,4,1,8014
BRDA:182,5,0,2750
BRDA:185,6,0,0
BRDA:185,7,0,2704
BRDA:185,7,1,0
BRDA:187,8,0,0
BRDA:187,8,1,0
BRDA:194,9,0,0
BRDA:194,10,0,2704
BRDA:194,10,1,0
BRDA:197,11,0,0
BRDA:197,12,0,0
BRDA:197,12,1,0
BRDA:208,13,0,34
BRDA:208,14,0,2704
BRDA:208,14,1,34
BRDA:213,15,0,15
BRDA:213,16,0,2670
BRDA:213,16,1,110
BRDA:218,17,0,1
BRDA:218,18,0,2655
BRDA:218,18,1,95
BRDA:223,19,0,0
BRDA:223,20,0,2654
BRDA:223,20,1,0
BRDA:228,21,0,0
BRDA:228,22,0,2654
BRDA:228,22,1,2
BRDA:233,23,0,0
BRDA:233,24,0,2654
BRDA:233,24,1,2
BRDA:238,25,0,0
BRDA:238,26,0,2654
BRDA:238,26,1,0
BRDA:243,27,0,0
BRDA:243,28,0,2654
BRDA:243,28,1,0
BRDA:248,29,0,0
BRDA:248,30,0,2654
BRDA:248,30,1,12
BRDA:253,31,0,0
BRDA:253,32,0,2654
BRDA:253,32,1,0
BRDA:258,33,0,0
BRDA:258,34,0,2654
BRDA:258,34,1,5
BRDA:263,35,0,0
BRDA:263,36,0,2654
BRDA:263,36,1,0
BRDA:268,37,0,0
BRDA:268,38,0,2654
BRDA:268,38,1,0
BRDA:275,39,0,7
BRDA:275,40,0,2654
BRDA:275,40,1,164
BRDA:282,41,0,0
BRDA:282,42,0,2647
BRDA:282,42,1,18
BRDA:286,43,0,0
BRDA:297,44,0,5
BRDA:300,45,0,0
BRDA:300,46,0,5
BRDA:300,46,1,5
BRDA:308,47,0,0
BRDA:308,48,0,5
BRDA:308,48,1,0
BRDA:315,49,0,0
BRDA:328,50,0,0
BRDA:331,51,0,0
BRDA:339,52,0,0
BRDA:339,53,0,0
BRDA:339,53,1,0
BRDA:347,54,0,0
BRDA:347,55,0,0
BRDA:347,55,1,0
BRDA:360,56,0,1442
BRDA:366,57,0,32
BRDA:372,58,0,6
BRDA:372,59,0,1168
BRDA:372,59,1,160
BRDA:379,60,0,26
BRDA:380,61,0,0
BRDA:380,61,1,26
BRDA:380,62,0,26
BRDA:380,62,1,0
BRDA:391,63,0,0
BRDA:393,64,0,0
BRDA:407,65,0,109
BRDA:413,66,0,1027
BRDA:427,67,0,22
BRDA:427,68,0,32
BRDA:427,68,1,22
BRDA:432,69,0,1
BRDA:447,70,0,9
BRDA:450,71,0,105
BRDA:450,71,1,105
BRDA:453,72,0,0
BRDA:454,73,0,9
BRDA:466,74,0,21
BRDA:466,74,1,21
BRDA:470,75,0,0
BRDA:470,75,1,20
BRDA:471,76,0,0
BRDA:471,76,1,20
BRDA:472,77,0,0
BRDA:472,77,1,20
BRDA:472,78,0,20
BRDA:472,78,1,0
BRDA:473,79,0,1
BRDA:473,80,0,20
BRDA:473,80,1,1
BRDA:484,81,0,0
BRDA:484,82,0,0
BRDA:484,82,1,0
BRDA:484,82,2,0
BRDA:491,83,0,0
BRDA:491,84,0,0
BRDA:491,84,1,0
BRDA:501,85,0,0
BRDA:502,86,0,0
BRDA:513,87,0,26
BRDA:513,88,0,121
BRDA:513,88,1,121
BRDA:517,89,0,0
BRDA:517,90,0,95
BRDA:517,90,1,0
BRDA:523,91,0,0
BRDA:523,92,0,95
BRDA:523,92,1,95
BRDA:523,92,2,0
BRDA:534,93,0,95
BRDA:536,94,0,0
BRDA:541,95,0,0
BRDA:543,96,0,0
BRDA:544,97,0,0
BRDA:547,98,0,0
BRDA:561,99,0,6
BRDA:561,100,0,76
BRDA:561,100,1,50
BRDA:565,101,0,0
BRDA:565,102,0,70
BRDA:565,102,1,0
BRDA:571,103,0,5
BRDA:571,104,0,70
BRDA:571,104,1,44
BRDA:581,105,0,39
BRDA:583,106,0,0
BRDA:583,107,0,26
BRDA:583,107,1,0
BRDA:588,108,0,0
BRDA:590,109,0,0
BRDA:591,110,0,5
BRDA:594,111,0,0
BRDA:611,112,0,0
BRDA:611,113,0,109
BRDA:611,113,1,7
BRDA:615,114,0,0
BRDA:627,115,0,7
BRDA:627,116,0,109
BRDA:627,116,1,7
BRDA:634,117,0,0
BRDA:639,118,0,1
BRDA:650,119,0,0
BRDA:650,120,0,102
BRDA:650,120,1,0
BRDA:655,121,0,0
BRDA:655,122,0,102
BRDA:655,122,1,0
BRDA:660,123,0,0
BRDA:660,124,0,102
BRDA:660,124,1,0
BRDA:665,125,0,0
BRDA:665,126,0,102
BRDA:665,126,1,0
BRDA:670,127,0,0
BRDA:670,128,0,102
BRDA:670,128,1,0
BRDA:687,129,0,0
BRDA:687,130,0,1027
BRDA:687,130,1,0
BRDA:694,131,0,0
BRDA:697,132,0,0
BRDA:697,132,1,0
BRDA:698,133,0,0
BRDA:698,133,1,0
BRDA:698,134,0,0
BRDA:698,134,1,0
BRDA:705,135,0,0
BRDA:712,136,0,0
BRDA:722,137,0,473
BRDA:722,137,1,554
BRF:198
BRH:97
end_of_record
TN:
SF:src/lir/budget.ts
FN:35,getCalledFunctions
FN:55,buildCallGraph
FN:56,(anonymous_2)
FN:77,stripNamespace
FN:86,findSCCs
FN:94,strongconnect
FN:136,instrCommandCount
FN:148,localCommandCount
FN:165,estimateLoopIterations
FN:192,estimateCommandCount
FN:212,estimate
FN:236,(anonymous_11)
FN:283,analyzeBudget
FNF:13
FNH:10
FNDA:12,getCalledFunctions
FNDA:6,buildCallGraph
FNDA:8,(anonymous_2)
FNDA:0,stripNamespace
FNDA:6,findSCCs
FNDA:8,strongconnect
FNDA:7,instrCommandCount
FNDA:6,localCommandCount
FNDA:0,estimateLoopIterations
FNDA:6,estimateCommandCount
FNDA:6,estimate
FNDA:0,(anonymous_11)
FNDA:5,analyzeBudget
DA:15,1
DA:18,1
DA:21,1
DA:36,12
DA:39,0
DA:45,0
DA:48,0
DA:50,12
DA:56,8
DA:57,6
DA:59,6
DA:60,8
DA:61,8
DA:62,12
DA:64,0
DA:65,0
DA:66,0
DA:70,8
DA:73,6
DA:78,0
DA:79,0
DA:80,0
DA:82,0
DA:87,6
DA:88,6
DA:89,6
DA:90,6
DA:91,6
DA:92,6
DA:95,8
DA:96,8
DA:97,8
DA:98,8
DA:99,8
DA:101,8
DA:102,0
DA:103,0
DA:104,0
DA:105,0
DA:106,0
DA:110,8
DA:111,8
DA:113,8
DA:114,8
DA:115,8
DA:116,8
DA:118,8
DA:122,6
DA:123,8
DA:124,8
DA:128,6
DA:137,7
DA:140,0
DA:143,7
DA:149,6
DA:150,6
DA:151,7
DA:153,6
DA:169,0
DA:170,0
DA:171,0
DA:173,0
DA:174,0
DA:175,0
DA:176,0
DA:182,0
DA:192,1
DA:193,6
DA:194,6
DA:195,8
DA:198,6
DA:199,6
DA:202,6
DA:203,6
DA:204,8
DA:205,8
DA:210,6
DA:213,6
DA:215,6
DA:216,6
DA:220,6
DA:222,6
DA:224,6
DA:225,6
DA:227,6
DA:229,0
DA:230,0
DA:231,0
DA:232,0
DA:236,0
DA:237,0
DA:240,0
DA:241,0
DA:242,0
DA:243,0
DA:244,0
DA:249,0
DA:251,0
DA:252,0
DA:254,0
DA:255,0
DA:259,6
DA:260,6
DA:261,0
DA:264,6
DA:265,6
DA:266,6
DA:269,6
DA:283,1
DA:287,5
DA:291,5
DA:293,6
DA:296,6
DA:299,6
DA:301,6
DA:303,6
DA:304,0
DA:310,6
DA:311,0
DA:320,5
LF:120
LH:77
BRDA:36,0,0,0
BRDA:36,0,1,0
BRDA:36,0,2,0
BRDA:36,0,3,0
BRDA:36,0,4,0
BRDA:36,0,5,0
BRDA:36,0,6,0
BRDA:36,0,7,0
BRDA:36,0,8,12
BRDA:65,1,0,0
BRDA:79,2,0,0
BRDA:101,3,0,8
BRDA:101,3,1,0
BRDA:102,4,0,0
BRDA:102,4,1,0
BRDA:105,5,0,0
BRDA:110,6,0,8
BRDA:123,7,0,8
BRDA:137,8,0,0
BRDA:137,8,1,7
BRDA:171,9,0,0
BRDA:171,10,0,0
BRDA:171,10,1,0
BRDA:175,11,0,0
BRDA:213,12,0,0
BRDA:216,13,0,0
BRDA:220,14,0,0
BRDA:225,15,0,6
BRDA:225,15,1,6
BRDA:225,15,2,6
BRDA:227,16,0,0
BRDA:232,17,0,0
BRDA:242,18,0,0
BRDA:242,18,1,0
BRDA:243,19,0,0
BRDA:260,20,0,6
BRDA:260,20,1,0
BRDA:285,21,0,0
BRDA:293,22,0,0
BRDA:296,23,0,0
BRDA:299,24,0,0
BRDA:303,25,0,0
BRDA:303,25,1,6
BRDA:310,26,0,0
BRF:44
BRH:10
end_of_record
TN:
SF:src/lir/lower.ts
FN:25,lowerToLIR
FN:58,(anonymous_1)
FN:63,(anonymous_2)
FN:74,(anonymous_3)
FN:80,(anonymous_4)
FN:89,(anonymous_5)
FN:95,(anonymous_6)
FN:128,(anonymous_7)
FN:133,(anonymous_8)
FN:159,(anonymous_9)
FN:166,(anonymous_10)
FN:194,(anonymous_11)
FN:198,(anonymous_12)
FN:207,(anonymous_13)
FN:216,lowerFunction
FN:236,(anonymous_15)
FN:236,(anonymous_16)
FN:259,lowerBlock
FN:285,lowerInstr
FN:296,lowerInstrInner
FN:617,lowerTerminator
FN:629,lowerTerminatorInner
FN:681,emitBranchTarget
FN:733,lowerOperandToSlot
FN:748,lowerOperandToSlotDirect
FN:762,operandToSlot
FN:775,constSlot
FN:782,lowerBinOp
FN:794,getTermTargets
FNF:29
FNH:19
FNDA:5,lowerToLIR
FNDA:5,(anonymous_1)
FNDA:7,(anonymous_2)
FNDA:0,(anonymous_3)
FNDA:6,(anonymous_4)
FNDA:0,(anonymous_5)
FNDA:0,(anonymous_6)
FNDA:0,(anonymous_7)
FNDA:0,(anonymous_8)
FNDA:7,(anonymous_9)
FNDA:6,(anonymous_10)
FNDA:0,(anonymous_11)
FNDA:0,(anonymous_12)
FNDA:6,(anonymous_13)
FNDA:6,lowerFunction
FNDA:2,(anonymous_15)
FNDA:0,(anonymous_16)
FNDA:6,lowerBlock
FNDA:1,lowerInstr
FNDA:1,lowerInstrInner
FNDA:6,lowerTerminator
FNDA:6,lowerTerminatorInner
FNDA:0,emitBranchTarget
FNDA:1,lowerOperandToSlot
FNDA:0,lowerOperandToSlotDirect
FNDA:3,operandToSlot
FNDA:1,constSlot
FNDA:1,lowerBinOp
FNDA:6,getTermTargets
DA:25,1
DA:26,5
DA:27,5
DA:28,6
DA:30,5
DA:42,5
DA:46,5
DA:48,5
DA:50,5
DA:52,5
DA:54,5
DA:56,5
DA:59,5
DA:60,5
DA:65,7
DA:66,0
DA:69,7
DA:70,7
DA:71,7
DA:76,0
DA:77,0
DA:81,6
DA:90,0
DA:91,0
DA:92,0
DA:95,0
DA:97,0
DA:98,0
DA:99,0
DA:102,0
DA:106,0
DA:111,0
DA:119,0
DA:120,0
DA:129,0
DA:130,0
DA:131,0
DA:133,0
DA:134,0
DA:135,0
DA:136,0
DA:138,0
DA:141,0
DA:146,0
DA:154,0
DA:155,0
DA:160,7
DA:161,0
DA:162,0
DA:167,6
DA:168,6
DA:169,6
DA:170,6
DA:172,6
DA:173,6
DA:177,6
DA:178,6
DA:179,6
DA:180,6
DA:181,0
DA:186,6
DA:187,0
DA:188,0
DA:189,0
DA:195,0
DA:199,0
DA:200,0
DA:202,0
DA:203,0
DA:204,0
DA:208,6
DA:217,6
DA:220,6
DA:221,6
DA:224,6
DA:225,2
DA:226,2
DA:227,2
DA:230,6
DA:232,6
DA:236,2
DA:242,6
DA:243,0
DA:244,0
DA:245,0
DA:246,0
DA:247,0
DA:266,6
DA:267,6
DA:269,6
DA:270,6
DA:273,6
DA:274,1
DA:278,6
DA:291,1
DA:292,1
DA:293,1
DA:302,1
DA:304,0
DA:305,0
DA:309,0
DA:310,0
DA:319,1
DA:320,1
DA:327,1
DA:328,1
DA:333,0
DA:334,0
DA:335,0
DA:336,0
DA:337,0
DA:343,0
DA:344,0
DA:345,0
DA:347,0
DA:349,0
DA:352,0
DA:353,0
DA:354,0
DA:355,0
DA:356,0
DA:357,0
DA:361,0
DA:365,0
DA:366,0
DA:367,0
DA:368,0
DA:369,0
DA:373,0
DA:380,0
DA:381,0
DA:382,0
DA:388,0
DA:389,0
DA:390,0
DA:392,0
DA:393,0
DA:394,0
DA:399,0
DA:400,0
DA:401,0
DA:402,0
DA:403,0
DA:407,0
DA:408,0
DA:415,0
DA:421,0
DA:422,0
DA:429,0
DA:438,0
DA:439,0
DA:442,0
DA:452,0
DA:453,0
DA:463,0
DA:464,0
DA:469,0
DA:473,0
DA:474,0
DA:482,0
DA:491,0
DA:492,0
DA:495,0
DA:505,0
DA:515,0
DA:516,0
DA:517,0
DA:522,0
DA:523,0
DA:528,0
DA:533,0
DA:534,0
DA:537,0
DA:538,0
DA:544,0
DA:549,0
DA:550,0
DA:551,0
DA:555,0
DA:556,0
DA:557,0
DA:559,0
DA:561,0
DA:564,0
DA:568,0
DA:569,0
DA:570,0
DA:572,0
DA:576,0
DA:578,0
DA:579,0
DA:580,0
DA:589,0
DA:592,0
DA:593,0
DA:594,0
DA:596,0
DA:600,0
DA:605,0
DA:609,0
DA:624,6
DA:625,6
DA:626,6
DA:636,6
DA:638,6
DA:639,2
DA:640,2
DA:641,2
DA:643,6
DA:647,0
DA:649,0
DA:652,0
DA:654,0
DA:658,0
DA:663,0
DA:664,0
DA:670,0
DA:671,0
DA:672,0
DA:688,0
DA:690,0
DA:691,0
DA:692,0
DA:693,0
DA:694,0
DA:702,0
DA:704,0
DA:708,0
DA:709,0
DA:710,0
DA:711,0
DA:713,0
DA:723,0
DA:725,0
DA:739,1
DA:740,1
DA:741,0
DA:743,1
DA:754,0
DA:755,0
DA:757,0
DA:767,3
DA:768,2
DA:771,1
DA:776,1
DA:777,1
DA:778,1
DA:789,1
DA:790,1
DA:791,1
DA:795,6
DA:796,0
DA:797,0
DA:798,6
DA:799,0
LF:255
LH:81
BRDA:65,0,0,0
BRDA:70,1,0,7
BRDA:70,1,1,0
BRDA:92,2,0,0
BRDA:131,3,0,0
BRDA:160,4,0,7
BRDA:162,5,0,0
BRDA:181,6,0,0
BRDA:181,6,1,0
BRDA:187,7,0,0
BRDA:187,8,0,0
BRDA:187,8,1,0
BRDA:200,9,0,0
BRDA:243,10,0,0
BRDA:266,11,0,0
BRDA:270,12,0,0
BRDA:302,13,0,0
BRDA:302,13,1,0
BRDA:302,13,2,1
BRDA:302,13,3,1
BRDA:302,13,4,1
BRDA:302,13,5,1
BRDA:302,13,6,1
BRDA:302,13,7,0
BRDA:302,13,8,0
BRDA:302,13,9,0
BRDA:302,13,10,0
BRDA:302,13,11,0
BRDA:302,13,12,0
BRDA:302,13,13,0
BRDA:302,13,14,0
BRDA:302,13,15,0
BRDA:302,13,16,0
BRDA:302,13,17,0
BRDA:302,13,18,0
BRDA:302,13,19,0
BRDA:302,13,20,0
BRDA:302,13,21,0
BRDA:302,13,22,0
BRDA:302,13,23,0
BRDA:353,14,0,0
BRDA:353,14,1,0
BRDA:533,15,0,0
BRDA:533,15,1,0
BRDA:555,16,0,0
BRDA:555,16,1,0
BRDA:557,17,0,0
BRDA:557,17,1,0
BRDA:568,18,0,0
BRDA:592,19,0,0
BRDA:636,20,0,6
BRDA:636,20,1,0
BRDA:636,20,2,0
BRDA:638,21,0,2
BRDA:647,22,0,0
BRDA:647,22,1,0
BRDA:688,23,0,0
BRDA:690,24,0,0
BRDA:740,25,0,0
BRDA:740,25,1,1
BRDA:754,26,0,0
BRDA:754,26,1,0
BRDA:767,27,0,2
BRDA:795,28,0,0
BRDA:795,28,1,0
BRDA:795,28,2,6
BRDA:795,28,3,0
BRF:67
BRH:12
end_of_record
TN:
SF:src/mir/lower.ts
FN:18,formatTypeNode
FN:40,formatFunctionSignature
FN:42,(anonymous_2)
FN:51,lowerToMIR
FN:57,(anonymous_4)
FN:97,(anonymous_5)
FN:230,(anonymous_6)
FN:255,(anonymous_7)
FN:259,(anonymous_8)
FN:270,(anonymous_9)
FN:274,(anonymous_10)
FN:281,(anonymous_11)
FN:288,(anonymous_12)
FN:292,(anonymous_13)
FN:296,(anonymous_14)
FN:300,(anonymous_15)
FN:306,(anonymous_16)
FN:310,(anonymous_17)
FN:315,(anonymous_18)
FN:322,(anonymous_19)
FN:326,(anonymous_20)
FN:331,(anonymous_21)
FN:338,(anonymous_22)
FN:347,lowerFunction
FN:393,(anonymous_24)
FN:424,(anonymous_25)
FN:442,lowerImplMethod
FN:526,(anonymous_27)
FN:542,isPlaceholderTerm
FN:547,computeReachable
FN:554,(anonymous_30)
FN:564,computePreds
FN:571,(anonymous_32)
FN:579,getTermTargets
FN:592,lowerBlock
FN:602,lowerStmt
FN:737,(anonymous_36)
FN:740,(anonymous_37)
FN:746,(anonymous_38)
FN:1039,(anonymous_39)
FN:1068,(anonymous_40)
FN:1086,(anonymous_41)
FN:1138,(anonymous_42)
FN:1328,(anonymous_43)
FN:1395,(anonymous_44)
FN:1443,lowerExpr
FN:1669,(anonymous_46)
FN:2008,(anonymous_47)
FN:2081,(anonymous_48)
FN:2126,(anonymous_49)
FN:2225,(anonymous_50)
FN:2226,(anonymous_51)
FN:2277,(anonymous_52)
FN:2307,(anonymous_53)
FN:2345,(anonymous_54)
FN:2396,(anonymous_55)
FN:2400,(anonymous_56)
FN:2425,(anonymous_57)
FN:2429,(anonymous_58)
FN:2439,(anonymous_59)
FN:2476,(anonymous_60)
FN:2486,(anonymous_61)
FN:2529,(anonymous_62)
FN:2624,isDoubleExpr
FN:2636,lowerDoubleExprToPath
FN:2659,lowerShortCircuitAnd
FN:2687,lowerShortCircuitOr
FN:2724,inferInvokeReturnStructType
FN:2751,lowerTimerMethod
FN:2825,(anonymous_69)
FN:2829,(anonymous_70)
FN:2839,lowerExecuteSubcmd
FN:2886,lowerStringExprToPath
FN:2923,selectorToString
FN:2967,precomputeFStringParts
FN:3062,fStringToJsonText
FN:3088,formatBuiltinCall
FN:3096,(anonymous_77)
FN:3101,(anonymous_78)
FN:3102,(anonymous_79)
FN:3103,(anonymous_80)
FN:3116,(anonymous_81)
FN:3229,coordStr
FN:3237,exprToCommandArg
FN:3285,hirExprToStringLiteral
FNF:85
FNH:27
FNDA:8,formatTypeNode
FNDA:6,formatFunctionSignature
FNDA:2,(anonymous_2)
FNDA:5,lowerToMIR
FNDA:0,(anonymous_4)
FNDA:0,(anonymous_5)
FNDA:6,(anonymous_6)
FNDA:10,(anonymous_7)
FNDA:8,(anonymous_8)
FNDA:2,(anonymous_9)
FNDA:8,(anonymous_10)
FNDA:8,(anonymous_11)
FNDA:2,(anonymous_12)
FNDA:6,(anonymous_13)
FNDA:0,(anonymous_14)
FNDA:0,(anonymous_15)
FNDA:0,(anonymous_16)
FNDA:0,(anonymous_17)
FNDA:0,(anonymous_18)
FNDA:0,(anonymous_19)
FNDA:0,(anonymous_20)
FNDA:0,(anonymous_21)
FNDA:0,(anonymous_22)
FNDA:6,lowerFunction
FNDA:2,(anonymous_24)
FNDA:8,(anonymous_25)
FNDA:0,lowerImplMethod
FNDA:0,(anonymous_27)
FNDA:6,isPlaceholderTerm
FNDA:6,computeReachable
FNDA:6,(anonymous_30)
FNDA:6,computePreds
FNDA:0,(anonymous_32)
FNDA:12,getTermTargets
FNDA:6,lowerBlock
FNDA:6,lowerStmt
FNDA:0,(anonymous_36)
FNDA:0,(anonymous_37)
FNDA:0,(anonymous_38)
FNDA:0,(anonymous_39)
FNDA:0,(anonymous_40)
FNDA:0,(anonymous_41)
FNDA:0,(anonymous_42)
FNDA:0,(anonymous_43)
FNDA:0,(anonymous_44)
FNDA:10,lowerExpr
FNDA:0,(anonymous_46)
FNDA:0,(anonymous_47)
FNDA:0,(anonymous_48)
FNDA:0,(anonymous_49)
FNDA:0,(anonymous_50)
FNDA:0,(anonymous_51)
FNDA:2,(anonymous_52)
FNDA:2,(anonymous_53)
FNDA:2,(anonymous_54)
FNDA:0,(anonymous_55)
FNDA:0,(anonymous_56)
FNDA:0,(anonymous_57)
FNDA:0,(anonymous_58)
FNDA:0,(anonymous_59)
FNDA:0,(anonymous_60)
FNDA:0,(anonymous_61)
FNDA:0,(anonymous_62)
FNDA:1,isDoubleExpr
FNDA:0,lowerDoubleExprToPath
FNDA:0,lowerShortCircuitAnd
FNDA:0,lowerShortCircuitOr
FNDA:0,inferInvokeReturnStructType
FNDA:0,lowerTimerMethod
FNDA:0,(anonymous_69)
FNDA:0,(anonymous_70)
FNDA:0,lowerExecuteSubcmd
FNDA:0,lowerStringExprToPath
FNDA:0,selectorToString
FNDA:0,precomputeFStringParts
FNDA:0,fStringToJsonText
FNDA:0,formatBuiltinCall
FNDA:0,(anonymous_77)
FNDA:0,(anonymous_78)
FNDA:0,(anonymous_79)
FNDA:0,(anonymous_80)
FNDA:0,(anonymous_81)
FNDA:0,coordStr
FNDA:0,exprToCommandArg
FNDA:0,hirExprToStringLiteral
DA:16,1
DA:19,8
DA:21,8
DA:23,0
DA:26,0
DA:28,0
DA:30,0
DA:32,0
DA:34,0
DA:36,0
DA:41,6
DA:42,2
DA:44,6
DA:51,1
DA:53,5
DA:55,5
DA:56,5
DA:57,0
DA:58,0
DA:62,5
DA:64,5
DA:65,5
DA:66,0
DA:67,0
DA:68,0
DA:69,0
DA:70,0
DA:71,0
DA:74,0
DA:75,0
DA:76,0
DA:81,5
DA:82,5
DA:83,0
DA:84,0
DA:85,0
DA:86,0
DA:87,0
DA:89,0
DA:94,5
DA:95,5
DA:96,0
DA:97,0
DA:98,0
DA:99,0
DA:100,0
DA:101,0
DA:108,5
DA:111,5
DA:112,5
DA:113,6
DA:115,5
DA:116,0
DA:117,0
DA:121,5
DA:124,5
DA:125,5
DA:126,6
DA:129,5
DA:132,5
DA:133,5
DA:134,0
DA:135,0
DA:136,0
DA:139,5
DA:140,5
DA:141,6
DA:142,6
DA:146,5
DA:147,0
DA:148,0
DA:149,0
DA:150,0
DA:155,5
DA:156,0
DA:159,5
DA:171,6
DA:172,6
DA:173,6
DA:176,6
DA:178,6
DA:180,6
DA:188,6
DA:190,6
DA:192,6
DA:194,6
DA:206,6
DA:208,6
DA:212,6
DA:214,6
DA:216,6
DA:217,6
DA:218,6
DA:220,6
DA:222,6
DA:224,6
DA:226,6
DA:228,6
DA:241,6
DA:242,6
DA:243,6
DA:244,6
DA:245,6
DA:246,6
DA:247,6
DA:248,6
DA:249,6
DA:250,6
DA:251,6
DA:252,6
DA:256,10
DA:260,8
DA:266,8
DA:267,8
DA:271,2
DA:275,8
DA:276,0
DA:278,8
DA:282,8
DA:283,0
DA:285,8
DA:289,2
DA:293,6
DA:297,0
DA:301,0
DA:302,0
DA:303,0
DA:307,0
DA:311,0
DA:316,0
DA:317,0
DA:319,0
DA:323,0
DA:327,0
DA:332,0
DA:333,0
DA:334,0
DA:339,0
DA:370,6
DA:371,6
DA:372,6
DA:373,6
DA:374,6
DA:375,6
DA:376,6
DA:377,6
DA:378,6
DA:381,6
DA:382,0
DA:383,0
DA:389,6
DA:390,6
DA:391,6
DA:392,6
DA:393,6
DA:394,2
DA:396,0
DA:398,2
DA:400,0
DA:401,0
DA:403,0
DA:405,2
DA:406,0
DA:407,0
DA:409,2
DA:410,2
DA:411,2
DA:414,6
DA:417,6
DA:418,6
DA:419,6
DA:423,6
DA:424,8
DA:427,6
DA:429,6
DA:439,6
DA:456,0
DA:457,0
DA:458,0
DA:459,0
DA:460,0
DA:461,0
DA:463,0
DA:464,0
DA:466,0
DA:468,0
DA:469,0
DA:470,0
DA:471,0
DA:472,0
DA:474,0
DA:476,0
DA:477,0
DA:478,0
DA:480,0
DA:481,0
DA:483,0
DA:484,0
DA:485,0
DA:486,0
DA:487,0
DA:489,0
DA:491,0
DA:492,0
DA:493,0
DA:498,0
DA:499,0
DA:501,0
DA:502,0
DA:503,0
DA:504,0
DA:505,0
DA:506,0
DA:507,0
DA:509,0
DA:511,0
DA:512,0
DA:513,0
DA:518,0
DA:520,0
DA:521,0
DA:522,0
DA:525,0
DA:526,0
DA:527,0
DA:529,0
DA:539,0
DA:544,6
DA:548,6
DA:549,6
DA:550,6
DA:551,6
DA:552,6
DA:553,6
DA:554,6
DA:555,6
DA:556,6
DA:557,0
DA:561,6
DA:566,6
DA:568,6
DA:569,6
DA:570,6
DA:571,0
DA:572,0
DA:573,0
DA:580,12
DA:581,0
DA:582,0
DA:583,12
DA:584,0
DA:597,6
DA:598,6
DA:608,6
DA:609,0
DA:612,6
DA:614,4
DA:615,0
DA:616,0
DA:617,0
DA:618,0
DA:619,0
DA:620,4
DA:623,0
DA:624,0
DA:625,0
DA:626,0
DA:627,0
DA:628,0
DA:629,0
DA:630,4
DA:632,0
DA:633,0
DA:634,0
DA:635,0
DA:636,0
DA:637,0
DA:638,4
DA:640,0
DA:641,0
DA:642,0
DA:643,0
DA:646,0
DA:647,0
DA:648,0
DA:649,0
DA:650,0
DA:651,0
DA:652,0
DA:653,0
DA:655,0
DA:657,0
DA:658,0
DA:659,0
DA:661,0
DA:662,0
DA:663,0
DA:664,0
DA:667,0
DA:668,4
DA:670,0
DA:671,0
DA:672,0
DA:673,0
DA:674,0
DA:675,0
DA:676,0
DA:677,4
DA:685,0
DA:688,0
DA:689,0
DA:690,0
DA:692,0
DA:693,0
DA:694,0
DA:695,0
DA:696,0
DA:698,0
DA:699,0
DA:700,0
DA:701,0
DA:704,0
DA:706,0
DA:707,0
DA:708,0
DA:709,0
DA:711,4
DA:713,0
DA:714,0
DA:715,0
DA:717,0
DA:720,0
DA:721,0
DA:722,0
DA:724,0
DA:727,0
DA:728,0
DA:729,0
DA:730,4
DA:732,0
DA:733,0
DA:734,0
DA:735,0
DA:737,0
DA:738,0
DA:740,0
DA:741,0
DA:746,0
DA:747,0
DA:748,0
DA:749,0
DA:750,0
DA:751,0
DA:755,0
DA:756,0
DA:757,0
DA:758,4
DA:762,0
DA:763,0
DA:764,0
DA:766,0
DA:774,0
DA:775,0
DA:776,0
DA:778,4
DA:779,4
DA:780,4
DA:781,4
DA:783,4
DA:784,0
DA:787,4
DA:792,0
DA:793,0
DA:795,0
DA:796,0
DA:797,0
DA:798,0
DA:799,0
DA:800,0
DA:801,0
DA:803,0
DA:805,0
DA:806,0
DA:807,0
DA:808,0
DA:810,0
DA:813,0
DA:814,0
DA:815,0
DA:816,0
DA:817,0
DA:818,0
DA:819,0
DA:822,0
DA:823,0
DA:826,0
DA:827,0
DA:828,0
DA:829,0
DA:830,0
DA:831,0
DA:832,0
DA:835,0
DA:840,0
DA:841,0
DA:842,0
DA:843,0
DA:847,0
DA:848,0
DA:852,2
DA:854,0
DA:855,0
DA:856,0
DA:857,0
DA:858,2
DA:860,0
DA:861,0
DA:862,0
DA:863,2
DA:865,0
DA:866,0
DA:867,0
DA:869,0
DA:870,2
DA:872,0
DA:873,0
DA:874,0
DA:876,0
DA:877,2
DA:879,0
DA:880,0
DA:881,0
DA:882,0
DA:883,0
DA:884,0
DA:885,0
DA:887,0
DA:888,0
DA:891,2
DA:892,2
DA:895,2
DA:896,2
DA:897,2
DA:901,0
DA:902,0
DA:903,0
DA:904,0
DA:905,0
DA:906,0
DA:910,0
DA:911,0
DA:912,0
DA:913,0
DA:914,0
DA:915,0
DA:919,0
DA:920,0
DA:921,0
DA:922,0
DA:923,0
DA:924,0
DA:928,0
DA:929,0
DA:930,0
DA:931,0
DA:932,0
DA:933,0
DA:940,0
DA:941,0
DA:942,0
DA:946,0
DA:947,0
DA:948,0
DA:949,0
DA:951,0
DA:954,0
DA:955,0
DA:956,0
DA:957,0
DA:961,0
DA:962,0
DA:963,0
DA:964,0
DA:965,0
DA:969,0
DA:970,0
DA:974,0
DA:975,0
DA:976,0
DA:981,0
DA:982,0
DA:983,0
DA:985,0
DA:988,0
DA:991,0
DA:992,0
DA:993,0
DA:996,0
DA:997,0
DA:998,0
DA:999,0
DA:1000,0
DA:1001,0
DA:1005,0
DA:1006,0
DA:1007,0
DA:1008,0
DA:1009,0
DA:1013,0
DA:1014,0
DA:1020,0
DA:1021,0
DA:1024,0
DA:1025,0
DA:1027,0
DA:1028,0
DA:1032,0
DA:1033,0
DA:1034,0
DA:1035,0
DA:1036,0
DA:1038,0
DA:1039,0
DA:1040,0
DA:1042,0
DA:1052,0
DA:1053,0
DA:1058,0
DA:1059,0
DA:1061,0
DA:1062,0
DA:1063,0
DA:1064,0
DA:1065,0
DA:1067,0
DA:1068,0
DA:1069,0
DA:1071,0
DA:1081,0
DA:1082,0
DA:1086,0
DA:1087,0
DA:1089,0
DA:1090,0
DA:1091,0
DA:1092,0
DA:1095,0
DA:1096,0
DA:1097,0
DA:1098,0
DA:1100,0
DA:1101,0
DA:1102,0
DA:1103,0
DA:1105,0
DA:1108,0
DA:1109,0
DA:1110,0
DA:1111,0
DA:1112,0
DA:1113,0
DA:1114,0
DA:1115,0
DA:1116,0
DA:1117,0
DA:1119,0
DA:1120,0
DA:1123,0
DA:1126,0
DA:1127,0
DA:1129,0
DA:1130,0
DA:1134,0
DA:1138,0
DA:1139,0
DA:1145,0
DA:1146,0
DA:1147,0
DA:1148,0
DA:1149,0
DA:1150,0
DA:1153,0
DA:1154,0
DA:1155,0
DA:1156,0
DA:1157,0
DA:1158,0
DA:1159,0
DA:1162,0
DA:1163,0
DA:1164,0
DA:1165,0
DA:1166,0
DA:1167,0
DA:1168,0
DA:1173,0
DA:1177,0
DA:1178,0
DA:1179,0
DA:1181,0
DA:1183,0
DA:1184,0
DA:1185,0
DA:1187,0
DA:1189,0
DA:1190,0
DA:1191,0
DA:1192,0
DA:1193,0
DA:1194,0
DA:1195,0
DA:1196,0
DA:1197,0
DA:1199,0
DA:1200,0
DA:1202,0
DA:1203,0
DA:1204,0
DA:1205,0
DA:1206,0
DA:1207,0
DA:1208,0
DA:1210,0
DA:1211,0
DA:1212,0
DA:1213,0
DA:1215,0
DA:1216,0
DA:1217,0
DA:1218,0
DA:1219,0
DA:1220,0
DA:1221,0
DA:1222,0
DA:1223,0
DA:1224,0
DA:1225,0
DA:1227,0
DA:1228,0
DA:1230,0
DA:1231,0
DA:1232,0
DA:1233,0
DA:1234,0
DA:1235,0
DA:1236,0
DA:1237,0
DA:1239,0
DA:1240,0
DA:1241,0
DA:1242,0
DA:1243,0
DA:1244,0
DA:1245,0
DA:1252,0
DA:1254,0
DA:1255,0
DA:1256,0
DA:1258,0
DA:1259,0
DA:1261,0
DA:1262,0
DA:1263,0
DA:1264,0
DA:1265,0
DA:1266,0
DA:1267,0
DA:1268,0
DA:1269,0
DA:1270,0
DA:1272,0
DA:1273,0
DA:1274,0
DA:1275,0
DA:1276,0
DA:1277,0
DA:1278,0
DA:1281,0
DA:1282,0
DA:1283,0
DA:1284,0
DA:1286,0
DA:1288,0
DA:1289,0
DA:1290,0
DA:1291,0
DA:1292,0
DA:1293,0
DA:1294,0
DA:1295,0
DA:1296,0
DA:1297,0
DA:1299,0
DA:1305,0
DA:1306,0
DA:1309,0
DA:1310,0
DA:1317,0
DA:1318,0
DA:1321,0
DA:1322,0
DA:1328,0
DA:1329,0
DA:1330,0
DA:1336,0
DA:1337,0
DA:1338,0
DA:1339,0
DA:1340,0
DA:1343,0
DA:1344,0
DA:1345,0
DA:1346,0
DA:1347,0
DA:1348,0
DA:1349,0
DA:1352,0
DA:1353,0
DA:1354,0
DA:1356,0
DA:1359,0
DA:1360,0
DA:1361,0
DA:1362,0
DA:1363,0
DA:1364,0
DA:1368,0
DA:1369,0
DA:1370,0
DA:1371,0
DA:1372,0
DA:1376,0
DA:1377,0
DA:1383,0
DA:1384,0
DA:1385,0
DA:1387,0
DA:1390,0
DA:1395,0
DA:1396,0
DA:1397,0
DA:1400,0
DA:1401,0
DA:1402,0
DA:1403,0
DA:1404,0
DA:1406,0
DA:1407,0
DA:1408,0
DA:1409,0
DA:1410,0
DA:1411,0
DA:1412,0
DA:1415,0
DA:1418,0
DA:1419,0
DA:1420,0
DA:1421,0
DA:1422,0
DA:1423,0
DA:1424,0
DA:1425,0
DA:1428,0
DA:1429,0
DA:1433,0
DA:1434,0
DA:1448,10
DA:1450,4
DA:1454,0
DA:1459,0
DA:1463,0
DA:1464,0
DA:1465,0
DA:1466,0
DA:1467,0
DA:1468,0
DA:1472,0
DA:1479,0
DA:1480,0
DA:1482,0
DA:1483,0
DA:1484,0
DA:1501,0
DA:1502,0
DA:1503,0
DA:1508,4
DA:1509,0
DA:1510,0
DA:1512,0
DA:1514,0
DA:1515,0
DA:1517,4
DA:1518,4
DA:1520,2
DA:1521,0
DA:1524,2
DA:1525,2
DA:1526,2
DA:1527,2
DA:1532,1
DA:1533,0
DA:1535,1
DA:1536,0
DA:1540,1
DA:1546,1
DA:1547,0
DA:1548,0
DA:1549,0
DA:1551,0
DA:1552,0
DA:1554,0
DA:1556,0
DA:1557,0
DA:1558,0
DA:1559,0
DA:1560,0
DA:1561,0
DA:1564,1
DA:1565,1
DA:1566,1
DA:1569,1
DA:1572,1
DA:1576,1
DA:1577,1
DA:1578,1
DA:1579,1
DA:1581,0
DA:1582,0
DA:1583,0
DA:1584,0
DA:1585,0
DA:1586,0
DA:1587,0
DA:1588,1
DA:1590,0
DA:1591,0
DA:1592,0
DA:1593,0
DA:1594,0
DA:1595,0
DA:1597,1
DA:1598,1
DA:1599,0
DA:1602,0
DA:1603,0
DA:1605,0
DA:1607,1
DA:1611,0
DA:1612,0
DA:1613,0
DA:1614,0
DA:1615,0
DA:1616,0
DA:1618,0
DA:1622,0
DA:1626,0
DA:1627,0
DA:1628,0
DA:1629,0
DA:1630,0
DA:1634,0
DA:1636,0
DA:1637,0
DA:1638,0
DA:1639,0
DA:1640,0
DA:1641,0
DA:1642,0
DA:1646,0
DA:1651,0
DA:1652,0
DA:1653,0
DA:1661,0
DA:1662,0
DA:1664,0
DA:1665,0
DA:1667,0
DA:1668,0
DA:1669,0
DA:1670,0
DA:1672,0
DA:1674,0
DA:1683,0
DA:1688,0
DA:1689,0
DA:1690,0
DA:1691,0
DA:1695,0
DA:1696,0
DA:1697,0
DA:1698,0
DA:1699,0
DA:1703,0
DA:1704,0
DA:1705,0
DA:1706,0
DA:1707,0
DA:1708,0
DA:1712,0
DA:1713,0
DA:1714,0
DA:1715,0
DA:1720,0
DA:1721,0
DA:1722,0
DA:1723,0
DA:1724,0
DA:1726,0
DA:1729,0
DA:1730,0
DA:1732,0
DA:1735,0
DA:1736,0
DA:1737,0
DA:1738,0
DA:1739,0
DA:1743,0
DA:1744,0
DA:1745,0
DA:1746,0
DA:1747,0
DA:1749,0
DA:1752,0
DA:1753,0
DA:1755,0
DA:1758,0
DA:1763,1
DA:1764,0
DA:1765,0
DA:1766,0
DA:1767,0
DA:1768,0
DA:1769,0
DA:1770,0
DA:1773,0
DA:1774,0
DA:1775,0
DA:1778,0
DA:1779,0
DA:1780,0
DA:1785,1
DA:1786,0
DA:1790,0
DA:1793,0
DA:1794,0
DA:1795,0
DA:1796,0
DA:1800,1
DA:1801,0
DA:1802,0
DA:1805,0
DA:1806,0
DA:1807,0
DA:1808,0
DA:1809,0
DA:1810,0
DA:1816,1
DA:1817,0
DA:1818,0
DA:1819,0
DA:1820,0
DA:1821,0
DA:1822,0
DA:1823,0
DA:1830,1
DA:1831,0
DA:1832,0
DA:1833,0
DA:1834,0
DA:1835,0
DA:1836,0
DA:1838,0
DA:1840,0
DA:1844,1
DA:1845,0
DA:1846,0
DA:1847,0
DA:1848,0
DA:1851,0
DA:1852,0
DA:1853,0
DA:1854,0
DA:1855,0
DA:1861,1
DA:1862,0
DA:1863,0
DA:1864,0
DA:1865,0
DA:1868,0
DA:1869,0
DA:1871,0
DA:1872,0
DA:1877,1
DA:1878,0
DA:1879,0
DA:1880,0
DA:1881,0
DA:1882,0
DA:1883,0
DA:1884,0
DA:1885,0
DA:1886,0
DA:1892,1
DA:1893,0
DA:1894,0
DA:1895,0
DA:1896,0
DA:1897,0
DA:1898,0
DA:1899,0
DA:1905,1
DA:1906,0
DA:1907,0
DA:1908,0
DA:1909,0
DA:1910,0
DA:1911,0
DA:1918,1
DA:1922,0
DA:1923,0
DA:1924,0
DA:1925,0
DA:1927,0
DA:1929,0
DA:1930,0
DA:1931,0
DA:1932,0
DA:1938,1
DA:1939,0
DA:1940,0
DA:1941,0
DA:1942,0
DA:1943,0
DA:1944,0
DA:1945,0
DA:1951,1
DA:1952,0
DA:1953,0
DA:1954,0
DA:1955,0
DA:1956,0
DA:1957,0
DA:1963,1
DA:1964,0
DA:1965,0
DA:1966,0
DA:1967,0
DA:1968,0
DA:1971,0
DA:1972,0
DA:1973,0
DA:1977,0
DA:1978,0
DA:1988,0
DA:1990,0
DA:1993,0
DA:1994,0
DA:1996,0
DA:2002,0
DA:2003,0
DA:2004,0
DA:2005,0
DA:2007,0
DA:2008,0
DA:2009,0
DA:2010,0
DA:2017,0
DA:2021,0
DA:2022,0
DA:2025,0
DA:2026,0
DA:2030,0
DA:2031,0
DA:2032,0
DA:2038,1
DA:2039,0
DA:2040,0
DA:2042,0
DA:2043,0
DA:2044,0
DA:2048,1
DA:2049,0
DA:2050,0
DA:2051,0
DA:2054,0
DA:2055,0
DA:2057,0
DA:2058,0
DA:2061,0
DA:2062,0
DA:2063,0
DA:2065,0
DA:2067,0
DA:2068,0
DA:2069,0
DA:2070,0
DA:2071,0
DA:2072,0
DA:2076,1
DA:2078,0
DA:2079,0
DA:2080,0
DA:2081,0
DA:2082,0
DA:2085,0
DA:2086,0
DA:2087,0
DA:2088,0
DA:2089,0
DA:2095,1
DA:2100,1
DA:2101,0
DA:2102,0
DA:2104,0
DA:2107,0
DA:2108,0
DA:2109,0
DA:2112,0
DA:2113,0
DA:2114,0
DA:2115,0
DA:2116,0
DA:2120,0
DA:2121,0
DA:2123,0
DA:2125,0
DA:2126,0
DA:2127,0
DA:2128,0
DA:2131,0
DA:2132,0
DA:2133,0
DA:2134,0
DA:2135,0
DA:2137,0
DA:2138,0
DA:2139,0
DA:2140,0
DA:2144,0
DA:2147,0
DA:2149,0
DA:2150,0
DA:2151,0
DA:2152,0
DA:2158,1
DA:2159,1
DA:2160,0
DA:2161,0
DA:2162,0
DA:2163,0
DA:2164,0
DA:2165,0
DA:2166,0
DA:2167,0
DA:2168,0
DA:2170,0
DA:2171,0
DA:2172,0
DA:2179,0
DA:2181,0
DA:2182,0
DA:2183,0
DA:2190,0
DA:2191,0
DA:2192,0
DA:2201,0
DA:2202,0
DA:2203,0
DA:2210,1
DA:2211,1
DA:2212,1
DA:2213,1
DA:2214,2
DA:2215,2
DA:2216,0
DA:2217,0
DA:2218,0
DA:2222,1
DA:2224,0
DA:2225,0
DA:2226,0
DA:2228,0
DA:2231,0
DA:2233,0
DA:2234,0
DA:2253,0
DA:2257,0
DA:2258,0
DA:2259,0
DA:2260,0
DA:2261,0
DA:2264,0
DA:2265,0
DA:2266,0
DA:2274,1
DA:2275,1
DA:2276,1
DA:2277,2
DA:2279,1
DA:2280,0
DA:2281,0
DA:2282,0
DA:2283,0
DA:2284,0
DA:2285,0
DA:2286,0
DA:2287,0
DA:2294,0
DA:2296,0
DA:2299,0
DA:2300,0
DA:2302,0
DA:2303,0
DA:2304,0
DA:2306,1
DA:2307,2
DA:2309,1
DA:2310,0
DA:2311,0
DA:2312,0
DA:2313,0
DA:2314,0
DA:2315,0
DA:2317,0
DA:2318,0
DA:2320,0
DA:2321,0
DA:2324,0
DA:2325,0
DA:2326,0
DA:2327,0
DA:2329,0
DA:2331,0
DA:2335,0
DA:2336,0
DA:2338,0
DA:2339,0
DA:2340,0
DA:2345,2
DA:2346,1
DA:2347,1
DA:2348,1
DA:2353,0
DA:2354,0
DA:2355,0
DA:2356,0
DA:2358,0
DA:2359,0
DA:2360,0
DA:2364,0
DA:2365,0
DA:2366,0
DA:2369,0
DA:2370,0
DA:2371,0
DA:2375,0
DA:2376,0
DA:2377,0
DA:2379,0
DA:2380,0
DA:2381,0
DA:2382,0
DA:2385,0
DA:2386,0
DA:2387,0
DA:2388,0
DA:2389,0
DA:2392,0
DA:2393,0
DA:2395,0
DA:2396,0
DA:2397,0
DA:2398,0
DA:2400,0
DA:2401,0
DA:2402,0
DA:2403,0
DA:2404,0
DA:2410,0
DA:2411,0
DA:2412,0
DA:2414,0
DA:2416,0
DA:2417,0
DA:2418,0
DA:2419,0
DA:2420,0
DA:2421,0
DA:2423,0
DA:2424,0
DA:2425,0
DA:2426,0
DA:2427,0
DA:2429,0
DA:2430,0
DA:2431,0
DA:2432,0
DA:2433,0
DA:2438,0
DA:2439,0
DA:2440,0
DA:2441,0
DA:2442,0
DA:2447,0
DA:2448,0
DA:2449,0
DA:2450,0
DA:2452,0
DA:2453,0
DA:2455,0
DA:2457,0
DA:2458,0
DA:2459,0
DA:2460,0
DA:2461,0
DA:2462,0
DA:2465,0
DA:2466,0
DA:2468,0
DA:2469,0
DA:2470,0
DA:2471,0
DA:2473,0
DA:2474,0
DA:2475,0
DA:2476,0
DA:2477,0
DA:2478,0
DA:2480,0
DA:2481,0
DA:2482,0
DA:2486,0
DA:2487,0
DA:2488,0
DA:2489,0
DA:2495,0
DA:2496,0
DA:2497,0
DA:2499,0
DA:2500,0
DA:2501,0
DA:2506,0
DA:2507,0
DA:2508,0
DA:2509,0
DA:2510,0
DA:2511,0
DA:2516,0
DA:2517,0
DA:2518,0
DA:2519,0
DA:2520,0
DA:2525,0
DA:2526,0
DA:2527,0
DA:2529,0
DA:2530,0
DA:2531,0
DA:2537,0
DA:2538,0
DA:2539,0
DA:2540,0
DA:2541,0
DA:2543,0
DA:2544,0
DA:2545,0
DA:2546,0
DA:2547,0
DA:2548,0
DA:2549,0
DA:2552,0
DA:2553,0
DA:2554,0
DA:2556,0
DA:2557,0
DA:2558,0
DA:2560,0
DA:2561,0
DA:2565,0
DA:2566,0
DA:2568,0
DA:2570,0
DA:2571,0
DA:2572,0
DA:2573,0
DA:2575,0
DA:2577,0
DA:2578,0
DA:2579,0
DA:2580,0
DA:2583,0
DA:2585,0
DA:2587,0
DA:2588,0
DA:2589,0
DA:2590,0
DA:2591,0
DA:2593,0
DA:2596,0
DA:2597,0
DA:2598,0
DA:2599,0
DA:2600,0
DA:2602,0
DA:2606,0
DA:2607,0
DA:2608,0
DA:2609,0
DA:2613,0
DA:2614,0
DA:2625,1
DA:2626,1
DA:2627,1
DA:2637,0
DA:2638,0
DA:2640,0
DA:2641,0
DA:2642,0
DA:2643,0
DA:2646,0
DA:2647,0
DA:2648,0
DA:2649,0
DA:2650,0
DA:2651,0
DA:2652,0
DA:2665,0
DA:2666,0
DA:2668,0
DA:2669,0
DA:2670,0
DA:2672,0
DA:2674,0
DA:2675,0
DA:2676,0
DA:2677,0
DA:2679,0
DA:2680,0
DA:2681,0
DA:2683,0
DA:2684,0
DA:2693,0
DA:2694,0
DA:2696,0
DA:2697,0
DA:2698,0
DA:2700,0
DA:2702,0
DA:2703,0
DA:2704,0
DA:2706,0
DA:2707,0
DA:2708,0
DA:2709,0
DA:2711,0
DA:2712,0
DA:2728,0
DA:2731,0
DA:2732,0
DA:2735,0
DA:2737,0
DA:2738,0
DA:2739,0
DA:2740,0
DA:2744,0
DA:2759,0
DA:2760,0
DA:2761,0
DA:2763,0
DA:2764,0
DA:2765,0
DA:2766,0
DA:2767,0
DA:2768,0
DA:2769,0
DA:2770,0
DA:2771,0
DA:2772,0
DA:2773,0
DA:2774,0
DA:2775,0
DA:2776,0
DA:2777,0
DA:2778,0
DA:2779,0
DA:2780,0
DA:2781,0
DA:2782,0
DA:2783,0
DA:2784,0
DA:2785,0
DA:2786,0
DA:2787,0
DA:2789,0
DA:2791,0
DA:2792,0
DA:2793,0
DA:2794,0
DA:2795,0
DA:2796,0
DA:2797,0
DA:2798,0
DA:2799,0
DA:2800,0
DA:2801,0
DA:2802,0
DA:2803,0
DA:2804,0
DA:2805,0
DA:2806,0
DA:2807,0
DA:2809,0
DA:2811,0
DA:2812,0
DA:2813,0
DA:2814,0
DA:2815,0
DA:2816,0
DA:2817,0
DA:2818,0
DA:2820,0
DA:2824,0
DA:2825,0
DA:2826,0
DA:2827,0
DA:2829,0
DA:2830,0
DA:2832,0
DA:2840,0
DA:2842,0
DA:2844,0
DA:2846,0
DA:2848,0
DA:2850,0
DA:2852,0
DA:2854,0
DA:2856,0
DA:2858,0
DA:2860,0
DA:2862,0
DA:2864,0
DA:2866,0
DA:2878,0
DA:2880,0
DA:2881,0
DA:2892,0
DA:2894,0
DA:2895,0
DA:2901,0
DA:2904,0
DA:2906,0
DA:2907,0
DA:2908,0
DA:2909,0
DA:2910,0
DA:2916,0
DA:2919,0
DA:2926,0
DA:2927,0
DA:2929,0
DA:2930,0
DA:2931,0
DA:2933,0
DA:2934,0
DA:2935,0
DA:2936,0
DA:2937,0
DA:2938,0
DA:2939,0
DA:2942,0
DA:2945,0
DA:2952,1
DA:2972,0
DA:2974,0
DA:2976,0
DA:2977,0
DA:2978,0
DA:2979,0
DA:2982,0
DA:2984,0
DA:2985,0
DA:2986,0
DA:2991,0
DA:2992,0
DA:2993,0
DA:2994,0
DA:2995,0
DA:2997,0
DA:2998,0
DA:2999,0
DA:3001,0
DA:3003,0
DA:3004,0
DA:3005,0
DA:3006,0
DA:3008,0
DA:3012,0
DA:3013,0
DA:3014,0
DA:3016,0
DA:3017,0
DA:3018,0
DA:3019,0
DA:3020,0
DA:3025,0
DA:3030,0
DA:3031,0
DA:3032,0
DA:3033,0
DA:3034,0
DA:3037,0
DA:3038,0
DA:3039,0
DA:3040,0
DA:3041,0
DA:3043,0
DA:3045,0
DA:3049,0
DA:3050,0
DA:3051,0
DA:3052,0
DA:3053,0
DA:3055,0
DA:3059,0
DA:3063,0
DA:3064,0
DA:3065,0
DA:3066,0
DA:3067,0
DA:3068,0
DA:3071,0
DA:3072,0
DA:3073,0
DA:3074,0
DA:3075,0
DA:3076,0
DA:3077,0
DA:3079,0
DA:3083,0
DA:3084,0
DA:3085,0
DA:3095,0
DA:3096,0
DA:3097,0
DA:3098,0
DA:3101,0
DA:3102,0
DA:3103,0
DA:3106,0
DA:3108,0
DA:3109,0
DA:3110,0
DA:3111,0
DA:3114,0
DA:3115,0
DA:3116,0
DA:3117,0
DA:3118,0
DA:3122,0
DA:3123,0
DA:3124,0
DA:3125,0
DA:3126,0
DA:3127,0
DA:3128,0
DA:3130,0
DA:3131,0
DA:3133,0
DA:3137,0
DA:3138,0
DA:3139,0
DA:3140,0
DA:3141,0
DA:3142,0
DA:3144,0
DA:3145,0
DA:3147,0
DA:3149,0
DA:3152,0
DA:3153,0
DA:3154,0
DA:3157,0
DA:3158,0
DA:3159,0
DA:3162,0
DA:3163,0
DA:3164,0
DA:3167,0
DA:3168,0
DA:3169,0
DA:3171,0
DA:3173,0
DA:3174,0
DA:3175,0
DA:3178,0
DA:3179,0
DA:3180,0
DA:3182,0
DA:3183,0
DA:3184,0
DA:3185,0
DA:3186,0
DA:3187,0
DA:3188,0
DA:3189,0
DA:3190,0
DA:3191,0
DA:3192,0
DA:3194,0
DA:3195,0
DA:3196,0
DA:3197,0
DA:3198,0
DA:3199,0
DA:3200,0
DA:3201,0
DA:3202,0
DA:3203,0
DA:3204,0
DA:3205,0
DA:3206,0
DA:3207,0
DA:3208,0
DA:3209,0
DA:3210,0
DA:3211,0
DA:3212,0
DA:3213,0
DA:3214,0
DA:3215,0
DA:3216,0
DA:3217,0
DA:3218,0
DA:3219,0
DA:3220,0
DA:3221,0
DA:3224,0
DA:3230,0
DA:3231,0
DA:3232,0
DA:3233,0
DA:3241,0
DA:3242,0
DA:3243,0
DA:3244,0
DA:3245,0
DA:3246,0
DA:3247,0
DA:3248,0
DA:3249,0
DA:3250,0
DA:3251,0
DA:3253,0
DA:3254,0
DA:3256,0
DA:3257,0
DA:3258,0
DA:3259,0
DA:3261,0
DA:3264,0
DA:3265,0
DA:3266,0
DA:3267,0
DA:3269,0
DA:3272,0
DA:3273,0
DA:3275,0
DA:3276,0
DA:3278,0
DA:3280,0
DA:3286,0
DA:3287,0
DA:3288,0
DA:3289,0
DA:3290,0
DA:3291,0
LF:1776
LH:228
BRDA:19,0,0,8
BRDA:19,0,1,0
BRDA:19,0,2,0
BRDA:19,0,3,0
BRDA:19,0,4,0
BRDA:19,0,5,0
BRDA:19,0,6,0
BRDA:19,0,7,0
BRDA:19,0,8,0
BRDA:32,1,0,0
BRDA:32,1,1,0
BRDA:58,2,0,0
BRDA:69,3,0,0
BRDA:69,3,1,0
BRDA:70,4,0,0
BRDA:70,5,0,0
BRDA:70,5,1,0
BRDA:75,6,0,0
BRDA:85,7,0,0
BRDA:85,7,1,0
BRDA:86,8,0,0
BRDA:86,8,1,0
BRDA:96,9,0,0
BRDA:98,10,0,0
BRDA:98,11,0,0
BRDA:98,11,1,0
BRDA:100,12,0,0
BRDA:100,13,0,0
BRDA:100,13,1,0
BRDA:100,13,2,0
BRDA:134,14,0,0
BRDA:134,14,1,0
BRDA:135,15,0,0
BRDA:135,15,1,0
BRDA:135,16,0,0
BRDA:135,16,1,0
BRDA:136,17,0,0
BRDA:147,18,0,0
BRDA:233,19,0,0
BRDA:234,20,0,0
BRDA:235,21,0,0
BRDA:236,22,0,0
BRDA:237,23,0,0
BRDA:238,24,0,0
BRDA:239,25,0,0
BRDA:247,26,0,6
BRDA:247,26,1,6
BRDA:261,27,0,8
BRDA:261,27,1,0
BRDA:271,28,0,2
BRDA:271,28,1,0
BRDA:275,29,0,0
BRDA:275,30,0,8
BRDA:275,30,1,0
BRDA:282,31,0,0
BRDA:282,32,0,8
BRDA:282,32,1,0
BRDA:301,33,0,0
BRDA:301,33,1,0
BRDA:303,34,0,0
BRDA:303,34,1,0
BRDA:317,35,0,0
BRDA:350,36,0,0
BRDA:351,37,0,0
BRDA:352,38,0,0
BRDA:353,39,0,0
BRDA:354,40,0,0
BRDA:356,41,0,0
BRDA:365,42,0,0
BRDA:366,43,0,0
BRDA:367,44,0,0
BRDA:368,45,0,0
BRDA:370,46,0,6
BRDA:370,46,1,6
BRDA:372,47,0,6
BRDA:372,47,1,6
BRDA:376,48,0,6
BRDA:377,49,0,6
BRDA:381,50,0,0
BRDA:394,51,0,0
BRDA:394,52,0,2
BRDA:394,52,1,0
BRDA:398,53,0,0
BRDA:398,54,0,2
BRDA:398,54,1,2
BRDA:405,55,0,0
BRDA:405,56,0,2
BRDA:405,56,1,2
BRDA:405,56,2,2
BRDA:410,57,0,2
BRDA:410,57,1,2
BRDA:418,58,0,6
BRDA:435,59,0,0
BRDA:435,59,1,6
BRDA:435,60,0,6
BRDA:435,60,1,6
BRDA:435,60,2,6
BRDA:435,61,0,0
BRDA:435,61,1,0
BRDA:448,62,0,0
BRDA:449,63,0,0
BRDA:450,64,0,0
BRDA:452,65,0,0
BRDA:453,66,0,0
BRDA:454,67,0,0
BRDA:458,68,0,0
BRDA:458,68,1,0
BRDA:460,69,0,0
BRDA:460,69,1,0
BRDA:461,70,0,0
BRDA:461,70,1,0
BRDA:466,71,0,0
BRDA:466,71,1,0
BRDA:478,72,0,0
BRDA:478,72,1,0
BRDA:479,73,0,0
BRDA:479,73,1,0
BRDA:480,74,0,0
BRDA:480,74,1,0
BRDA:481,75,0,0
BRDA:481,75,1,0
BRDA:481,76,0,0
BRDA:481,76,1,0
BRDA:499,77,0,0
BRDA:499,77,1,0
BRDA:500,78,0,0
BRDA:500,78,1,0
BRDA:501,79,0,0
BRDA:501,79,1,0
BRDA:502,80,0,0
BRDA:502,80,1,0
BRDA:502,81,0,0
BRDA:502,81,1,0
BRDA:521,82,0,0
BRDA:535,83,0,0
BRDA:535,83,1,0
BRDA:535,84,0,0
BRDA:535,84,1,0
BRDA:535,84,2,0
BRDA:535,85,0,0
BRDA:535,85,1,0
BRDA:544,86,0,6
BRDA:544,86,1,6
BRDA:552,87,0,0
BRDA:555,88,0,6
BRDA:557,89,0,0
BRDA:572,90,0,0
BRDA:572,91,0,0
BRDA:572,91,1,0
BRDA:580,92,0,0
BRDA:580,92,1,0
BRDA:580,92,2,12
BRDA:580,92,3,0
BRDA:608,93,0,0
BRDA:608,94,0,6
BRDA:608,94,1,6
BRDA:612,95,0,4
BRDA:612,95,1,0
BRDA:612,95,2,0
BRDA:612,95,3,0
BRDA:612,95,4,2
BRDA:612,95,5,0
BRDA:612,95,6,0
BRDA:612,95,7,0
BRDA:612,95,8,0
BRDA:612,95,9,0
BRDA:612,95,10,0
BRDA:612,95,11,0
BRDA:612,95,12,0
BRDA:612,95,13,0
BRDA:612,95,14,0
BRDA:612,95,15,0
BRDA:612,95,16,0
BRDA:612,95,17,0
BRDA:612,95,18,0
BRDA:614,96,0,0
BRDA:614,96,1,4
BRDA:614,97,0,4
BRDA:614,97,1,4
BRDA:614,97,2,4
BRDA:615,98,0,0
BRDA:615,98,1,0
BRDA:620,99,0,0
BRDA:620,99,1,4
BRDA:630,100,0,0
BRDA:630,100,1,4
BRDA:638,101,0,0
BRDA:638,101,1,4
BRDA:640,102,0,0
BRDA:640,102,1,0
BRDA:643,103,0,0
BRDA:643,103,1,0
BRDA:668,104,0,0
BRDA:668,104,1,4
BRDA:677,105,0,0
BRDA:677,105,1,4
BRDA:679,106,0,4
BRDA:679,106,1,4
BRDA:679,106,2,0
BRDA:679,106,3,0
BRDA:685,107,0,0
BRDA:685,107,1,0
BRDA:689,108,0,0
BRDA:689,108,1,0
BRDA:700,109,0,0
BRDA:711,110,0,0
BRDA:711,110,1,4
BRDA:711,111,0,4
BRDA:711,111,1,4
BRDA:715,112,0,0
BRDA:715,112,1,0
BRDA:730,113,0,0
BRDA:730,113,1,4
BRDA:738,114,0,0
BRDA:738,114,1,0
BRDA:746,115,0,0
BRDA:746,115,1,0
BRDA:749,116,0,0
BRDA:758,117,0,0
BRDA:758,117,1,4
BRDA:783,118,0,0
BRDA:783,119,0,4
BRDA:783,119,1,4
BRDA:783,119,2,4
BRDA:793,120,0,0
BRDA:793,120,1,0
BRDA:796,121,0,0
BRDA:796,121,1,0
BRDA:803,122,0,0
BRDA:803,122,1,0
BRDA:806,123,0,0
BRDA:807,124,0,0
BRDA:807,124,1,0
BRDA:841,125,0,0
BRDA:841,125,1,0
BRDA:852,126,0,0
BRDA:852,126,1,2
BRDA:858,127,0,0
BRDA:858,127,1,2
BRDA:863,128,0,0
BRDA:863,128,1,2
BRDA:870,129,0,0
BRDA:870,129,1,2
BRDA:877,130,0,0
BRDA:877,130,1,2
BRDA:880,131,0,0
BRDA:880,131,1,0
BRDA:880,132,0,0
BRDA:880,132,1,0
BRDA:891,133,0,2
BRDA:891,133,1,0
BRDA:902,134,0,0
BRDA:911,135,0,0
BRDA:920,136,0,0
BRDA:929,137,0,0
BRDA:949,138,0,0
BRDA:949,138,1,0
BRDA:956,139,0,0
BRDA:961,140,0,0
BRDA:964,141,0,0
BRDA:982,142,0,0
BRDA:982,143,0,0
BRDA:982,143,1,0
BRDA:985,144,0,0
BRDA:985,144,1,0
BRDA:1000,145,0,0
BRDA:1005,146,0,0
BRDA:1005,147,0,0
BRDA:1005,147,1,0
BRDA:1008,148,0,0
BRDA:1024,149,0,0
BRDA:1027,150,0,0
BRDA:1035,151,0,0
BRDA:1048,152,0,0
BRDA:1048,152,1,0
BRDA:1048,153,0,0
BRDA:1048,153,1,0
BRDA:1064,154,0,0
BRDA:1077,155,0,0
BRDA:1077,155,1,0
BRDA:1077,156,0,0
BRDA:1077,156,1,0
BRDA:1087,157,0,0
BRDA:1087,157,1,0
BRDA:1089,158,0,0
BRDA:1091,159,0,0
BRDA:1100,160,0,0
BRDA:1102,161,0,0
BRDA:1108,162,0,0
BRDA:1108,163,0,0
BRDA:1108,163,1,0
BRDA:1116,164,0,0
BRDA:1126,165,0,0
BRDA:1139,166,0,0
BRDA:1139,166,1,0
BRDA:1145,167,0,0
BRDA:1146,168,0,0
BRDA:1146,168,1,0
BRDA:1148,169,0,0
BRDA:1148,169,1,0
BRDA:1148,170,0,0
BRDA:1148,170,1,0
BRDA:1173,171,0,0
BRDA:1173,171,1,0
BRDA:1181,172,0,0
BRDA:1181,172,1,0
BRDA:1184,173,0,0
BRDA:1187,174,0,0
BRDA:1187,174,1,0
BRDA:1196,175,0,0
BRDA:1200,176,0,0
BRDA:1200,176,1,0
BRDA:1210,177,0,0
BRDA:1212,178,0,0
BRDA:1216,179,0,0
BRDA:1216,179,1,0
BRDA:1224,180,0,0
BRDA:1228,181,0,0
BRDA:1228,181,1,0
BRDA:1230,182,0,0
BRDA:1230,182,1,0
BRDA:1239,183,0,0
BRDA:1239,183,1,0
BRDA:1243,184,0,0
BRDA:1243,184,1,0
BRDA:1255,185,0,0
BRDA:1259,186,0,0
BRDA:1262,187,0,0
BRDA:1262,187,1,0
BRDA:1267,188,0,0
BRDA:1268,189,0,0
BRDA:1269,190,0,0
BRDA:1269,190,1,0
BRDA:1276,191,0,0
BRDA:1276,191,1,0
BRDA:1278,192,0,0
BRDA:1283,193,0,0
BRDA:1296,194,0,0
BRDA:1305,195,0,0
BRDA:1329,196,0,0
BRDA:1336,197,0,0
BRDA:1336,197,1,0
BRDA:1336,198,0,0
BRDA:1336,198,1,0
BRDA:1354,199,0,0
BRDA:1354,199,1,0
BRDA:1361,200,0,0
BRDA:1363,201,0,0
BRDA:1368,202,0,0
BRDA:1371,203,0,0
BRDA:1396,204,0,0
BRDA:1400,205,0,0
BRDA:1400,205,1,0
BRDA:1400,206,0,0
BRDA:1400,206,1,0
BRDA:1420,207,0,0
BRDA:1424,208,0,0
BRDA:1448,209,0,4
BRDA:1448,209,1,0
BRDA:1448,209,2,0
BRDA:1448,209,3,0
BRDA:1448,209,4,0
BRDA:1448,209,5,0
BRDA:1448,209,6,0
BRDA:1448,209,7,0
BRDA:1448,209,8,0
BRDA:1448,209,9,0
BRDA:1448,209,10,0
BRDA:1448,209,11,0
BRDA:1448,209,12,0
BRDA:1448,209,13,0
BRDA:1448,209,14,0
BRDA:1448,209,15,0
BRDA:1448,209,16,0
BRDA:1448,209,17,0
BRDA:1448,209,18,0
BRDA:1448,209,19,0
BRDA:1448,209,20,4
BRDA:1448,209,21,1
BRDA:1448,209,22,0
BRDA:1448,209,23,0
BRDA:1448,209,24,0
BRDA:1448,209,25,0
BRDA:1448,209,26,0
BRDA:1448,209,27,0
BRDA:1448,209,28,0
BRDA:1448,209,29,0
BRDA:1448,209,30,1
BRDA:1448,209,31,0
BRDA:1448,209,32,0
BRDA:1448,209,33,0
BRDA:1448,209,34,0
BRDA:1448,209,35,0
BRDA:1448,209,36,0
BRDA:1448,209,37,0
BRDA:1448,209,38,0
BRDA:1472,210,0,0
BRDA:1472,210,1,0
BRDA:1508,211,0,0
BRDA:1518,212,0,2
BRDA:1520,213,0,0
BRDA:1532,214,0,0
BRDA:1535,215,0,0
BRDA:1546,216,0,0
BRDA:1546,217,0,1
BRDA:1546,217,1,1
BRDA:1546,217,2,0
BRDA:1576,218,0,1
BRDA:1576,218,1,0
BRDA:1577,219,0,1
BRDA:1577,219,1,1
BRDA:1578,220,0,1
BRDA:1578,220,1,1
BRDA:1579,221,0,0
BRDA:1579,221,1,1
BRDA:1579,222,0,1
BRDA:1579,222,1,0
BRDA:1579,222,2,0
BRDA:1588,223,0,0
BRDA:1588,223,1,1
BRDA:1588,224,0,1
BRDA:1588,224,1,0
BRDA:1588,224,2,0
BRDA:1598,225,0,0
BRDA:1598,226,0,1
BRDA:1598,226,1,1
BRDA:1602,227,0,0
BRDA:1602,227,1,0
BRDA:1613,228,0,0
BRDA:1613,228,1,0
BRDA:1615,229,0,0
BRDA:1627,230,0,0
BRDA:1627,230,1,0
BRDA:1636,231,0,0
BRDA:1638,232,0,0
BRDA:1640,233,0,0
BRDA:1652,234,0,0
BRDA:1652,234,1,0
BRDA:1662,235,0,0
BRDA:1662,235,1,0
BRDA:1667,236,0,0
BRDA:1667,236,1,0
BRDA:1672,237,0,0
BRDA:1672,237,1,0
BRDA:1672,238,0,0
BRDA:1672,238,1,0
BRDA:1672,238,2,0
BRDA:1672,238,3,0
BRDA:1688,239,0,0
BRDA:1690,240,0,0
BRDA:1690,241,0,0
BRDA:1690,241,1,0
BRDA:1695,242,0,0
BRDA:1697,243,0,0
BRDA:1699,244,0,0
BRDA:1703,245,0,0
BRDA:1703,246,0,0
BRDA:1703,246,1,0
BRDA:1706,247,0,0
BRDA:1708,248,0,0
BRDA:1720,249,0,0
BRDA:1722,250,0,0
BRDA:1724,251,0,0
BRDA:1724,251,1,0
BRDA:1744,252,0,0
BRDA:1746,253,0,0
BRDA:1747,254,0,0
BRDA:1747,254,1,0
BRDA:1763,255,0,0
BRDA:1763,256,0,1
BRDA:1763,256,1,0
BRDA:1763,256,2,0
BRDA:1766,257,0,0
BRDA:1767,258,0,0
BRDA:1779,259,0,0
BRDA:1785,260,0,0
BRDA:1785,261,0,1
BRDA:1785,261,1,1
BRDA:1790,262,0,0
BRDA:1790,262,1,0
BRDA:1790,263,0,0
BRDA:1790,263,1,0
BRDA:1792,264,0,0
BRDA:1792,264,1,0
BRDA:1800,265,0,0
BRDA:1802,266,0,0
BRDA:1802,266,1,0
BRDA:1802,267,0,0
BRDA:1802,267,1,0
BRDA:1804,268,0,0
BRDA:1804,268,1,0
BRDA:1816,269,0,0
BRDA:1816,270,0,1
BRDA:1816,270,1,0
BRDA:1830,271,0,0
BRDA:1830,272,0,1
BRDA:1830,272,1,0
BRDA:1835,273,0,0
BRDA:1835,273,1,0
BRDA:1844,274,0,0
BRDA:1844,275,0,1
BRDA:1844,275,1,1
BRDA:1847,276,0,0
BRDA:1847,276,1,0
BRDA:1848,277,0,0
BRDA:1848,277,1,0
BRDA:1849,278,0,0
BRDA:1849,278,1,0
BRDA:1851,279,0,0
BRDA:1851,279,1,0
BRDA:1861,280,0,0
BRDA:1863,281,0,0
BRDA:1863,281,1,0
BRDA:1865,282,0,0
BRDA:1865,282,1,0
BRDA:1866,283,0,0
BRDA:1866,283,1,0
BRDA:1877,284,0,0
BRDA:1878,285,0,0
BRDA:1880,286,0,0
BRDA:1892,287,0,0
BRDA:1893,288,0,0
BRDA:1895,289,0,0
BRDA:1905,290,0,0
BRDA:1906,291,0,0
BRDA:1908,292,0,0
BRDA:1918,293,0,0
BRDA:1922,294,0,0
BRDA:1924,295,0,0
BRDA:1938,296,0,0
BRDA:1939,297,0,0
BRDA:1941,298,0,0
BRDA:1951,299,0,0
BRDA:1952,300,0,0
BRDA:1954,301,0,0
BRDA:1963,302,0,0
BRDA:1963,303,0,1
BRDA:1963,303,1,1
BRDA:1963,303,2,0
BRDA:1972,304,0,0
BRDA:1977,305,0,0
BRDA:1990,306,0,0
BRDA:1990,306,1,0
BRDA:1994,307,0,0
BRDA:1994,308,0,0
BRDA:1994,308,1,0
BRDA:2004,309,0,0
BRDA:2021,310,0,0
BRDA:2021,310,1,0
BRDA:2038,311,0,0
BRDA:2038,312,0,1
BRDA:2038,312,1,1
BRDA:2039,313,0,0
BRDA:2048,314,0,0
BRDA:2051,315,0,0
BRDA:2051,315,1,0
BRDA:2054,316,0,0
BRDA:2054,316,1,0
BRDA:2062,317,0,0
BRDA:2062,318,0,0
BRDA:2062,318,1,0
BRDA:2076,319,0,0
BRDA:2080,320,0,0
BRDA:2082,321,0,0
BRDA:2082,321,1,0
BRDA:2100,322,0,0
BRDA:2100,323,0,1
BRDA:2100,323,1,1
BRDA:2102,324,0,0
BRDA:2104,325,0,0
BRDA:2104,326,0,0
BRDA:2104,326,1,0
BRDA:2112,327,0,0
BRDA:2114,328,0,0
BRDA:2114,328,1,0
BRDA:2115,329,0,0
BRDA:2120,330,0,0
BRDA:2120,330,1,0
BRDA:2121,331,0,0
BRDA:2121,331,1,0
BRDA:2123,332,0,0
BRDA:2125,333,0,0
BRDA:2125,333,1,0
BRDA:2128,334,0,0
BRDA:2128,334,1,0
BRDA:2133,335,0,0
BRDA:2135,336,0,0
BRDA:2137,337,0,0
BRDA:2137,337,1,0
BRDA:2140,338,0,0
BRDA:2140,338,1,0
BRDA:2159,339,0,0
BRDA:2160,340,0,0
BRDA:2160,340,1,0
BRDA:2162,341,0,0
BRDA:2162,341,1,0
BRDA:2164,342,0,0
BRDA:2165,343,0,0
BRDA:2165,343,1,0
BRDA:2166,344,0,0
BRDA:2166,344,1,0
BRDA:2168,345,0,0
BRDA:2168,345,1,0
BRDA:2171,346,0,0
BRDA:2179,347,0,0
BRDA:2179,347,1,0
BRDA:2182,348,0,0
BRDA:2182,348,1,0
BRDA:2195,349,0,0
BRDA:2195,349,1,0
BRDA:2195,350,0,0
BRDA:2195,350,1,0
BRDA:2196,351,0,0
BRDA:2196,351,1,0
BRDA:2196,352,0,0
BRDA:2196,352,1,0
BRDA:2211,353,0,1
BRDA:2211,354,0,1
BRDA:2211,354,1,1
BRDA:2215,355,0,0
BRDA:2215,356,0,2
BRDA:2215,356,1,0
BRDA:2217,357,0,0
BRDA:2222,358,0,0
BRDA:2231,359,0,0
BRDA:2260,360,0,0
BRDA:2260,361,0,0
BRDA:2260,361,1,0
BRDA:2260,361,2,0
BRDA:2275,362,0,1
BRDA:2277,363,0,2
BRDA:2277,363,1,2
BRDA:2277,363,2,2
BRDA:2279,364,0,0
BRDA:2282,365,0,0
BRDA:2282,365,1,0
BRDA:2284,366,0,0
BRDA:2284,366,1,0
BRDA:2284,367,0,0
BRDA:2284,367,1,0
BRDA:2284,367,2,0
BRDA:2286,368,0,0
BRDA:2307,369,0,2
BRDA:2307,369,1,2
BRDA:2309,370,0,0
BRDA:2313,371,0,0
BRDA:2313,371,1,0
BRDA:2315,372,0,0
BRDA:2315,372,1,0
BRDA:2315,373,0,0
BRDA:2315,373,1,0
BRDA:2318,374,0,0
BRDA:2318,374,1,0
BRDA:2318,375,0,0
BRDA:2318,375,1,0
BRDA:2353,376,0,0
BRDA:2353,377,0,0
BRDA:2353,377,1,0
BRDA:2353,377,2,0
BRDA:2355,378,0,0
BRDA:2356,379,0,0
BRDA:2370,380,0,0
BRDA:2375,381,0,0
BRDA:2375,382,0,0
BRDA:2375,382,1,0
BRDA:2377,383,0,0
BRDA:2379,384,0,0
BRDA:2379,385,0,0
BRDA:2379,385,1,0
BRDA:2385,386,0,0
BRDA:2387,387,0,0
BRDA:2387,387,1,0
BRDA:2388,388,0,0
BRDA:2393,389,0,0
BRDA:2395,390,0,0
BRDA:2395,390,1,0
BRDA:2398,391,0,0
BRDA:2398,391,1,0
BRDA:2410,392,0,0
BRDA:2410,393,0,0
BRDA:2410,393,1,0
BRDA:2412,394,0,0
BRDA:2416,395,0,0
BRDA:2416,395,1,0
BRDA:2424,396,0,0
BRDA:2427,397,0,0
BRDA:2427,397,1,0
BRDA:2447,398,0,0
BRDA:2447,399,0,0
BRDA:2447,399,1,0
BRDA:2447,399,2,0
BRDA:2465,400,0,0
BRDA:2466,401,0,0
BRDA:2466,401,1,0
BRDA:2471,402,0,0
BRDA:2471,403,0,0
BRDA:2471,403,1,0
BRDA:2471,403,2,0
BRDA:2474,404,0,0
BRDA:2475,405,0,0
BRDA:2475,405,1,0
BRDA:2478,406,0,0
BRDA:2478,406,1,0
BRDA:2530,407,0,0
BRDA:2537,408,0,0
BRDA:2537,408,1,0
BRDA:2537,409,0,0
BRDA:2537,409,1,0
BRDA:2557,410,0,0
BRDA:2566,411,0,0
BRDA:2566,411,1,0
BRDA:2568,412,0,0
BRDA:2583,413,0,0
BRDA:2583,414,0,0
BRDA:2583,414,1,0
BRDA:2583,414,2,0
BRDA:2585,415,0,0
BRDA:2585,416,0,0
BRDA:2585,416,1,0
BRDA:2590,417,0,0
BRDA:2590,418,0,0
BRDA:2590,418,1,0
BRDA:2599,419,0,0
BRDA:2599,420,0,0
BRDA:2599,420,1,0
BRDA:2625,421,0,0
BRDA:2625,422,0,1
BRDA:2625,422,1,1
BRDA:2626,423,0,0
BRDA:2637,424,0,0
BRDA:2637,425,0,0
BRDA:2637,425,1,0
BRDA:2640,426,0,0
BRDA:2728,427,0,0
BRDA:2728,428,0,0
BRDA:2728,428,1,0
BRDA:2731,429,0,0
BRDA:2731,429,1,0
BRDA:2737,430,0,0
BRDA:2739,431,0,0
BRDA:2763,432,0,0
BRDA:2763,432,1,0
BRDA:2766,433,0,0
BRDA:2766,433,1,0
BRDA:2769,434,0,0
BRDA:2769,434,1,0
BRDA:2772,435,0,0
BRDA:2772,435,1,0
BRDA:2786,436,0,0
BRDA:2786,436,1,0
BRDA:2802,437,0,0
BRDA:2802,437,1,0
BRDA:2806,438,0,0
BRDA:2806,438,1,0
BRDA:2811,439,0,0
BRDA:2811,439,1,0
BRDA:2813,440,0,0
BRDA:2813,440,1,0
BRDA:2817,441,0,0
BRDA:2817,441,1,0
BRDA:2827,442,0,0
BRDA:2827,442,1,0
BRDA:2840,443,0,0
BRDA:2840,443,1,0
BRDA:2840,443,2,0
BRDA:2840,443,3,0
BRDA:2840,443,4,0
BRDA:2840,443,5,0
BRDA:2840,443,6,0
BRDA:2840,443,7,0
BRDA:2840,443,8,0
BRDA:2840,443,9,0
BRDA:2840,443,10,0
BRDA:2840,443,11,0
BRDA:2840,443,12,0
BRDA:2840,443,13,0
BRDA:2840,443,14,0
BRDA:2840,443,15,0
BRDA:2840,443,16,0
BRDA:2840,443,17,0
BRDA:2840,443,18,0
BRDA:2840,443,19,0
BRDA:2840,443,20,0
BRDA:2840,443,21,0
BRDA:2840,443,22,0
BRDA:2840,443,23,0
BRDA:2890,444,0,0
BRDA:2892,445,0,0
BRDA:2892,445,1,0
BRDA:2892,445,2,0
BRDA:2892,445,3,0
BRDA:2904,446,0,0
BRDA:2904,446,1,0
BRDA:2906,447,0,0
BRDA:2909,448,0,0
BRDA:2909,449,0,0
BRDA:2909,449,1,0
BRDA:2926,450,0,0
BRDA:2926,451,0,0
BRDA:2926,451,1,0
BRDA:2931,452,0,0
BRDA:2931,452,1,0
BRDA:2931,453,0,0
BRDA:2931,453,1,0
BRDA:2931,453,2,0
BRDA:2934,454,0,0
BRDA:2934,454,1,0
BRDA:2934,455,0,0
BRDA:2934,455,1,0
BRDA:2936,456,0,0
BRDA:2936,456,1,0
BRDA:2938,457,0,0
BRDA:2972,458,0,0
BRDA:2977,459,0,0
BRDA:2984,460,0,0
BRDA:2984,461,0,0
BRDA:2984,461,1,0
BRDA:2984,461,2,0
BRDA:2991,462,0,0
BRDA:2991,463,0,0
BRDA:2991,463,1,0
BRDA:2991,463,2,0
BRDA:2991,463,3,0
BRDA:2994,464,0,0
BRDA:2994,465,0,0
BRDA:2994,465,1,0
BRDA:2998,466,0,0
BRDA:2998,466,1,0
BRDA:3003,467,0,0
BRDA:3003,467,1,0
BRDA:3003,468,0,0
BRDA:3003,468,1,0
BRDA:3003,468,2,0
BRDA:3005,469,0,0
BRDA:3005,469,1,0
BRDA:3017,470,0,0
BRDA:3017,470,1,0
BRDA:3019,471,0,0
BRDA:3030,472,0,0
BRDA:3030,473,0,0
BRDA:3030,473,1,0
BRDA:3030,473,2,0
BRDA:3030,473,3,0
BRDA:3032,474,0,0
BRDA:3038,475,0,0
BRDA:3038,475,1,0
BRDA:3040,476,0,0
BRDA:3040,476,1,0
BRDA:3050,477,0,0
BRDA:3050,477,1,0
BRDA:3052,478,0,0
BRDA:3052,478,1,0
BRDA:3063,479,0,0
BRDA:3063,480,0,0
BRDA:3063,480,1,0
BRDA:3067,481,0,0
BRDA:3067,481,1,0
BRDA:3068,482,0,0
BRDA:3072,483,0,0
BRDA:3072,483,1,0
BRDA:3074,484,0,0
BRDA:3074,484,1,0
BRDA:3076,485,0,0
BRDA:3076,485,1,0
BRDA:3077,486,0,0
BRDA:3077,486,1,0
BRDA:3083,487,0,0
BRDA:3084,488,0,0
BRDA:3092,489,0,0
BRDA:3097,490,0,0
BRDA:3106,491,0,0
BRDA:3106,491,1,0
BRDA:3106,491,2,0
BRDA:3106,491,3,0
BRDA:3106,491,4,0
BRDA:3106,491,5,0
BRDA:3106,491,6,0
BRDA:3106,491,7,0
BRDA:3106,491,8,0
BRDA:3106,491,9,0
BRDA:3106,491,10,0
BRDA:3106,491,11,0
BRDA:3106,491,12,0
BRDA:3106,491,13,0
BRDA:3106,491,14,0
BRDA:3106,491,15,0
BRDA:3106,491,16,0
BRDA:3106,491,17,0
BRDA:3106,491,18,0
BRDA:3106,491,19,0
BRDA:3106,491,20,0
BRDA:3106,491,21,0
BRDA:3106,491,22,0
BRDA:3106,491,23,0
BRDA:3106,491,24,0
BRDA:3106,491,25,0
BRDA:3106,491,26,0
BRDA:3106,491,27,0
BRDA:3106,491,28,0
BRDA:3106,491,29,0
BRDA:3106,491,30,0
BRDA:3106,491,31,0
BRDA:3106,491,32,0
BRDA:3106,491,33,0
BRDA:3106,491,34,0
BRDA:3106,491,35,0
BRDA:3106,491,36,0
BRDA:3106,491,37,0
BRDA:3106,491,38,0
BRDA:3106,491,39,0
BRDA:3106,491,40,0
BRDA:3106,491,41,0
BRDA:3106,491,42,0
BRDA:3106,491,43,0
BRDA:3106,491,44,0
BRDA:3106,491,45,0
BRDA:3106,491,46,0
BRDA:3106,491,47,0
BRDA:3106,491,48,0
BRDA:3106,491,49,0
BRDA:3106,491,50,0
BRDA:3106,491,51,0
BRDA:3109,492,0,0
BRDA:3109,492,1,0
BRDA:3109,493,0,0
BRDA:3109,493,1,0
BRDA:3109,494,0,0
BRDA:3109,494,1,0
BRDA:3110,495,0,0
BRDA:3110,495,1,0
BRDA:3115,496,0,0
BRDA:3115,496,1,0
BRDA:3115,497,0,0
BRDA:3115,497,1,0
BRDA:3115,498,0,0
BRDA:3115,498,1,0
BRDA:3117,499,0,0
BRDA:3117,499,1,0
BRDA:3123,500,0,0
BRDA:3123,500,1,0
BRDA:3138,501,0,0
BRDA:3138,501,1,0
BRDA:3138,502,0,0
BRDA:3138,502,1,0
BRDA:3149,503,0,0
BRDA:3149,503,1,0
BRDA:3178,504,0,0
BRDA:3178,504,1,0
BRDA:3179,505,0,0
BRDA:3179,505,1,0
BRDA:3182,506,0,0
BRDA:3182,506,1,0
BRDA:3183,507,0,0
BRDA:3183,507,1,0
BRDA:3183,508,0,0
BRDA:3183,508,1,0
BRDA:3184,509,0,0
BRDA:3184,509,1,0
BRDA:3186,510,0,0
BRDA:3186,510,1,0
BRDA:3196,511,0,0
BRDA:3196,511,1,0
BRDA:3199,512,0,0
BRDA:3199,512,1,0
BRDA:3200,513,0,0
BRDA:3200,513,1,0
BRDA:3201,514,0,0
[...]
FNDA:10,(anonymous_12)
FNDA:10,(anonymous_13)
FNDA:10,(anonymous_14)
FNDA:10,(anonymous_15)
FNDA:10,(anonymous_16)
FNDA:10,(anonymous_17)
FNDA:158,(anonymous_18)
FNDA:192,(anonymous_19)
FNDA:4,(anonymous_20)
FNDA:3,(anonymous_21)
FNDA:82,(anonymous_22)
FNDA:31,(anonymous_23)
FNDA:392,(anonymous_24)
FNDA:0,(anonymous_25)
FNDA:67,(anonymous_26)
FNDA:0,(anonymous_27)
FNDA:17,(anonymous_28)
FNDA:1,(anonymous_29)
FNDA:30,(anonymous_30)
FNDA:0,(anonymous_31)
FNDA:16,(anonymous_32)
FNDA:6,(anonymous_33)
FNDA:15,(anonymous_34)
FNDA:5,(anonymous_35)
FNDA:3,(anonymous_36)
FNDA:11,(anonymous_37)
FNDA:8,(anonymous_38)
FNDA:9,(anonymous_39)
FNDA:324,(anonymous_40)
FNDA:8,(anonymous_41)
FNDA:23,(anonymous_42)
FNDA:11,(anonymous_43)
FNDA:16,(anonymous_44)
FNDA:23,(anonymous_45)
FNDA:4,(anonymous_46)
FNDA:5,(anonymous_47)
FNDA:5,(anonymous_48)
FNDA:0,(anonymous_49)
FNDA:98,(anonymous_50)
FNDA:800,(anonymous_51)
FNDA:180,(anonymous_52)
FNDA:66,(anonymous_53)
FNDA:8,(anonymous_54)
FNDA:0,(anonymous_55)
FNDA:59,(anonymous_56)
FNDA:0,(anonymous_57)
FNDA:0,(anonymous_58)
FNDA:411,(anonymous_59)
FNDA:2,(anonymous_60)
FNDA:17,(anonymous_61)
DA:9,3
DA:10,3
DA:11,3
DA:24,3
DA:56,3
DA:105,3
DA:106,3
DA:107,3
DA:108,3
DA:110,3
DA:141,3
DA:144,113
DA:145,113
DA:146,113
DA:147,113
DA:148,113
DA:150,113
DA:151,113
DA:152,113
DA:153,113
DA:154,113
DA:155,113
DA:157,113
DA:159,113
DA:160,113
DA:163,113
DA:165,113
DA:176,113
DA:177,113
DA:181,78
DA:182,78
DA:189,76
DA:190,76
DA:194,2
DA:195,2
DA:196,2
DA:203,10
DA:211,113
DA:212,120
DA:216,113
DA:217,1
DA:221,113
DA:222,0
DA:225,113
DA:226,8
DA:227,8
DA:228,8
DA:229,8
DA:232,8
DA:233,9
DA:234,8
DA:235,1
DA:237,8
DA:238,4
DA:239,4
DA:240,1
DA:243,8
DA:247,113
DA:248,0
DA:251,113
DA:252,14
DA:253,14
DA:254,22
DA:256,14
DA:259,14
DA:260,0
DA:261,0
DA:262,0
DA:263,0
DA:264,0
DA:266,0
DA:268,0
DA:278,0
DA:290,113
DA:291,3
DA:292,3
DA:293,3
DA:294,9
DA:295,9
DA:296,0
DA:299,3
DA:300,3
DA:301,0
DA:305,113
DA:306,3
DA:307,3
DA:308,3
DA:309,1
DA:314,3
DA:318,113
DA:319,8
DA:320,1
DA:321,1
DA:323,1
DA:324,1
DA:325,2
DA:326,1
DA:327,1
DA:336,113
DA:337,120
DA:340,113
DA:341,8
DA:342,8
DA:346,113
DA:352,128
DA:354,128
DA:355,128
DA:356,128
DA:357,128
DA:359,128
DA:361,128
DA:362,2
DA:365,128
DA:366,0
DA:370,128
DA:371,33
DA:372,33
DA:373,3
DA:374,3
DA:375,3
DA:376,3
DA:377,3
DA:378,1
DA:383,30
DA:384,1
DA:389,128
DA:391,128
DA:392,128
DA:396,128
DA:397,128
DA:398,0
DA:399,0
DA:402,128
DA:403,0
DA:404,0
DA:405,0
DA:406,0
DA:409,0
DA:410,0
DA:414,128
DA:415,128
DA:416,0
DA:417,0
DA:419,128
DA:420,0
DA:421,0
DA:422,0
DA:426,128
DA:427,128
DA:428,0
DA:429,0
DA:431,128
DA:432,0
DA:433,0
DA:434,0
DA:438,128
DA:439,128
DA:440,0
DA:441,0
DA:444,128
DA:445,0
DA:446,0
DA:449,128
DA:450,128
DA:451,0
DA:452,0
DA:455,128
DA:456,0
DA:457,0
DA:460,128
DA:461,128
DA:462,0
DA:463,0
DA:465,128
DA:466,0
DA:467,0
DA:469,0
DA:470,0
DA:471,0
DA:472,0
DA:477,128
DA:478,128
DA:479,120
DA:482,8
DA:483,1
DA:484,1
DA:487,7
DA:488,7
DA:489,1
DA:490,1
DA:493,6
DA:494,1
DA:495,1
DA:498,5
DA:499,5
DA:500,1
DA:504,1
DA:507,4
DA:508,4
DA:509,4
DA:510,4
DA:511,1
DA:520,158
DA:521,191
DA:526,192
DA:528,82
DA:529,82
DA:531,3
DA:532,3
DA:534,31
DA:535,31
DA:537,8
DA:538,8
DA:539,8
DA:540,8
DA:541,8
DA:543,4
DA:544,4
DA:545,4
DA:546,4
DA:547,4
DA:549,1
DA:550,1
DA:551,1
DA:552,1
DA:553,1
DA:554,1
DA:555,1
DA:557,4
DA:558,4
DA:560,2
DA:561,2
DA:566,2
DA:567,2
DA:568,2
DA:569,2
DA:570,2
DA:572,2
DA:573,2
DA:574,1
DA:576,1
DA:578,2
DA:579,2
DA:580,2
DA:582,4
DA:584,2
DA:585,2
DA:586,4
DA:588,2
DA:589,2
DA:590,2
DA:592,4
DA:593,2
DA:595,1
DA:597,2
DA:598,2
DA:599,0
DA:600,0
DA:602,0
DA:603,0
DA:604,0
DA:605,0
DA:606,0
DA:608,0
DA:609,0
DA:612,2
DA:615,2
DA:618,1
DA:619,1
DA:620,1
DA:621,1
DA:622,1
DA:626,1
DA:627,1
DA:630,1
DA:631,1
DA:632,1
DA:633,1
DA:634,1
DA:638,1
DA:639,1
DA:640,1
DA:641,1
DA:644,1
DA:646,1
DA:647,1
DA:648,1
DA:651,1
DA:653,53
DA:654,53
DA:657,0
DA:663,0
DA:666,0
DA:667,0
DA:668,0
DA:669,0
DA:672,0
DA:673,0
DA:678,3
DA:679,3
DA:680,3
DA:682,2
DA:683,2
DA:684,1
DA:685,1
DA:687,1
DA:688,1
DA:693,1
DA:694,3
DA:695,3
DA:697,1
DA:699,1
DA:700,1
DA:705,1
DA:706,3
DA:707,3
DA:711,0
DA:712,0
DA:719,82
DA:720,82
DA:723,82
DA:724,82
DA:726,82
DA:727,82
DA:733,53
DA:735,4
DA:740,49
DA:741,1
DA:750,31
DA:752,31
DA:754,31
DA:755,29
DA:756,29
DA:760,29
DA:761,29
DA:762,1
DA:763,1
DA:764,1
DA:771,29
DA:773,6
DA:778,23
DA:779,4
DA:786,2
DA:787,1
DA:793,392
DA:795,82
DA:796,12
DA:798,82
DA:801,67
DA:802,67
DA:805,0
DA:806,0
DA:809,15
DA:810,15
DA:812,5
DA:813,5
DA:816,20
DA:817,20
DA:818,20
DA:819,20
DA:820,17
DA:821,17
DA:822,17
DA:823,17
DA:824,17
DA:826,1
DA:832,17
DA:833,17
DA:834,17
DA:835,1
DA:841,20
DA:845,4
DA:846,4
DA:847,4
DA:848,2
DA:850,4
DA:854,0
DA:855,0
DA:858,2
DA:859,0
DA:860,2
DA:861,1
DA:863,2
DA:864,2
DA:867,1
DA:868,1
DA:869,1
DA:872,0
DA:873,0
DA:874,0
DA:875,0
DA:878,1
DA:879,1
DA:880,1
DA:881,1
DA:882,1
DA:884,1
DA:887,10
DA:889,16
DA:890,16
DA:891,16
DA:892,16
DA:893,16
DA:894,0
DA:896,16
DA:901,16
DA:903,16
DA:904,16
DA:905,16
DA:906,0
DA:910,16
DA:911,1
DA:918,10
DA:921,0
DA:922,0
DA:923,0
DA:926,0
DA:929,6
DA:930,11
DA:931,6
DA:933,5
DA:934,5
DA:936,5
DA:937,5
DA:941,1
DA:947,6
DA:950,5
DA:951,15
DA:953,5
DA:956,4
DA:957,1
DA:959,4
DA:960,7
DA:962,4
DA:965,11
DA:966,11
DA:969,1
DA:970,1
DA:972,0
DA:973,0
DA:974,0
DA:977,1
DA:980,1
DA:981,0
DA:982,0
DA:984,1
DA:985,1
DA:986,0
DA:987,0
DA:989,1
DA:990,1
DA:991,1
DA:992,1
DA:994,0
DA:995,0
DA:996,0
DA:997,0
DA:999,0
DA:1002,0
DA:1006,3
DA:1020,153
DA:1022,0
DA:1023,0
DA:1028,67
DA:1029,6
DA:1032,67
DA:1033,67
DA:1034,30
DA:1035,30
DA:1038,37
DA:1039,37
DA:1040,8
DA:1041,6
DA:1042,2
DA:1046,4
DA:1047,1
DA:1053,8
DA:1054,8
DA:1058,29
DA:1059,29
DA:1061,12
DA:1062,0
DA:1063,0
DA:1064,0
DA:1069,0
DA:1070,0
DA:1072,17
DA:1073,12
DA:1074,4
DA:1077,4
DA:1082,12
DA:1083,16
DA:1084,16
DA:1085,13
DA:1087,16
DA:1088,16
DA:1089,0
DA:1095,12
DA:1098,17
DA:1099,17
DA:1100,4
DA:1101,4
DA:1104,13
DA:1105,13
DA:1106,1
DA:1108,1
DA:1112,1
DA:1115,12
DA:1116,17
DA:1122,30
DA:1123,33
DA:1126,30
DA:1127,30
DA:1128,1
DA:1131,29
DA:1132,29
DA:1136,2
DA:1144,0
DA:1145,0
DA:1146,0
DA:1147,0
DA:1148,0
DA:1149,0
DA:1151,0
DA:1154,0
DA:1163,16
DA:1164,0
DA:1167,16
DA:1168,22
DA:1169,22
DA:1170,0
DA:1171,0
DA:1173,22
DA:1174,22
DA:1175,22
DA:1176,1
DA:1185,6
DA:1186,6
DA:1187,0
DA:1190,6
DA:1191,6
DA:1192,2
DA:1195,4
DA:1196,1
DA:1204,15
DA:1205,11
DA:1209,15
DA:1210,15
DA:1211,4
DA:1212,4
DA:1213,1
DA:1215,4
DA:1218,11
DA:1219,11
DA:1220,11
DA:1222,11
DA:1223,8
DA:1224,8
DA:1225,1
DA:1227,3
DA:1228,2
DA:1229,1
DA:1231,1
DA:1233,1
DA:1235,1
DA:1236,1
DA:1248,5
DA:1249,3
DA:1250,1
DA:1254,2
DA:1255,1
DA:1261,5
DA:1262,5
DA:1263,1
DA:1264,1
DA:1265,0
DA:1267,1
DA:1270,4
DA:1271,1
DA:1272,1
DA:1275,3
DA:1277,3
DA:1284,11
DA:1285,11
DA:1286,11
DA:1288,11
DA:1289,0
DA:1293,0
DA:1296,11
DA:1297,11
DA:1298,11
DA:1299,11
DA:1301,11
DA:1302,5
DA:1308,11
DA:1309,11
DA:1313,11
DA:1314,5
DA:1316,6
DA:1317,6
DA:1318,6
DA:1319,1
DA:1326,11
DA:1327,11
DA:1331,8
DA:1333,8
DA:1334,2
DA:1335,2
DA:1336,2
DA:1337,2
DA:1338,2
DA:1339,2
DA:1341,6
DA:1344,8
DA:1345,0
DA:1350,9
DA:1351,4
DA:1354,5
DA:1355,5
DA:1356,2
DA:1359,3
DA:1367,324
DA:1369,94
DA:1371,6
DA:1373,0
DA:1375,0
DA:1377,0
DA:1379,1
DA:1381,7
DA:1384,26
DA:1386,0
DA:1387,0
DA:1388,0
DA:1391,0
DA:1393,6
DA:1394,11
DA:1395,5
DA:1398,6
DA:1400,3
DA:1402,78
DA:1404,17
DA:1405,17
DA:1406,1
DA:1408,16
DA:1409,0
DA:1411,16
DA:1412,1
DA:1413,1
DA:1414,1
DA:1415,1
DA:1417,0
DA:1419,15
DA:1420,1
DA:1422,14
DA:1423,0
DA:1425,14
DA:1426,14
DA:1427,4
DA:1429,10
DA:1430,10
DA:1431,1
DA:1433,9
DA:1434,9
DA:1437,9
DA:1438,0
DA:1440,9
DA:1442,0
DA:1445,5
DA:1446,5
DA:1449,0
DA:1450,0
DA:1451,0
DA:1453,0
DA:1456,1
DA:1457,0
DA:1459,1
DA:1461,2
DA:1462,2
DA:1464,0
DA:1466,16
DA:1467,4
DA:1469,12
DA:1470,12
DA:1471,12
DA:1472,1
DA:1475,11
DA:1477,1
DA:1478,1
DA:1479,0
DA:1482,18
DA:1483,0
DA:1485,18
DA:1487,0
DA:1489,0
DA:1490,0
DA:1493,11
DA:1494,11
DA:1497,5
DA:1498,5
DA:1500,0
DA:1502,9
DA:1503,9
DA:1504,9
DA:1505,9
DA:1508,0
DA:1510,5
DA:1512,8
DA:1516,0
DA:1518,0
DA:1522,1
DA:1523,0
DA:1527,0
DA:1529,12
DA:1536,0
DA:1544,23
DA:1545,11
DA:1546,6
DA:1548,5
DA:1549,5
DA:1550,2
DA:1552,3
DA:1553,3
DA:1556,23
DA:1559,23
DA:1560,3
DA:1563,23
DA:1573,16
DA:1574,7
DA:1578,9
DA:1579,0
DA:1580,0
DA:1584,9
DA:1585,6
DA:1589,3
DA:1594,3
DA:1607,23
DA:1608,23
DA:1609,3
DA:1612,20
DA:1613,20
DA:1614,18
DA:1618,2
DA:1619,2
DA:1621,2
DA:1622,0
DA:1625,2
DA:1630,4
DA:1632,1
DA:1633,1
DA:1634,2
DA:1635,2
DA:1637,1
DA:1642,5
DA:1647,5
DA:1648,5
DA:1654,0
DA:1661,98
DA:1662,86
DA:1670,800
DA:1675,180
DA:1676,0
DA:1678,180
DA:1679,0
DA:1683,180
DA:1684,0
DA:1686,180
DA:1687,1
DA:1689,179
DA:1690,4
DA:1692,175
DA:1693,0
DA:1697,175
DA:1698,0
DA:1701,175
DA:1703,175
DA:1705,145
DA:1706,129
DA:1708,13
DA:1710,13
DA:1714,11
DA:1719,66
DA:1720,11
DA:1723,30
DA:1724,0
DA:1727,30
DA:1728,7
DA:1731,23
DA:1732,2
DA:1735,21
DA:1736,20
DA:1737,8
DA:1741,1
DA:1742,0
DA:1743,0
DA:1746,1
DA:1747,1
DA:1751,0
DA:1752,0
DA:1755,0
DA:1759,59
DA:1761,56
DA:1763,0
DA:1765,0
DA:1767,0
DA:1769,0
DA:1771,3
DA:1773,0
DA:1775,0
DA:1777,0
DA:1779,0
DA:1784,411
DA:1785,5
DA:1787,406
DA:1788,1
DA:1790,405
DA:1791,2
DA:1793,404
DA:1794,35
DA:1796,17
DA:1800,369
DA:1801,1
DA:1803,368
DA:1804,11
DA:1806,357
DA:1807,0
DA:1809,357
LF:826
LH:654
BRDA:183,0,0,78
BRDA:183,0,1,1
BRDA:184,1,0,78
BRDA:184,1,1,1
BRDA:195,2,0,0
BRDA:195,2,1,2
BRDA:216,3,0,113
BRDA:216,3,1,0
BRDA:221,4,0,113
BRDA:221,4,1,0
BRDA:225,5,0,113
BRDA:225,5,1,0
BRDA:227,6,0,8
BRDA:234,7,0,1
BRDA:237,8,0,4
BRDA:239,9,0,1
BRDA:239,10,0,4
BRDA:239,10,1,4
BRDA:247,11,0,113
BRDA:247,11,1,0
BRDA:259,12,0,0
BRDA:262,13,0,0
BRDA:290,14,0,113
BRDA:290,14,1,0
BRDA:294,15,0,9
BRDA:294,15,1,0
BRDA:295,16,0,0
BRDA:295,17,0,9
BRDA:295,17,1,0
BRDA:300,18,0,0
BRDA:305,19,0,113
BRDA:305,19,1,0
BRDA:308,20,0,1
BRDA:318,21,0,113
BRDA:318,21,1,0
BRDA:319,22,0,7
BRDA:321,23,0,0
BRDA:325,24,0,1
BRDA:326,25,0,1
BRDA:326,25,1,0
BRDA:329,26,0,1
BRDA:329,26,1,0
BRDA:340,27,0,113
BRDA:340,27,1,0
BRDA:352,28,0,0
BRDA:352,29,0,128
BRDA:352,29,1,0
BRDA:372,30,0,3
BRDA:372,30,1,30
BRDA:377,31,0,1
BRDA:383,32,0,1
BRDA:397,33,0,0
BRDA:402,34,0,0
BRDA:404,35,0,0
BRDA:409,36,0,0
BRDA:415,37,0,0
BRDA:419,38,0,0
BRDA:421,39,0,0
BRDA:421,40,0,0
BRDA:421,40,1,0
BRDA:427,41,0,0
BRDA:431,42,0,0
BRDA:433,43,0,0
BRDA:433,44,0,0
BRDA:433,44,1,0
BRDA:439,45,0,0
BRDA:444,46,0,0
BRDA:444,47,0,128
BRDA:444,47,1,0
BRDA:444,47,2,0
BRDA:444,47,3,0
BRDA:450,48,0,0
BRDA:455,49,0,0
BRDA:455,50,0,128
BRDA:455,50,1,0
BRDA:455,50,2,0
BRDA:455,50,3,0
BRDA:461,51,0,0
BRDA:465,52,0,0
BRDA:466,53,0,0
BRDA:466,53,1,0
BRDA:470,54,0,0
BRDA:470,54,1,0
BRDA:471,55,0,0
BRDA:472,56,0,0
BRDA:472,56,1,0
BRDA:478,57,0,120
BRDA:482,58,0,1
BRDA:488,59,0,1
BRDA:493,60,0,1
BRDA:499,61,0,1
BRDA:510,62,0,1
BRDA:526,63,0,82
BRDA:526,63,1,3
BRDA:526,63,2,31
BRDA:526,63,3,8
BRDA:526,63,4,4
BRDA:526,63,5,1
BRDA:526,63,6,4
BRDA:526,63,7,2
BRDA:526,63,8,1
BRDA:526,63,9,1
BRDA:526,63,10,1
BRDA:526,63,11,1
BRDA:526,63,12,53
BRDA:526,63,13,0
BRDA:526,63,14,0
BRDA:526,63,15,0
BRDA:526,63,16,0
BRDA:526,63,17,0
BRDA:526,63,18,0
BRDA:526,63,19,0
BRDA:549,64,0,1
BRDA:558,65,0,2
BRDA:558,65,1,2
BRDA:573,66,0,1
BRDA:573,66,1,1
BRDA:586,67,0,2
BRDA:586,67,1,2
BRDA:592,68,0,4
BRDA:592,68,1,2
BRDA:593,69,0,1
BRDA:593,70,0,2
BRDA:593,70,1,2
BRDA:593,70,2,2
BRDA:598,71,0,0
BRDA:598,71,1,2
BRDA:600,72,0,0
BRDA:600,72,1,0
BRDA:605,73,0,0
BRDA:605,73,1,0
BRDA:639,74,0,1
BRDA:639,75,0,1
BRDA:639,75,1,1
BRDA:647,76,0,1
BRDA:680,77,0,2
BRDA:680,77,1,1
BRDA:683,78,0,1
BRDA:687,79,0,1
BRDA:694,80,0,3
BRDA:694,80,1,1
BRDA:697,81,0,1
BRDA:697,81,1,0
BRDA:699,82,0,1
BRDA:706,83,0,3
BRDA:706,83,1,1
BRDA:719,84,0,78
BRDA:719,84,1,4
BRDA:723,85,0,82
BRDA:723,85,1,4
BRDA:727,86,0,53
BRDA:728,87,0,82
BRDA:728,87,1,78
BRDA:728,87,2,72
BRDA:728,87,3,67
BRDA:731,88,0,67
BRDA:731,88,1,59
BRDA:733,89,0,4
BRDA:733,89,1,49
BRDA:740,90,0,1
BRDA:750,91,0,0
BRDA:754,92,0,29
BRDA:754,92,1,2
BRDA:760,93,0,29
BRDA:760,93,1,25
BRDA:761,94,0,1
BRDA:761,95,0,29
BRDA:761,95,1,1
BRDA:763,96,0,1
BRDA:771,97,0,6
BRDA:771,97,1,23
BRDA:778,98,0,4
BRDA:786,99,0,1
BRDA:786,100,0,2
BRDA:786,100,1,2
BRDA:793,101,0,82
BRDA:793,101,1,67
BRDA:793,101,2,0
BRDA:793,101,3,15
BRDA:793,101,4,5
BRDA:793,101,5,20
BRDA:793,101,6,4
BRDA:793,101,7,0
BRDA:793,101,8,2
BRDA:793,101,9,1
BRDA:793,101,10,0
BRDA:793,101,11,1
BRDA:793,101,12,10
BRDA:793,101,13,0
BRDA:793,101,14,6
BRDA:793,101,15,5
BRDA:793,101,16,4
BRDA:793,101,17,11
BRDA:793,101,18,1
BRDA:793,101,19,1
BRDA:793,101,20,3
BRDA:793,101,21,91
BRDA:793,101,22,97
BRDA:793,101,23,109
BRDA:793,101,24,135
BRDA:793,101,25,135
BRDA:793,101,26,135
BRDA:793,101,27,152
BRDA:793,101,28,152
BRDA:793,101,29,152
BRDA:793,101,30,152
BRDA:793,101,31,153
BRDA:793,101,32,0
BRDA:795,102,0,12
BRDA:819,103,0,17
BRDA:822,104,0,17
BRDA:822,104,1,17
BRDA:822,104,2,16
BRDA:823,105,0,17
BRDA:823,105,1,17
BRDA:823,105,2,16
BRDA:824,106,0,1
BRDA:824,107,0,17
BRDA:824,107,1,16
BRDA:832,108,0,17
BRDA:832,108,1,17
BRDA:833,109,0,17
BRDA:833,109,1,17
BRDA:834,110,0,1
BRDA:834,111,0,17
BRDA:834,111,1,16
BRDA:847,112,0,2
BRDA:858,113,0,0
BRDA:858,113,1,2
BRDA:860,114,0,1
BRDA:881,115,0,1
BRDA:881,116,0,1
BRDA:881,116,1,1
BRDA:889,117,0,16
BRDA:891,118,0,16
BRDA:893,119,0,0
BRDA:893,119,1,16
BRDA:893,120,0,16
BRDA:893,120,1,16
BRDA:903,121,0,16
BRDA:905,122,0,0
BRDA:905,122,1,16
BRDA:910,123,0,1
BRDA:922,124,0,0
BRDA:930,125,0,6
BRDA:936,126,0,5
BRDA:936,126,1,4
BRDA:937,127,0,1
BRDA:938,128,0,5
BRDA:938,128,1,5
BRDA:939,129,0,5
BRDA:939,129,1,4
BRDA:956,130,0,1
BRDA:956,131,0,4
BRDA:956,131,1,3
BRDA:969,132,0,1
BRDA:969,132,1,0
BRDA:973,133,0,0
BRDA:980,134,0,0
BRDA:985,135,0,0
BRDA:989,136,0,1
BRDA:989,136,1,1
BRDA:990,137,0,1
BRDA:990,138,0,1
BRDA:990,138,1,1
BRDA:996,139,0,0
BRDA:996,139,1,0
BRDA:1028,140,0,6
BRDA:1028,141,0,67
BRDA:1028,141,1,61
BRDA:1033,142,0,30
BRDA:1039,143,0,8
BRDA:1040,144,0,6
BRDA:1040,145,0,8
BRDA:1040,145,1,4
BRDA:1041,146,0,2
BRDA:1041,146,1,4
BRDA:1046,147,0,1
BRDA:1059,148,0,12
BRDA:1061,149,0,0
BRDA:1061,150,0,12
BRDA:1061,150,1,0
BRDA:1063,151,0,0
BRDA:1063,152,0,0
BRDA:1063,152,1,0
BRDA:1073,153,0,4
BRDA:1073,154,0,12
BRDA:1073,154,1,9
BRDA:1074,155,0,4
BRDA:1074,155,1,0
BRDA:1083,156,0,13
BRDA:1083,156,1,3
BRDA:1084,157,0,13
BRDA:1088,158,0,0
BRDA:1088,159,0,16
BRDA:1088,159,1,13
BRDA:1099,160,0,4
BRDA:1105,161,0,1
BRDA:1123,162,0,29
BRDA:1123,162,1,4
BRDA:1127,163,0,1
BRDA:1132,164,0,2
BRDA:1133,165,0,29
BRDA:1133,165,1,29
BRDA:1146,166,0,0
BRDA:1163,167,0,0
BRDA:1169,168,0,0
BRDA:1175,169,0,1
BRDA:1186,170,0,0
BRDA:1191,171,0,2
BRDA:1191,172,0,6
BRDA:1191,172,1,2
BRDA:1195,173,0,1
BRDA:1195,174,0,4
BRDA:1195,174,1,4
BRDA:1204,175,0,11
BRDA:1204,176,0,15
BRDA:1204,176,1,15
BRDA:1209,177,0,15
BRDA:1210,178,0,4
BRDA:1212,179,0,1
BRDA:1220,180,0,11
BRDA:1222,181,0,8
BRDA:1222,181,1,3
BRDA:1224,182,0,1
BRDA:1224,183,0,8
BRDA:1224,183,1,8
BRDA:1227,184,0,2
BRDA:1227,184,1,1
BRDA:1228,185,0,1
BRDA:1228,186,0,2
BRDA:1228,186,1,1
BRDA:1228,186,2,1
BRDA:1231,187,0,1
BRDA:1233,188,0,1
BRDA:1235,189,0,1
BRDA:1248,190,0,3
BRDA:1248,191,0,5
BRDA:1248,191,1,3
BRDA:1249,192,0,1
BRDA:1249,192,1,2
BRDA:1254,193,0,1
BRDA:1262,194,0,1
BRDA:1270,195,0,1
BRDA:1284,196,0,10
BRDA:1284,196,1,1
BRDA:1285,197,0,10
BRDA:1285,197,1,1
BRDA:1288,198,0,0
BRDA:1288,199,0,11
BRDA:1288,199,1,10
BRDA:1299,200,0,11
BRDA:1299,200,1,1
BRDA:1303,201,0,5
BRDA:1303,201,1,0
BRDA:1309,202,0,0
BRDA:1309,202,1,11
BRDA:1311,203,0,11
BRDA:1311,203,1,1
BRDA:1313,204,0,5
BRDA:1313,204,1,6
BRDA:1318,205,0,1
BRDA:1333,206,0,2
BRDA:1333,206,1,6
BRDA:1344,207,0,0
BRDA:1350,208,0,4
BRDA:1350,209,0,9
BRDA:1350,209,1,5
BRDA:1355,210,0,2
BRDA:1355,211,0,5
BRDA:1355,211,1,5
BRDA:1367,212,0,94
BRDA:1367,212,1,6
BRDA:1367,212,2,0
BRDA:1367,212,3,0
BRDA:1367,212,4,0
BRDA:1367,212,5,1
BRDA:1367,212,6,7
BRDA:1367,212,7,26
BRDA:1367,212,8,26
BRDA:1367,212,9,0
BRDA:1367,212,10,6
BRDA:1367,212,11,3
BRDA:1367,212,12,78
BRDA:1367,212,13,17
BRDA:1367,212,14,5
BRDA:1367,212,15,0
BRDA:1367,212,16,1
BRDA:1367,212,17,2
BRDA:1367,212,18,16
BRDA:1367,212,19,1
BRDA:1367,212,20,18
BRDA:1367,212,21,0
BRDA:1367,212,22,0
BRDA:1367,212,23,11
BRDA:1367,212,24,5
BRDA:1367,212,25,9
BRDA:1367,212,26,5
BRDA:1367,212,27,0
BRDA:1367,212,28,1
BRDA:1367,212,29,0
BRDA:1367,212,30,12
BRDA:1367,212,31,0
BRDA:1387,213,0,0
BRDA:1394,214,0,5
BRDA:1402,215,0,78
BRDA:1402,215,1,12
BRDA:1405,216,0,1
BRDA:1408,217,0,0
BRDA:1411,218,0,1
BRDA:1413,219,0,1
BRDA:1413,220,0,1
BRDA:1413,220,1,1
BRDA:1415,221,0,1
BRDA:1419,222,0,1
BRDA:1422,223,0,0
BRDA:1426,224,0,4
BRDA:1430,225,0,1
BRDA:1434,226,0,9
BRDA:1437,227,0,0
BRDA:1437,228,0,9
BRDA:1437,228,1,0
BRDA:1438,229,0,0
BRDA:1438,229,1,0
BRDA:1446,230,0,4
BRDA:1446,230,1,1
BRDA:1450,231,0,0
BRDA:1456,232,0,0
BRDA:1461,233,0,2
BRDA:1466,234,0,4
BRDA:1466,235,0,16
BRDA:1466,235,1,16
BRDA:1469,236,0,12
BRDA:1471,237,0,1
BRDA:1471,238,0,12
BRDA:1471,238,1,2
BRDA:1478,239,0,1
BRDA:1482,240,0,0
BRDA:1489,241,0,0
BRDA:1494,242,0,11
BRDA:1494,242,1,0
BRDA:1497,243,0,5
BRDA:1502,244,0,9
BRDA:1504,245,0,9
BRDA:1517,246,0,0
BRDA:1517,246,1,0
BRDA:1522,247,0,1
BRDA:1531,248,0,10
BRDA:1531,248,1,2
BRDA:1531,249,0,12
BRDA:1531,249,1,10
BRDA:1545,250,0,6
BRDA:1549,251,0,2
BRDA:1556,252,0,0
BRDA:1556,252,1,23
BRDA:1559,253,0,3
BRDA:1560,254,0,0
BRDA:1560,254,1,3
BRDA:1573,255,0,7
BRDA:1573,256,0,16
BRDA:1573,256,1,13
BRDA:1573,256,2,9
BRDA:1578,257,0,0
BRDA:1580,258,0,0
BRDA:1580,258,1,0
BRDA:1584,259,0,6
BRDA:1608,260,0,3
BRDA:1613,261,0,18
BRDA:1618,262,0,2
BRDA:1618,262,1,2
BRDA:1619,263,0,2
BRDA:1619,263,1,0
BRDA:1621,264,0,0
BRDA:1621,265,0,2
BRDA:1621,265,1,2
BRDA:1630,266,0,3
BRDA:1634,267,0,0
BRDA:1647,268,0,5
BRDA:1661,269,0,12
BRDA:1661,270,0,98
BRDA:1661,270,1,86
BRDA:1670,271,0,800
BRDA:1670,271,1,209
BRDA:1675,272,0,0
BRDA:1675,273,0,180
BRDA:1675,273,1,145
BRDA:1675,273,2,109
BRDA:1678,274,0,0
BRDA:1678,275,0,180
BRDA:1678,275,1,2
BRDA:1678,275,2,0
BRDA:1683,276,0,0
BRDA:1683,277,0,180
BRDA:1683,277,1,0
BRDA:1686,278,0,1
BRDA:1686,279,0,180
BRDA:1686,279,1,5
BRDA:1689,280,0,4
BRDA:1689,281,0,179
BRDA:1689,281,1,4
BRDA:1692,282,0,0
BRDA:1692,283,0,175
BRDA:1692,283,1,0
BRDA:1697,284,0,0
BRDA:1697,285,0,175
BRDA:1697,285,1,0
BRDA:1697,285,2,0
BRDA:1701,286,0,0
BRDA:1703,287,0,145
BRDA:1703,288,0,175
BRDA:1703,288,1,145
BRDA:1705,289,0,16
BRDA:1706,290,0,116
BRDA:1708,291,0,13
BRDA:1708,291,1,11
BRDA:1708,291,2,2
BRDA:1708,291,3,2
BRDA:1710,292,0,2
BRDA:1719,293,0,0
BRDA:1719,294,0,66
BRDA:1719,294,1,12
BRDA:1723,295,0,0
BRDA:1723,296,0,30
BRDA:1723,296,1,0
BRDA:1727,297,0,7
BRDA:1727,298,0,30
BRDA:1727,298,1,7
BRDA:1731,299,0,2
BRDA:1731,300,0,23
BRDA:1731,300,1,2
BRDA:1735,301,0,20
BRDA:1735,302,0,21
BRDA:1735,302,1,20
BRDA:1736,303,0,20
BRDA:1736,303,1,20
BRDA:1736,303,2,20
BRDA:1741,304,0,0
BRDA:1741,305,0,1
BRDA:1741,305,1,0
BRDA:1742,306,0,0
BRDA:1742,306,1,0
BRDA:1746,307,0,1
BRDA:1746,308,0,1
BRDA:1746,308,1,1
BRDA:1751,309,0,0
BRDA:1751,310,0,0
BRDA:1751,310,1,0
BRDA:1751,310,2,0
BRDA:1759,311,0,56
BRDA:1759,311,1,0
BRDA:1759,311,2,0
BRDA:1759,311,3,0
BRDA:1759,311,4,0
BRDA:1759,311,5,3
BRDA:1759,311,6,0
BRDA:1759,311,7,0
BRDA:1759,311,8,0
BRDA:1759,311,9,0
BRDA:1784,312,0,5
BRDA:1787,313,0,1
BRDA:1790,314,0,1
BRDA:1793,315,0,35
BRDA:1800,316,0,1
BRDA:1800,317,0,369
BRDA:1800,317,1,307
BRDA:1800,317,2,62
BRDA:1803,318,0,11
BRDA:1803,319,0,368
BRDA:1803,319,1,61
BRDA:1806,320,0,0
BRDA:1806,321,0,357
BRDA:1806,321,1,303
BRF:572
BRH:412
end_of_record
TN:
SF:src/types/mc-version.ts
FN:8,(anonymous_0)
FN:21,parseMcVersion
FN:42,compareMcVersion
FNF:3
FNH:1
FNDA:1,(anonymous_0)
FNDA:0,parseMcVersion
FNDA:0,compareMcVersion
DA:8,1
DA:9,1
DA:10,1
DA:11,1
DA:12,1
DA:13,1
DA:14,1
DA:21,1
DA:22,0
DA:23,0
DA:24,0
DA:26,0
DA:27,0
DA:28,0
DA:29,0
DA:30,0
DA:31,0
DA:33,0
DA:34,0
DA:36,0
DA:42,1
DA:43,0
DA:46,1
LF:23
LH:10
BRDA:8,0,0,1
BRDA:8,0,1,1
BRDA:23,1,0,0
BRDA:23,2,0,0
BRDA:23,2,1,0
BRDA:26,3,0,0
BRDA:30,4,0,0
BRDA:30,5,0,0
BRDA:30,5,1,0
BRDA:30,5,2,0
BRDA:33,6,0,0
BRF:11
BRH:2
end_of_record
