<?xml version="1.0" encoding="UTF-8"?>
<coverage generated="1774212013437" clover="3.2.0">
  <project timestamp="1774212013437" name="All files">
    <metrics statements="7532" coveredstatements="3099" conditionals="4289" coveredconditionals="1432" methods="707" coveredmethods="350" elements="12528" coveredelements="4881" complexity="0" loc="7532" ncloc="7532" packages="14" files="40" classes="40"/>
    <package name="src">
      <metrics statements="78" coveredstatements="35" conditionals="38" coveredconditionals="12" methods="10" coveredmethods="1"/>
      <file name="compile.ts" path="/Users/yuzhe/projects/redscript/src/compile.ts">
        <metrics statements="78" coveredstatements="35" conditionals="38" coveredconditionals="12" methods="10" coveredmethods="1"/>
        <line num="7" count="1" type="stmt"/>
        <line num="8" count="1" type="stmt"/>
        <line num="10" count="1" type="stmt"/>
        <line num="16" count="1" type="stmt"/>
        <line num="42" count="1" type="stmt"/>
        <line num="47" count="0" type="stmt"/>
        <line num="48" count="0" type="cond" truecount="0" falsecount="3"/>
        <line num="49" count="0" type="stmt"/>
        <line num="50" count="0" type="stmt"/>
        <line num="53" count="0" type="stmt"/>
        <line num="56" count="1" type="stmt"/>
        <line num="61" count="0" type="stmt"/>
        <line num="62" count="0" type="stmt"/>
        <line num="63" count="0" type="cond" truecount="0" falsecount="3"/>
        <line num="64" count="0" type="stmt"/>
        <line num="66" count="0" type="stmt"/>
        <line num="81" count="0" type="cond" truecount="0" falsecount="2"/>
        <line num="83" count="0" type="stmt"/>
        <line num="85" count="0" type="stmt"/>
        <line num="86" count="0" type="cond" truecount="0" falsecount="1"/>
        <line num="91" count="0" type="stmt"/>
        <line num="92" count="0" type="stmt"/>
        <line num="93" count="0" type="stmt"/>
        <line num="94" count="0" type="cond" truecount="0" falsecount="1"/>
        <line num="97" count="0" type="stmt"/>
        <line num="98" count="0" type="stmt"/>
        <line num="99" count="0" type="cond" truecount="0" falsecount="1"/>
        <line num="102" count="0" type="stmt"/>
        <line num="106" count="0" type="cond" truecount="0" falsecount="2"/>
        <line num="110" count="0" type="stmt"/>
        <line num="117" count="1" type="cond" truecount="0" falsecount="1"/>
        <line num="118" count="9" type="stmt"/>
        <line num="119" count="9" type="cond" truecount="2" falsecount="0"/>
        <line num="120" count="9" type="cond" truecount="2" falsecount="0"/>
        <line num="122" count="9" type="cond" truecount="0" falsecount="1"/>
        <line num="123" count="0" type="stmt"/>
        <line num="126" count="9" type="stmt"/>
        <line num="127" count="9" type="stmt"/>
        <line num="129" count="9" type="stmt"/>
        <line num="130" count="9" type="stmt"/>
        <line num="131" count="9" type="stmt"/>
        <line num="133" count="9" type="stmt"/>
        <line num="134" count="51" type="stmt"/>
        <line num="135" count="51" type="stmt"/>
        <line num="136" count="51" type="stmt"/>
        <line num="138" count="51" type="cond" truecount="2" falsecount="1"/>
        <line num="139" count="0" type="cond" truecount="0" falsecount="1"/>
        <line num="140" count="0" type="stmt"/>
        <line num="148" count="0" type="stmt"/>
        <line num="149" count="0" type="cond" truecount="0" falsecount="1"/>
        <line num="150" count="0" type="stmt"/>
        <line num="157" count="0" type="cond" truecount="0" falsecount="1"/>
        <line num="158" count="0" type="stmt"/>
        <line num="159" count="0" type="stmt"/>
        <line num="161" count="0" type="cond" truecount="0" falsecount="2"/>
        <line num="164" count="0" type="stmt"/>
        <line num="165" count="0" type="stmt"/>
        <line num="167" count="0" type="cond" truecount="0" falsecount="1"/>
        <line num="169" count="0" type="stmt"/>
        <line num="172" count="0" type="stmt"/>
        <line num="175" count="51" type="cond" truecount="4" falsecount="0"/>
        <line num="176" count="9" type="stmt"/>
        <line num="177" count="9" type="stmt"/>
        <line num="180" count="42" type="stmt"/>
        <line num="181" count="42" type="stmt"/>
        <line num="184" count="9" type="stmt"/>
        <line num="185" count="9" type="stmt"/>
        <line num="186" count="9" type="stmt"/>
        <line num="188" count="9" type="stmt"/>
        <line num="189" count="9" type="stmt"/>
        <line num="191" count="9" type="stmt"/>
        <line num="192" count="0" type="stmt"/>
        <line num="193" count="0" type="stmt"/>
        <line num="196" count="9" type="cond" truecount="1" falsecount="2"/>
        <line num="197" count="0" type="stmt"/>
        <line num="204" count="9" type="stmt"/>
        <line num="211" count="1" type="cond" truecount="0" falsecount="1"/>
        <line num="212" count="0" type="stmt"/>
      </file>
    </package>
    <package name="src.diagnostics">
      <metrics statements="74" coveredstatements="19" conditionals="31" coveredconditionals="1" methods="15" coveredmethods="4"/>
      <file name="index.ts" path="/Users/yuzhe/projects/redscript/src/diagnostics/index.ts">
        <metrics statements="74" coveredstatements="19" conditionals="31" coveredconditionals="1" methods="15" coveredmethods="4"/>
        <line num="20" count="0" type="stmt"/>
        <line num="21" count="0" type="cond" truecount="0" falsecount="3"/>
        <line num="22" count="0" type="stmt"/>
        <line num="25" count="0" type="stmt"/>
        <line num="26" count="0" type="stmt"/>
        <line num="27" count="0" type="stmt"/>
        <line num="28" count="0" type="stmt"/>
        <line num="31" count="4" type="stmt"/>
        <line num="42" count="117" type="stmt"/>
        <line num="43" count="117" type="stmt"/>
        <line num="44" count="117" type="stmt"/>
        <line num="45" count="117" type="stmt"/>
        <line num="46" count="117" type="stmt"/>
        <line num="58" count="0" type="stmt"/>
        <line num="59" count="0" type="cond" truecount="0" falsecount="2"/>
        <line num="60" count="0" type="stmt"/>
        <line num="62" count="0" type="cond" truecount="0" falsecount="3"/>
        <line num="63" count="0" type="stmt"/>
        <line num="66" count="0" type="stmt"/>
        <line num="67" count="0" type="cond" truecount="0" falsecount="1"/>
        <line num="68" count="0" type="stmt"/>
        <line num="70" count="0" type="stmt"/>
        <line num="71" count="0" type="stmt"/>
        <line num="72" count="0" type="stmt"/>
        <line num="73" count="0" type="stmt"/>
        <line num="74" count="0" type="stmt"/>
        <line num="75" count="0" type="cond" truecount="0" falsecount="2"/>
        <line num="79" count="0" type="stmt"/>
        <line num="87" count="0" type="stmt"/>
        <line num="91" count="4" type="stmt"/>
        <line num="95" count="0" type="cond" truecount="0" falsecount="2"/>
        <line num="96" count="0" type="stmt"/>
        <line num="97" count="0" type="stmt"/>
        <line num="101" count="4" type="stmt"/>
        <line num="106" count="0" type="cond" truecount="0" falsecount="2"/>
        <line num="107" count="0" type="stmt"/>
        <line num="108" count="0" type="stmt"/>
        <line num="109" count="0" type="stmt"/>
        <line num="117" count="4" type="stmt"/>
        <line num="118" count="189" type="stmt"/>
        <line num="119" count="189" type="stmt"/>
        <line num="123" count="189" type="cond" truecount="1" falsecount="0"/>
        <line num="124" count="189" type="stmt"/>
        <line num="126" count="189" type="stmt"/>
        <line num="130" count="114" type="stmt"/>
        <line num="136" count="114" type="stmt"/>
        <line num="140" count="0" type="stmt"/>
        <line num="144" count="189" type="stmt"/>
        <line num="148" count="0" type="stmt"/>
        <line num="152" count="0" type="cond" truecount="0" falsecount="1"/>
        <line num="153" count="0" type="stmt"/>
        <line num="155" count="0" type="stmt"/>
        <line num="167" count="4" type="stmt"/>
        <line num="174" count="0" type="stmt"/>
        <line num="175" count="0" type="cond" truecount="0" falsecount="1"/>
        <line num="176" count="0" type="stmt"/>
        <line num="177" count="0" type="stmt"/>
        <line num="178" count="0" type="stmt"/>
        <line num="179" count="0" type="stmt"/>
        <line num="183" count="0" type="stmt"/>
        <line num="186" count="4" type="stmt"/>
        <line num="187" count="0" type="cond" truecount="0" falsecount="1"/>
        <line num="188" count="0" type="cond" truecount="0" falsecount="3"/>
        <line num="189" count="0" type="stmt"/>
        <line num="190" count="0" type="cond" truecount="0" falsecount="3"/>
        <line num="191" count="0" type="stmt"/>
        <line num="192" count="0" type="stmt"/>
        <line num="193" count="0" type="cond" truecount="0" falsecount="1"/>
        <line num="194" count="0" type="stmt"/>
        <line num="196" count="0" type="stmt"/>
        <line num="199" count="0" type="cond" truecount="0" falsecount="1"/>
        <line num="200" count="0" type="stmt"/>
        <line num="203" count="0" type="stmt"/>
        <line num="204" count="0" type="stmt"/>
      </file>
    </package>
    <package name="src.emit">
      <metrics statements="531" coveredstatements="181" conditionals="246" coveredconditionals="57" methods="69" coveredmethods="12"/>
      <file name="compile.ts" path="/Users/yuzhe/projects/redscript/src/emit/compile.ts">
        <metrics statements="293" coveredstatements="104" conditionals="119" coveredconditionals="24" methods="14" coveredmethods="4"/>
        <line num="7" count="1" type="stmt"/>
        <line num="8" count="1" type="stmt"/>
        <line num="9" count="1" type="stmt"/>
        <line num="10" count="1" type="stmt"/>
        <line num="11" count="1" type="stmt"/>
        <line num="12" count="1" type="stmt"/>
        <line num="13" count="1" type="stmt"/>
        <line num="14" count="1" type="stmt"/>
        <line num="15" count="1" type="stmt"/>
        <line num="16" count="1" type="stmt"/>
        <line num="17" count="1" type="stmt"/>
        <line num="18" count="1" type="stmt"/>
        <line num="19" count="1" type="stmt"/>
        <line num="20" count="1" type="stmt"/>
        <line num="21" count="1" type="stmt"/>
        <line num="22" count="1" type="stmt"/>
        <line num="23" count="1" type="stmt"/>
        <line num="24" count="1" type="stmt"/>
        <line num="25" count="1" type="stmt"/>
        <line num="69" count="9" type="cond" truecount="1" falsecount="0"/>
        <line num="70" count="0" type="stmt"/>
        <line num="71" count="0" type="stmt"/>
        <line num="72" count="0" type="stmt"/>
        <line num="80" count="5" type="cond" truecount="1" falsecount="0"/>
        <line num="82" count="0" type="stmt"/>
        <line num="83" count="0" type="stmt"/>
        <line num="84" count="0" type="stmt"/>
        <line num="85" count="0" type="cond" truecount="0" falsecount="1"/>
        <line num="86" count="0" type="stmt"/>
        <line num="90" count="0" type="stmt"/>
        <line num="91" count="0" type="stmt"/>
        <line num="92" count="0" type="stmt"/>
        <line num="93" count="0" type="cond" truecount="0" falsecount="1"/>
        <line num="94" count="0" type="stmt"/>
        <line num="96" count="0" type="stmt"/>
        <line num="97" count="0" type="stmt"/>
        <line num="98" count="0" type="stmt"/>
        <line num="100" count="0" type="stmt"/>
        <line num="103" count="0" type="stmt"/>
        <line num="104" count="0" type="stmt"/>
        <line num="105" count="0" type="stmt"/>
        <line num="106" count="0" type="cond" truecount="0" falsecount="1"/>
        <line num="107" count="0" type="cond" truecount="0" falsecount="1"/>
        <line num="108" count="0" type="stmt"/>
        <line num="109" count="0" type="stmt"/>
        <line num="112" count="0" type="stmt"/>
        <line num="113" count="0" type="stmt"/>
        <line num="114" count="0" type="cond" truecount="0" falsecount="2"/>
        <line num="115" count="0" type="stmt"/>
        <line num="116" count="0" type="stmt"/>
        <line num="117" count="0" type="cond" truecount="0" falsecount="3"/>
        <line num="118" count="0" type="stmt"/>
        <line num="119" count="0" type="stmt"/>
        <line num="124" count="0" type="cond" truecount="0" falsecount="2"/>
        <line num="127" count="1" type="cond" truecount="0" falsecount="1"/>
        <line num="137" count="9" type="stmt"/>
        <line num="138" count="9" type="stmt"/>
        <line num="141" count="9" type="stmt"/>
        <line num="142" count="9" type="stmt"/>
        <line num="144" count="9" type="stmt"/>
        <line num="146" count="9" type="stmt"/>
        <line num="147" count="9" type="stmt"/>
        <line num="148" count="9" type="stmt"/>
        <line num="149" count="9" type="stmt"/>
        <line num="150" count="9" type="stmt"/>
        <line num="151" count="9" type="stmt"/>
        <line num="152" count="9" type="cond" truecount="0" falsecount="1"/>
        <line num="153" count="0" type="cond" truecount="0" falsecount="2"/>
        <line num="157" count="9" type="stmt"/>
        <line num="159" count="0" type="stmt"/>
        <line num="160" count="0" type="stmt"/>
        <line num="161" count="0" type="stmt"/>
        <line num="162" count="0" type="cond" truecount="0" falsecount="1"/>
        <line num="163" count="0" type="stmt"/>
        <line num="164" count="0" type="cond" truecount="0" falsecount="1"/>
        <line num="166" count="0" type="stmt"/>
        <line num="167" count="0" type="cond" truecount="0" falsecount="1"/>
        <line num="168" count="0" type="cond" truecount="0" falsecount="2"/>
        <line num="169" count="0" type="stmt"/>
        <line num="170" count="0" type="cond" truecount="0" falsecount="1"/>
        <line num="173" count="0" type="stmt"/>
        <line num="177" count="0" type="cond" truecount="0" falsecount="1"/>
        <line num="178" count="0" type="stmt"/>
        <line num="179" count="0" type="stmt"/>
        <line num="180" count="0" type="stmt"/>
        <line num="181" count="0" type="stmt"/>
        <line num="182" count="0" type="stmt"/>
        <line num="183" count="0" type="stmt"/>
        <line num="184" count="0" type="stmt"/>
        <line num="185" count="0" type="stmt"/>
        <line num="186" count="0" type="cond" truecount="0" falsecount="1"/>
        <line num="187" count="0" type="cond" truecount="0" falsecount="2"/>
        <line num="189" count="0" type="stmt"/>
        <line num="190" count="0" type="stmt"/>
        <line num="191" count="0" type="cond" truecount="0" falsecount="1"/>
        <line num="192" count="0" type="stmt"/>
        <line num="193" count="0" type="cond" truecount="0" falsecount="1"/>
        <line num="194" count="0" type="stmt"/>
        <line num="195" count="0" type="stmt"/>
        <line num="197" count="0" type="stmt"/>
        <line num="199" count="0" type="stmt"/>
        <line num="200" count="0" type="stmt"/>
        <line num="201" count="0" type="stmt"/>
        <line num="202" count="0" type="stmt"/>
        <line num="203" count="0" type="stmt"/>
        <line num="204" count="0" type="stmt"/>
        <line num="207" count="9" type="stmt"/>
        <line num="208" count="0" type="cond" truecount="0" falsecount="1"/>
        <line num="209" count="0" type="stmt"/>
        <line num="210" count="0" type="cond" truecount="0" falsecount="1"/>
        <line num="211" count="0" type="stmt"/>
        <line num="217" count="0" type="stmt"/>
        <line num="220" count="9" type="cond" truecount="2" falsecount="0"/>
        <line num="221" count="0" type="stmt"/>
        <line num="222" count="0" type="stmt"/>
        <line num="223" count="0" type="stmt"/>
        <line num="224" count="0" type="stmt"/>
        <line num="225" count="0" type="stmt"/>
        <line num="226" count="0" type="stmt"/>
        <line num="227" count="0" type="cond" truecount="0" falsecount="1"/>
        <line num="228" count="0" type="cond" truecount="0" falsecount="2"/>
        <line num="230" count="0" type="stmt"/>
        <line num="231" count="0" type="stmt"/>
        <line num="232" count="0" type="stmt"/>
        <line num="233" count="0" type="stmt"/>
        <line num="234" count="0" type="stmt"/>
        <line num="235" count="0" type="stmt"/>
        <line num="236" count="0" type="stmt"/>
        <line num="239" count="9" type="cond" truecount="0" falsecount="1"/>
        <line num="240" count="0" type="stmt"/>
        <line num="241" count="0" type="stmt"/>
        <line num="242" count="0" type="stmt"/>
        <line num="243" count="0" type="stmt"/>
        <line num="244" count="0" type="stmt"/>
        <line num="245" count="0" type="cond" truecount="0" falsecount="1"/>
        <line num="246" count="0" type="cond" truecount="0" falsecount="2"/>
        <line num="248" count="0" type="stmt"/>
        <line num="249" count="0" type="stmt"/>
        <line num="250" count="0" type="stmt"/>
        <line num="251" count="0" type="stmt"/>
        <line num="252" count="0" type="stmt"/>
        <line num="253" count="0" type="stmt"/>
        <line num="254" count="0" type="stmt"/>
        <line num="259" count="9" type="cond" truecount="2" falsecount="0"/>
        <line num="260" count="9" type="stmt"/>
        <line num="261" count="9" type="stmt"/>
        <line num="262" count="0" type="cond" truecount="0" falsecount="1"/>
        <line num="263" count="0" type="cond" truecount="0" falsecount="2"/>
        <line num="266" count="0" type="stmt"/>
        <line num="267" count="0" type="stmt"/>
        <line num="273" count="0" type="stmt"/>
        <line num="276" count="9" type="cond" truecount="0" falsecount="1"/>
        <line num="277" count="0" type="stmt"/>
        <line num="282" count="9" type="stmt"/>
        <line num="283" count="9" type="stmt"/>
        <line num="284" count="9" type="stmt"/>
        <line num="285" count="9" type="cond" truecount="1" falsecount="0"/>
        <line num="286" count="7" type="cond" truecount="2" falsecount="0"/>
        <line num="287" count="3" type="stmt"/>
        <line num="288" count="3" type="stmt"/>
        <line num="291" count="4" type="cond" truecount="1" falsecount="1"/>
        <line num="297" count="5" type="stmt"/>
        <line num="300" count="5" type="stmt"/>
        <line num="302" count="5" type="stmt"/>
        <line num="304" count="6" type="cond" truecount="1" falsecount="1"/>
        <line num="305" count="0" type="stmt"/>
        <line num="309" count="5" type="stmt"/>
        <line num="311" count="5" type="cond" truecount="0" falsecount="1"/>
        <line num="312" count="0" type="stmt"/>
        <line num="316" count="5" type="stmt"/>
        <line num="317" count="5" type="stmt"/>
        <line num="318" count="5" type="stmt"/>
        <line num="319" count="5" type="stmt"/>
        <line num="320" count="5" type="stmt"/>
        <line num="321" count="5" type="stmt"/>
        <line num="322" count="5" type="stmt"/>
        <line num="323" count="5" type="stmt"/>
        <line num="324" count="5" type="stmt"/>
        <line num="325" count="5" type="stmt"/>
        <line num="326" count="5" type="stmt"/>
        <line num="327" count="5" type="stmt"/>
        <line num="328" count="5" type="stmt"/>
        <line num="329" count="5" type="stmt"/>
        <line num="330" count="6" type="cond" truecount="1" falsecount="1"/>
        <line num="331" count="0" type="stmt"/>
        <line num="334" count="6" type="cond" truecount="0" falsecount="2"/>
        <line num="335" count="6" type="cond" truecount="0" falsecount="1"/>
        <line num="336" count="0" type="stmt"/>
        <line num="339" count="6" type="stmt"/>
        <line num="340" count="0" type="cond" truecount="0" falsecount="1"/>
        <line num="341" count="0" type="cond" truecount="0" falsecount="1"/>
        <line num="342" count="0" type="cond" truecount="0" falsecount="1"/>
        <line num="343" count="0" type="cond" truecount="0" falsecount="1"/>
        <line num="344" count="0" type="cond" truecount="0" falsecount="1"/>
        <line num="345" count="0" type="stmt"/>
        <line num="351" count="0" type="cond" truecount="0" falsecount="1"/>
        <line num="352" count="0" type="cond" truecount="0" falsecount="2"/>
        <line num="354" count="0" type="cond" truecount="0" falsecount="1"/>
        <line num="355" count="0" type="stmt"/>
        <line num="357" count="0" type="cond" truecount="0" falsecount="1"/>
        <line num="358" count="0" type="stmt"/>
        <line num="360" count="0" type="cond" truecount="0" falsecount="3"/>
        <line num="361" count="0" type="stmt"/>
        <line num="363" count="0" type="cond" truecount="0" falsecount="3"/>
        <line num="364" count="0" type="stmt"/>
        <line num="366" count="0" type="cond" truecount="0" falsecount="1"/>
        <line num="367" count="0" type="stmt"/>
        <line num="369" count="0" type="cond" truecount="0" falsecount="3"/>
        <line num="370" count="0" type="stmt"/>
        <line num="371" count="0" type="cond" truecount="0" falsecount="1"/>
        <line num="372" count="0" type="cond" truecount="0" falsecount="1"/>
        <line num="373" count="0" type="stmt"/>
        <line num="380" count="5" type="stmt"/>
        <line num="381" count="5" type="cond" truecount="0" falsecount="1"/>
        <line num="382" count="0" type="stmt"/>
        <line num="384" count="5" type="cond" truecount="0" falsecount="1"/>
        <line num="385" count="0" type="stmt"/>
        <line num="389" count="5" type="stmt"/>
        <line num="393" count="5" type="cond" truecount="3" falsecount="0"/>
        <line num="394" count="5" type="stmt"/>
        <line num="395" count="6" type="stmt"/>
        <line num="400" count="5" type="stmt"/>
        <line num="401" count="5" type="stmt"/>
        <line num="402" count="5" type="stmt"/>
        <line num="403" count="5" type="stmt"/>
        <line num="406" count="5" type="stmt"/>
        <line num="409" count="5" type="stmt"/>
        <line num="412" count="5" type="stmt"/>
        <line num="413" count="5" type="stmt"/>
        <line num="414" count="5" type="stmt"/>
        <line num="415" count="0" type="cond" truecount="0" falsecount="1"/>
        <line num="416" count="0" type="stmt"/>
        <line num="422" count="0" type="stmt"/>
        <line num="426" count="5" type="stmt"/>
        <line num="427" count="5" type="stmt"/>
        <line num="428" count="5" type="stmt"/>
        <line num="429" count="6" type="stmt"/>
        <line num="430" count="7" type="cond" truecount="3" falsecount="1"/>
        <line num="431" count="0" type="stmt"/>
        <line num="446" count="5" type="stmt"/>
        <line num="447" count="5" type="stmt"/>
        <line num="448" count="0" type="cond" truecount="0" falsecount="1"/>
        <line num="449" count="0" type="stmt"/>
        <line num="450" count="0" type="stmt"/>
        <line num="454" count="0" type="stmt"/>
        <line num="455" count="0" type="stmt"/>
        <line num="456" count="0" type="stmt"/>
        <line num="457" count="0" type="cond" truecount="0" falsecount="1"/>
        <line num="458" count="0" type="stmt"/>
        <line num="461" count="0" type="stmt"/>
        <line num="468" count="0" type="stmt"/>
        <line num="472" count="0" type="stmt"/>
        <line num="481" count="0" type="stmt"/>
        <line num="482" count="0" type="stmt"/>
        <line num="483" count="0" type="stmt"/>
        <line num="484" count="0" type="stmt"/>
        <line num="485" count="0" type="stmt"/>
        <line num="491" count="0" type="stmt"/>
        <line num="493" count="0" type="stmt"/>
        <line num="503" count="5" type="stmt"/>
        <line num="504" count="0" type="stmt"/>
        <line num="505" count="0" type="cond" truecount="0" falsecount="1"/>
        <line num="506" count="0" type="stmt"/>
        <line num="507" count="0" type="stmt"/>
        <line num="509" count="0" type="stmt"/>
        <line num="510" count="0" type="cond" truecount="0" falsecount="3"/>
        <line num="511" count="0" type="stmt"/>
        <line num="518" count="5" type="stmt"/>
        <line num="519" count="0" type="stmt"/>
        <line num="520" count="0" type="cond" truecount="0" falsecount="1"/>
        <line num="521" count="0" type="stmt"/>
        <line num="522" count="0" type="stmt"/>
        <line num="523" count="0" type="stmt"/>
        <line num="524" count="0" type="cond" truecount="0" falsecount="3"/>
        <line num="525" count="0" type="stmt"/>
        <line num="531" count="5" type="stmt"/>
        <line num="548" count="5" type="stmt"/>
        <line num="550" count="5" type="stmt"/>
        <line num="552" count="4" type="cond" truecount="0" falsecount="1"/>
        <line num="553" count="0" type="cond" truecount="0" falsecount="1"/>
        <line num="554" count="0" type="cond" truecount="0" falsecount="1"/>
        <line num="555" count="0" type="stmt"/>
        <line num="557" count="0" type="cond" truecount="0" falsecount="1"/>
        <line num="558" count="0" type="stmt"/>
        <line num="560" count="0" type="stmt"/>
        <line num="561" count="0" type="stmt"/>
        <line num="566" count="4" type="cond" truecount="1" falsecount="0"/>
        <line num="567" count="0" type="stmt"/>
        <line num="568" count="0" type="stmt"/>
        <line num="579" count="0" type="stmt"/>
        <line num="581" count="0" type="cond" truecount="0" falsecount="1"/>
        <line num="582" count="0" type="stmt"/>
        <line num="584" count="0" type="stmt"/>
      </file>
      <file name="index.ts" path="/Users/yuzhe/projects/redscript/src/emit/index.ts">
        <metrics statements="201" coveredstatements="72" conditionals="119" coveredconditionals="33" methods="44" coveredmethods="8"/>
        <line num="9" count="1" type="stmt"/>
        <line num="16" count="1" type="stmt"/>
        <line num="60" count="1" type="stmt"/>
        <line num="61" count="5" type="stmt"/>
        <line num="62" count="5" type="cond" truecount="1" falsecount="1"/>
        <line num="63" count="5" type="cond" truecount="1" falsecount="1"/>
        <line num="64" count="5" type="cond" truecount="1" falsecount="1"/>
        <line num="65" count="5" type="cond" truecount="1" falsecount="1"/>
        <line num="66" count="5" type="cond" truecount="1" falsecount="1"/>
        <line num="67" count="5" type="cond" truecount="1" falsecount="1"/>
        <line num="68" count="5" type="cond" truecount="1" falsecount="1"/>
        <line num="69" count="5" type="cond" truecount="1" falsecount="1"/>
        <line num="70" count="5" type="cond" truecount="1" falsecount="1"/>
        <line num="71" count="5" type="cond" truecount="1" falsecount="1"/>
        <line num="72" count="5" type="stmt"/>
        <line num="73" count="5" type="cond" truecount="1" falsecount="1"/>
        <line num="74" count="5" type="cond" truecount="1" falsecount="1"/>
        <line num="75" count="5" type="stmt"/>
        <line num="76" count="5" type="cond" truecount="1" falsecount="1"/>
        <line num="79" count="5" type="stmt"/>
        <line num="86" count="5" type="cond" truecount="1" falsecount="1"/>
        <line num="89" count="5" type="stmt"/>
        <line num="91" count="0" type="stmt"/>
        <line num="92" count="0" type="stmt"/>
        <line num="100" count="0" type="stmt"/>
        <line num="101" count="0" type="stmt"/>
        <line num="104" count="5" type="stmt"/>
        <line num="110" count="5" type="stmt"/>
        <line num="111" count="6" type="stmt"/>
        <line num="112" count="6" type="stmt"/>
        <line num="113" count="6" type="cond" truecount="1" falsecount="1"/>
        <line num="114" count="0" type="stmt"/>
        <line num="115" count="0" type="cond" truecount="0" falsecount="2"/>
        <line num="116" count="0" type="stmt"/>
        <line num="117" count="0" type="stmt"/>
        <line num="118" count="0" type="cond" truecount="0" falsecount="1"/>
        <line num="119" count="0" type="stmt"/>
        <line num="122" count="6" type="cond" truecount="1" falsecount="1"/>
        <line num="123" count="6" type="stmt"/>
        <line num="127" count="5" type="stmt"/>
        <line num="128" count="5" type="cond" truecount="0" falsecount="1"/>
        <line num="129" count="0" type="stmt"/>
        <line num="135" count="5" type="cond" truecount="1" falsecount="2"/>
        <line num="136" count="0" type="stmt"/>
        <line num="140" count="0" type="stmt"/>
        <line num="147" count="5" type="stmt"/>
        <line num="148" count="0" type="stmt"/>
        <line num="155" count="5" type="stmt"/>
        <line num="156" count="0" type="stmt"/>
        <line num="157" count="0" type="stmt"/>
        <line num="158" count="0" type="stmt"/>
        <line num="162" count="0" type="stmt"/>
        <line num="176" count="5" type="stmt"/>
        <line num="177" count="0" type="stmt"/>
        <line num="178" count="0" type="stmt"/>
        <line num="179" count="0" type="stmt"/>
        <line num="180" count="0" type="stmt"/>
        <line num="191" count="5" type="stmt"/>
        <line num="192" count="0" type="stmt"/>
        <line num="193" count="0" type="stmt"/>
        <line num="194" count="0" type="stmt"/>
        <line num="207" count="0" type="stmt"/>
        <line num="214" count="5" type="stmt"/>
        <line num="215" count="0" type="stmt"/>
        <line num="216" count="0" type="stmt"/>
        <line num="247" count="0" type="stmt"/>
        <line num="255" count="0" type="stmt"/>
        <line num="271" count="5" type="stmt"/>
        <line num="272" count="0" type="stmt"/>
        <line num="273" count="0" type="stmt"/>
        <line num="274" count="0" type="stmt"/>
        <line num="275" count="0" type="stmt"/>
        <line num="276" count="0" type="stmt"/>
        <line num="293" count="5" type="cond" truecount="3" falsecount="0"/>
        <line num="295" count="5" type="stmt"/>
        <line num="296" count="5" type="stmt"/>
        <line num="302" count="5" type="stmt"/>
        <line num="304" count="0" type="stmt"/>
        <line num="305" count="0" type="stmt"/>
        <line num="306" count="0" type="stmt"/>
        <line num="308" count="5" type="cond" truecount="0" falsecount="1"/>
        <line num="309" count="0" type="stmt"/>
        <line num="310" count="0" type="stmt"/>
        <line num="317" count="5" type="stmt"/>
        <line num="325" count="5" type="cond" truecount="1" falsecount="0"/>
        <line num="326" count="5" type="stmt"/>
        <line num="327" count="0" type="stmt"/>
        <line num="328" count="0" type="cond" truecount="0" falsecount="3"/>
        <line num="329" count="0" type="stmt"/>
        <line num="337" count="5" type="stmt"/>
        <line num="352" count="6" type="stmt"/>
        <line num="353" count="6" type="stmt"/>
        <line num="354" count="7" type="stmt"/>
        <line num="355" count="7" type="stmt"/>
        <line num="358" count="6" type="stmt"/>
        <line num="359" count="6" type="cond" truecount="0" falsecount="1"/>
        <line num="360" count="0" type="stmt"/>
        <line num="364" count="6" type="stmt"/>
        <line num="365" count="7" type="cond" truecount="1" falsecount="1"/>
        <line num="366" count="7" type="cond" truecount="1" falsecount="2"/>
        <line num="367" count="0" type="stmt"/>
        <line num="368" count="0" type="stmt"/>
        <line num="370" count="7" type="stmt"/>
        <line num="372" count="6" type="cond" truecount="0" falsecount="1"/>
        <line num="373" count="0" type="stmt"/>
        <line num="375" count="6" type="stmt"/>
        <line num="380" count="6" type="stmt"/>
        <line num="381" count="6" type="stmt"/>
        <line num="385" count="0" type="stmt"/>
        <line num="389" count="0" type="stmt"/>
        <line num="390" count="0" type="cond" truecount="0" falsecount="3"/>
        <line num="394" count="6" type="cond" truecount="1" falsecount="0"/>
        <line num="395" count="0" type="stmt"/>
        <line num="396" count="0" type="stmt"/>
        <line num="397" count="0" type="cond" truecount="0" falsecount="1"/>
        <line num="398" count="0" type="stmt"/>
        <line num="400" count="0" type="stmt"/>
        <line num="404" count="0" type="stmt"/>
        <line num="408" count="0" type="stmt"/>
        <line num="412" count="0" type="stmt"/>
        <line num="416" count="0" type="stmt"/>
        <line num="420" count="0" type="stmt"/>
        <line num="424" count="0" type="stmt"/>
        <line num="428" count="0" type="stmt"/>
        <line num="432" count="0" type="stmt"/>
        <line num="436" count="0" type="stmt"/>
        <line num="440" count="0" type="stmt"/>
        <line num="444" count="0" type="stmt"/>
        <line num="448" count="0" type="stmt"/>
        <line num="452" count="0" type="stmt"/>
        <line num="456" count="0" type="stmt"/>
        <line num="460" count="0" type="stmt"/>
        <line num="464" count="0" type="stmt"/>
        <line num="472" count="0" type="stmt"/>
        <line num="483" count="0" type="stmt"/>
        <line num="490" count="0" type="stmt"/>
        <line num="491" count="0" type="stmt"/>
        <line num="500" count="7" type="cond" truecount="4" falsecount="21"/>
        <line num="502" count="1" type="stmt"/>
        <line num="505" count="3" type="stmt"/>
        <line num="508" count="1" type="stmt"/>
        <line num="511" count="0" type="stmt"/>
        <line num="514" count="0" type="stmt"/>
        <line num="517" count="0" type="stmt"/>
        <line num="520" count="0" type="stmt"/>
        <line num="523" count="0" type="stmt"/>
        <line num="526" count="0" type="stmt"/>
        <line num="529" count="0" type="stmt"/>
        <line num="532" count="0" type="stmt"/>
        <line num="535" count="0" type="stmt"/>
        <line num="538" count="0" type="cond" truecount="0" falsecount="2"/>
        <line num="541" count="0" type="stmt"/>
        <line num="544" count="0" type="stmt"/>
        <line num="547" count="0" type="stmt"/>
        <line num="550" count="0" type="cond" truecount="0" falsecount="1"/>
        <line num="551" count="0" type="stmt"/>
        <line num="554" count="0" type="stmt"/>
        <line num="557" count="0" type="stmt"/>
        <line num="560" count="0" type="stmt"/>
        <line num="563" count="0" type="stmt"/>
        <line num="566" count="0" type="stmt"/>
        <line num="569" count="0" type="stmt"/>
        <line num="570" count="0" type="cond" truecount="0" falsecount="2"/>
        <line num="576" count="2" type="stmt"/>
        <line num="579" count="0" type="cond" truecount="0" falsecount="1"/>
        <line num="580" count="0" type="stmt"/>
        <line num="585" count="0" type="stmt"/>
        <line num="588" count="0" type="stmt"/>
        <line num="597" count="11" type="stmt"/>
        <line num="601" count="0" type="cond" truecount="0" falsecount="6"/>
        <line num="602" count="0" type="stmt"/>
        <line num="603" count="0" type="stmt"/>
        <line num="604" count="0" type="stmt"/>
        <line num="605" count="0" type="stmt"/>
        <line num="606" count="0" type="stmt"/>
        <line num="607" count="0" type="stmt"/>
        <line num="619" count="0" type="stmt"/>
        <line num="642" count="1" type="stmt"/>
        <line num="646" count="7" type="stmt"/>
        <line num="647" count="7" type="cond" truecount="1" falsecount="0"/>
        <line num="648" count="7" type="stmt"/>
        <line num="652" count="0" type="stmt"/>
        <line num="653" count="0" type="cond" truecount="0" falsecount="1"/>
        <line num="655" count="0" type="stmt"/>
        <line num="656" count="0" type="stmt"/>
        <line num="659" count="0" type="cond" truecount="0" falsecount="1"/>
        <line num="664" count="0" type="stmt"/>
        <line num="666" count="0" type="stmt"/>
        <line num="669" count="0" type="stmt"/>
        <line num="673" count="0" type="cond" truecount="0" falsecount="11"/>
        <line num="675" count="0" type="stmt"/>
        <line num="677" count="0" type="stmt"/>
        <line num="679" count="0" type="stmt"/>
        <line num="681" count="0" type="stmt"/>
        <line num="683" count="0" type="stmt"/>
        <line num="685" count="0" type="stmt"/>
        <line num="687" count="0" type="stmt"/>
        <line num="689" count="0" type="stmt"/>
        <line num="691" count="0" type="stmt"/>
        <line num="693" count="0" type="stmt"/>
        <line num="695" count="0" type="stmt"/>
      </file>
      <file name="sourcemap.ts" path="/Users/yuzhe/projects/redscript/src/emit/sourcemap.ts">
        <metrics statements="37" coveredstatements="5" conditionals="8" coveredconditionals="0" methods="11" coveredmethods="0"/>
        <line num="34" count="1" type="stmt"/>
        <line num="36" count="0" type="stmt"/>
        <line num="37" count="0" type="stmt"/>
        <line num="38" count="0" type="stmt"/>
        <line num="39" count="0" type="stmt"/>
        <line num="42" count="0" type="stmt"/>
        <line num="46" count="0" type="stmt"/>
        <line num="47" count="0" type="cond" truecount="0" falsecount="1"/>
        <line num="48" count="0" type="stmt"/>
        <line num="57" count="0" type="cond" truecount="0" falsecount="1"/>
        <line num="58" count="0" type="stmt"/>
        <line num="67" count="0" type="stmt"/>
        <line num="68" count="0" type="cond" truecount="0" falsecount="1"/>
        <line num="69" count="0" type="stmt"/>
        <line num="70" count="0" type="stmt"/>
        <line num="71" count="0" type="stmt"/>
        <line num="73" count="0" type="stmt"/>
        <line num="77" count="1" type="stmt"/>
        <line num="78" count="0" type="stmt"/>
        <line num="79" count="0" type="stmt"/>
        <line num="80" count="0" type="stmt"/>
        <line num="83" count="0" type="cond" truecount="0" falsecount="1"/>
        <line num="84" count="0" type="stmt"/>
        <line num="93" count="0" type="cond" truecount="0" falsecount="1"/>
        <line num="94" count="0" type="stmt"/>
        <line num="102" count="0" type="stmt"/>
        <line num="103" count="0" type="cond" truecount="0" falsecount="1"/>
        <line num="104" count="0" type="stmt"/>
        <line num="105" count="0" type="stmt"/>
        <line num="106" count="0" type="stmt"/>
        <line num="108" count="0" type="stmt"/>
        <line num="112" count="1" type="stmt"/>
        <line num="113" count="0" type="stmt"/>
        <line num="116" count="1" type="stmt"/>
        <line num="117" count="0" type="stmt"/>
        <line num="120" count="1" type="stmt"/>
        <line num="121" count="0" type="stmt"/>
      </file>
    </package>
    <package name="src.events">
      <metrics statements="15" coveredstatements="11" conditionals="14" coveredconditionals="1" methods="4" coveredmethods="4"/>
      <file name="types.ts" path="/Users/yuzhe/projects/redscript/src/events/types.ts">
        <metrics statements="15" coveredstatements="11" conditionals="14" coveredconditionals="1" methods="4" coveredmethods="4"/>
        <line num="3" count="4" type="stmt"/>
        <line num="41" count="4" type="stmt"/>
        <line num="42" count="10" type="stmt"/>
        <line num="45" count="4" type="stmt"/>
        <line num="46" count="8" type="stmt"/>
        <line num="50" count="8" type="stmt"/>
        <line num="51" count="8" type="cond" truecount="0" falsecount="1"/>
        <line num="52" count="0" type="stmt"/>
        <line num="55" count="8" type="stmt"/>
        <line num="56" count="8" type="stmt"/>
        <line num="63" count="8" type="cond" truecount="1" falsecount="0"/>
        <line num="64" count="8" type="stmt"/>
        <line num="67" count="0" type="cond" truecount="0" falsecount="12"/>
        <line num="68" count="0" type="stmt"/>
        <line num="71" count="0" type="stmt"/>
      </file>
    </package>
    <package name="src.hir">
      <metrics statements="439" coveredstatements="45" conditionals="280" coveredconditionals="24" methods="58" coveredmethods="12"/>
      <file name="deprecated.ts" path="/Users/yuzhe/projects/redscript/src/hir/deprecated.ts">
        <metrics statements="117" coveredstatements="11" conditionals="54" coveredconditionals="1" methods="6" coveredmethods="3"/>
        <line num="15" count="5" type="stmt"/>
        <line num="16" count="5" type="stmt"/>
        <line num="17" count="6" type="stmt"/>
        <line num="18" count="6" type="cond" truecount="0" falsecount="1"/>
        <line num="19" count="0" type="stmt"/>
        <line num="23" count="5" type="stmt"/>
        <line num="24" count="0" type="stmt"/>
        <line num="25" count="0" type="stmt"/>
        <line num="26" count="0" type="cond" truecount="0" falsecount="1"/>
        <line num="27" count="0" type="stmt"/>
        <line num="31" count="5" type="stmt"/>
        <line num="35" count="6" type="stmt"/>
        <line num="36" count="0" type="cond" truecount="0" falsecount="1"/>
        <line num="37" count="0" type="cond" truecount="0" falsecount="2"/>
        <line num="40" count="6" type="stmt"/>
        <line num="48" count="1" type="stmt"/>
        <line num="49" count="5" type="stmt"/>
        <line num="50" count="5" type="cond" truecount="1" falsecount="0"/>
        <line num="52" count="0" type="stmt"/>
        <line num="54" count="0" type="stmt"/>
        <line num="55" count="0" type="stmt"/>
        <line num="57" count="0" type="stmt"/>
        <line num="58" count="0" type="stmt"/>
        <line num="59" count="0" type="stmt"/>
        <line num="63" count="0" type="stmt"/>
        <line num="67" count="0" type="stmt"/>
        <line num="68" count="0" type="stmt"/>
        <line num="73" count="0" type="cond" truecount="0" falsecount="9"/>
        <line num="76" count="0" type="stmt"/>
        <line num="77" count="0" type="stmt"/>
        <line num="79" count="0" type="stmt"/>
        <line num="80" count="0" type="stmt"/>
        <line num="82" count="0" type="cond" truecount="0" falsecount="1"/>
        <line num="83" count="0" type="stmt"/>
        <line num="85" count="0" type="stmt"/>
        <line num="86" count="0" type="stmt"/>
        <line num="87" count="0" type="cond" truecount="0" falsecount="1"/>
        <line num="88" count="0" type="stmt"/>
        <line num="90" count="0" type="stmt"/>
        <line num="91" count="0" type="stmt"/>
        <line num="92" count="0" type="cond" truecount="0" falsecount="1"/>
        <line num="93" count="0" type="stmt"/>
        <line num="95" count="0" type="stmt"/>
        <line num="96" count="0" type="stmt"/>
        <line num="97" count="0" type="stmt"/>
        <line num="99" count="0" type="stmt"/>
        <line num="100" count="0" type="stmt"/>
        <line num="101" count="0" type="stmt"/>
        <line num="103" count="0" type="stmt"/>
        <line num="106" count="0" type="stmt"/>
        <line num="111" count="0" type="cond" truecount="0" falsecount="22"/>
        <line num="114" count="0" type="cond" truecount="0" falsecount="1"/>
        <line num="115" count="0" type="stmt"/>
        <line num="116" count="0" type="cond" truecount="0" falsecount="2"/>
        <line num="117" count="0" type="cond" truecount="0" falsecount="2"/>
        <line num="118" count="0" type="stmt"/>
        <line num="120" count="0" type="stmt"/>
        <line num="121" count="0" type="stmt"/>
        <line num="124" count="0" type="stmt"/>
        <line num="125" count="0" type="cond" truecount="0" falsecount="1"/>
        <line num="126" count="0" type="stmt"/>
        <line num="127" count="0" type="cond" truecount="0" falsecount="2"/>
        <line num="128" count="0" type="cond" truecount="0" falsecount="2"/>
        <line num="129" count="0" type="stmt"/>
        <line num="131" count="0" type="stmt"/>
        <line num="132" count="0" type="stmt"/>
        <line num="135" count="0" type="stmt"/>
        <line num="136" count="0" type="stmt"/>
        <line num="137" count="0" type="stmt"/>
        <line num="139" count="0" type="stmt"/>
        <line num="140" count="0" type="stmt"/>
        <line num="141" count="0" type="stmt"/>
        <line num="143" count="0" type="stmt"/>
        <line num="144" count="0" type="stmt"/>
        <line num="146" count="0" type="stmt"/>
        <line num="147" count="0" type="stmt"/>
        <line num="149" count="0" type="stmt"/>
        <line num="150" count="0" type="stmt"/>
        <line num="152" count="0" type="stmt"/>
        <line num="153" count="0" type="stmt"/>
        <line num="155" count="0" type="stmt"/>
        <line num="156" count="0" type="stmt"/>
        <line num="157" count="0" type="stmt"/>
        <line num="159" count="0" type="stmt"/>
        <line num="160" count="0" type="stmt"/>
        <line num="161" count="0" type="stmt"/>
        <line num="162" count="0" type="stmt"/>
        <line num="164" count="0" type="stmt"/>
        <line num="165" count="0" type="stmt"/>
        <line num="167" count="0" type="stmt"/>
        <line num="168" count="0" type="stmt"/>
        <line num="169" count="0" type="stmt"/>
        <line num="171" count="0" type="stmt"/>
        <line num="172" count="0" type="stmt"/>
        <line num="174" count="0" type="stmt"/>
        <line num="175" count="0" type="stmt"/>
        <line num="177" count="0" type="stmt"/>
        <line num="178" count="0" type="cond" truecount="0" falsecount="1"/>
        <line num="180" count="0" type="stmt"/>
        <line num="182" count="0" type="stmt"/>
        <line num="183" count="0" type="cond" truecount="0" falsecount="1"/>
        <line num="185" count="0" type="stmt"/>
        <line num="187" count="0" type="stmt"/>
        <line num="188" count="0" type="stmt"/>
        <line num="190" count="0" type="stmt"/>
        <line num="191" count="0" type="stmt"/>
        <line num="192" count="0" type="stmt"/>
        <line num="194" count="0" type="stmt"/>
        <line num="195" count="0" type="cond" truecount="0" falsecount="2"/>
        <line num="196" count="0" type="stmt"/>
        <line num="198" count="0" type="stmt"/>
        <line num="200" count="0" type="stmt"/>
        <line num="203" count="0" type="stmt"/>
        <line num="204" count="0" type="stmt"/>
        <line num="206" count="0" type="stmt"/>
        <line num="207" count="0" type="stmt"/>
        <line num="210" count="0" type="stmt"/>
      </file>
      <file name="lower.ts" path="/Users/yuzhe/projects/redscript/src/hir/lower.ts">
        <metrics statements="154" coveredstatements="23" conditionals="98" coveredconditionals="21" methods="20" coveredmethods="6"/>
        <line num="23" count="1" type="stmt"/>
        <line num="29" count="1" type="stmt"/>
        <line num="30" count="5" type="stmt"/>
        <line num="33" count="0" type="stmt"/>
        <line num="38" count="5" type="stmt"/>
        <line num="43" count="0" type="stmt"/>
        <line num="49" count="0" type="stmt"/>
        <line num="51" count="0" type="stmt"/>
        <line num="54" count="0" type="stmt"/>
        <line num="69" count="0" type="cond" truecount="0" falsecount="6"/>
        <line num="70" count="0" type="stmt"/>
        <line num="71" count="0" type="stmt"/>
        <line num="72" count="0" type="stmt"/>
        <line num="73" count="0" type="stmt"/>
        <line num="74" count="0" type="stmt"/>
        <line num="75" count="0" type="stmt"/>
        <line num="84" count="0" type="stmt"/>
        <line num="94" count="6" type="stmt"/>
        <line num="110" count="2" type="stmt"/>
        <line num="122" count="6" type="stmt"/>
        <line num="123" count="6" type="stmt"/>
        <line num="124" count="6" type="stmt"/>
        <line num="126" count="6" type="cond" truecount="1" falsecount="1"/>
        <line num="127" count="0" type="stmt"/>
        <line num="129" count="6" type="stmt"/>
        <line num="132" count="6" type="stmt"/>
        <line num="136" count="6" type="cond" truecount="2" falsecount="26"/>
        <line num="138" count="4" type="stmt"/>
        <line num="141" count="0" type="stmt"/>
        <line num="144" count="0" type="stmt"/>
        <line num="147" count="0" type="stmt"/>
        <line num="150" count="2" type="cond" truecount="1" falsecount="1"/>
        <line num="153" count="0" type="stmt"/>
        <line num="156" count="0" type="stmt"/>
        <line num="159" count="0" type="stmt"/>
        <line num="162" count="0" type="stmt"/>
        <line num="168" count="0" type="stmt"/>
        <line num="169" count="0" type="cond" truecount="0" falsecount="1"/>
        <line num="171" count="0" type="stmt"/>
        <line num="172" count="0" type="stmt"/>
        <line num="173" count="0" type="stmt"/>
        <line num="174" count="0" type="stmt"/>
        <line num="176" count="0" type="stmt"/>
        <line num="180" count="0" type="stmt"/>
        <line num="189" count="0" type="stmt"/>
        <line num="193" count="0" type="stmt"/>
        <line num="195" count="0" type="cond" truecount="0" falsecount="1"/>
        <line num="196" count="0" type="stmt"/>
        <line num="197" count="0" type="cond" truecount="0" falsecount="2"/>
        <line num="198" count="0" type="stmt"/>
        <line num="201" count="0" type="stmt"/>
        <line num="202" count="0" type="stmt"/>
        <line num="203" count="0" type="stmt"/>
        <line num="204" count="0" type="stmt"/>
        <line num="209" count="0" type="stmt"/>
        <line num="210" count="0" type="stmt"/>
        <line num="217" count="0" type="stmt"/>
        <line num="219" count="0" type="stmt"/>
        <line num="232" count="0" type="stmt"/>
        <line num="244" count="0" type="stmt"/>
        <line num="249" count="0" type="stmt"/>
        <line num="250" count="0" type="stmt"/>
        <line num="257" count="0" type="stmt"/>
        <line num="268" count="0" type="stmt"/>
        <line num="282" count="0" type="stmt"/>
        <line num="283" count="0" type="stmt"/>
        <line num="284" count="0" type="stmt"/>
        <line num="296" count="0" type="stmt"/>
        <line num="302" count="0" type="stmt"/>
        <line num="303" count="0" type="stmt"/>
        <line num="304" count="0" type="stmt"/>
        <line num="305" count="0" type="stmt"/>
        <line num="308" count="0" type="stmt"/>
        <line num="321" count="0" type="stmt"/>
        <line num="330" count="0" type="stmt"/>
        <line num="343" count="0" type="stmt"/>
        <line num="358" count="0" type="stmt"/>
        <line num="359" count="0" type="stmt"/>
        <line num="361" count="0" type="stmt"/>
        <line num="373" count="0" type="stmt"/>
        <line num="377" count="0" type="stmt"/>
        <line num="387" count="0" type="stmt"/>
        <line num="390" count="0" type="stmt"/>
        <line num="399" count="0" type="stmt"/>
        <line num="408" count="0" type="stmt"/>
        <line num="417" count="0" type="stmt"/>
        <line num="428" count="0" type="stmt"/>
        <line num="436" count="0" type="stmt"/>
        <line num="439" count="0" type="stmt"/>
        <line num="453" count="0" type="stmt"/>
        <line num="454" count="0" type="stmt"/>
        <line num="455" count="0" type="stmt"/>
        <line num="461" count="0" type="stmt"/>
        <line num="466" count="0" type="stmt"/>
        <line num="467" count="0" type="stmt"/>
        <line num="468" count="0" type="stmt"/>
        <line num="475" count="0" type="stmt"/>
        <line num="476" count="0" type="stmt"/>
        <line num="489" count="0" type="stmt"/>
        <line num="501" count="0" type="stmt"/>
        <line num="505" count="0" type="stmt"/>
        <line num="514" count="0" type="stmt"/>
        <line num="515" count="0" type="stmt"/>
        <line num="526" count="0" type="stmt"/>
        <line num="534" count="1" type="stmt"/>
        <line num="537" count="1" type="stmt"/>
        <line num="540" count="1" type="stmt"/>
        <line num="549" count="10" type="cond" truecount="16" falsecount="23"/>
        <line num="564" count="4" type="stmt"/>
        <line num="567" count="4" type="stmt"/>
        <line num="570" count="0" type="stmt"/>
        <line num="573" count="0" type="stmt"/>
        <line num="576" count="0" type="stmt"/>
        <line num="578" count="0" type="stmt"/>
        <line num="583" count="0" type="stmt"/>
        <line num="585" count="0" type="cond" truecount="0" falsecount="2"/>
        <line num="590" count="0" type="stmt"/>
        <line num="591" count="0" type="cond" truecount="0" falsecount="2"/>
        <line num="595" count="0" type="stmt"/>
        <line num="600" count="1" type="stmt"/>
        <line num="609" count="0" type="stmt"/>
        <line num="612" count="0" type="stmt"/>
        <line num="616" count="0" type="cond" truecount="0" falsecount="1"/>
        <line num="617" count="0" type="stmt"/>
        <line num="618" count="0" type="stmt"/>
        <line num="631" count="0" type="stmt"/>
        <line num="635" count="0" type="cond" truecount="0" falsecount="1"/>
        <line num="636" count="0" type="stmt"/>
        <line num="637" count="0" type="stmt"/>
        <line num="638" count="0" type="stmt"/>
        <line num="652" count="0" type="stmt"/>
        <line num="661" count="0" type="stmt"/>
        <line num="664" count="0" type="stmt"/>
        <line num="668" count="0" type="cond" truecount="0" falsecount="1"/>
        <line num="669" count="0" type="stmt"/>
        <line num="670" count="0" type="stmt"/>
        <line num="671" count="0" type="stmt"/>
        <line num="672" count="0" type="stmt"/>
        <line num="687" count="0" type="stmt"/>
        <line num="697" count="1" type="stmt"/>
        <line num="700" count="0" type="stmt"/>
        <line num="703" count="0" type="stmt"/>
        <line num="712" count="0" type="stmt"/>
        <line num="715" count="0" type="stmt"/>
        <line num="719" count="0" type="stmt"/>
        <line num="724" count="0" type="stmt"/>
        <line num="727" count="0" type="stmt"/>
        <line num="730" count="0" type="stmt"/>
        <line num="733" count="0" type="stmt"/>
        <line num="736" count="0" type="stmt"/>
        <line num="739" count="0" type="cond" truecount="0" falsecount="2"/>
        <line num="740" count="0" type="stmt"/>
        <line num="750" count="0" type="stmt"/>
        <line num="751" count="0" type="stmt"/>
      </file>
      <file name="monomorphize.ts" path="/Users/yuzhe/projects/redscript/src/hir/monomorphize.ts">
        <metrics statements="168" coveredstatements="11" conditionals="128" coveredconditionals="2" methods="32" coveredmethods="3"/>
        <line num="31" count="1" type="stmt"/>
        <line num="32" count="5" type="stmt"/>
        <line num="33" count="5" type="stmt"/>
        <line num="42" count="0" type="cond" truecount="0" falsecount="7"/>
        <line num="43" count="0" type="stmt"/>
        <line num="44" count="0" type="stmt"/>
        <line num="45" count="0" type="stmt"/>
        <line num="46" count="0" type="stmt"/>
        <line num="47" count="0" type="stmt"/>
        <line num="48" count="0" type="stmt"/>
        <line num="49" count="0" type="stmt"/>
        <line num="55" count="0" type="stmt"/>
        <line num="60" count="0" type="stmt"/>
        <line num="61" count="0" type="stmt"/>
        <line num="62" count="0" type="stmt"/>
        <line num="64" count="0" type="stmt"/>
        <line num="70" count="0" type="cond" truecount="0" falsecount="6"/>
        <line num="72" count="0" type="stmt"/>
        <line num="73" count="0" type="cond" truecount="0" falsecount="1"/>
        <line num="74" count="0" type="stmt"/>
        <line num="77" count="0" type="stmt"/>
        <line num="79" count="0" type="stmt"/>
        <line num="81" count="0" type="stmt"/>
        <line num="83" count="0" type="stmt"/>
        <line num="85" count="0" type="stmt"/>
        <line num="104" count="5" type="stmt"/>
        <line num="106" count="5" type="stmt"/>
        <line num="108" count="5" type="stmt"/>
        <line num="111" count="5" type="stmt"/>
        <line num="116" count="5" type="stmt"/>
        <line num="117" count="6" type="cond" truecount="1" falsecount="2"/>
        <line num="118" count="0" type="stmt"/>
        <line num="122" count="5" type="cond" truecount="1" falsecount="0"/>
        <line num="124" count="5" type="stmt"/>
        <line num="128" count="0" type="stmt"/>
        <line num="129" count="0" type="stmt"/>
        <line num="130" count="0" type="cond" truecount="0" falsecount="3"/>
        <line num="132" count="0" type="stmt"/>
        <line num="134" count="0" type="stmt"/>
        <line num="135" count="0" type="stmt"/>
        <line num="139" count="0" type="stmt"/>
        <line num="140" count="0" type="stmt"/>
        <line num="141" count="0" type="stmt"/>
        <line num="142" count="0" type="cond" truecount="0" falsecount="1"/>
        <line num="144" count="0" type="stmt"/>
        <line num="145" count="0" type="stmt"/>
        <line num="146" count="0" type="stmt"/>
        <line num="150" count="0" type="stmt"/>
        <line num="151" count="0" type="cond" truecount="0" falsecount="1"/>
        <line num="154" count="0" type="stmt"/>
        <line num="158" count="0" type="stmt"/>
        <line num="163" count="0" type="stmt"/>
        <line num="164" count="0" type="stmt"/>
        <line num="167" count="0" type="stmt"/>
        <line num="168" count="0" type="stmt"/>
        <line num="169" count="0" type="stmt"/>
        <line num="170" count="0" type="stmt"/>
        <line num="171" count="0" type="stmt"/>
        <line num="178" count="0" type="stmt"/>
        <line num="179" count="0" type="stmt"/>
        <line num="181" count="0" type="stmt"/>
        <line num="196" count="0" type="stmt"/>
        <line num="198" count="0" type="stmt"/>
        <line num="199" count="0" type="stmt"/>
        <line num="201" count="0" type="stmt"/>
        <line num="203" count="0" type="stmt"/>
        <line num="213" count="0" type="stmt"/>
        <line num="214" count="0" type="stmt"/>
        <line num="215" count="0" type="stmt"/>
        <line num="216" count="0" type="stmt"/>
        <line num="218" count="0" type="stmt"/>
        <line num="222" count="0" type="stmt"/>
        <line num="223" count="0" type="cond" truecount="0" falsecount="18"/>
        <line num="225" count="0" type="stmt"/>
        <line num="226" count="0" type="cond" truecount="0" falsecount="2"/>
        <line num="228" count="0" type="cond" truecount="0" falsecount="2"/>
        <line num="230" count="0" type="stmt"/>
        <line num="231" count="0" type="cond" truecount="0" falsecount="1"/>
        <line num="233" count="0" type="stmt"/>
        <line num="236" count="0" type="cond" truecount="0" falsecount="2"/>
        <line num="238" count="0" type="stmt"/>
        <line num="240" count="0" type="cond" truecount="0" falsecount="2"/>
        <line num="242" count="0" type="stmt"/>
        <line num="249" count="0" type="stmt"/>
        <line num="256" count="0" type="stmt"/>
        <line num="258" count="0" type="stmt"/>
        <line num="263" count="0" type="cond" truecount="0" falsecount="2"/>
        <line num="264" count="0" type="stmt"/>
        <line num="266" count="0" type="stmt"/>
        <line num="268" count="0" type="stmt"/>
        <line num="272" count="0" type="stmt"/>
        <line num="274" count="0" type="stmt"/>
        <line num="281" count="0" type="stmt"/>
        <line num="287" count="0" type="stmt"/>
        <line num="291" count="0" type="stmt"/>
        <line num="294" count="0" type="stmt"/>
        <line num="296" count="0" type="stmt"/>
        <line num="297" count="0" type="stmt"/>
        <line num="303" count="0" type="stmt"/>
        <line num="304" count="0" type="cond" truecount="0" falsecount="21"/>
        <line num="306" count="0" type="stmt"/>
        <line num="308" count="0" type="stmt"/>
        <line num="309" count="0" type="stmt"/>
        <line num="310" count="0" type="cond" truecount="0" falsecount="4"/>
        <line num="312" count="0" type="cond" truecount="0" falsecount="2"/>
        <line num="313" count="0" type="cond" truecount="0" falsecount="1"/>
        <line num="314" count="0" type="stmt"/>
        <line num="315" count="0" type="cond" truecount="0" falsecount="1"/>
        <line num="317" count="0" type="stmt"/>
        <line num="319" count="0" type="stmt"/>
        <line num="320" count="0" type="stmt"/>
        <line num="323" count="0" type="stmt"/>
        <line num="326" count="0" type="stmt"/>
        <line num="328" count="0" type="stmt"/>
        <line num="330" count="0" type="stmt"/>
        <line num="332" count="0" type="stmt"/>
        <line num="334" count="0" type="stmt"/>
        <line num="336" count="0" type="stmt"/>
        <line num="338" count="0" type="stmt"/>
        <line num="340" count="0" type="stmt"/>
        <line num="342" count="0" type="stmt"/>
        <line num="344" count="0" type="stmt"/>
        <line num="346" count="0" type="stmt"/>
        <line num="348" count="0" type="stmt"/>
        <line num="350" count="0" type="cond" truecount="0" falsecount="2"/>
        <line num="352" count="0" type="stmt"/>
        <line num="354" count="0" type="cond" truecount="0" falsecount="2"/>
        <line num="357" count="0" type="stmt"/>
        <line num="360" count="0" type="cond" truecount="0" falsecount="2"/>
        <line num="364" count="0" type="stmt"/>
        <line num="366" count="0" type="stmt"/>
        <line num="368" count="0" type="stmt"/>
        <line num="371" count="0" type="stmt"/>
        <line num="383" count="0" type="stmt"/>
        <line num="384" count="0" type="stmt"/>
        <line num="386" count="0" type="cond" truecount="0" falsecount="2"/>
        <line num="387" count="0" type="stmt"/>
        <line num="388" count="0" type="stmt"/>
        <line num="389" count="0" type="cond" truecount="0" falsecount="1"/>
        <line num="390" count="0" type="stmt"/>
        <line num="395" count="0" type="cond" truecount="0" falsecount="1"/>
        <line num="396" count="0" type="stmt"/>
        <line num="398" count="0" type="stmt"/>
        <line num="403" count="0" type="cond" truecount="0" falsecount="3"/>
        <line num="405" count="0" type="cond" truecount="0" falsecount="1"/>
        <line num="406" count="0" type="stmt"/>
        <line num="408" count="0" type="stmt"/>
        <line num="410" count="0" type="cond" truecount="0" falsecount="3"/>
        <line num="411" count="0" type="stmt"/>
        <line num="412" count="0" type="stmt"/>
        <line num="414" count="0" type="cond" truecount="0" falsecount="3"/>
        <line num="415" count="0" type="cond" truecount="0" falsecount="2"/>
        <line num="416" count="0" type="stmt"/>
        <line num="423" count="0" type="cond" truecount="0" falsecount="12"/>
        <line num="424" count="0" type="stmt"/>
        <line num="425" count="0" type="stmt"/>
        <line num="426" count="0" type="stmt"/>
        <line num="427" count="0" type="stmt"/>
        <line num="428" count="0" type="stmt"/>
        <line num="429" count="0" type="stmt"/>
        <line num="430" count="0" type="stmt"/>
        <line num="431" count="0" type="stmt"/>
        <line num="432" count="0" type="cond" truecount="0" falsecount="2"/>
        <line num="435" count="0" type="stmt"/>
        <line num="438" count="0" type="stmt"/>
        <line num="439" count="0" type="cond" truecount="0" falsecount="1"/>
        <line num="440" count="0" type="stmt"/>
        <line num="442" count="0" type="stmt"/>
      </file>
    </package>
    <package name="src.lexer">
      <metrics statements="358" coveredstatements="214" conditionals="198" coveredconditionals="109" methods="15" coveredmethods="13"/>
      <file name="index.ts" path="/Users/yuzhe/projects/redscript/src/lexer/index.ts">
        <metrics statements="358" coveredstatements="214" conditionals="198" coveredconditionals="109" methods="15" coveredmethods="13"/>
        <line num="9" count="4" type="stmt"/>
        <line num="67" count="4" type="stmt"/>
        <line num="112" count="4" type="stmt"/>
        <line num="118" count="4" type="stmt"/>
        <line num="121" count="197" type="stmt"/>
        <line num="122" count="197" type="stmt"/>
        <line num="123" count="197" type="stmt"/>
        <line num="124" count="197" type="stmt"/>
        <line num="128" count="197" type="stmt"/>
        <line num="129" count="197" type="stmt"/>
        <line num="130" count="197" type="stmt"/>
        <line num="134" count="0" type="stmt"/>
        <line num="143" count="197" type="stmt"/>
        <line num="144" count="8850" type="stmt"/>
        <line num="146" count="197" type="stmt"/>
        <line num="147" count="197" type="stmt"/>
        <line num="151" count="9773" type="stmt"/>
        <line num="155" count="9079" type="stmt"/>
        <line num="156" count="9079" type="cond" truecount="1" falsecount="0"/>
        <line num="157" count="9071" type="stmt"/>
        <line num="161" count="14161" type="stmt"/>
        <line num="162" count="14161" type="cond" truecount="2" falsecount="0"/>
        <line num="163" count="1029" type="stmt"/>
        <line num="164" count="1029" type="stmt"/>
        <line num="166" count="13132" type="stmt"/>
        <line num="168" count="14161" type="stmt"/>
        <line num="172" count="4389" type="stmt"/>
        <line num="176" count="8850" type="stmt"/>
        <line num="177" count="8850" type="stmt"/>
        <line num="179" count="8850" type="stmt"/>
        <line num="182" count="8850" type="cond" truecount="1" falsecount="0"/>
        <line num="185" count="4389" type="cond" truecount="1" falsecount="2"/>
        <line num="187" count="0" type="cond" truecount="0" falsecount="2"/>
        <line num="188" count="0" type="stmt"/>
        <line num="190" count="0" type="stmt"/>
        <line num="194" count="4389" type="cond" truecount="1" falsecount="2"/>
        <line num="195" count="0" type="stmt"/>
        <line num="196" count="0" type="stmt"/>
        <line num="197" count="0" type="cond" truecount="0" falsecount="3"/>
        <line num="198" count="0" type="stmt"/>
        <line num="199" count="0" type="stmt"/>
        <line num="200" count="0" type="stmt"/>
        <line num="202" count="0" type="stmt"/>
        <line num="204" count="0" type="stmt"/>
        <line num="208" count="4389" type="cond" truecount="3" falsecount="0"/>
        <line num="209" count="46" type="stmt"/>
        <line num="210" count="46" type="stmt"/>
        <line num="211" count="46" type="stmt"/>
        <line num="213" count="4343" type="cond" truecount="3" falsecount="0"/>
        <line num="214" count="28" type="stmt"/>
        <line num="215" count="28" type="stmt"/>
        <line num="216" count="28" type="stmt"/>
        <line num="218" count="4315" type="cond" truecount="3" falsecount="0"/>
        <line num="219" count="3" type="stmt"/>
        <line num="220" count="3" type="stmt"/>
        <line num="221" count="3" type="stmt"/>
        <line num="223" count="4312" type="cond" truecount="1" falsecount="2"/>
        <line num="224" count="0" type="stmt"/>
        <line num="225" count="0" type="stmt"/>
        <line num="226" count="0" type="stmt"/>
        <line num="228" count="4312" type="cond" truecount="2" falsecount="1"/>
        <line num="229" count="0" type="stmt"/>
        <line num="230" count="0" type="stmt"/>
        <line num="231" count="0" type="stmt"/>
        <line num="233" count="4312" type="cond" truecount="2" falsecount="1"/>
        <line num="234" count="0" type="stmt"/>
        <line num="235" count="0" type="stmt"/>
        <line num="236" count="0" type="stmt"/>
        <line num="238" count="4312" type="cond" truecount="1" falsecount="2"/>
        <line num="239" count="0" type="stmt"/>
        <line num="240" count="0" type="stmt"/>
        <line num="241" count="0" type="stmt"/>
        <line num="243" count="4312" type="cond" truecount="1" falsecount="2"/>
        <line num="244" count="0" type="stmt"/>
        <line num="245" count="0" type="stmt"/>
        <line num="246" count="0" type="stmt"/>
        <line num="248" count="4312" type="cond" truecount="2" falsecount="1"/>
        <line num="249" count="0" type="stmt"/>
        <line num="250" count="0" type="stmt"/>
        <line num="251" count="0" type="stmt"/>
        <line num="253" count="4312" type="cond" truecount="1" falsecount="2"/>
        <line num="254" count="0" type="stmt"/>
        <line num="255" count="0" type="stmt"/>
        <line num="256" count="0" type="stmt"/>
        <line num="258" count="4312" type="cond" truecount="2" falsecount="1"/>
        <line num="259" count="0" type="stmt"/>
        <line num="260" count="0" type="stmt"/>
        <line num="261" count="0" type="stmt"/>
        <line num="263" count="4312" type="cond" truecount="1" falsecount="2"/>
        <line num="264" count="0" type="stmt"/>
        <line num="265" count="0" type="stmt"/>
        <line num="266" count="0" type="stmt"/>
        <line num="268" count="4312" type="cond" truecount="1" falsecount="2"/>
        <line num="269" count="0" type="stmt"/>
        <line num="270" count="0" type="stmt"/>
        <line num="271" count="0" type="stmt"/>
        <line num="275" count="4312" type="cond" truecount="3" falsecount="0"/>
        <line num="276" count="18" type="stmt"/>
        <line num="277" count="18" type="stmt"/>
        <line num="278" count="18" type="stmt"/>
        <line num="282" count="4294" type="cond" truecount="2" falsecount="1"/>
        <line num="283" count="0" type="stmt"/>
        <line num="284" count="0" type="stmt"/>
        <line num="286" count="0" type="cond" truecount="0" falsecount="1"/>
        <line num="287" count="0" type="stmt"/>
        <line num="289" count="0" type="stmt"/>
        <line num="290" count="0" type="stmt"/>
        <line num="292" count="0" type="stmt"/>
        <line num="293" count="0" type="stmt"/>
        <line num="297" count="4294" type="cond" truecount="1" falsecount="0"/>
        <line num="298" count="7" type="stmt"/>
        <line num="300" count="7" type="cond" truecount="2" falsecount="1"/>
        <line num="301" count="0" type="stmt"/>
        <line num="304" count="7" type="stmt"/>
        <line num="305" count="8" type="stmt"/>
        <line num="308" count="7" type="cond" truecount="1" falsecount="2"/>
        <line num="309" count="0" type="stmt"/>
        <line num="310" count="0" type="stmt"/>
        <line num="311" count="0" type="stmt"/>
        <line num="315" count="7" type="cond" truecount="0" falsecount="1"/>
        <line num="316" count="0" type="stmt"/>
        <line num="317" count="0" type="stmt"/>
        <line num="318" count="0" type="stmt"/>
        <line num="321" count="0" type="stmt"/>
        <line num="323" count="7" type="stmt"/>
        <line num="324" count="7" type="stmt"/>
        <line num="328" count="4287" type="cond" truecount="0" falsecount="1"/>
        <line num="329" count="0" type="stmt"/>
        <line num="331" count="0" type="cond" truecount="0" falsecount="1"/>
        <line num="332" count="0" type="stmt"/>
        <line num="333" count="0" type="stmt"/>
        <line num="335" count="0" type="stmt"/>
        <line num="336" count="0" type="stmt"/>
        <line num="339" count="0" type="cond" truecount="0" falsecount="3"/>
        <line num="340" count="0" type="stmt"/>
        <line num="343" count="0" type="stmt"/>
        <line num="344" count="0" type="stmt"/>
        <line num="347" count="0" type="cond" truecount="0" falsecount="3"/>
        <line num="348" count="0" type="stmt"/>
        <line num="349" count="0" type="stmt"/>
        <line num="350" count="0" type="stmt"/>
        <line num="353" count="0" type="stmt"/>
        <line num="354" count="0" type="stmt"/>
        <line num="358" count="4287" type="stmt"/>
        <line num="360" count="4287" type="cond" truecount="1" falsecount="0"/>
        <line num="361" count="2336" type="stmt"/>
        <line num="362" count="2336" type="stmt"/>
        <line num="366" count="1951" type="cond" truecount="1" falsecount="0"/>
        <line num="367" count="69" type="stmt"/>
        <line num="368" count="69" type="stmt"/>
        <line num="372" count="1882" type="cond" truecount="3" falsecount="0"/>
        <line num="373" count="8" type="stmt"/>
        <line num="374" count="8" type="stmt"/>
        <line num="375" count="8" type="stmt"/>
        <line num="379" count="1874" type="cond" truecount="1" falsecount="0"/>
        <line num="380" count="45" type="cond" truecount="2" falsecount="2"/>
        <line num="381" count="0" type="stmt"/>
        <line num="382" count="0" type="stmt"/>
        <line num="383" count="0" type="stmt"/>
        <line num="385" count="45" type="stmt"/>
        <line num="387" count="45" type="stmt"/>
        <line num="391" count="1829" type="cond" truecount="0" falsecount="1"/>
        <line num="392" count="0" type="stmt"/>
        <line num="393" count="0" type="cond" truecount="0" falsecount="1"/>
        <line num="394" count="0" type="stmt"/>
        <line num="395" count="0" type="stmt"/>
        <line num="396" count="0" type="stmt"/>
        <line num="398" count="0" type="stmt"/>
        <line num="399" count="0" type="stmt"/>
        <line num="402" count="0" type="stmt"/>
        <line num="403" count="0" type="stmt"/>
        <line num="407" count="1829" type="cond" truecount="1" falsecount="0"/>
        <line num="408" count="185" type="stmt"/>
        <line num="409" count="185" type="stmt"/>
        <line num="413" count="1644" type="cond" truecount="1" falsecount="0"/>
        <line num="414" count="1644" type="stmt"/>
        <line num="415" count="1644" type="stmt"/>
        <line num="418" count="0" type="stmt"/>
        <line num="423" count="69" type="stmt"/>
        <line num="424" count="69" type="stmt"/>
        <line num="427" count="69" type="cond" truecount="3" falsecount="0"/>
        <line num="428" count="31" type="stmt"/>
        <line num="429" count="31" type="stmt"/>
        <line num="432" count="31" type="cond" truecount="1" falsecount="0"/>
        <line num="433" count="5" type="stmt"/>
        <line num="436" count="31" type="stmt"/>
        <line num="437" count="31" type="stmt"/>
        <line num="441" count="38" type="stmt"/>
        <line num="442" count="38" type="stmt"/>
        <line num="443" count="194" type="stmt"/>
        <line num="447" count="38" type="cond" truecount="1" falsecount="0"/>
        <line num="448" count="24" type="stmt"/>
        <line num="449" count="24" type="stmt"/>
        <line num="450" count="24" type="cond" truecount="2" falsecount="0"/>
        <line num="451" count="223" type="stmt"/>
        <line num="452" count="223" type="stmt"/>
        <line num="453" count="223" type="cond" truecount="0" falsecount="1"/>
        <line num="454" count="223" type="cond" truecount="1" falsecount="0"/>
        <line num="458" count="38" type="stmt"/>
        <line num="462" count="5" type="stmt"/>
        <line num="463" count="5" type="stmt"/>
        <line num="464" count="5" type="stmt"/>
        <line num="466" count="5" type="cond" truecount="2" falsecount="0"/>
        <line num="467" count="68" type="stmt"/>
        <line num="468" count="68" type="stmt"/>
        <line num="470" count="68" type="cond" truecount="1" falsecount="1"/>
        <line num="471" count="68" type="cond" truecount="1" falsecount="1"/>
        <line num="472" count="68" type="cond" truecount="2" falsecount="2"/>
        <line num="473" count="68" type="cond" truecount="3" falsecount="0"/>
        <line num="476" count="5" type="stmt"/>
        <line num="480" count="0" type="stmt"/>
        <line num="482" count="0" type="stmt"/>
        <line num="484" count="0" type="cond" truecount="0" falsecount="4"/>
        <line num="485" count="0" type="stmt"/>
        <line num="486" count="0" type="stmt"/>
        <line num="487" count="0" type="stmt"/>
        <line num="488" count="0" type="stmt"/>
        <line num="491" count="0" type="cond" truecount="0" falsecount="3"/>
        <line num="492" count="0" type="stmt"/>
        <line num="493" count="0" type="stmt"/>
        <line num="494" count="0" type="stmt"/>
        <line num="497" count="0" type="stmt"/>
        <line num="501" count="0" type="cond" truecount="0" falsecount="1"/>
        <line num="502" count="0" type="cond" truecount="0" falsecount="1"/>
        <line num="504" count="0" type="stmt"/>
        <line num="508" count="45" type="stmt"/>
        <line num="509" count="45" type="stmt"/>
        <line num="510" count="45" type="stmt"/>
        <line num="512" count="45" type="stmt"/>
        <line num="513" count="241" type="cond" truecount="3" falsecount="0"/>
        <line num="514" count="45" type="stmt"/>
        <line num="517" count="196" type="cond" truecount="1" falsecount="2"/>
        <line num="518" count="0" type="stmt"/>
        <line num="519" count="0" type="stmt"/>
        <line num="520" count="0" type="stmt"/>
        <line num="523" count="196" type="cond" truecount="4" falsecount="0"/>
        <line num="524" count="1" type="stmt"/>
        <line num="525" count="1" type="stmt"/>
        <line num="526" count="1" type="stmt"/>
        <line num="527" count="1" type="stmt"/>
        <line num="528" count="1" type="stmt"/>
        <line num="531" count="195" type="stmt"/>
        <line num="532" count="195" type="stmt"/>
        <line num="534" count="195" type="cond" truecount="1" falsecount="0"/>
        <line num="536" count="2" type="cond" truecount="0" falsecount="1"/>
        <line num="537" count="0" type="stmt"/>
        <line num="538" count="0" type="stmt"/>
        <line num="541" count="2" type="cond" truecount="0" falsecount="1"/>
        <line num="543" count="2" type="cond" truecount="0" falsecount="1"/>
        <line num="544" count="2" type="cond" truecount="1" falsecount="0"/>
        <line num="547" count="45" type="cond" truecount="0" falsecount="1"/>
        <line num="548" count="0" type="stmt"/>
        <line num="551" count="45" type="stmt"/>
        <line num="552" count="45" type="stmt"/>
        <line num="556" count="8" type="stmt"/>
        <line num="557" count="8" type="stmt"/>
        <line num="558" count="8" type="stmt"/>
        <line num="560" count="8" type="stmt"/>
        <line num="561" count="102" type="cond" truecount="3" falsecount="0"/>
        <line num="562" count="8" type="stmt"/>
        <line num="565" count="94" type="cond" truecount="1" falsecount="2"/>
        <line num="566" count="0" type="stmt"/>
        <line num="567" count="0" type="stmt"/>
        <line num="568" count="0" type="stmt"/>
        <line num="571" count="94" type="cond" truecount="3" falsecount="0"/>
        <line num="572" count="7" type="stmt"/>
        <line num="573" count="7" type="stmt"/>
        <line num="574" count="7" type="stmt"/>
        <line num="575" count="7" type="stmt"/>
        <line num="578" count="87" type="stmt"/>
        <line num="579" count="87" type="stmt"/>
[...]
        <line num="1154" count="0" type="stmt"/>
        <line num="1163" count="24" type="cond" truecount="1" falsecount="0"/>
        <line num="1164" count="1" type="stmt"/>
        <line num="1167" count="24" type="stmt"/>
        <line num="1168" count="34" type="stmt"/>
        <line num="1169" count="34" type="cond" truecount="1" falsecount="0"/>
        <line num="1170" count="2" type="stmt"/>
        <line num="1171" count="2" type="stmt"/>
        <line num="1173" count="32" type="stmt"/>
        <line num="1174" count="32" type="stmt"/>
        <line num="1175" count="32" type="cond" truecount="1" falsecount="0"/>
        <line num="1176" count="1" type="stmt"/>
        <line num="1185" count="8" type="stmt"/>
        <line num="1186" count="8" type="cond" truecount="0" falsecount="1"/>
        <line num="1187" count="0" type="stmt"/>
        <line num="1190" count="8" type="stmt"/>
        <line num="1191" count="8" type="cond" truecount="3" falsecount="0"/>
        <line num="1192" count="3" type="stmt"/>
        <line num="1195" count="5" type="cond" truecount="3" falsecount="0"/>
        <line num="1196" count="2" type="stmt"/>
        <line num="1204" count="18" type="cond" truecount="3" falsecount="0"/>
        <line num="1205" count="14" type="stmt"/>
        <line num="1209" count="18" type="cond" truecount="1" falsecount="0"/>
        <line num="1210" count="18" type="cond" truecount="1" falsecount="0"/>
        <line num="1211" count="4" type="stmt"/>
        <line num="1212" count="4" type="cond" truecount="1" falsecount="0"/>
        <line num="1213" count="1" type="stmt"/>
        <line num="1215" count="4" type="stmt"/>
        <line num="1218" count="14" type="stmt"/>
        <line num="1219" count="14" type="stmt"/>
        <line num="1220" count="14" type="cond" truecount="1" falsecount="0"/>
        <line num="1222" count="14" type="cond" truecount="2" falsecount="0"/>
        <line num="1223" count="9" type="stmt"/>
        <line num="1224" count="9" type="cond" truecount="3" falsecount="0"/>
        <line num="1225" count="1" type="stmt"/>
        <line num="1227" count="5" type="cond" truecount="2" falsecount="0"/>
        <line num="1228" count="2" type="cond" truecount="4" falsecount="0"/>
        <line num="1229" count="1" type="stmt"/>
        <line num="1231" count="3" type="cond" truecount="1" falsecount="0"/>
        <line num="1233" count="3" type="cond" truecount="1" falsecount="0"/>
        <line num="1235" count="3" type="cond" truecount="1" falsecount="0"/>
        <line num="1236" count="3" type="stmt"/>
        <line num="1248" count="10" type="cond" truecount="3" falsecount="0"/>
        <line num="1249" count="5" type="cond" truecount="2" falsecount="0"/>
        <line num="1250" count="2" type="stmt"/>
        <line num="1254" count="3" type="cond" truecount="1" falsecount="0"/>
        <line num="1255" count="2" type="stmt"/>
        <line num="1261" count="10" type="stmt"/>
        <line num="1262" count="10" type="cond" truecount="1" falsecount="0"/>
        <line num="1263" count="3" type="stmt"/>
        <line num="1264" count="3" type="stmt"/>
        <line num="1265" count="2" type="stmt"/>
        <line num="1267" count="3" type="stmt"/>
        <line num="1270" count="7" type="cond" truecount="1" falsecount="0"/>
        <line num="1271" count="2" type="stmt"/>
        <line num="1272" count="2" type="stmt"/>
        <line num="1275" count="5" type="stmt"/>
        <line num="1277" count="4" type="stmt"/>
        <line num="1284" count="17" type="cond" truecount="2" falsecount="0"/>
        <line num="1285" count="17" type="cond" truecount="2" falsecount="0"/>
        <line num="1286" count="17" type="stmt"/>
        <line num="1288" count="17" type="cond" truecount="2" falsecount="1"/>
        <line num="1289" count="0" type="stmt"/>
        <line num="1293" count="0" type="stmt"/>
        <line num="1296" count="17" type="stmt"/>
        <line num="1297" count="17" type="stmt"/>
        <line num="1298" count="17" type="stmt"/>
        <line num="1299" count="17" type="cond" truecount="2" falsecount="0"/>
        <line num="1301" count="17" type="stmt"/>
        <line num="1302" count="8" type="stmt"/>
        <line num="1308" count="17" type="stmt"/>
        <line num="1309" count="17" type="cond" truecount="1" falsecount="1"/>
        <line num="1313" count="17" type="cond" truecount="2" falsecount="0"/>
        <line num="1314" count="8" type="stmt"/>
        <line num="1316" count="9" type="stmt"/>
        <line num="1317" count="9" type="stmt"/>
        <line num="1318" count="9" type="cond" truecount="1" falsecount="0"/>
        <line num="1319" count="2" type="stmt"/>
        <line num="1326" count="17" type="stmt"/>
        <line num="1327" count="17" type="stmt"/>
        <line num="1331" count="15" type="stmt"/>
        <line num="1333" count="15" type="cond" truecount="2" falsecount="0"/>
        <line num="1334" count="4" type="stmt"/>
        <line num="1335" count="4" type="stmt"/>
        <line num="1336" count="4" type="stmt"/>
        <line num="1337" count="4" type="stmt"/>
        <line num="1338" count="4" type="stmt"/>
        <line num="1339" count="4" type="stmt"/>
        <line num="1341" count="11" type="stmt"/>
        <line num="1344" count="15" type="cond" truecount="0" falsecount="1"/>
        <line num="1345" count="0" type="stmt"/>
        <line num="1350" count="16" type="cond" truecount="3" falsecount="0"/>
        <line num="1351" count="8" type="stmt"/>
        <line num="1354" count="8" type="stmt"/>
        <line num="1355" count="8" type="cond" truecount="3" falsecount="0"/>
        <line num="1356" count="3" type="stmt"/>
        <line num="1359" count="5" type="stmt"/>
        <line num="1367" count="488" type="cond" truecount="25" falsecount="7"/>
        <line num="1369" count="156" type="stmt"/>
        <line num="1371" count="7" type="stmt"/>
        <line num="1373" count="0" type="stmt"/>
        <line num="1375" count="0" type="stmt"/>
        <line num="1377" count="0" type="stmt"/>
        <line num="1379" count="1" type="stmt"/>
        <line num="1381" count="8" type="stmt"/>
        <line num="1384" count="44" type="stmt"/>
        <line num="1386" count="1" type="stmt"/>
        <line num="1387" count="2" type="cond" truecount="1" falsecount="0"/>
        <line num="1388" count="1" type="stmt"/>
        <line num="1391" count="1" type="stmt"/>
        <line num="1393" count="8" type="stmt"/>
        <line num="1394" count="15" type="cond" truecount="1" falsecount="0"/>
        <line num="1395" count="7" type="stmt"/>
        <line num="1398" count="8" type="stmt"/>
        <line num="1400" count="4" type="stmt"/>
        <line num="1402" count="103" type="cond" truecount="2" falsecount="0"/>
        <line num="1404" count="23" type="stmt"/>
        <line num="1405" count="23" type="cond" truecount="1" falsecount="0"/>
        <line num="1406" count="1" type="stmt"/>
        <line num="1408" count="22" type="cond" truecount="0" falsecount="1"/>
        <line num="1409" count="0" type="stmt"/>
        <line num="1411" count="22" type="cond" truecount="1" falsecount="0"/>
        <line num="1412" count="1" type="stmt"/>
        <line num="1413" count="1" type="cond" truecount="3" falsecount="0"/>
        <line num="1414" count="1" type="stmt"/>
        <line num="1415" count="1" type="cond" truecount="1" falsecount="0"/>
        <line num="1417" count="0" type="stmt"/>
        <line num="1419" count="21" type="cond" truecount="1" falsecount="0"/>
        <line num="1420" count="2" type="stmt"/>
        <line num="1422" count="19" type="cond" truecount="0" falsecount="1"/>
        <line num="1423" count="0" type="stmt"/>
        <line num="1425" count="19" type="stmt"/>
        <line num="1426" count="19" type="cond" truecount="1" falsecount="0"/>
        <line num="1427" count="7" type="stmt"/>
        <line num="1429" count="12" type="stmt"/>
        <line num="1430" count="12" type="cond" truecount="1" falsecount="0"/>
        <line num="1431" count="1" type="stmt"/>
        <line num="1433" count="11" type="stmt"/>
        <line num="1434" count="11" type="cond" truecount="1" falsecount="0"/>
        <line num="1437" count="11" type="cond" truecount="3" falsecount="0"/>
        <line num="1438" count="2" type="cond" truecount="1" falsecount="1"/>
        <line num="1440" count="9" type="stmt"/>
        <line num="1442" count="0" type="stmt"/>
        <line num="1445" count="11" type="stmt"/>
        <line num="1446" count="11" type="cond" truecount="2" falsecount="0"/>
        <line num="1449" count="0" type="stmt"/>
        <line num="1450" count="0" type="cond" truecount="0" falsecount="1"/>
        <line num="1451" count="0" type="stmt"/>
        <line num="1453" count="0" type="stmt"/>
        <line num="1456" count="5" type="cond" truecount="1" falsecount="0"/>
        <line num="1457" count="4" type="stmt"/>
        <line num="1459" count="1" type="stmt"/>
        <line num="1461" count="2" type="cond" truecount="1" falsecount="0"/>
        <line num="1462" count="2" type="stmt"/>
        <line num="1464" count="0" type="stmt"/>
        <line num="1466" count="22" type="cond" truecount="3" falsecount="0"/>
        <line num="1467" count="4" type="stmt"/>
        <line num="1469" count="18" type="cond" truecount="1" falsecount="0"/>
        <line num="1470" count="18" type="stmt"/>
        <line num="1471" count="18" type="cond" truecount="3" falsecount="0"/>
        <line num="1472" count="1" type="stmt"/>
        <line num="1475" count="17" type="stmt"/>
        <line num="1477" count="2" type="stmt"/>
        <line num="1478" count="2" type="cond" truecount="1" falsecount="0"/>
        <line num="1479" count="0" type="stmt"/>
        <line num="1482" count="24" type="cond" truecount="0" falsecount="1"/>
        <line num="1483" count="0" type="stmt"/>
        <line num="1485" count="24" type="stmt"/>
        <line num="1487" count="0" type="stmt"/>
        <line num="1489" count="0" type="cond" truecount="0" falsecount="1"/>
        <line num="1490" count="0" type="stmt"/>
        <line num="1493" count="15" type="stmt"/>
        <line num="1494" count="15" type="cond" truecount="1" falsecount="1"/>
        <line num="1497" count="8" type="cond" truecount="1" falsecount="0"/>
        <line num="1498" count="7" type="stmt"/>
        <line num="1500" count="1" type="stmt"/>
        <line num="1502" count="13" type="cond" truecount="1" falsecount="0"/>
        <line num="1503" count="13" type="stmt"/>
        <line num="1504" count="13" type="cond" truecount="1" falsecount="0"/>
        <line num="1505" count="13" type="stmt"/>
        <line num="1508" count="0" type="stmt"/>
        <line num="1510" count="8" type="stmt"/>
        <line num="1512" count="28" type="stmt"/>
        <line num="1516" count="1" type="stmt"/>
        <line num="1518" count="1" type="stmt"/>
        <line num="1522" count="2" type="cond" truecount="1" falsecount="0"/>
        <line num="1523" count="0" type="stmt"/>
        <line num="1527" count="2" type="stmt"/>
        <line num="1529" count="18" type="stmt"/>
        <line num="1536" count="0" type="stmt"/>
        <line num="1544" count="35" type="stmt"/>
        <line num="1545" count="17" type="cond" truecount="1" falsecount="0"/>
        <line num="1546" count="12" type="stmt"/>
        <line num="1548" count="5" type="stmt"/>
        <line num="1549" count="5" type="cond" truecount="1" falsecount="0"/>
        <line num="1550" count="2" type="stmt"/>
        <line num="1552" count="3" type="stmt"/>
        <line num="1553" count="3" type="stmt"/>
        <line num="1556" count="35" type="cond" truecount="1" falsecount="1"/>
        <line num="1559" count="35" type="cond" truecount="1" falsecount="0"/>
        <line num="1560" count="3" type="cond" truecount="1" falsecount="1"/>
        <line num="1563" count="35" type="stmt"/>
        <line num="1573" count="25" type="cond" truecount="4" falsecount="0"/>
        <line num="1574" count="10" type="stmt"/>
        <line num="1578" count="15" type="cond" truecount="1" falsecount="0"/>
        <line num="1579" count="4" type="stmt"/>
        <line num="1580" count="4" type="cond" truecount="1" falsecount="1"/>
        <line num="1584" count="11" type="cond" truecount="1" falsecount="0"/>
        <line num="1585" count="7" type="stmt"/>
        <line num="1589" count="4" type="stmt"/>
        <line num="1594" count="4" type="stmt"/>
        <line num="1607" count="29" type="stmt"/>
        <line num="1608" count="29" type="cond" truecount="1" falsecount="0"/>
        <line num="1609" count="3" type="stmt"/>
        <line num="1612" count="26" type="stmt"/>
        <line num="1613" count="26" type="cond" truecount="1" falsecount="0"/>
        <line num="1614" count="24" type="stmt"/>
        <line num="1618" count="2" type="cond" truecount="2" falsecount="0"/>
        <line num="1619" count="2" type="cond" truecount="1" falsecount="1"/>
        <line num="1621" count="2" type="cond" truecount="2" falsecount="1"/>
        <line num="1622" count="0" type="stmt"/>
        <line num="1625" count="2" type="stmt"/>
        <line num="1630" count="7" type="cond" truecount="1" falsecount="0"/>
        <line num="1632" count="1" type="stmt"/>
        <line num="1633" count="1" type="stmt"/>
        <line num="1634" count="2" type="cond" truecount="0" falsecount="1"/>
        <line num="1635" count="2" type="stmt"/>
        <line num="1637" count="1" type="stmt"/>
        <line num="1642" count="10" type="stmt"/>
        <line num="1647" count="10" type="cond" truecount="1" falsecount="0"/>
        <line num="1648" count="10" type="stmt"/>
        <line num="1654" count="0" type="stmt"/>
        <line num="1661" count="144" type="cond" truecount="3" falsecount="0"/>
        <line num="1662" count="123" type="stmt"/>
        <line num="1670" count="1170" type="cond" truecount="2" falsecount="0"/>
        <line num="1675" count="271" type="cond" truecount="3" falsecount="1"/>
        <line num="1676" count="0" type="stmt"/>
        <line num="1678" count="271" type="cond" truecount="2" falsecount="2"/>
        <line num="1679" count="0" type="stmt"/>
        <line num="1683" count="271" type="cond" truecount="1" falsecount="2"/>
        <line num="1684" count="0" type="stmt"/>
        <line num="1686" count="271" type="cond" truecount="3" falsecount="0"/>
        <line num="1687" count="2" type="stmt"/>
        <line num="1689" count="269" type="cond" truecount="3" falsecount="0"/>
        <line num="1690" count="7" type="stmt"/>
        <line num="1692" count="262" type="cond" truecount="1" falsecount="2"/>
        <line num="1693" count="0" type="stmt"/>
        <line num="1697" count="262" type="cond" truecount="1" falsecount="3"/>
        <line num="1698" count="0" type="stmt"/>
        <line num="1701" count="262" type="cond" truecount="0" falsecount="1"/>
        <line num="1703" count="262" type="cond" truecount="3" falsecount="0"/>
        <line num="1705" count="215" type="cond" truecount="1" falsecount="0"/>
        <line num="1706" count="192" type="cond" truecount="1" falsecount="0"/>
        <line num="1708" count="15" type="cond" truecount="4" falsecount="0"/>
        <line num="1710" count="15" type="cond" truecount="1" falsecount="0"/>
        <line num="1714" count="13" type="stmt"/>
        <line num="1719" count="78" type="cond" truecount="2" falsecount="1"/>
        <line num="1720" count="13" type="stmt"/>
        <line num="1723" count="47" type="cond" truecount="1" falsecount="2"/>
        <line num="1724" count="0" type="stmt"/>
        <line num="1727" count="47" type="cond" truecount="3" falsecount="0"/>
        <line num="1728" count="9" type="stmt"/>
        <line num="1731" count="38" type="cond" truecount="3" falsecount="0"/>
        <line num="1732" count="2" type="stmt"/>
        <line num="1735" count="36" type="cond" truecount="3" falsecount="0"/>
        <line num="1736" count="32" type="cond" truecount="3" falsecount="0"/>
        <line num="1737" count="14" type="stmt"/>
        <line num="1741" count="4" type="cond" truecount="3" falsecount="0"/>
        <line num="1742" count="1" type="cond" truecount="2" falsecount="0"/>
        <line num="1743" count="2" type="stmt"/>
        <line num="1746" count="3" type="cond" truecount="3" falsecount="0"/>
        <line num="1747" count="3" type="stmt"/>
        <line num="1751" count="0" type="cond" truecount="0" falsecount="4"/>
        <line num="1752" count="0" type="stmt"/>
        <line num="1755" count="0" type="stmt"/>
        <line num="1759" count="67" type="cond" truecount="3" falsecount="7"/>
        <line num="1761" count="63" type="stmt"/>
        <line num="1763" count="0" type="stmt"/>
        <line num="1765" count="1" type="stmt"/>
        <line num="1767" count="0" type="stmt"/>
        <line num="1769" count="0" type="stmt"/>
        <line num="1771" count="3" type="stmt"/>
        <line num="1773" count="0" type="stmt"/>
        <line num="1775" count="0" type="stmt"/>
        <line num="1777" count="0" type="stmt"/>
        <line num="1779" count="0" type="stmt"/>
        <line num="1784" count="639" type="cond" truecount="1" falsecount="0"/>
        <line num="1785" count="8" type="stmt"/>
        <line num="1787" count="631" type="cond" truecount="1" falsecount="0"/>
        <line num="1788" count="3" type="stmt"/>
        <line num="1790" count="628" type="cond" truecount="1" falsecount="0"/>
        <line num="1791" count="4" type="stmt"/>
        <line num="1793" count="626" type="cond" truecount="1" falsecount="0"/>
        <line num="1794" count="56" type="stmt"/>
        <line num="1796" count="29" type="stmt"/>
        <line num="1800" count="570" type="cond" truecount="4" falsecount="0"/>
        <line num="1801" count="3" type="stmt"/>
        <line num="1803" count="567" type="cond" truecount="3" falsecount="0"/>
        <line num="1804" count="20" type="stmt"/>
        <line num="1806" count="547" type="cond" truecount="2" falsecount="1"/>
        <line num="1807" count="0" type="stmt"/>
        <line num="1809" count="547" type="stmt"/>
      </file>
    </package>
    <package name="src.types">
      <metrics statements="23" coveredstatements="10" conditionals="11" coveredconditionals="2" methods="3" coveredmethods="1"/>
      <file name="mc-version.ts" path="/Users/yuzhe/projects/redscript/src/types/mc-version.ts">
        <metrics statements="23" coveredstatements="10" conditionals="11" coveredconditionals="2" methods="3" coveredmethods="1"/>
        <line num="8" count="1" type="cond" truecount="2" falsecount="0"/>
        <line num="9" count="1" type="stmt"/>
        <line num="10" count="1" type="stmt"/>
        <line num="11" count="1" type="stmt"/>
        <line num="12" count="1" type="stmt"/>
        <line num="13" count="1" type="stmt"/>
        <line num="14" count="1" type="stmt"/>
        <line num="21" count="1" type="stmt"/>
        <line num="22" count="0" type="stmt"/>
        <line num="23" count="0" type="cond" truecount="0" falsecount="3"/>
        <line num="24" count="0" type="stmt"/>
        <line num="26" count="0" type="cond" truecount="0" falsecount="1"/>
        <line num="27" count="0" type="stmt"/>
        <line num="28" count="0" type="stmt"/>
        <line num="29" count="0" type="stmt"/>
        <line num="30" count="0" type="cond" truecount="0" falsecount="4"/>
        <line num="31" count="0" type="stmt"/>
        <line num="33" count="0" type="cond" truecount="0" falsecount="1"/>
        <line num="34" count="0" type="stmt"/>
        <line num="36" count="0" type="stmt"/>
        <line num="42" count="1" type="stmt"/>
        <line num="43" count="0" type="stmt"/>
        <line num="46" count="1" type="stmt"/>
      </file>
    </package>
  </project>
</coverage>
