<?xml version="1.0" encoding="UTF-8"?>
<coverage generated="1774098434534" clover="3.2.0">
  <project timestamp="1774098434534" name="All files">
    <metrics statements="7711" coveredstatements="6600" conditionals="4126" coveredconditionals="3032" methods="777" coveredmethods="697" elements="12614" coveredelements="10329" complexity="0" loc="7711" ncloc="7711" packages="21" files="49" classes="49"/>
    <package name="src">
      <metrics statements="168" coveredstatements="134" conditionals="73" coveredconditionals="51" methods="46" coveredmethods="25"/>
      <file name="compile.ts" path="/Users/yuzhe/projects/redscript/src/compile.ts">
        <metrics statements="78" coveredstatements="70" conditionals="38" coveredconditionals="30" methods="10" coveredmethods="8"/>
        <line num="7" count="56" type="stmt"/>
        <line num="8" count="56" type="stmt"/>
        <line num="10" count="56" type="stmt"/>
        <line num="16" count="127" type="stmt"/>
        <line num="42" count="56" type="stmt"/>
        <line num="47" count="0" type="stmt"/>
        <line num="48" count="0" type="cond" truecount="0" falsecount="3"/>
        <line num="49" count="0" type="stmt"/>
        <line num="50" count="0" type="stmt"/>
        <line num="53" count="0" type="stmt"/>
        <line num="56" count="56" type="stmt"/>
        <line num="61" count="11" type="stmt"/>
        <line num="62" count="52" type="stmt"/>
        <line num="63" count="52" type="cond" truecount="3" falsecount="0"/>
        <line num="64" count="11" type="stmt"/>
        <line num="66" count="0" type="stmt"/>
        <line num="81" count="13" type="cond" truecount="2" falsecount="0"/>
        <line num="83" count="13" type="stmt"/>
        <line num="85" count="17" type="stmt"/>
        <line num="86" count="17" type="cond" truecount="1" falsecount="0"/>
        <line num="91" count="9" type="stmt"/>
        <line num="92" count="9" type="stmt"/>
        <line num="93" count="9" type="stmt"/>
        <line num="94" count="9" type="cond" truecount="1" falsecount="0"/>
        <line num="97" count="6" type="stmt"/>
        <line num="98" count="2" type="stmt"/>
        <line num="99" count="2" type="cond" truecount="1" falsecount="0"/>
        <line num="102" count="1" type="stmt"/>
        <line num="106" count="54" type="cond" truecount="1" falsecount="1"/>
        <line num="110" count="9" type="stmt"/>
        <line num="117" count="56" type="cond" truecount="0" falsecount="1"/>
        <line num="118" count="801" type="stmt"/>
        <line num="119" count="801" type="cond" truecount="2" falsecount="0"/>
        <line num="120" count="801" type="cond" truecount="2" falsecount="0"/>
        <line num="122" count="801" type="cond" truecount="1" falsecount="0"/>
        <line num="123" count="47" type="stmt"/>
        <line num="126" count="801" type="stmt"/>
        <line num="127" count="801" type="stmt"/>
        <line num="129" count="801" type="stmt"/>
        <line num="130" count="801" type="stmt"/>
        <line num="131" count="801" type="stmt"/>
        <line num="133" count="801" type="stmt"/>
        <line num="134" count="48820" type="stmt"/>
        <line num="135" count="48820" type="stmt"/>
        <line num="136" count="48820" type="stmt"/>
        <line num="138" count="48820" type="cond" truecount="3" falsecount="0"/>
        <line num="139" count="13" type="cond" truecount="0" falsecount="1"/>
        <line num="140" count="0" type="stmt"/>
        <line num="148" count="13" type="stmt"/>
        <line num="149" count="13" type="cond" truecount="1" falsecount="0"/>
        <line num="150" count="1" type="stmt"/>
        <line num="157" count="12" type="cond" truecount="1" falsecount="0"/>
        <line num="158" count="11" type="stmt"/>
        <line num="159" count="11" type="stmt"/>
        <line num="161" count="11" type="cond" truecount="2" falsecount="0"/>
        <line num="164" count="3" type="stmt"/>
        <line num="165" count="3" type="stmt"/>
        <line num="167" count="3" type="cond" truecount="0" falsecount="1"/>
        <line num="169" count="8" type="stmt"/>
        <line num="172" count="12" type="stmt"/>
        <line num="175" count="48807" type="cond" truecount="4" falsecount="0"/>
        <line num="176" count="3288" type="stmt"/>
        <line num="177" count="3288" type="stmt"/>
        <line num="180" count="45519" type="stmt"/>
        <line num="181" count="45519" type="stmt"/>
        <line num="184" count="800" type="stmt"/>
        <line num="185" count="800" type="stmt"/>
        <line num="186" count="800" type="stmt"/>
        <line num="188" count="800" type="stmt"/>
        <line num="189" count="800" type="stmt"/>
        <line num="191" count="800" type="stmt"/>
        <line num="192" count="8" type="stmt"/>
        <line num="193" count="8" type="stmt"/>
        <line num="196" count="800" type="cond" truecount="3" falsecount="0"/>
        <line num="197" count="46" type="stmt"/>
        <line num="204" count="800" type="stmt"/>
        <line num="211" count="56" type="cond" truecount="0" falsecount="1"/>
        <line num="212" count="0" type="stmt"/>
      </file>
      <file name="index.ts" path="/Users/yuzhe/projects/redscript/src/index.ts">
        <metrics statements="19" coveredstatements="19" conditionals="2" coveredconditionals="1" methods="19" coveredmethods="3"/>
        <line num="7" count="5" type="stmt"/>
        <line num="9" count="5" type="stmt"/>
        <line num="12" count="36" type="stmt"/>
        <line num="13" count="5" type="stmt"/>
        <line num="15" count="5" type="stmt"/>
        <line num="19" count="5" type="stmt"/>
        <line num="20" count="5" type="stmt"/>
        <line num="21" count="5" type="stmt"/>
        <line num="22" count="5" type="stmt"/>
        <line num="27" count="5" type="stmt"/>
        <line num="28" count="5" type="stmt"/>
        <line num="29" count="5" type="stmt"/>
        <line num="46" count="5" type="cond" truecount="1" falsecount="0"/>
        <line num="47" count="3" type="stmt"/>
        <line num="53" count="5" type="cond" truecount="0" falsecount="1"/>
        <line num="54" count="3" type="stmt"/>
        <line num="55" count="3" type="stmt"/>
        <line num="56" count="1" type="stmt"/>
        <line num="58" count="2" type="stmt"/>
      </file>
      <file name="repl.ts" path="/Users/yuzhe/projects/redscript/src/repl.ts">
        <metrics statements="71" coveredstatements="45" conditionals="33" coveredconditionals="20" methods="17" coveredmethods="14"/>
        <line num="1" count="1" type="stmt"/>
        <line num="3" count="1" type="stmt"/>
        <line num="6" count="1" type="stmt"/>
        <line num="14" count="1" type="stmt"/>
        <line num="15" count="3" type="stmt"/>
        <line num="16" count="3" type="stmt"/>
        <line num="18" count="3" type="cond" truecount="0" falsecount="1"/>
        <line num="21" count="1" type="stmt"/>
        <line num="22" count="1" type="stmt"/>
        <line num="26" count="5" type="stmt"/>
        <line num="28" count="5" type="cond" truecount="1" falsecount="0"/>
        <line num="29" count="2" type="stmt"/>
        <line num="32" count="6" type="stmt"/>
        <line num="33" count="5" type="cond" truecount="2" falsecount="0"/>
        <line num="35" count="5" type="stmt"/>
        <line num="39" count="5" type="stmt"/>
        <line num="40" count="5" type="cond" truecount="0" falsecount="1"/>
        <line num="41" count="0" type="stmt"/>
        <line num="44" count="5" type="stmt"/>
        <line num="45" count="5" type="cond" truecount="2" falsecount="0"/>
        <line num="47" count="5" type="cond" truecount="2" falsecount="0"/>
        <line num="48" count="5" type="cond" truecount="2" falsecount="0"/>
        <line num="49" count="5" type="stmt"/>
        <line num="50" count="5" type="stmt"/>
        <line num="51" count="5" type="stmt"/>
        <line num="53" count="5" type="stmt"/>
        <line num="54" count="5" type="stmt"/>
        <line num="56" count="5" type="stmt"/>
        <line num="64" count="1" type="cond" truecount="0" falsecount="1"/>
        <line num="65" count="0" type="stmt"/>
        <line num="66" count="0" type="stmt"/>
        <line num="72" count="0" type="stmt"/>
        <line num="74" count="0" type="stmt"/>
        <line num="75" count="0" type="stmt"/>
        <line num="76" count="0" type="stmt"/>
        <line num="77" count="0" type="stmt"/>
        <line num="79" count="0" type="cond" truecount="0" falsecount="1"/>
        <line num="80" count="0" type="stmt"/>
        <line num="83" count="0" type="cond" truecount="0" falsecount="1"/>
        <line num="84" count="0" type="stmt"/>
        <line num="90" count="0" type="stmt"/>
        <line num="93" count="0" type="cond" truecount="0" falsecount="1"/>
        <line num="94" count="0" type="stmt"/>
        <line num="95" count="0" type="stmt"/>
        <line num="96" count="0" type="stmt"/>
        <line num="99" count="0" type="stmt"/>
        <line num="100" count="0" type="stmt"/>
        <line num="101" count="0" type="cond" truecount="0" falsecount="1"/>
        <line num="102" count="0" type="stmt"/>
        <line num="105" count="0" type="cond" truecount="0" falsecount="2"/>
        <line num="109" count="0" type="stmt"/>
        <line num="114" count="0" type="stmt"/>
        <line num="118" count="5" type="stmt"/>
        <line num="120" count="5" type="cond" truecount="1" falsecount="0"/>
        <line num="121" count="2" type="stmt"/>
        <line num="124" count="5" type="stmt"/>
        <line num="125" count="5" type="cond" truecount="2" falsecount="0"/>
        <line num="127" count="5" type="stmt"/>
        <line num="131" count="5" type="stmt"/>
        <line num="135" count="4" type="cond" truecount="0" falsecount="1"/>
        <line num="136" count="0" type="stmt"/>
        <line num="138" count="4" type="stmt"/>
        <line num="142" count="5" type="cond" truecount="1" falsecount="0"/>
        <line num="143" count="1" type="stmt"/>
        <line num="144" count="5" type="cond" truecount="5" falsecount="0"/>
        <line num="150" count="1" type="stmt"/>
        <line num="153" count="4" type="stmt"/>
        <line num="154" count="17" type="cond" truecount="2" falsecount="0"/>
        <line num="160" count="5" type="cond" truecount="0" falsecount="1"/>
        <line num="161" count="0" type="cond" truecount="0" falsecount="2"/>
        <line num="164" count="7" type="stmt"/>
      </file>
    </package>
    <package name="src.builtins">
      <metrics statements="42" coveredstatements="42" conditionals="16" coveredconditionals="14" methods="4" coveredmethods="4"/>
      <file name="metadata.ts" path="/Users/yuzhe/projects/redscript/src/builtins/metadata.ts">
        <metrics statements="42" coveredstatements="42" conditionals="16" coveredconditionals="14" methods="4" coveredmethods="4"/>
        <line num="48" count="2" type="stmt"/>
        <line num="1029" count="2" type="stmt"/>
        <line num="1030" count="66" type="stmt"/>
        <line num="1033" count="66" type="stmt"/>
        <line num="1036" count="66" type="stmt"/>
        <line num="1037" count="144" type="cond" truecount="2" falsecount="0"/>
        <line num="1038" count="144" type="stmt"/>
        <line num="1042" count="66" type="cond" truecount="1" falsecount="0"/>
        <line num="1043" count="9" type="stmt"/>
        <line num="1047" count="66" type="stmt"/>
        <line num="1048" count="105" type="stmt"/>
        <line num="1052" count="66" type="stmt"/>
        <line num="1053" count="144" type="stmt"/>
        <line num="1054" count="144" type="cond" truecount="1" falsecount="0"/>
        <line num="1055" count="144" type="cond" truecount="1" falsecount="0"/>
        <line num="1056" count="144" type="cond" truecount="1" falsecount="0"/>
        <line num="1057" count="144" type="cond" truecount="1" falsecount="0"/>
        <line num="1058" count="144" type="cond" truecount="1" falsecount="0"/>
        <line num="1059" count="144" type="cond" truecount="0" falsecount="1"/>
        <line num="1060" count="144" type="cond" truecount="1" falsecount="0"/>
        <line num="1061" count="144" type="cond" truecount="3" falsecount="0"/>
        <line num="1062" count="18" type="stmt"/>
        <line num="1064" count="126" type="stmt"/>
        <line num="1067" count="66" type="stmt"/>
        <line num="1068" count="66" type="stmt"/>
        <line num="1070" count="66" type="stmt"/>
        <line num="1076" count="2" type="stmt"/>
        <line num="1077" count="1" type="stmt"/>
        <line num="1079" count="1" type="stmt"/>
        <line num="1080" count="65" type="cond" truecount="1" falsecount="0"/>
        <line num="1081" count="11" type="stmt"/>
        <line num="1083" count="65" type="stmt"/>
        <line num="1086" count="1" type="stmt"/>
        <line num="1100" count="1" type="stmt"/>
        <line num="1108" count="1" type="stmt"/>
        <line num="1109" count="11" type="cond" truecount="1" falsecount="1"/>
        <line num="1110" count="11" type="stmt"/>
        <line num="1111" count="11" type="stmt"/>
        <line num="1112" count="11" type="stmt"/>
        <line num="1113" count="11" type="stmt"/>
        <line num="1114" count="65" type="stmt"/>
        <line num="1117" count="1" type="stmt"/>
      </file>
    </package>
    <package name="src.cache">
      <metrics statements="166" coveredstatements="154" conditionals="32" coveredconditionals="27" methods="25" coveredmethods="19"/>
      <file name="deps.ts" path="/Users/yuzhe/projects/redscript/src/cache/deps.ts">
        <metrics statements="54" coveredstatements="51" conditionals="14" coveredconditionals="13" methods="10" coveredmethods="7"/>
        <line num="8" count="6" type="stmt"/>
        <line num="9" count="6" type="stmt"/>
        <line num="11" count="6" type="stmt"/>
        <line num="17" count="6" type="stmt"/>
        <line num="18" count="29" type="stmt"/>
        <line num="19" count="29" type="cond" truecount="2" falsecount="0"/>
        <line num="20" count="29" type="stmt"/>
        <line num="21" count="29" type="stmt"/>
        <line num="23" count="29" type="stmt"/>
        <line num="24" count="47" type="stmt"/>
        <line num="26" count="47" type="cond" truecount="3" falsecount="0"/>
        <line num="27" count="43" type="stmt"/>
        <line num="28" count="43" type="cond" truecount="2" falsecount="0"/>
        <line num="29" count="14" type="stmt"/>
        <line num="32" count="29" type="stmt"/>
        <line num="36" count="29" type="stmt"/>
        <line num="39" count="6" type="stmt"/>
        <line num="41" count="10" type="stmt"/>
        <line num="45" count="26" type="stmt"/>
        <line num="46" count="26" type="stmt"/>
        <line num="47" count="26" type="stmt"/>
        <line num="52" count="0" type="stmt"/>
        <line num="57" count="1" type="cond" truecount="1" falsecount="1"/>
        <line num="65" count="37" type="stmt"/>
        <line num="66" count="37" type="stmt"/>
        <line num="67" count="37" type="stmt"/>
        <line num="69" count="37" type="stmt"/>
        <line num="70" count="47" type="stmt"/>
        <line num="71" count="47" type="stmt"/>
        <line num="72" count="47" type="cond" truecount="1" falsecount="0"/>
        <line num="73" count="39" type="stmt"/>
        <line num="74" count="10" type="cond" truecount="1" falsecount="0"/>
        <line num="75" count="10" type="stmt"/>
        <line num="76" count="10" type="stmt"/>
        <line num="81" count="37" type="stmt"/>
        <line num="90" count="2" type="stmt"/>
        <line num="91" count="2" type="stmt"/>
        <line num="92" count="2" type="stmt"/>
        <line num="94" count="2" type="stmt"/>
        <line num="95" count="5" type="stmt"/>
        <line num="96" count="5" type="stmt"/>
        <line num="97" count="10" type="cond" truecount="3" falsecount="0"/>
        <line num="98" count="3" type="stmt"/>
        <line num="99" count="3" type="stmt"/>
        <line num="104" count="2" type="stmt"/>
        <line num="112" count="1" type="stmt"/>
        <line num="113" count="1" type="stmt"/>
        <line num="114" count="1" type="stmt"/>
        <line num="115" count="1" type="stmt"/>
        <line num="116" count="1" type="stmt"/>
        <line num="117" count="1" type="stmt"/>
        <line num="120" count="1" type="stmt"/>
        <line num="125" count="0" type="stmt"/>
        <line num="130" count="0" type="stmt"/>
      </file>
      <file name="incremental.ts" path="/Users/yuzhe/projects/redscript/src/cache/incremental.ts">
        <metrics statements="66" coveredstatements="64" conditionals="11" coveredconditionals="10" methods="4" coveredmethods="4"/>
        <line num="6" count="6" type="stmt"/>
        <line num="7" count="6" type="stmt"/>
        <line num="8" count="6" type="stmt"/>
        <line num="36" count="6" type="stmt"/>
        <line num="46" count="6" type="stmt"/>
        <line num="52" count="9" type="stmt"/>
        <line num="60" count="9" type="stmt"/>
        <line num="61" count="18" type="stmt"/>
        <line num="62" count="18" type="stmt"/>
        <line num="63" count="18" type="stmt"/>
        <line num="64" count="18" type="stmt"/>
        <line num="67" count="0" type="stmt"/>
        <line num="74" count="9" type="stmt"/>
        <line num="75" count="9" type="stmt"/>
        <line num="77" count="9" type="stmt"/>
        <line num="78" count="18" type="stmt"/>
        <line num="79" count="18" type="stmt"/>
        <line num="80" count="18" type="stmt"/>
        <line num="81" count="18" type="stmt"/>
        <line num="84" count="9" type="stmt"/>
        <line num="85" count="20" type="cond" truecount="1" falsecount="0"/>
        <line num="86" count="14" type="stmt"/>
        <line num="91" count="9" type="stmt"/>
        <line num="92" count="18" type="stmt"/>
        <line num="95" count="18" type="stmt"/>
        <line num="96" count="18" type="stmt"/>
        <line num="99" count="18" type="stmt"/>
        <line num="100" count="18" type="stmt"/>
        <line num="102" count="18" type="cond" truecount="2" falsecount="0"/>
        <line num="103" count="11" type="stmt"/>
        <line num="105" count="7" type="stmt"/>
        <line num="106" count="9" type="cond" truecount="1" falsecount="0"/>
        <line num="107" count="3" type="stmt"/>
        <line num="108" count="3" type="stmt"/>
        <line num="112" count="7" type="cond" truecount="2" falsecount="1"/>
        <line num="113" count="0" type="stmt"/>
        <line num="117" count="18" type="cond" truecount="1" falsecount="0"/>
        <line num="119" count="4" type="stmt"/>
        <line num="120" count="4" type="stmt"/>
        <line num="121" count="4" type="stmt"/>
        <line num="122" count="4" type="stmt"/>
        <line num="126" count="14" type="stmt"/>
        <line num="127" count="14" type="stmt"/>
        <line num="128" count="14" type="cond" truecount="2" falsecount="0"/>
        <line num="129" count="14" type="stmt"/>
        <line num="132" count="13" type="stmt"/>
        <line num="133" count="13" type="stmt"/>
        <line num="134" count="17" type="stmt"/>
        <line num="135" count="17" type="stmt"/>
        <line num="136" count="17" type="cond" truecount="1" falsecount="0"/>
        <line num="139" count="13" type="stmt"/>
        <line num="140" count="13" type="stmt"/>
        <line num="142" count="13" type="stmt"/>
        <line num="143" count="13" type="stmt"/>
        <line num="145" count="1" type="stmt"/>
        <line num="149" count="9" type="stmt"/>
        <line num="154" count="17" type="stmt"/>
        <line num="155" count="17" type="stmt"/>
        <line num="156" count="72" type="stmt"/>
        <line num="157" count="72" type="stmt"/>
        <line num="158" count="72" type="stmt"/>
        <line num="159" count="72" type="stmt"/>
        <line num="164" count="14" type="stmt"/>
        <line num="165" count="14" type="stmt"/>
        <line num="171" count="6" type="stmt"/>
        <line num="172" count="6" type="stmt"/>
      </file>
      <file name="index.ts" path="/Users/yuzhe/projects/redscript/src/cache/index.ts">
        <metrics statements="46" coveredstatements="39" conditionals="7" coveredconditionals="4" methods="11" coveredmethods="8"/>
        <line num="8" count="6" type="stmt"/>
        <line num="9" count="6" type="stmt"/>
        <line num="10" count="6" type="stmt"/>
        <line num="24" count="6" type="stmt"/>
        <line num="25" count="12" type="stmt"/>
        <line num="29" count="12" type="stmt"/>
        <line num="34" count="18" type="stmt"/>
        <line num="39" count="0" type="stmt"/>
        <line num="44" count="44" type="stmt"/>
        <line num="45" count="44" type="stmt"/>
        <line num="46" count="44" type="cond" truecount="1" falsecount="0"/>
        <line num="49" count="17" type="stmt"/>
        <line num="50" count="17" type="stmt"/>
        <line num="51" count="17" type="cond" truecount="1" falsecount="0"/>
        <line num="53" count="0" type="stmt"/>
        <line num="57" count="5" type="stmt"/>
        <line num="58" count="5" type="stmt"/>
        <line num="63" count="20" type="stmt"/>
        <line num="64" count="20" type="stmt"/>
        <line num="66" count="20" type="cond" truecount="2" falsecount="0"/>
        <line num="67" count="16" type="stmt"/>
        <line num="68" count="16" type="stmt"/>
        <line num="69" count="16" type="stmt"/>
        <line num="75" count="0" type="stmt"/>
        <line num="77" count="4" type="cond" truecount="0" falsecount="1"/>
        <line num="79" count="0" type="stmt"/>
        <line num="80" count="0" type="cond" truecount="0" falsecount="1"/>
        <line num="83" count="20" type="stmt"/>
        <line num="88" count="0" type="stmt"/>
        <line num="93" count="0" type="stmt"/>
        <line num="98" count="1" type="stmt"/>
        <line num="103" count="1" type="stmt"/>
        <line num="104" count="1" type="stmt"/>
        <line num="108" count="1" type="stmt"/>
        <line num="110" count="1" type="stmt"/>
        <line num="112" count="1" type="stmt"/>
        <line num="113" count="1" type="stmt"/>
        <line num="118" count="2" type="stmt"/>
        <line num="119" count="2" type="stmt"/>
        <line num="120" count="2" type="stmt"/>
        <line num="121" count="1" type="cond" truecount="0" falsecount="1"/>
        <line num="122" count="1" type="stmt"/>
        <line num="123" count="1" type="stmt"/>
        <line num="132" count="6" type="stmt"/>
        <line num="133" count="25" type="stmt"/>
        <line num="134" count="25" type="stmt"/>
      </file>
    </package>
    <package name="src.diagnostics">
      <metrics statements="65" coveredstatements="54" conditionals="27" coveredconditionals="19" methods="13" coveredmethods="11"/>
      <file name="index.ts" path="/Users/yuzhe/projects/redscript/src/diagnostics/index.ts">
        <metrics statements="65" coveredstatements="54" conditionals="27" coveredconditionals="19" methods="13" coveredmethods="11"/>
        <line num="20" count="6" type="stmt"/>
        <line num="21" count="6" type="cond" truecount="2" falsecount="1"/>
        <line num="22" count="0" type="stmt"/>
        <line num="25" count="6" type="stmt"/>
        <line num="26" count="6" type="stmt"/>
        <line num="27" count="6" type="stmt"/>
        <line num="28" count="6" type="stmt"/>
        <line num="31" count="66" type="stmt"/>
        <line num="42" count="2665" type="stmt"/>
        <line num="43" count="2665" type="stmt"/>
        <line num="44" count="2665" type="stmt"/>
        <line num="45" count="2665" type="stmt"/>
        <line num="46" count="2665" type="stmt"/>
        <line num="58" count="5" type="stmt"/>
        <line num="59" count="5" type="cond" truecount="2" falsecount="0"/>
        <line num="60" count="5" type="stmt"/>
        <line num="62" count="5" type="cond" truecount="3" falsecount="0"/>
        <line num="63" count="1" type="stmt"/>
        <line num="66" count="4" type="stmt"/>
        <line num="67" count="4" type="cond" truecount="0" falsecount="1"/>
        <line num="68" count="0" type="stmt"/>
        <line num="70" count="4" type="stmt"/>
        <line num="71" count="4" type="stmt"/>
        <line num="72" count="4" type="stmt"/>
        <line num="73" count="4" type="stmt"/>
        <line num="74" count="4" type="stmt"/>
        <line num="75" count="4" type="cond" truecount="2" falsecount="0"/>
        <line num="79" count="4" type="stmt"/>
        <line num="87" count="0" type="stmt"/>
        <line num="95" count="66" type="stmt"/>
        <line num="96" count="851" type="stmt"/>
        <line num="97" count="851" type="stmt"/>
        <line num="101" count="851" type="cond" truecount="1" falsecount="0"/>
        <line num="102" count="851" type="stmt"/>
        <line num="104" count="851" type="stmt"/>
        <line num="108" count="49" type="stmt"/>
        <line num="114" count="49" type="stmt"/>
        <line num="118" count="1" type="stmt"/>
        <line num="122" count="850" type="stmt"/>
        <line num="126" count="1" type="stmt"/>
        <line num="130" count="0" type="cond" truecount="0" falsecount="1"/>
        <line num="131" count="0" type="stmt"/>
        <line num="133" count="0" type="stmt"/>
        <line num="145" count="66" type="stmt"/>
        <line num="152" count="2" type="stmt"/>
        <line num="153" count="2" type="cond" truecount="1" falsecount="0"/>
        <line num="154" count="1" type="stmt"/>
        <line num="155" count="1" type="stmt"/>
        <line num="156" count="1" type="stmt"/>
        <line num="157" count="1" type="stmt"/>
        <line num="161" count="1" type="stmt"/>
        <line num="164" count="66" type="stmt"/>
        <line num="165" count="2" type="cond" truecount="1" falsecount="0"/>
        <line num="166" count="2" type="cond" truecount="1" falsecount="2"/>
        <line num="167" count="2" type="stmt"/>
        <line num="168" count="2" type="cond" truecount="3" falsecount="0"/>
        <line num="169" count="2" type="stmt"/>
        <line num="170" count="2" type="stmt"/>
        <line num="171" count="2" type="cond" truecount="0" falsecount="1"/>
        <line num="172" count="0" type="stmt"/>
        <line num="174" count="2" type="stmt"/>
        <line num="177" count="0" type="cond" truecount="0" falsecount="1"/>
        <line num="178" count="0" type="stmt"/>
        <line num="181" count="0" type="stmt"/>
        <line num="182" count="0" type="stmt"/>
      </file>
    </package>
    <package name="src.emit">
      <metrics statements="500" coveredstatements="432" conditionals="200" coveredconditionals="158" methods="32" coveredmethods="32"/>
      <file name="compile.ts" path="/Users/yuzhe/projects/redscript/src/emit/compile.ts">
        <metrics statements="104" coveredstatements="97" conditionals="30" coveredconditionals="24" methods="2" coveredmethods="2"/>
        <line num="7" count="56" type="stmt"/>
        <line num="8" count="56" type="stmt"/>
        <line num="9" count="56" type="stmt"/>
        <line num="10" count="56" type="stmt"/>
        <line num="11" count="56" type="stmt"/>
        <line num="12" count="56" type="stmt"/>
        <line num="13" count="56" type="stmt"/>
        <line num="14" count="56" type="stmt"/>
        <line num="15" count="56" type="stmt"/>
        <line num="16" count="56" type="stmt"/>
        <line num="17" count="56" type="stmt"/>
        <line num="18" count="56" type="stmt"/>
        <line num="19" count="56" type="stmt"/>
        <line num="20" count="56" type="stmt"/>
        <line num="21" count="56" type="stmt"/>
        <line num="22" count="56" type="stmt"/>
        <line num="49" count="56" type="cond" truecount="0" falsecount="1"/>
        <line num="50" count="787" type="cond" truecount="3" falsecount="1"/>
        <line num="51" count="787" type="stmt"/>
        <line num="54" count="787" type="stmt"/>
        <line num="55" count="786" type="stmt"/>
        <line num="58" count="786" type="stmt"/>
        <line num="59" count="786" type="stmt"/>
        <line num="60" count="782" type="stmt"/>
        <line num="61" count="782" type="stmt"/>
        <line num="62" count="775" type="stmt"/>
        <line num="65" count="775" type="cond" truecount="2" falsecount="0"/>
        <line num="66" count="3" type="stmt"/>
        <line num="67" count="3" type="stmt"/>
        <line num="68" count="3" type="stmt"/>
        <line num="69" count="3" type="stmt"/>
        <line num="70" count="3" type="stmt"/>
        <line num="71" count="132" type="stmt"/>
        <line num="72" count="3" type="stmt"/>
        <line num="73" count="3" type="stmt"/>
        <line num="74" count="3" type="stmt"/>
        <line num="75" count="3" type="stmt"/>
        <line num="76" count="3" type="stmt"/>
        <line num="77" count="3" type="stmt"/>
        <line num="81" count="775" type="cond" truecount="1" falsecount="0"/>
        <line num="82" count="105" type="stmt"/>
        <line num="83" count="196" type="stmt"/>
        <line num="84" count="196" type="stmt"/>
        <line num="85" count="6170" type="stmt"/>
        <line num="86" count="196" type="stmt"/>
        <line num="87" count="196" type="stmt"/>
        <line num="88" count="196" type="stmt"/>
        <line num="89" count="196" type="stmt"/>
        <line num="90" count="196" type="stmt"/>
        <line num="91" count="196" type="stmt"/>
        <line num="99" count="775" type="stmt"/>
        <line num="100" count="775" type="stmt"/>
        <line num="102" count="775" type="stmt"/>
        <line num="103" count="775" type="cond" truecount="1" falsecount="0"/>
        <line num="104" count="7" type="cond" truecount="2" falsecount="0"/>
        <line num="105" count="3" type="stmt"/>
        <line num="106" count="3" type="stmt"/>
        <line num="109" count="4" type="stmt"/>
        <line num="116" count="771" type="stmt"/>
        <line num="118" count="771" type="stmt"/>
        <line num="121" count="771" type="stmt"/>
        <line num="124" count="771" type="stmt"/>
        <line num="125" count="771" type="stmt"/>
        <line num="126" count="771" type="stmt"/>
        <line num="127" count="771" type="stmt"/>
        <line num="128" count="771" type="stmt"/>
        <line num="129" count="771" type="stmt"/>
        <line num="130" count="9292" type="stmt"/>
        <line num="131" count="567" type="cond" truecount="1" falsecount="0"/>
        <line num="132" count="567" type="cond" truecount="1" falsecount="0"/>
        <line num="133" count="567" type="cond" truecount="1" falsecount="0"/>
        <line num="134" count="60" type="stmt"/>
        <line num="140" count="567" type="cond" truecount="1" falsecount="0"/>
        <line num="141" count="5" type="cond" truecount="1" falsecount="1"/>
        <line num="143" count="567" type="cond" truecount="3" falsecount="0"/>
        <line num="144" count="9" type="stmt"/>
        <line num="145" count="9" type="cond" truecount="1" falsecount="0"/>
        <line num="146" count="9" type="cond" truecount="1" falsecount="0"/>
        <line num="147" count="9" type="stmt"/>
        <line num="154" count="771" type="stmt"/>
        <line num="157" count="771" type="stmt"/>
        <line num="160" count="771" type="stmt"/>
        <line num="161" count="771" type="stmt"/>
        <line num="162" count="771" type="stmt"/>
        <line num="163" count="771" type="stmt"/>
        <line num="166" count="771" type="stmt"/>
        <line num="169" count="771" type="stmt"/>
        <line num="172" count="771" type="stmt"/>
        <line num="173" count="771" type="stmt"/>
        <line num="174" count="771" type="stmt"/>
        <line num="175" count="0" type="cond" truecount="0" falsecount="1"/>
        <line num="176" count="0" type="stmt"/>
        <line num="182" count="0" type="stmt"/>
        <line num="186" count="771" type="stmt"/>
        <line num="187" count="771" type="stmt"/>
        <line num="188" count="771" type="stmt"/>
        <line num="189" count="59548" type="stmt"/>
        <line num="190" count="327225" type="cond" truecount="3" falsecount="1"/>
        <line num="191" count="0" type="stmt"/>
        <line num="201" count="771" type="stmt"/>
        <line num="203" count="771" type="stmt"/>
        <line num="205" count="0" type="cond" truecount="0" falsecount="1"/>
        <line num="206" count="0" type="stmt"/>
        <line num="207" count="0" type="stmt"/>
      </file>
      <file name="index.ts" path="/Users/yuzhe/projects/redscript/src/emit/index.ts">
        <metrics statements="103" coveredstatements="101" conditionals="69" coveredconditionals="67" methods="12" coveredmethods="12"/>
        <line num="9" count="59" type="stmt"/>
        <line num="10" count="59" type="stmt"/>
        <line num="34" count="59" type="stmt"/>
        <line num="35" count="792" type="stmt"/>
        <line num="36" count="792" type="cond" truecount="2" falsecount="0"/>
        <line num="37" count="792" type="cond" truecount="2" falsecount="0"/>
        <line num="38" count="792" type="cond" truecount="2" falsecount="0"/>
        <line num="39" count="792" type="stmt"/>
        <line num="40" count="792" type="cond" truecount="2" falsecount="0"/>
        <line num="41" count="792" type="cond" truecount="2" falsecount="0"/>
        <line num="42" count="792" type="stmt"/>
        <line num="45" count="792" type="stmt"/>
        <line num="53" count="792" type="stmt"/>
        <line num="54" count="792" type="stmt"/>
        <line num="60" count="792" type="stmt"/>
        <line num="61" count="59590" type="stmt"/>
        <line num="62" count="59590" type="cond" truecount="2" falsecount="0"/>
        <line num="63" count="15" type="stmt"/>
        <line num="64" count="15" type="stmt"/>
        <line num="65" count="15" type="stmt"/>
        <line num="66" count="15" type="stmt"/>
        <line num="67" count="15" type="cond" truecount="1" falsecount="0"/>
        <line num="68" count="13" type="stmt"/>
        <line num="71" count="59575" type="stmt"/>
        <line num="72" count="59575" type="stmt"/>
        <line num="77" count="792" type="stmt"/>
        <line num="78" count="7" type="stmt"/>
        <line num="85" count="792" type="cond" truecount="3" falsecount="0"/>
        <line num="87" count="792" type="stmt"/>
        <line num="88" count="792" type="stmt"/>
        <line num="94" count="792" type="cond" truecount="1" falsecount="0"/>
        <line num="95" count="93" type="stmt"/>
        <line num="96" count="90" type="stmt"/>
        <line num="103" count="792" type="stmt"/>
        <line num="111" count="792" type="cond" truecount="1" falsecount="0"/>
        <line num="112" count="772" type="stmt"/>
        <line num="113" count="11" type="stmt"/>
        <line num="114" count="11" type="cond" truecount="3" falsecount="0"/>
        <line num="115" count="9" type="stmt"/>
        <line num="123" count="792" type="stmt"/>
        <line num="131" count="59575" type="stmt"/>
        <line num="132" count="59575" type="stmt"/>
        <line num="133" count="327300" type="stmt"/>
        <line num="135" count="59575" type="stmt"/>
        <line num="145" count="15" type="stmt"/>
        <line num="146" count="15" type="stmt"/>
        <line num="147" count="59" type="stmt"/>
        <line num="148" count="59" type="stmt"/>
        <line num="150" count="15" type="stmt"/>
        <line num="155" count="59590" type="stmt"/>
        <line num="156" count="59590" type="stmt"/>
        <line num="164" count="329891" type="cond" truecount="25" falsecount="0"/>
        <line num="166" count="53106" type="stmt"/>
        <line num="169" count="102951" type="stmt"/>
        <line num="172" count="8586" type="stmt"/>
        <line num="175" count="7403" type="stmt"/>
        <line num="178" count="17384" type="stmt"/>
        <line num="181" count="12929" type="stmt"/>
        <line num="184" count="1047" type="stmt"/>
        <line num="187" count="1" type="stmt"/>
        <line num="190" count="1" type="stmt"/>
        <line num="193" count="1" type="stmt"/>
        <line num="196" count="2532" type="stmt"/>
        <line num="199" count="4715" type="stmt"/>
        <line num="202" count="333" type="cond" truecount="2" falsecount="0"/>
        <line num="205" count="1" type="stmt"/>
        <line num="208" count="1" type="stmt"/>
        <line num="211" count="46545" type="stmt"/>
        <line num="214" count="2425" type="cond" truecount="1" falsecount="0"/>
        <line num="215" count="2423" type="stmt"/>
        <line num="218" count="2" type="stmt"/>
        <line num="221" count="1" type="stmt"/>
        <line num="224" count="1" type="stmt"/>
        <line num="227" count="1" type="stmt"/>
        <line num="230" count="1" type="stmt"/>
        <line num="233" count="35" type="stmt"/>
        <line num="234" count="35" type="cond" truecount="2" falsecount="0"/>
        <line num="240" count="16418" type="stmt"/>
        <line num="243" count="428" type="cond" truecount="1" falsecount="0"/>
        <line num="244" count="424" type="stmt"/>
        <line num="249" count="4" type="stmt"/>
        <line num="252" count="53045" type="stmt"/>
        <line num="261" count="377716" type="stmt"/>
        <line num="265" count="4" type="cond" truecount="4" falsecount="2"/>
        <line num="266" count="1" type="stmt"/>
        <line num="267" count="1" type="stmt"/>
        <line num="268" count="1" type="stmt"/>
        <line num="269" count="0" type="stmt"/>
        <line num="270" count="0" type="stmt"/>
        <line num="271" count="1" type="stmt"/>
        <line num="283" count="12" type="stmt"/>
        <line num="287" count="47" type="cond" truecount="11" falsecount="0"/>
        <line num="289" count="29" type="stmt"/>
        <line num="291" count="9" type="stmt"/>
        <line num="293" count="1" type="stmt"/>
        <line num="295" count="1" type="stmt"/>
        <line num="297" count="1" type="stmt"/>
        <line num="299" count="1" type="stmt"/>
        <line num="301" count="1" type="stmt"/>
        <line num="303" count="1" type="stmt"/>
        <line num="305" count="1" type="stmt"/>
        <line num="307" count="1" type="stmt"/>
        <line num="309" count="1" type="stmt"/>
      </file>
      <file name="modules.ts" path="/Users/yuzhe/projects/redscript/src/emit/modules.ts">
        <metrics statements="273" coveredstatements="214" conditionals="98" coveredconditionals="64" methods="13" coveredmethods="13"/>
        <line num="15" count="7" type="stmt"/>
        <line num="16" count="7" type="stmt"/>
        <line num="17" count="7" type="stmt"/>
        <line num="18" count="7" type="stmt"/>
        <line num="19" count="7" type="stmt"/>
        <line num="20" count="7" type="stmt"/>
        <line num="21" count="7" type="stmt"/>
        <line num="22" count="7" type="stmt"/>
        <line num="23" count="7" type="stmt"/>
        <line num="24" count="7" type="stmt"/>
        <line num="25" count="7" type="stmt"/>
        <line num="50" count="7" type="stmt"/>
        <line num="54" count="16" type="cond" truecount="1" falsecount="1"/>
        <line num="55" count="16" type="stmt"/>
        <line num="57" count="16" type="cond" truecount="0" falsecount="1"/>
        <line num="58" count="0" type="stmt"/>
        <line num="65" count="16" type="stmt"/>
        <line num="67" count="16" type="stmt"/>
        <line num="68" count="28" type="stmt"/>
        <line num="69" count="28" type="stmt"/>
        <line num="70" count="28" type="stmt"/>
        <line num="71" count="28" type="stmt"/>
        <line num="74" count="28" type="stmt"/>
        <line num="75" count="28" type="cond" truecount="3" falsecount="0"/>
        <line num="76" count="1" type="stmt"/>
        <line num="83" count="27" type="stmt"/>
        <line num="91" count="15" type="stmt"/>
        <line num="92" count="15" type="stmt"/>
        <line num="93" count="27" type="stmt"/>
        <line num="94" count="27" type="stmt"/>
        <line num="95" count="32" type="cond" truecount="1" falsecount="0"/>
        <line num="97" count="27" type="stmt"/>
        <line num="104" count="15" type="stmt"/>
        <line num="111" count="13" type="stmt"/>
        <line num="113" count="13" type="stmt"/>
        <line num="114" count="22" type="stmt"/>
        <line num="115" count="22" type="stmt"/>
        <line num="116" count="9" type="stmt"/>
        <line num="117" count="9" type="cond" truecount="1" falsecount="0"/>
        <line num="118" count="1" type="stmt"/>
        <line num="125" count="8" type="cond" truecount="2" falsecount="0"/>
        <line num="127" count="1" type="stmt"/>
        <line num="128" count="2" type="stmt"/>
        <line num="131" count="7" type="cond" truecount="1" falsecount="0"/>
        <line num="132" count="1" type="stmt"/>
        <line num="138" count="6" type="stmt"/>
        <line num="141" count="20" type="stmt"/>
        <line num="149" count="11" type="stmt"/>
        <line num="150" count="11" type="stmt"/>
        <line num="151" count="19" type="stmt"/>
        <line num="154" count="11" type="stmt"/>
        <line num="155" count="19" type="stmt"/>
        <line num="156" count="7" type="stmt"/>
        <line num="157" count="7" type="cond" truecount="0" falsecount="1"/>
        <line num="158" count="7" type="cond" truecount="2" falsecount="0"/>
        <line num="159" count="1" type="stmt"/>
        <line num="160" count="2" type="cond" truecount="1" falsecount="0"/>
        <line num="162" count="6" type="stmt"/>
        <line num="171" count="11" type="stmt"/>
        <line num="173" count="11" type="stmt"/>
        <line num="174" count="11" type="stmt"/>
        <line num="176" count="11" type="stmt"/>
        <line num="177" count="19" type="stmt"/>
        <line num="178" count="19" type="cond" truecount="1" falsecount="1"/>
        <line num="179" count="19" type="stmt"/>
        <line num="182" count="19" type="cond" truecount="1" falsecount="0"/>
        <line num="183" count="6" type="stmt"/>
        <line num="189" count="19" type="stmt"/>
        <line num="190" count="19" type="cond" truecount="1" falsecount="0"/>
        <line num="191" count="14" type="cond" truecount="1" falsecount="1"/>
        <line num="192" count="14" type="stmt"/>
        <line num="194" count="19" type="stmt"/>
        <line num="197" count="19" type="stmt"/>
        <line num="198" count="19" type="cond" truecount="3" falsecount="0"/>
        <line num="199" count="8" type="stmt"/>
        <line num="206" count="19" type="cond" truecount="2" falsecount="0"/>
        <line num="209" count="19" type="cond" truecount="2" falsecount="0"/>
        <line num="210" count="19" type="stmt"/>
        <line num="213" count="19" type="cond" truecount="1" falsecount="0"/>
        <line num="214" count="15" type="stmt"/>
        <line num="216" count="5" type="stmt"/>
        <line num="221" count="19" type="stmt"/>
        <line num="222" count="100" type="cond" truecount="1" falsecount="0"/>
        <line num="223" count="19" type="cond" truecount="1" falsecount="0"/>
        <line num="224" count="11" type="stmt"/>
        <line num="225" count="11" type="stmt"/>
        <line num="227" count="19" type="stmt"/>
        <line num="230" count="81" type="cond" truecount="1" falsecount="0"/>
        <line num="231" count="19" type="stmt"/>
        <line num="232" count="19" type="stmt"/>
        <line num="235" count="62" type="cond" truecount="1" falsecount="0"/>
        <line num="236" count="3" type="stmt"/>
        <line num="237" count="3" type="stmt"/>
        <line num="239" count="59" type="stmt"/>
        <line num="246" count="11" type="stmt"/>
        <line num="248" count="11" type="stmt"/>
        <line num="275" count="11" type="cond" truecount="1" falsecount="0"/>
        <line num="278" count="3" type="stmt"/>
        <line num="279" count="3" type="stmt"/>
        <line num="280" count="20" type="stmt"/>
        <line num="281" count="20" type="cond" truecount="1" falsecount="0"/>
        <line num="282" count="13" type="stmt"/>
        <line num="287" count="3" type="stmt"/>
        <line num="288" count="3" type="stmt"/>
        <line num="289" count="3" type="stmt"/>
        <line num="290" count="20" type="cond" truecount="1" falsecount="0"/>
        <line num="291" count="13" type="stmt"/>
        <line num="293" count="13" type="stmt"/>
        <line num="294" count="13" type="stmt"/>
        <line num="295" count="1" type="stmt"/>
        <line num="297" count="13" type="stmt"/>
        <line num="301" count="3" type="stmt"/>
        <line num="302" count="3" type="stmt"/>
        <line num="303" count="3" type="stmt"/>
        <line num="304" count="20" type="cond" truecount="1" falsecount="0"/>
        <line num="305" count="13" type="cond" truecount="1" falsecount="0"/>
        <line num="307" count="10" type="stmt"/>
        <line num="308" count="10" type="stmt"/>
        <line num="312" count="3" type="stmt"/>
        <line num="313" count="10" type="stmt"/>
        <line num="314" count="10" type="cond" truecount="1" falsecount="1"/>
        <line num="315" count="10" type="stmt"/>
        <line num="316" count="1" type="stmt"/>
        <line num="317" count="1" type="cond" truecount="2" falsecount="1"/>
        <line num="318" count="0" type="stmt"/>
        <line num="319" count="0" type="stmt"/>
        <line num="325" count="3" type="stmt"/>
        <line num="326" count="20" type="cond" truecount="1" falsecount="0"/>
        <line num="327" count="3" type="stmt"/>
        <line num="338" count="19" type="stmt"/>
        <line num="340" count="19" type="stmt"/>
        <line num="341" count="19" type="stmt"/>
        <line num="342" count="19" type="stmt"/>
        <line num="347" count="19" type="stmt"/>
        <line num="348" count="19" type="stmt"/>
        <line num="349" count="19" type="stmt"/>
        <line num="350" count="19" type="stmt"/>
        <line num="351" count="19" type="stmt"/>
        <line num="352" count="24" type="stmt"/>
        <line num="353" count="4" type="cond" truecount="1" falsecount="0"/>
        <line num="354" count="4" type="cond" truecount="0" falsecount="1"/>
        <line num="355" count="4" type="cond" truecount="1" falsecount="0"/>
        <line num="356" count="1" type="cond" truecount="2" falsecount="0"/>
        <line num="358" count="4" type="cond" truecount="1" falsecount="0"/>
        <line num="359" count="1" type="cond" truecount="2" falsecount="0"/>
        <line num="365" count="19" type="stmt"/>
        <line num="366" count="19" type="stmt"/>
        <line num="368" count="19" type="stmt"/>
        <line num="369" count="19" type="stmt"/>
        <line num="370" count="19" type="stmt"/>
        <line num="371" count="19" type="stmt"/>
        <line num="373" count="19" type="stmt"/>
        <line num="374" count="19" type="stmt"/>
        <line num="375" count="19" type="stmt"/>
        <line num="377" count="19" type="stmt"/>
        <line num="382" count="19" type="cond" truecount="1" falsecount="0"/>
        <line num="383" count="14" type="stmt"/>
        <line num="384" count="14" type="stmt"/>
        <line num="385" count="14" type="stmt"/>
        <line num="387" count="14" type="stmt"/>
        <line num="388" count="75" type="cond" truecount="2" falsecount="0"/>
        <line num="389" count="14" type="stmt"/>
        <line num="390" count="61" type="cond" truecount="1" falsecount="0"/>
        <line num="391" count="14" type="stmt"/>
        <line num="392" count="14" type="stmt"/>
        <line num="393" count="14" type="cond" truecount="1" falsecount="1"/>
        <line num="395" count="14" type="stmt"/>
        <line num="400" count="19" type="stmt"/>
        <line num="402" count="0" type="cond" truecount="0" falsecount="1"/>
        <line num="403" count="0" type="stmt"/>
        <line num="409" count="119" type="stmt"/>
        <line num="410" count="22" type="cond" truecount="1" falsecount="0"/>
        <line num="411" count="14" type="stmt"/>
        <line num="412" count="14" type="stmt"/>
        <line num="414" count="8" type="stmt"/>
        <line num="415" count="8" type="stmt"/>
        <line num="416" count="8" type="stmt"/>
        <line num="417" count="8" type="stmt"/>
        <line num="422" count="15" type="stmt"/>
        <line num="423" count="15" type="stmt"/>
        <line num="426" count="38" type="cond" truecount="1" falsecount="0"/>
        <line num="427" count="2" type="stmt"/>
        <line num="428" count="2" type="stmt"/>
        <line num="434" count="36" type="cond" truecount="1" falsecount="0"/>
        <line num="435" count="28" type="stmt"/>
        <line num="436" count="28" type="stmt"/>
        <line num="437" count="28" type="stmt"/>
        <line num="438" count="28" type="cond" truecount="1" falsecount="0"/>
        <line num="439" count="27" type="stmt"/>
        <line num="440" count="14" type="stmt"/>
        <line num="443" count="23" type="stmt"/>
        <line num="446" count="15" type="stmt"/>
        <line num="447" count="24" type="stmt"/>
        <line num="458" count="6" type="stmt"/>
        <line num="459" count="6" type="stmt"/>
        <line num="461" count="6" type="stmt"/>
        <line num="462" count="1" type="stmt"/>
        <line num="463" count="1" type="stmt"/>
        <line num="469" count="9" type="stmt"/>
        <line num="470" count="13" type="stmt"/>
        <line num="475" count="13" type="cond" truecount="4" falsecount="10"/>
        <line num="478" count="8" type="cond" truecount="1" falsecount="1"/>
        <line num="479" count="8" type="stmt"/>
        <line num="481" count="4" type="cond" truecount="1" falsecount="0"/>
        <line num="482" count="4" type="stmt"/>
        <line num="484" count="1" type="stmt"/>
        <line num="485" count="1" type="stmt"/>
        <line num="486" count="1" type="cond" truecount="1" falsecount="0"/>
        <line num="487" count="1" type="stmt"/>
        <line num="489" count="0" type="stmt"/>
        <line num="490" count="0" type="stmt"/>
        <line num="491" count="0" type="stmt"/>
        <line num="493" count="0" type="cond" truecount="0" falsecount="1"/>
        <line num="494" count="0" type="stmt"/>
        <line num="495" count="0" type="stmt"/>
        <line num="496" count="0" type="stmt"/>
        <line num="497" count="0" type="stmt"/>
        <line num="499" count="0" type="stmt"/>
        <line num="500" count="0" type="stmt"/>
        <line num="501" count="0" type="stmt"/>
        <line num="502" count="0" type="stmt"/>
        <line num="504" count="0" type="stmt"/>
        <line num="505" count="0" type="stmt"/>
        <line num="506" count="0" type="stmt"/>
        <line num="508" count="0" type="stmt"/>
        <line num="509" count="0" type="stmt"/>
        <line num="511" count="0" type="cond" truecount="0" falsecount="1"/>
        <line num="512" count="0" type="stmt"/>
        <line num="514" count="0" type="stmt"/>
        <line num="517" count="0" type="stmt"/>
        <line num="518" count="0" type="stmt"/>
        <line num="520" count="0" type="stmt"/>
        <line num="521" count="0" type="stmt"/>
        <line num="523" count="0" type="stmt"/>
        <line num="524" count="0" type="stmt"/>
        <line num="526" count="0" type="stmt"/>
        <line num="527" count="0" type="stmt"/>
        <line num="533" count="29" type="cond" truecount="3" falsecount="10"/>
        <line num="536" count="9" type="stmt"/>
        <line num="537" count="9" type="cond" truecount="1" falsecount="0"/>
        <line num="538" count="8" type="stmt"/>
        <line num="540" count="11" type="stmt"/>
        <line num="541" count="9" type="stmt"/>
        <line num="544" count="0" type="stmt"/>
        <line num="545" count="0" type="stmt"/>
        <line num="547" count="0" type="stmt"/>
        <line num="548" count="0" type="stmt"/>
        <line num="549" count="0" type="stmt"/>
        <line num="551" count="0" type="stmt"/>
        <line num="552" count="0" type="stmt"/>
        <line num="554" count="2" type="stmt"/>
        <line num="555" count="2" type="stmt"/>
        <line num="557" count="0" type="stmt"/>
        <line num="558" count="0" type="stmt"/>
        <line num="559" count="0" type="stmt"/>
        <line num="561" count="0" type="stmt"/>
        <line num="562" count="0" type="stmt"/>
        <line num="563" count="0" type="stmt"/>
        <line num="565" count="0" type="stmt"/>
        <line num="566" count="0" type="stmt"/>
        <line num="567" count="0" type="stmt"/>
        <line num="568" count="0" type="stmt"/>
        <line num="570" count="0" type="stmt"/>
        <line num="571" count="0" type="stmt"/>
        <line num="573" count="3" type="stmt"/>
        <line num="574" count="3" type="stmt"/>
        <line num="576" count="0" type="stmt"/>
        <line num="577" count="0" type="stmt"/>
        <line num="578" count="0" type="stmt"/>
        <line num="580" count="0" type="stmt"/>
        <line num="581" count="0" type="stmt"/>
        <line num="583" count="0" type="stmt"/>
        <line num="584" count="0" type="stmt"/>
      </file>
      <file name="sourcemap.ts" path="/Users/yuzhe/projects/redscript/src/emit/sourcemap.ts">
        <metrics statements="20" coveredstatements="20" conditionals="3" coveredconditionals="3" methods="5" coveredmethods="5"/>
        <line num="50" count="59" type="stmt"/>
        <line num="52" count="15" type="stmt"/>
        <line num="53" count="15" type="stmt"/>
        <line num="54" count="15" type="stmt"/>
        <line num="55" count="15" type="stmt"/>
        <line num="58" count="15" type="stmt"/>
        <line num="63" count="59" type="stmt"/>
        <line num="64" count="59" type="cond" truecount="1" falsecount="0"/>
        <line num="66" count="48" type="stmt"/>
        <line num="67" count="48" type="cond" truecount="1" falsecount="0"/>
        <line num="68" count="13" type="stmt"/>
        <line num="69" count="13" type="stmt"/>
        <line num="70" count="13" type="stmt"/>
        <line num="73" count="48" type="stmt"/>
        <line num="83" count="15" type="cond" truecount="1" falsecount="0"/>
        <line num="84" count="13" type="stmt"/>
        <line num="94" count="59" type="stmt"/>
        <line num="95" count="13" type="stmt"/>
        <line num="99" count="59" type="stmt"/>
        <line num="100" count="13" type="stmt"/>
      </file>
    </package>
    <package name="src.events">
      <metrics statements="15" coveredstatements="11" conditionals="14" coveredconditionals="1" methods="4" coveredmethods="4"/>
      <file name="types.ts" path="/Users/yuzhe/projects/redscript/src/events/types.ts">
        <metrics statements="15" coveredstatements="11" conditionals="14" coveredconditionals="1" methods="4" coveredmethods="4"/>
        <line num="3" count="58" type="stmt"/>
        <line num="41" count="58" type="stmt"/>
        <line num="42" count="21" type="stmt"/>
        <line num="45" count="58" type="stmt"/>
        <line num="46" count="11" type="stmt"/>
        <line num="50" count="11" type="stmt"/>
        <line num="51" count="11" type="cond" truecount="0" falsecount="1"/>
        <line num="52" count="0" type="stmt"/>
        <line num="55" count="11" type="stmt"/>
        <line num="56" count="11" type="stmt"/>
        <line num="63" count="11" type="cond" truecount="1" falsecount="0"/>
        <line num="64" count="11" type="stmt"/>
        <line num="67" count="0" type="cond" truecount="0" falsecount="12"/>
        <line num="68" count="0" type="stmt"/>
        <line num="71" count="0" type="stmt"/>
      </file>
    </package>
    <package name="src.formatter">
      <metrics statements="11" coveredstatements="11" conditionals="3" coveredconditionals="3" methods="1" coveredmethods="1"/>
      <file name="index.ts" path="/Users/yuzhe/projects/redscript/src/formatter/index.ts">
        <metrics statements="11" coveredstatements="11" conditionals="3" coveredconditionals="3" methods="1" coveredmethods="1"/>
        <line num="1" count="1" type="stmt"/>
        <line num="2" count="8" type="stmt"/>
        <line num="3" count="8" type="stmt"/>
        <line num="4" count="8" type="stmt"/>
        <line num="6" count="8" type="stmt"/>
        <line num="7" count="29" type="stmt"/>
        <line num="8" count="29" type="cond" truecount="1" falsecount="0"/>
        <line num="11" count="20" type="cond" truecount="1" falsecount="0"/>
        <line num="14" count="20" type="stmt"/>
        <line num="17" count="20" type="cond" truecount="1" falsecount="0"/>
        <line num="21" count="8" type="stmt"/>
      </file>
    </package>
    <package name="src.hir">
      <metrics statements="285" coveredstatements="230" conditionals="205" coveredconditionals="138" methods="49" coveredmethods="41"/>
      <file name="lower.ts" path="/Users/yuzhe/projects/redscript/src/hir/lower.ts">
        <metrics statements="124" coveredstatements="117" conditionals="85" coveredconditionals="79" methods="18" coveredmethods="17"/>
        <line num="27" count="62" type="stmt"/>
        <line num="28" count="859" type="stmt"/>
        <line num="32" count="45" type="stmt"/>
        <line num="34" count="79" type="stmt"/>
        <line num="37" count="22" type="stmt"/>
        <line num="42" count="21" type="stmt"/>
        <line num="44" count="62" type="stmt"/>
        <line num="47" count="2" type="stmt"/>
        <line num="62" count="75" type="cond" truecount="5" falsecount="0"/>
        <line num="63" count="3" type="stmt"/>
        <line num="64" count="3" type="stmt"/>
        <line num="65" count="23" type="stmt"/>
        <line num="66" count="18" type="stmt"/>
        <line num="67" count="28" type="stmt"/>
        <line num="76" count="28" type="stmt"/>
        <line num="86" count="9859" type="stmt"/>
        <line num="100" count="20960" type="stmt"/>
        <line num="112" count="25798" type="stmt"/>
        <line num="113" count="25798" type="stmt"/>
        <line num="114" count="61270" type="stmt"/>
        <line num="116" count="61270" type="cond" truecount="2" falsecount="0"/>
        <line num="117" count="50" type="stmt"/>
        <line num="119" count="61220" type="stmt"/>
        <line num="122" count="25798" type="stmt"/>
        <line num="126" count="61283" type="cond" truecount="19" falsecount="2"/>
        <line num="128" count="16065" type="stmt"/>
        <line num="131" count="5" type="stmt"/>
        <line num="134" count="14639" type="stmt"/>
        <line num="137" count="14182" type="cond" truecount="2" falsecount="0"/>
        <line num="140" count="16" type="stmt"/>
        <line num="143" count="9" type="stmt"/>
        <line num="146" count="11734" type="stmt"/>
        <line num="155" count="2577" type="stmt"/>
        <line num="159" count="14" type="stmt"/>
        <line num="161" count="14" type="cond" truecount="1" falsecount="0"/>
        <line num="162" count="13" type="stmt"/>
        <line num="163" count="13" type="cond" truecount="1" falsecount="1"/>
        <line num="164" count="13" type="stmt"/>
        <line num="167" count="14" type="stmt"/>
        <line num="168" count="14" type="stmt"/>
        <line num="169" count="14" type="stmt"/>
        <line num="170" count="14" type="stmt"/>
        <line num="175" count="19" type="stmt"/>
        <line num="176" count="19" type="stmt"/>
        <line num="183" count="19" type="stmt"/>
        <line num="185" count="19" type="stmt"/>
        <line num="198" count="19" type="stmt"/>
        <line num="210" count="19" type="stmt"/>
        <line num="215" count="4" type="stmt"/>
        <line num="216" count="4" type="stmt"/>
        <line num="223" count="4" type="stmt"/>
        <line num="234" count="4" type="stmt"/>
        <line num="248" count="4" type="stmt"/>
        <line num="249" count="4" type="stmt"/>
        <line num="250" count="4" type="stmt"/>
        <line num="262" count="4" type="stmt"/>
        <line num="268" count="13" type="stmt"/>
        <line num="269" count="13" type="stmt"/>
        <line num="270" count="13" type="stmt"/>
        <line num="271" count="13" type="stmt"/>
        <line num="274" count="13" type="stmt"/>
        <line num="287" count="13" type="stmt"/>
        <line num="296" count="13" type="stmt"/>
        <line num="309" count="13" type="stmt"/>
        <line num="324" count="13" type="stmt"/>
        <line num="325" count="13" type="stmt"/>
        <line num="327" count="13" type="stmt"/>
        <line num="339" count="13" type="stmt"/>
        <line num="343" count="17" type="stmt"/>
        <line num="353" count="26" type="stmt"/>
        <line num="356" count="75" type="stmt"/>
        <line num="365" count="11" type="stmt"/>
        <line num="374" count="5" type="stmt"/>
        <line num="383" count="3" type="stmt"/>
        <line num="394" count="0" type="stmt"/>
        <line num="402" count="1935" type="stmt"/>
        <line num="405" count="9" type="stmt"/>
        <line num="415" count="0" type="stmt"/>
        <line num="416" count="0" type="stmt"/>
        <line num="427" count="0" type="stmt"/>
        <line num="435" count="62" type="stmt"/>
        <line num="438" count="62" type="stmt"/>
        <line num="447" count="205795" type="cond" truecount="35" falsecount="2"/>
        <line num="462" count="50421" type="stmt"/>
        <line num="465" count="77055" type="stmt"/>
        <line num="468" count="132" type="stmt"/>
        <line num="471" count="428" type="stmt"/>
        <line num="474" count="52" type="stmt"/>
        <line num="476" count="85" type="stmt"/>
        <line num="481" count="1" type="stmt"/>
        <line num="483" count="3" type="cond" truecount="2" falsecount="0"/>
        <line num="488" count="4" type="stmt"/>
        <line num="492" count="54704" type="stmt"/>
        <line num="501" count="629" type="stmt"/>
        <line num="504" count="2" type="stmt"/>
        <line num="508" count="11414" type="cond" truecount="1" falsecount="0"/>
        <line num="509" count="19" type="stmt"/>
        <line num="510" count="19" type="stmt"/>
        <line num="523" count="11395" type="stmt"/>
        <line num="527" count="7" type="cond" truecount="1" falsecount="0"/>
        <line num="528" count="1" type="stmt"/>
        <line num="529" count="1" type="stmt"/>
        <line num="530" count="1" type="stmt"/>
        <line num="544" count="6" type="stmt"/>
        <line num="553" count="104" type="stmt"/>
        <line num="556" count="2081" type="stmt"/>
        <line num="560" count="1045" type="cond" truecount="1" falsecount="0"/>
        <line num="561" count="2" type="stmt"/>
        <line num="562" count="2" type="stmt"/>
        <line num="563" count="2" type="stmt"/>
        <line num="564" count="2" type="stmt"/>
        <line num="579" count="1043" type="stmt"/>
        <line num="589" count="7595" type="stmt"/>
        <line num="592" count="0" type="stmt"/>
        <line num="595" count="10" type="stmt"/>
        <line num="604" count="40" type="stmt"/>
        <line num="607" count="8" type="stmt"/>
        <line num="610" count="9" type="stmt"/>
        <line num="613" count="6" type="stmt"/>
        <line num="616" count="42" type="stmt"/>
        <line num="619" count="6" type="cond" truecount="1" falsecount="1"/>
        <line num="620" count="6" type="stmt"/>
        <line num="630" count="0" type="stmt"/>
        <line num="631" count="0" type="stmt"/>
      </file>
      <file name="monomorphize.ts" path="/Users/yuzhe/projects/redscript/src/hir/monomorphize.ts">
        <metrics statements="161" coveredstatements="113" conditionals="120" coveredconditionals="59" methods="31" coveredmethods="24"/>
        <line num="31" count="58" type="stmt"/>
        <line num="32" count="796" type="stmt"/>
        <line num="33" count="796" type="stmt"/>
        <line num="42" count="173" type="cond" truecount="1" falsecount="6"/>
        <line num="43" count="173" type="stmt"/>
        <line num="44" count="0" type="stmt"/>
        <line num="45" count="0" type="stmt"/>
        <line num="46" count="0" type="stmt"/>
        <line num="47" count="0" type="stmt"/>
        <line num="48" count="0" type="stmt"/>
        <line num="49" count="0" type="stmt"/>
        <line num="55" count="81" type="stmt"/>
        <line num="60" count="35" type="stmt"/>
        <line num="61" count="35" type="stmt"/>
        <line num="62" count="35" type="stmt"/>
        <line num="64" count="35" type="stmt"/>
        <line num="70" count="11966" type="cond" truecount="3" falsecount="3"/>
        <line num="72" count="104" type="stmt"/>
        <line num="73" count="104" type="cond" truecount="1" falsecount="0"/>
        <line num="74" count="0" type="stmt"/>
        <line num="77" count="127" type="stmt"/>
        <line num="79" count="0" type="stmt"/>
        <line num="81" count="0" type="stmt"/>
        <line num="83" count="0" type="stmt"/>
        <line num="85" count="11735" type="stmt"/>
        <line num="104" count="796" type="stmt"/>
        <line num="106" count="796" type="stmt"/>
        <line num="108" count="796" type="stmt"/>
        <line num="111" count="796" type="stmt"/>
        <line num="116" count="796" type="stmt"/>
        <line num="117" count="9738" type="cond" truecount="3" falsecount="0"/>
        <line num="118" count="440" type="stmt"/>
        <line num="122" count="796" type="cond" truecount="1" falsecount="0"/>
        <line num="124" count="675" type="stmt"/>
        <line num="128" count="121" type="stmt"/>
        <line num="129" count="121" type="stmt"/>
        <line num="130" count="7206" type="cond" truecount="3" falsecount="0"/>
        <line num="132" count="440" type="stmt"/>
        <line num="134" count="6766" type="stmt"/>
        <line num="135" count="6766" type="stmt"/>
        <line num="139" count="121" type="stmt"/>
        <line num="140" count="46" type="stmt"/>
        <line num="141" count="46" type="stmt"/>
        <line num="142" count="46" type="cond" truecount="1" falsecount="0"/>
        <line num="144" count="35" type="stmt"/>
        <line num="145" count="35" type="stmt"/>
        <line num="146" count="35" type="stmt"/>
        <line num="150" count="121" type="stmt"/>
        <line num="151" count="35" type="cond" truecount="1" falsecount="0"/>
        <line num="154" count="121" type="stmt"/>
        <line num="158" count="92" type="stmt"/>
        <line num="163" count="35" type="stmt"/>
        <line num="164" count="35" type="stmt"/>
        <line num="167" count="35" type="stmt"/>
        <line num="168" count="35" type="stmt"/>
        <line num="169" count="69" type="stmt"/>
        <line num="170" count="69" type="stmt"/>
        <line num="171" count="69" type="stmt"/>
        <line num="178" count="35" type="stmt"/>
        <line num="179" count="35" type="stmt"/>
        <line num="181" count="35" type="stmt"/>
        <line num="196" count="6766" type="stmt"/>
        <line num="198" count="6766" type="stmt"/>
        <line num="199" count="15970" type="stmt"/>
        <line num="201" count="6766" type="stmt"/>
        <line num="203" count="15970" type="stmt"/>
        <line num="213" count="16640" type="stmt"/>
        <line num="214" count="16640" type="stmt"/>
        <line num="215" count="16640" type="stmt"/>
        <line num="216" count="41372" type="stmt"/>
        <line num="218" count="16640" type="stmt"/>
        <line num="222" count="41372" type="stmt"/>
        <line num="223" count="41372" type="cond" truecount="6" falsecount="7"/>
        <line num="225" count="11729" type="stmt"/>
        <line num="226" count="11729" type="cond" truecount="1" falsecount="1"/>
        <line num="228" count="11729" type="cond" truecount="1" falsecount="1"/>
        <line num="230" count="0" type="stmt"/>
        <line num="231" count="0" type="cond" truecount="0" falsecount="1"/>
        <line num="233" count="11729" type="stmt"/>
        <line num="236" count="0" type="cond" truecount="0" falsecount="2"/>
        <line num="238" count="8803" type="stmt"/>
        <line num="240" count="10896" type="cond" truecount="2" falsecount="0"/>
        <line num="242" count="7875" type="stmt"/>
        <line num="249" count="1800" type="stmt"/>
        <line num="256" count="0" type="stmt"/>
        <line num="258" count="0" type="stmt"/>
        <line num="263" count="0" type="cond" truecount="0" falsecount="2"/>
        <line num="264" count="0" type="stmt"/>
        <line num="266" count="0" type="stmt"/>
        <line num="268" count="0" type="stmt"/>
        <line num="272" count="0" type="stmt"/>
        <line num="274" count="0" type="stmt"/>
        <line num="283" count="269" type="stmt"/>
        <line num="288" count="149098" type="stmt"/>
        <line num="289" count="149098" type="cond" truecount="9" falsecount="11"/>
        <line num="291" count="8059" type="stmt"/>
        <line num="293" count="4216" type="stmt"/>
        <line num="294" count="4216" type="stmt"/>
        <line num="295" count="4216" type="cond" truecount="4" falsecount="0"/>
        <line num="297" count="49" type="cond" truecount="2" falsecount="0"/>
        <line num="298" count="49" type="cond" truecount="1" falsecount="0"/>
        <line num="299" count="46" type="stmt"/>
        <line num="300" count="46" type="cond" truecount="1" falsecount="0"/>
        <line num="302" count="46" type="stmt"/>
        <line num="304" count="46" type="stmt"/>
        <line num="305" count="46" type="stmt"/>
        <line num="308" count="4170" type="stmt"/>
        <line num="311" count="0" type="stmt"/>
        <line num="313" count="44682" type="stmt"/>
        <line num="315" count="521" type="stmt"/>
        <line num="317" count="8135" type="stmt"/>
        <line num="319" count="0" type="stmt"/>
        <line num="321" count="231" type="stmt"/>
        <line num="323" count="0" type="stmt"/>
        <line num="325" count="383" type="stmt"/>
        <line num="327" count="457" type="stmt"/>
        <line num="329" count="0" type="stmt"/>
        <line num="331" count="2" type="stmt"/>
        <line num="333" count="0" type="stmt"/>
        <line num="335" count="0" type="cond" truecount="0" falsecount="2"/>
        <line num="337" count="0" type="stmt"/>
        <line num="339" count="0" type="cond" truecount="0" falsecount="2"/>
        <line num="342" count="0" type="stmt"/>
        <line num="344" count="0" type="stmt"/>
        <line num="346" count="0" type="stmt"/>
        <line num="349" count="90833" type="stmt"/>
        <line num="361" count="43" type="stmt"/>
        <line num="362" count="43" type="stmt"/>
        <line num="364" count="43" type="cond" truecount="2" falsecount="0"/>
        <line num="365" count="84" type="stmt"/>
        <line num="366" count="84" type="stmt"/>
        <line num="367" count="84" type="cond" truecount="1" falsecount="0"/>
        <line num="368" count="79" type="stmt"/>
        <line num="373" count="43" type="cond" truecount="1" falsecount="0"/>
        <line num="374" count="40" type="stmt"/>
        <line num="376" count="3" type="stmt"/>
        <line num="381" count="79" type="cond" truecount="3" falsecount="0"/>
        <line num="383" count="79" type="cond" truecount="1" falsecount="0"/>
        <line num="384" count="40" type="stmt"/>
        <line num="386" count="79" type="stmt"/>
        <line num="388" count="0" type="cond" truecount="0" falsecount="3"/>
        <line num="389" count="0" type="stmt"/>
        <line num="390" count="0" type="stmt"/>
        <line num="392" count="0" type="cond" truecount="0" falsecount="3"/>
        <line num="393" count="0" type="cond" truecount="0" falsecount="2"/>
        <line num="394" count="0" type="stmt"/>
        <line num="401" count="94" type="cond" truecount="4" falsecount="8"/>
        <line num="402" count="67" type="stmt"/>
        <line num="403" count="0" type="stmt"/>
        <line num="404" count="0" type="stmt"/>
        <line num="405" count="0" type="stmt"/>
        <line num="406" count="0" type="stmt"/>
        <line num="407" count="0" type="stmt"/>
        <line num="408" count="0" type="stmt"/>
        <line num="409" count="0" type="stmt"/>
        <line num="410" count="12" type="cond" truecount="1" falsecount="1"/>
        <line num="413" count="10" type="stmt"/>
        <line num="416" count="0" type="stmt"/>
        <line num="417" count="0" type="cond" truecount="0" falsecount="1"/>
        <line num="418" count="0" type="stmt"/>
        <line num="420" count="5" type="stmt"/>
      </file>
    </package>
    <package name="src.lexer">
      <metrics statements="339" coveredstatements="317" conditionals="185" coveredconditionals="166" methods="14" coveredmethods="14"/>
      <file name="index.ts" path="/Users/yuzhe/projects/redscript/src/lexer/index.ts">
        <metrics statements="339" coveredstatements="317" conditionals="185" coveredconditionals="166" methods="14" coveredmethods="14"/>
        <line num="9" count="66" type="stmt"/>
        <line num="67" count="66" type="stmt"/>
        <line num="107" count="66" type="stmt"/>
        <line num="113" count="66" type="stmt"/>
        <line num="116" count="1355" type="stmt"/>
        <line num="117" count="1355" type="stmt"/>
        <line num="118" count="1355" type="stmt"/>
        <line num="119" count="1355" type="stmt"/>
        <line num="123" count="1355" type="stmt"/>
        <line num="124" count="1355" type="stmt"/>
        <line num="125" count="1355" type="stmt"/>
        <line num="129" count="4" type="stmt"/>
        <line num="138" count="1355" type="stmt"/>
        <line num="139" count="1577168" type="stmt"/>
        <line num="141" count="1351" type="stmt"/>
        <line num="142" count="1351" type="stmt"/>
        <line num="146" count="3788519" type="stmt"/>
        <line num="150" count="3814426" type="stmt"/>
        <line num="151" count="3814426" type="cond" truecount="1" falsecount="0"/>
        <line num="152" count="3814365" type="stmt"/>
        <line num="156" count="4377538" type="stmt"/>
        <line num="157" count="4377538" type="cond" truecount="2" falsecount="0"/>
        <line num="158" count="129227" type="stmt"/>
        <line num="159" count="129227" type="stmt"/>
        <line num="161" count="4248311" type="stmt"/>
        <line num="163" count="4377538" type="stmt"/>
        <line num="167" count="632484" type="stmt"/>
        <line num="171" count="1577168" type="stmt"/>
        <line num="172" count="1577168" type="stmt"/>
        <line num="174" count="1577168" type="stmt"/>
        <line num="177" count="1577168" type="cond" truecount="1" falsecount="0"/>
        <line num="180" count="672193" type="cond" truecount="3" falsecount="0"/>
        <line num="182" count="39702" type="cond" truecount="2" falsecount="0"/>
        <line num="183" count="1931203" type="stmt"/>
        <line num="185" count="39702" type="stmt"/>
        <line num="189" count="632491" type="cond" truecount="3" falsecount="0"/>
        <line num="190" count="3" type="stmt"/>
        <line num="191" count="3" type="stmt"/>
        <line num="192" count="43" type="cond" truecount="3" falsecount="0"/>
        <line num="193" count="3" type="stmt"/>
        <line num="194" count="3" type="stmt"/>
        <line num="195" count="3" type="stmt"/>
        <line num="197" count="40" type="stmt"/>
        <line num="199" count="3" type="stmt"/>
        <line num="203" count="632488" type="cond" truecount="3" falsecount="0"/>
        <line num="204" count="2774" type="stmt"/>
        <line num="205" count="2774" type="stmt"/>
        <line num="206" count="2774" type="stmt"/>
        <line num="208" count="629714" type="cond" truecount="3" falsecount="0"/>
        <line num="209" count="114" type="stmt"/>
        <line num="210" count="114" type="stmt"/>
        <line num="211" count="114" type="stmt"/>
        <line num="213" count="629600" type="cond" truecount="3" falsecount="0"/>
        <line num="214" count="4199" type="stmt"/>
        <line num="215" count="4199" type="stmt"/>
        <line num="216" count="4199" type="stmt"/>
        <line num="218" count="625401" type="cond" truecount="3" falsecount="0"/>
        <line num="219" count="164" type="stmt"/>
        <line num="220" count="164" type="stmt"/>
        <line num="221" count="164" type="stmt"/>
        <line num="223" count="625237" type="cond" truecount="3" falsecount="0"/>
        <line num="224" count="2258" type="stmt"/>
        <line num="225" count="2258" type="stmt"/>
        <line num="226" count="2258" type="stmt"/>
        <line num="228" count="622979" type="cond" truecount="3" falsecount="0"/>
        <line num="229" count="723" type="stmt"/>
        <line num="230" count="723" type="stmt"/>
        <line num="231" count="723" type="stmt"/>
        <line num="233" count="622256" type="cond" truecount="3" falsecount="0"/>
        <line num="234" count="18" type="stmt"/>
        <line num="235" count="18" type="stmt"/>
        <line num="236" count="18" type="stmt"/>
        <line num="238" count="622238" type="cond" truecount="3" falsecount="0"/>
        <line num="239" count="6" type="stmt"/>
        <line num="240" count="6" type="stmt"/>
        <line num="241" count="6" type="stmt"/>
        <line num="243" count="622232" type="cond" truecount="3" falsecount="0"/>
        <line num="244" count="9" type="stmt"/>
        <line num="245" count="9" type="stmt"/>
        <line num="246" count="9" type="stmt"/>
        <line num="248" count="622223" type="cond" truecount="3" falsecount="0"/>
        <line num="249" count="6" type="stmt"/>
        <line num="250" count="6" type="stmt"/>
        <line num="251" count="6" type="stmt"/>
        <line num="253" count="622217" type="cond" truecount="3" falsecount="0"/>
        <line num="254" count="6" type="stmt"/>
        <line num="255" count="6" type="stmt"/>
        <line num="256" count="6" type="stmt"/>
        <line num="258" count="622211" type="cond" truecount="3" falsecount="0"/>
        <line num="259" count="4" type="stmt"/>
        <line num="260" count="4" type="stmt"/>
        <line num="261" count="4" type="stmt"/>
        <line num="263" count="622207" type="cond" truecount="3" falsecount="0"/>
        <line num="264" count="3" type="stmt"/>
        <line num="265" count="3" type="stmt"/>
        <line num="266" count="3" type="stmt"/>
        <line num="270" count="622204" type="cond" truecount="3" falsecount="0"/>
        <line num="271" count="85" type="stmt"/>
        <line num="272" count="85" type="stmt"/>
        <line num="273" count="85" type="stmt"/>
        <line num="277" count="622119" type="cond" truecount="3" falsecount="0"/>
        <line num="278" count="4" type="stmt"/>
        <line num="279" count="4" type="stmt"/>
        <line num="281" count="4" type="cond" truecount="1" falsecount="0"/>
        <line num="282" count="1" type="stmt"/>
        <line num="284" count="4" type="stmt"/>
        <line num="285" count="4" type="stmt"/>
        <line num="287" count="4" type="stmt"/>
        <line num="288" count="4" type="stmt"/>
        <line num="292" count="622115" type="cond" truecount="1" falsecount="0"/>
        <line num="293" count="13" type="stmt"/>
        <line num="295" count="13" type="cond" truecount="3" falsecount="0"/>
        <line num="296" count="2" type="stmt"/>
        <line num="299" count="13" type="stmt"/>
[...]
        <line num="898" count="0" type="cond" truecount="0" falsecount="1"/>
        <line num="899" count="0" type="stmt"/>
        <line num="900" count="0" type="stmt"/>
        <line num="901" count="0" type="stmt"/>
        <line num="903" count="0" type="stmt"/>
        <line num="906" count="0" type="stmt"/>
        <line num="915" count="43" type="cond" truecount="0" falsecount="1"/>
        <line num="916" count="0" type="stmt"/>
        <line num="919" count="43" type="stmt"/>
        <line num="920" count="59" type="stmt"/>
        <line num="921" count="59" type="cond" truecount="0" falsecount="1"/>
        <line num="922" count="0" type="stmt"/>
        <line num="923" count="0" type="stmt"/>
        <line num="925" count="59" type="stmt"/>
        <line num="926" count="59" type="stmt"/>
        <line num="927" count="59" type="cond" truecount="0" falsecount="1"/>
        <line num="928" count="0" type="stmt"/>
        <line num="937" count="6" type="stmt"/>
        <line num="938" count="6" type="cond" truecount="0" falsecount="1"/>
        <line num="939" count="0" type="stmt"/>
        <line num="942" count="6" type="stmt"/>
        <line num="943" count="6" type="cond" truecount="3" falsecount="0"/>
        <line num="944" count="2" type="stmt"/>
        <line num="947" count="4" type="cond" truecount="3" falsecount="0"/>
        <line num="948" count="1" type="stmt"/>
        <line num="956" count="112" type="cond" truecount="3" falsecount="0"/>
        <line num="957" count="104" type="stmt"/>
        <line num="961" count="112" type="cond" truecount="1" falsecount="0"/>
        <line num="962" count="111" type="cond" truecount="1" falsecount="0"/>
        <line num="963" count="8" type="stmt"/>
        <line num="964" count="8" type="cond" truecount="0" falsecount="1"/>
        <line num="965" count="0" type="stmt"/>
        <line num="967" count="8" type="stmt"/>
        <line num="970" count="103" type="stmt"/>
        <line num="971" count="103" type="stmt"/>
        <line num="972" count="103" type="cond" truecount="1" falsecount="0"/>
        <line num="974" count="103" type="cond" truecount="2" falsecount="0"/>
        <line num="975" count="63" type="stmt"/>
        <line num="976" count="63" type="cond" truecount="3" falsecount="0"/>
        <line num="977" count="1" type="stmt"/>
        <line num="979" count="40" type="cond" truecount="2" falsecount="0"/>
        <line num="980" count="36" type="cond" truecount="1" falsecount="3"/>
        <line num="981" count="0" type="stmt"/>
        <line num="983" count="4" type="cond" truecount="1" falsecount="0"/>
        <line num="985" count="2" type="cond" truecount="1" falsecount="0"/>
        <line num="987" count="1" type="cond" truecount="1" falsecount="0"/>
        <line num="988" count="1" type="stmt"/>
        <line num="1000" count="14" type="cond" truecount="3" falsecount="0"/>
        <line num="1001" count="7" type="cond" truecount="2" falsecount="0"/>
        <line num="1002" count="1" type="stmt"/>
        <line num="1006" count="6" type="cond" truecount="1" falsecount="0"/>
        <line num="1007" count="1" type="stmt"/>
        <line num="1013" count="14" type="stmt"/>
        <line num="1014" count="14" type="cond" truecount="0" falsecount="1"/>
        <line num="1015" count="0" type="stmt"/>
        <line num="1016" count="0" type="stmt"/>
        <line num="1017" count="0" type="stmt"/>
        <line num="1019" count="0" type="stmt"/>
        <line num="1022" count="14" type="cond" truecount="1" falsecount="0"/>
        <line num="1023" count="1" type="stmt"/>
        <line num="1024" count="1" type="stmt"/>
        <line num="1027" count="13" type="stmt"/>
        <line num="1029" count="16" type="stmt"/>
        <line num="1036" count="15" type="cond" truecount="1" falsecount="1"/>
        <line num="1037" count="15" type="cond" truecount="1" falsecount="1"/>
        <line num="1038" count="15" type="stmt"/>
        <line num="1040" count="15" type="cond" truecount="2" falsecount="1"/>
        <line num="1041" count="0" type="stmt"/>
        <line num="1045" count="0" type="stmt"/>
        <line num="1048" count="15" type="stmt"/>
        <line num="1049" count="15" type="stmt"/>
        <line num="1050" count="15" type="stmt"/>
        <line num="1051" count="15" type="cond" truecount="1" falsecount="1"/>
        <line num="1053" count="15" type="stmt"/>
        <line num="1054" count="3" type="stmt"/>
        <line num="1060" count="15" type="stmt"/>
        <line num="1061" count="15" type="cond" truecount="1" falsecount="1"/>
        <line num="1065" count="15" type="cond" truecount="2" falsecount="0"/>
        <line num="1066" count="11" type="stmt"/>
        <line num="1068" count="4" type="stmt"/>
        <line num="1069" count="4" type="stmt"/>
        <line num="1070" count="4" type="cond" truecount="1" falsecount="0"/>
        <line num="1071" count="1" type="stmt"/>
        <line num="1078" count="15" type="stmt"/>
        <line num="1079" count="15" type="stmt"/>
        <line num="1083" count="11188" type="stmt"/>
        <line num="1085" count="11188" type="cond" truecount="2" falsecount="0"/>
        <line num="1086" count="4" type="stmt"/>
        <line num="1087" count="4" type="stmt"/>
        <line num="1088" count="4" type="stmt"/>
        <line num="1089" count="4" type="stmt"/>
        <line num="1090" count="4" type="stmt"/>
        <line num="1091" count="4" type="stmt"/>
        <line num="1093" count="11184" type="stmt"/>
        <line num="1096" count="11188" type="cond" truecount="1" falsecount="0"/>
        <line num="1097" count="1447" type="stmt"/>
        <line num="1102" count="11189" type="cond" truecount="3" falsecount="0"/>
        <line num="1103" count="11182" type="stmt"/>
        <line num="1106" count="7" type="stmt"/>
        <line num="1107" count="7" type="cond" truecount="3" falsecount="0"/>
        <line num="1108" count="2" type="stmt"/>
        <line num="1111" count="5" type="stmt"/>
        <line num="1119" count="184375" type="cond" truecount="26" falsecount="5"/>
        <line num="1121" count="38283" type="stmt"/>
        <line num="1123" count="50" type="stmt"/>
        <line num="1125" count="0" type="stmt"/>
        <line num="1127" count="0" type="stmt"/>
        <line num="1129" count="0" type="stmt"/>
        <line num="1131" count="160" type="stmt"/>
        <line num="1133" count="6" type="stmt"/>
        <line num="1136" count="2264" type="stmt"/>
        <line num="1138" count="1" type="stmt"/>
        <line num="1139" count="3" type="cond" truecount="1" falsecount="0"/>
        <line num="1140" count="1" type="stmt"/>
        <line num="1143" count="1" type="stmt"/>
        <line num="1145" count="10" type="stmt"/>
        <line num="1146" count="20" type="cond" truecount="1" falsecount="0"/>
        <line num="1147" count="9" type="stmt"/>
        <line num="1150" count="10" type="stmt"/>
        <line num="1152" count="11" type="stmt"/>
        <line num="1154" count="81219" type="cond" truecount="2" falsecount="0"/>
        <line num="1156" count="5899" type="stmt"/>
        <line num="1157" count="5899" type="cond" truecount="1" falsecount="0"/>
        <line num="1158" count="1" type="stmt"/>
        <line num="1160" count="5898" type="cond" truecount="0" falsecount="1"/>
        <line num="1161" count="0" type="stmt"/>
        <line num="1163" count="5898" type="cond" truecount="1" falsecount="0"/>
        <line num="1164" count="1" type="stmt"/>
        <line num="1165" count="1" type="cond" truecount="3" falsecount="0"/>
        <line num="1166" count="1" type="stmt"/>
        <line num="1167" count="1" type="cond" truecount="1" falsecount="0"/>
        <line num="1169" count="0" type="stmt"/>
        <line num="1171" count="5897" type="cond" truecount="1" falsecount="0"/>
        <line num="1172" count="1" type="stmt"/>
        <line num="1174" count="5896" type="cond" truecount="0" falsecount="1"/>
        <line num="1175" count="0" type="stmt"/>
        <line num="1177" count="5896" type="stmt"/>
        <line num="1178" count="5896" type="cond" truecount="1" falsecount="0"/>
        <line num="1179" count="3" type="stmt"/>
        <line num="1181" count="5893" type="stmt"/>
        <line num="1182" count="5893" type="cond" truecount="1" falsecount="0"/>
        <line num="1183" count="7" type="stmt"/>
        <line num="1185" count="5886" type="stmt"/>
        <line num="1186" count="5886" type="cond" truecount="1" falsecount="0"/>
        <line num="1189" count="5017" type="cond" truecount="3" falsecount="0"/>
        <line num="1190" count="35" type="cond" truecount="2" falsecount="0"/>
        <line num="1192" count="4982" type="stmt"/>
        <line num="1194" count="869" type="stmt"/>
        <line num="1197" count="14" type="stmt"/>
        <line num="1198" count="14" type="cond" truecount="1" falsecount="1"/>
        <line num="1201" count="0" type="stmt"/>
        <line num="1202" count="0" type="cond" truecount="0" falsecount="1"/>
        <line num="1203" count="0" type="stmt"/>
        <line num="1205" count="0" type="stmt"/>
        <line num="1208" count="44" type="cond" truecount="1" falsecount="0"/>
        <line num="1209" count="43" type="stmt"/>
        <line num="1211" count="1" type="stmt"/>
        <line num="1213" count="114" type="cond" truecount="3" falsecount="0"/>
        <line num="1214" count="6" type="stmt"/>
        <line num="1216" count="108" type="cond" truecount="1" falsecount="0"/>
        <line num="1217" count="108" type="stmt"/>
        <line num="1218" count="108" type="cond" truecount="3" falsecount="0"/>
        <line num="1219" count="36" type="stmt"/>
        <line num="1222" count="72" type="stmt"/>
        <line num="1224" count="1052" type="stmt"/>
        <line num="1225" count="1052" type="cond" truecount="1" falsecount="0"/>
        <line num="1226" count="0" type="stmt"/>
        <line num="1229" count="54116" type="cond" truecount="1" falsecount="0"/>
        <line num="1230" count="4" type="stmt"/>
        <line num="1232" count="54112" type="stmt"/>
        <line num="1234" count="0" type="stmt"/>
        <line num="1236" count="444" type="cond" truecount="1" falsecount="0"/>
        <line num="1237" count="443" type="stmt"/>
        <line num="1240" count="116" type="stmt"/>
        <line num="1241" count="116" type="cond" truecount="1" falsecount="1"/>
        <line num="1244" count="429" type="cond" truecount="1" falsecount="0"/>
        <line num="1245" count="164" type="stmt"/>
        <line num="1247" count="265" type="stmt"/>
        <line num="1249" count="53" type="cond" truecount="1" falsecount="0"/>
        <line num="1250" count="51" type="stmt"/>
        <line num="1251" count="51" type="cond" truecount="1" falsecount="0"/>
        <line num="1252" count="50" type="stmt"/>
        <line num="1255" count="3" type="stmt"/>
        <line num="1257" count="8" type="stmt"/>
        <line num="1259" count="17" type="stmt"/>
        <line num="1263" count="8" type="stmt"/>
        <line num="1265" count="8" type="stmt"/>
        <line num="1269" count="5" type="cond" truecount="1" falsecount="0"/>
        <line num="1270" count="0" type="stmt"/>
        <line num="1274" count="43" type="stmt"/>
        <line num="1276" count="15" type="stmt"/>
        <line num="1283" count="11" type="stmt"/>
        <line num="1291" count="30" type="stmt"/>
        <line num="1292" count="6" type="cond" truecount="1" falsecount="0"/>
        <line num="1293" count="4" type="stmt"/>
        <line num="1295" count="2" type="stmt"/>
        <line num="1296" count="2" type="cond" truecount="1" falsecount="0"/>
        <line num="1297" count="2" type="stmt"/>
        <line num="1299" count="0" type="stmt"/>
        <line num="1300" count="0" type="stmt"/>
        <line num="1303" count="30" type="cond" truecount="1" falsecount="1"/>
        <line num="1306" count="30" type="cond" truecount="0" falsecount="1"/>
        <line num="1307" count="0" type="cond" truecount="0" falsecount="2"/>
        <line num="1310" count="30" type="stmt"/>
        <line num="1320" count="147" type="cond" truecount="4" falsecount="0"/>
        <line num="1321" count="17" type="stmt"/>
        <line num="1325" count="130" type="cond" truecount="1" falsecount="0"/>
        <line num="1326" count="7" type="stmt"/>
        <line num="1327" count="7" type="cond" truecount="1" falsecount="1"/>
        <line num="1331" count="123" type="cond" truecount="1" falsecount="0"/>
        <line num="1332" count="109" type="stmt"/>
        <line num="1336" count="14" type="stmt"/>
        <line num="1340" count="8864" type="stmt"/>
        <line num="1341" count="8864" type="cond" truecount="1" falsecount="0"/>
        <line num="1342" count="118" type="stmt"/>
        <line num="1345" count="8746" type="stmt"/>
        <line num="1346" count="8746" type="cond" truecount="1" falsecount="0"/>
        <line num="1347" count="8725" type="stmt"/>
        <line num="1350" count="21" type="stmt"/>
        <line num="1351" count="21" type="cond" truecount="2" falsecount="1"/>
        <line num="1352" count="0" type="stmt"/>
        <line num="1355" count="21" type="stmt"/>
        <line num="1360" count="10" type="cond" truecount="1" falsecount="0"/>
        <line num="1362" count="0" type="stmt"/>
        <line num="1363" count="0" type="stmt"/>
        <line num="1364" count="0" type="cond" truecount="0" falsecount="1"/>
        <line num="1365" count="0" type="stmt"/>
        <line num="1367" count="0" type="stmt"/>
        <line num="1372" count="31" type="stmt"/>
        <line num="1377" count="31" type="cond" truecount="1" falsecount="0"/>
        <line num="1378" count="31" type="stmt"/>
        <line num="1384" count="0" type="stmt"/>
        <line num="1391" count="28770" type="cond" truecount="3" falsecount="0"/>
        <line num="1392" count="28386" type="stmt"/>
        <line num="1400" count="283822" type="cond" truecount="2" falsecount="0"/>
        <line num="1405" count="37536" type="cond" truecount="4" falsecount="0"/>
        <line num="1406" count="17" type="stmt"/>
        <line num="1408" count="37519" type="cond" truecount="2" falsecount="2"/>
        <line num="1409" count="0" type="stmt"/>
        <line num="1413" count="37519" type="cond" truecount="2" falsecount="1"/>
        <line num="1414" count="0" type="stmt"/>
        <line num="1416" count="37519" type="cond" truecount="3" falsecount="0"/>
        <line num="1417" count="1" type="stmt"/>
        <line num="1419" count="37518" type="cond" truecount="3" falsecount="0"/>
        <line num="1420" count="10" type="stmt"/>
        <line num="1422" count="37508" type="cond" truecount="3" falsecount="0"/>
        <line num="1423" count="153" type="stmt"/>
        <line num="1426" count="37355" type="cond" truecount="0" falsecount="1"/>
        <line num="1428" count="37355" type="cond" truecount="3" falsecount="0"/>
        <line num="1430" count="36433" type="cond" truecount="1" falsecount="0"/>
        <line num="1431" count="36386" type="cond" truecount="1" falsecount="0"/>
        <line num="1433" count="32" type="cond" truecount="4" falsecount="0"/>
        <line num="1435" count="32" type="cond" truecount="1" falsecount="0"/>
        <line num="1439" count="6" type="stmt"/>
        <line num="1444" count="36" type="cond" truecount="2" falsecount="1"/>
        <line num="1445" count="6" type="stmt"/>
        <line num="1448" count="922" type="cond" truecount="3" falsecount="0"/>
        <line num="1449" count="775" type="stmt"/>
        <line num="1452" count="147" type="cond" truecount="3" falsecount="0"/>
        <line num="1453" count="54" type="stmt"/>
        <line num="1456" count="93" type="cond" truecount="3" falsecount="0"/>
        <line num="1457" count="38" type="stmt"/>
        <line num="1460" count="55" type="cond" truecount="3" falsecount="0"/>
        <line num="1461" count="30" type="cond" truecount="3" falsecount="0"/>
        <line num="1462" count="6" type="stmt"/>
        <line num="1466" count="25" type="cond" truecount="3" falsecount="0"/>
        <line num="1467" count="7" type="cond" truecount="2" falsecount="0"/>
        <line num="1468" count="15" type="stmt"/>
        <line num="1471" count="18" type="cond" truecount="3" falsecount="0"/>
        <line num="1472" count="18" type="stmt"/>
        <line num="1476" count="0" type="cond" truecount="0" falsecount="4"/>
        <line num="1477" count="0" type="stmt"/>
        <line num="1480" count="0" type="stmt"/>
        <line num="1484" count="35" type="cond" truecount="2" falsecount="8"/>
        <line num="1486" count="34" type="stmt"/>
        <line num="1488" count="0" type="stmt"/>
        <line num="1490" count="0" type="stmt"/>
        <line num="1492" count="0" type="stmt"/>
        <line num="1494" count="0" type="stmt"/>
        <line num="1496" count="1" type="stmt"/>
        <line num="1498" count="0" type="stmt"/>
        <line num="1500" count="0" type="stmt"/>
        <line num="1502" count="0" type="stmt"/>
        <line num="1504" count="0" type="stmt"/>
        <line num="1509" count="60840" type="cond" truecount="1" falsecount="0"/>
        <line num="1510" count="2110" type="stmt"/>
        <line num="1512" count="58730" type="cond" truecount="1" falsecount="0"/>
        <line num="1513" count="26" type="stmt"/>
        <line num="1515" count="58704" type="cond" truecount="1" falsecount="0"/>
        <line num="1516" count="24" type="stmt"/>
        <line num="1518" count="58693" type="cond" truecount="1" falsecount="0"/>
        <line num="1519" count="49" type="stmt"/>
        <line num="1521" count="13" type="stmt"/>
        <line num="1525" count="58644" type="cond" truecount="4" falsecount="0"/>
        <line num="1526" count="27" type="stmt"/>
        <line num="1528" count="58617" type="cond" truecount="3" falsecount="0"/>
        <line num="1529" count="23" type="stmt"/>
        <line num="1531" count="58594" type="cond" truecount="2" falsecount="1"/>
        <line num="1532" count="0" type="stmt"/>
        <line num="1534" count="58594" type="stmt"/>
      </file>
    </package>
    <package name="src.types">
      <metrics statements="23" coveredstatements="22" conditionals="11" coveredconditionals="10" methods="3" coveredmethods="3"/>
      <file name="mc-version.ts" path="/Users/yuzhe/projects/redscript/src/types/mc-version.ts">
        <metrics statements="23" coveredstatements="22" conditionals="11" coveredconditionals="10" methods="3" coveredmethods="3"/>
        <line num="8" count="59" type="cond" truecount="2" falsecount="0"/>
        <line num="9" count="59" type="stmt"/>
        <line num="10" count="59" type="stmt"/>
        <line num="11" count="59" type="stmt"/>
        <line num="12" count="59" type="stmt"/>
        <line num="13" count="59" type="stmt"/>
        <line num="14" count="59" type="stmt"/>
        <line num="21" count="59" type="stmt"/>
        <line num="22" count="9" type="stmt"/>
        <line num="23" count="9" type="cond" truecount="3" falsecount="0"/>
        <line num="24" count="3" type="stmt"/>
        <line num="26" count="6" type="cond" truecount="1" falsecount="0"/>
        <line num="27" count="6" type="stmt"/>
        <line num="28" count="6" type="stmt"/>
        <line num="29" count="6" type="stmt"/>
        <line num="30" count="6" type="cond" truecount="3" falsecount="1"/>
        <line num="31" count="0" type="stmt"/>
        <line num="33" count="6" type="cond" truecount="1" falsecount="0"/>
        <line num="34" count="1" type="stmt"/>
        <line num="36" count="5" type="stmt"/>
        <line num="42" count="59" type="stmt"/>
        <line num="43" count="6" type="stmt"/>
        <line num="46" count="59" type="stmt"/>
      </file>
    </package>
  </project>
</coverage>
