TN:
SF:src/compile.ts
FN:16,(anonymous_9)
FN:42,resolveSourceLine
FN:60,isLibrarySource
FN:76,resolveImportPath
FN:105,countLines
FN:109,offsetRanges
FN:110,(anonymous_15)
FN:117,preprocessSourceWithMetadata
FN:185,(anonymous_17)
FN:211,preprocessSource
FNF:10
FNH:8
FNDA:71,(anonymous_9)
FNDA:0,resolveSourceLine
FNDA:11,isLibrarySource
FNDA:13,resolveImportPath
FNDA:54,countLines
FNDA:8,offsetRanges
FNDA:9,(anonymous_15)
FNDA:801,preprocessSourceWithMetadata
FNDA:8,(anonymous_17)
FNDA:0,preprocessSource
DA:7,56
DA:8,56
DA:10,56
DA:16,127
DA:42,56
DA:47,0
DA:48,0
DA:49,0
DA:50,0
DA:53,0
DA:56,56
DA:61,11
DA:62,52
DA:63,52
DA:64,11
DA:66,0
DA:81,13
DA:83,13
DA:85,17
DA:86,17
DA:91,9
DA:92,9
DA:93,9
DA:94,9
DA:97,6
DA:98,2
DA:99,2
DA:102,1
DA:106,54
DA:110,9
DA:117,56
DA:118,801
DA:119,801
DA:120,801
DA:122,801
DA:123,47
DA:126,801
DA:127,801
DA:129,801
DA:130,801
DA:131,801
DA:133,801
DA:134,48820
DA:135,48820
DA:136,48820
DA:138,48820
DA:139,13
DA:140,0
DA:148,13
DA:149,13
DA:150,1
DA:157,12
DA:158,11
DA:159,11
DA:161,11
DA:164,3
DA:165,3
DA:167,3
DA:169,8
DA:172,12
DA:175,48807
DA:176,3288
DA:177,3288
DA:180,45519
DA:181,45519
DA:184,800
DA:185,800
DA:186,800
DA:188,800
DA:189,800
DA:191,800
DA:192,8
DA:193,8
DA:196,800
DA:197,46
DA:204,800
DA:211,56
DA:212,0
LF:78
LH:70
BRDA:48,0,0,0
BRDA:48,1,0,0
BRDA:48,1,1,0
BRDA:63,2,0,41
BRDA:63,3,0,52
BRDA:63,3,1,49
BRDA:81,4,0,9
BRDA:81,4,1,4
BRDA:86,5,0,8
BRDA:94,6,0,3
BRDA:99,7,0,1
BRDA:106,8,0,0
BRDA:106,8,1,54
BRDA:117,9,0,0
BRDA:119,10,0,801
BRDA:119,10,1,790
BRDA:120,11,0,801
BRDA:120,11,1,789
BRDA:122,12,0,47
BRDA:138,13,0,13
BRDA:138,14,0,48820
BRDA:138,14,1,4101
BRDA:139,15,0,0
BRDA:149,16,0,1
BRDA:157,17,0,11
BRDA:161,18,0,3
BRDA:161,18,1,8
BRDA:167,19,0,0
BRDA:175,20,0,3288
BRDA:175,21,0,48807
BRDA:175,21,1,4088
BRDA:175,21,2,3434
BRDA:196,22,0,46
BRDA:196,23,0,800
BRDA:196,23,1,46
BRDA:207,24,0,3
BRDA:207,24,1,797
BRDA:211,25,0,0
BRF:38
BRH:30
end_of_record
TN:
SF:src/index.ts
FN:12,(anonymous_0)
FN:13,(anonymous_1)
FN:15,(anonymous_2)
FN:15,(anonymous_3)
FN:15,(anonymous_4)
FN:15,(anonymous_5)
FN:19,(anonymous_6)
FN:20,(anonymous_7)
FN:21,(anonymous_8)
FN:21,(anonymous_9)
FN:22,(anonymous_10)
FN:27,(anonymous_11)
FN:27,(anonymous_12)
FN:28,(anonymous_13)
FN:28,(anonymous_14)
FN:29,(anonymous_15)
FN:29,(anonymous_16)
FN:46,check
FN:53,checkWithWarnings
FNF:19
FNH:3
FNDA:31,(anonymous_0)
FNDA:0,(anonymous_1)
FNDA:0,(anonymous_2)
FNDA:0,(anonymous_3)
FNDA:0,(anonymous_4)
FNDA:0,(anonymous_5)
FNDA:0,(anonymous_6)
FNDA:0,(anonymous_7)
FNDA:0,(anonymous_8)
FNDA:0,(anonymous_9)
FNDA:0,(anonymous_10)
FNDA:0,(anonymous_11)
FNDA:0,(anonymous_12)
FNDA:0,(anonymous_13)
FNDA:0,(anonymous_14)
FNDA:0,(anonymous_15)
FNDA:0,(anonymous_16)
FNDA:3,check
FNDA:3,checkWithWarnings
DA:7,5
DA:9,5
DA:12,36
DA:13,5
DA:15,5
DA:19,5
DA:20,5
DA:21,5
DA:22,5
DA:27,5
DA:28,5
DA:29,5
DA:46,5
DA:47,3
DA:53,5
DA:54,3
DA:55,3
DA:56,1
DA:58,2
LF:19
LH:19
BRDA:46,0,0,3
BRDA:53,1,0,0
BRF:2
BRH:1
end_of_record
TN:
SF:src/repl.ts
FN:18,(anonymous_9)
FN:20,(anonymous_10)
FN:25,(anonymous_11)
FN:32,(anonymous_12)
FN:38,(anonymous_13)
FN:64,startRepl
FN:113,question
FN:114,(anonymous_16)
FN:117,buildSource
FN:124,(anonymous_18)
FN:130,isTopLevelDeclaration
FN:134,normalizeStatement
FN:141,selectRelevantFiles
FN:143,(anonymous_22)
FN:153,(anonymous_23)
FN:159,formatFiles
FN:164,(anonymous_25)
FNF:17
FNH:14
FNDA:3,(anonymous_9)
FNDA:1,(anonymous_10)
FNDA:5,(anonymous_11)
FNDA:6,(anonymous_12)
FNDA:5,(anonymous_13)
FNDA:0,startRepl
FNDA:0,question
FNDA:0,(anonymous_16)
FNDA:5,buildSource
FNDA:5,(anonymous_18)
FNDA:5,isTopLevelDeclaration
FNDA:4,normalizeStatement
FNDA:5,selectRelevantFiles
FNDA:5,(anonymous_22)
FNDA:17,(anonymous_23)
FNDA:5,formatFiles
FNDA:7,(anonymous_25)
DA:1,1
DA:3,1
DA:6,1
DA:14,1
DA:15,3
DA:16,3
DA:18,3
DA:21,1
DA:22,1
DA:26,5
DA:28,5
DA:29,2
DA:32,6
DA:33,5
DA:35,5
DA:39,5
DA:40,5
DA:41,0
DA:44,5
DA:45,5
DA:47,5
DA:48,5
DA:49,5
DA:50,5
DA:51,5
DA:53,5
DA:54,5
DA:56,5
DA:64,1
DA:65,0
DA:66,0
DA:72,0
DA:74,0
DA:75,0
DA:76,0
DA:77,0
DA:79,0
DA:80,0
DA:83,0
DA:84,0
DA:90,0
DA:93,0
DA:94,0
DA:95,0
DA:96,0
DA:99,0
DA:100,0
DA:101,0
DA:102,0
DA:105,0
DA:109,0
DA:114,0
DA:118,5
DA:120,5
DA:121,2
DA:124,5
DA:125,5
DA:127,5
DA:131,5
DA:135,4
DA:136,0
DA:138,4
DA:142,5
DA:143,1
DA:144,5
DA:150,1
DA:153,4
DA:154,17
DA:160,5
DA:161,0
DA:164,7
LF:71
LH:45
BRDA:18,0,0,0
BRDA:28,1,0,2
BRDA:33,2,0,4
BRDA:33,2,1,1
BRDA:40,3,0,0
BRDA:45,4,0,1
BRDA:45,4,1,4
BRDA:47,5,0,1
BRDA:47,5,1,4
BRDA:48,6,0,1
BRDA:48,6,1,4
BRDA:64,7,0,0
BRDA:79,8,0,0
BRDA:83,9,0,0
BRDA:93,10,0,0
BRDA:101,11,0,0
BRDA:105,12,0,0
BRDA:105,12,1,0
BRDA:120,13,0,2
BRDA:125,14,0,4
BRDA:125,14,1,1
BRDA:135,15,0,0
BRDA:142,16,0,1
BRDA:144,17,0,5
BRDA:144,17,1,3
BRDA:144,17,2,3
BRDA:144,17,3,3
BRDA:144,17,4,3
BRDA:154,18,0,17
BRDA:154,18,1,4
BRDA:160,19,0,0
BRDA:161,20,0,0
BRDA:161,20,1,0
BRF:33
BRH:20
end_of_record
TN:
SF:src/builtins/metadata.ts
FN:1029,builtinToDeclaration
FN:1052,(anonymous_1)
FN:1076,generateDts
FN:1114,(anonymous_3)
FNF:4
FNH:4
FNDA:66,builtinToDeclaration
FNDA:144,(anonymous_1)
FNDA:1,generateDts
FNDA:65,(anonymous_3)
DA:48,2
DA:1029,2
DA:1030,66
DA:1033,66
DA:1036,66
DA:1037,144
DA:1038,144
DA:1042,66
DA:1043,9
DA:1047,66
DA:1048,105
DA:1052,66
DA:1053,144
DA:1054,144
DA:1055,144
DA:1056,144
DA:1057,144
DA:1058,144
DA:1059,144
DA:1060,144
DA:1061,144
DA:1062,18
DA:1064,126
DA:1067,66
DA:1068,66
DA:1070,66
DA:1076,2
DA:1077,1
DA:1079,1
DA:1080,65
DA:1081,11
DA:1083,65
DA:1086,1
DA:1100,1
DA:1108,1
DA:1109,11
DA:1110,11
DA:1111,11
DA:1112,11
DA:1113,11
DA:1114,65
DA:1117,1
LF:42
LH:42
BRDA:1037,0,0,115
BRDA:1037,0,1,29
BRDA:1042,1,0,9
BRDA:1054,2,0,3
BRDA:1055,3,0,1
BRDA:1056,4,0,2
BRDA:1057,5,0,2
BRDA:1058,6,0,1
BRDA:1059,7,0,0
BRDA:1060,8,0,3
BRDA:1061,9,0,18
BRDA:1061,10,0,144
BRDA:1061,10,1,29
BRDA:1080,11,0,11
BRDA:1109,12,0,11
BRDA:1109,12,1,0
BRF:16
BRH:14
end_of_record
TN:
SF:src/cache/deps.ts
FN:17,parseImports
FN:39,(anonymous_10)
FN:44,(anonymous_11)
FN:51,(anonymous_12)
FN:56,(anonymous_13)
FN:64,(anonymous_14)
FN:89,(anonymous_15)
FN:111,(anonymous_16)
FN:124,(anonymous_17)
FN:129,(anonymous_18)
FNF:10
FNH:7
FNDA:29,parseImports
FNDA:10,(anonymous_10)
FNDA:26,(anonymous_11)
FNDA:0,(anonymous_12)
FNDA:1,(anonymous_13)
FNDA:37,(anonymous_14)
FNDA:2,(anonymous_15)
FNDA:1,(anonymous_16)
FNDA:0,(anonymous_17)
FNDA:0,(anonymous_18)
DA:8,6
DA:9,6
DA:11,6
DA:17,6
DA:18,29
DA:19,29
DA:20,29
DA:21,29
DA:23,29
DA:24,47
DA:26,47
DA:27,43
DA:28,43
DA:29,14
DA:32,29
DA:36,29
DA:39,6
DA:41,10
DA:45,26
DA:46,26
DA:47,26
DA:52,0
DA:57,1
DA:65,37
DA:66,37
DA:67,37
DA:69,37
DA:70,47
DA:71,47
DA:72,47
DA:73,39
DA:74,10
DA:75,10
DA:76,10
DA:81,37
DA:90,2
DA:91,2
DA:92,2
DA:94,2
DA:95,5
DA:96,5
DA:97,10
DA:98,3
DA:99,3
DA:104,2
DA:112,1
DA:113,1
DA:114,1
DA:115,1
DA:116,1
DA:117,1
DA:120,1
DA:125,0
DA:130,0
LF:54
LH:51
BRDA:19,0,0,29
BRDA:19,0,1,11
BRDA:26,1,0,4
BRDA:26,2,0,47
BRDA:26,2,1,44
BRDA:28,3,0,14
BRDA:28,3,1,29
BRDA:57,4,0,1
BRDA:57,4,1,0
BRDA:72,5,0,8
BRDA:74,6,0,10
BRDA:97,7,0,3
BRDA:97,8,0,10
BRDA:97,8,1,3
BRF:14
BRH:13
end_of_record
TN:
SF:src/cache/incremental.ts
FN:46,compileIncremental
FN:153,writeBuildOutput
FN:163,deriveNamespace
FN:171,resetCompileCache
FNF:4
FNH:4
FNDA:9,compileIncremental
FNDA:17,writeBuildOutput
FNDA:14,deriveNamespace
FNDA:6,resetCompileCache
DA:6,6
DA:7,6
DA:8,6
DA:36,6
DA:46,6
DA:52,9
DA:60,9
DA:61,18
DA:62,18
DA:63,18
DA:64,18
DA:67,0
DA:74,9
DA:75,9
DA:77,9
DA:78,18
DA:79,18
DA:80,18
DA:81,18
DA:84,9
DA:85,20
DA:86,14
DA:91,9
DA:92,18
DA:95,18
DA:96,18
DA:99,18
DA:100,18
DA:102,18
DA:103,11
DA:105,7
DA:106,9
DA:107,3
DA:108,3
DA:112,7
DA:113,0
DA:117,18
DA:119,4
DA:120,4
DA:121,4
DA:122,4
DA:126,14
DA:127,14
DA:128,14
DA:129,14
DA:132,13
DA:133,13
DA:134,17
DA:135,17
DA:136,17
DA:139,13
DA:140,13
DA:142,13
DA:143,13
DA:145,1
DA:149,9
DA:154,17
DA:155,17
DA:156,72
DA:157,72
DA:158,72
DA:159,72
DA:164,14
DA:165,14
DA:171,6
DA:172,6
LF:66
LH:64
BRDA:85,0,0,14
BRDA:102,1,0,11
BRDA:102,1,1,7
BRDA:106,2,0,3
BRDA:112,3,0,0
BRDA:112,4,0,7
BRDA:112,4,1,4
BRDA:117,5,0,4
BRDA:128,6,0,14
BRDA:128,6,1,14
BRDA:136,7,0,17
BRF:11
BRH:10
end_of_record
TN:
SF:src/cache/index.ts
FN:28,(anonymous_9)
FN:33,(anonymous_10)
FN:38,(anonymous_11)
FN:43,(anonymous_12)
FN:62,(anonymous_13)
FN:87,(anonymous_14)
FN:92,(anonymous_15)
FN:97,(anonymous_16)
FN:102,(anonymous_17)
FN:117,(anonymous_18)
FN:132,hashFile
FNF:11
FNH:8
FNDA:12,(anonymous_9)
FNDA:18,(anonymous_10)
FNDA:0,(anonymous_11)
FNDA:44,(anonymous_12)
FNDA:20,(anonymous_13)
FNDA:0,(anonymous_14)
FNDA:0,(anonymous_15)
FNDA:1,(anonymous_16)
FNDA:1,(anonymous_17)
FNDA:2,(anonymous_18)
FNDA:25,hashFile
DA:8,6
DA:9,6
DA:10,6
DA:24,6
DA:25,12
DA:29,12
DA:34,18
DA:39,0
DA:44,44
DA:45,44
DA:46,44
DA:49,17
DA:50,17
DA:51,17
DA:53,0
DA:57,5
DA:58,5
DA:63,20
DA:64,20
DA:66,20
DA:67,16
DA:68,16
DA:69,16
DA:75,0
DA:77,4
DA:79,0
DA:80,0
DA:83,20
DA:88,0
DA:93,0
DA:98,1
DA:103,1
DA:104,1
DA:108,1
DA:110,1
DA:112,1
DA:113,1
DA:118,2
DA:119,2
DA:120,2
DA:121,1
DA:122,1
DA:123,1
DA:132,6
DA:133,25
DA:134,25
LF:46
LH:39
BRDA:46,0,0,27
BRDA:51,1,0,12
BRDA:66,2,0,16
BRDA:66,2,1,4
BRDA:77,3,0,0
BRDA:80,4,0,0
BRDA:121,5,0,0
BRF:7
BRH:4
end_of_record
TN:
SF:src/diagnostics/index.ts
FN:19,formatSourcePointer
FN:36,(anonymous_1)
FN:57,(anonymous_2)
FN:86,(anonymous_3)
FN:100,(anonymous_4)
FN:107,(anonymous_5)
FN:117,(anonymous_6)
FN:121,(anonymous_7)
FN:125,(anonymous_8)
FN:126,(anonymous_9)
FN:129,(anonymous_10)
FN:145,parseErrorMessage
FN:164,formatError
FNF:13
FNH:11
FNDA:6,formatSourcePointer
FNDA:2665,(anonymous_1)
FNDA:5,(anonymous_2)
FNDA:0,(anonymous_3)
FNDA:851,(anonymous_4)
FNDA:49,(anonymous_5)
FNDA:1,(anonymous_6)
FNDA:850,(anonymous_7)
FNDA:1,(anonymous_8)
FNDA:1,(anonymous_9)
FNDA:0,(anonymous_10)
FNDA:2,parseErrorMessage
FNDA:2,formatError
DA:20,6
DA:21,6
DA:22,0
DA:25,6
DA:26,6
DA:27,6
DA:28,6
DA:31,66
DA:42,2665
DA:43,2665
DA:44,2665
DA:45,2665
DA:46,2665
DA:58,5
DA:59,5
DA:60,5
DA:62,5
DA:63,1
DA:66,4
DA:67,4
DA:68,0
DA:70,4
DA:71,4
DA:72,4
DA:73,4
DA:74,4
DA:75,4
DA:79,4
DA:87,0
DA:95,66
DA:96,851
DA:97,851
DA:101,851
DA:102,851
DA:104,851
DA:108,49
DA:114,49
DA:118,1
DA:122,850
DA:126,1
DA:130,0
DA:131,0
DA:133,0
DA:145,66
DA:152,2
DA:153,2
DA:154,1
DA:155,1
DA:156,1
DA:157,1
DA:161,1
DA:164,66
DA:165,2
DA:166,2
DA:167,2
DA:168,2
DA:169,2
DA:170,2
DA:171,2
DA:172,0
DA:174,2
DA:177,0
DA:178,0
DA:181,0
DA:182,0
LF:65
LH:54
BRDA:21,0,0,0
BRDA:21,1,0,6
BRDA:21,1,1,6
BRDA:59,2,0,1
BRDA:59,2,1,4
BRDA:62,3,0,1
BRDA:62,4,0,5
BRDA:62,4,1,4
BRDA:67,5,0,0
BRDA:75,6,0,3
BRDA:75,6,1,1
BRDA:76,7,0,3
BRDA:76,7,1,0
BRDA:82,8,0,3
BRDA:82,8,1,1
BRDA:101,9,0,851
BRDA:130,10,0,0
BRDA:153,11,0,1
BRDA:165,12,0,2
BRDA:166,13,0,2
BRDA:166,13,1,0
BRDA:166,13,2,0
BRDA:168,14,0,2
BRDA:168,14,1,1
BRDA:168,14,2,1
BRDA:171,15,0,0
BRDA:177,16,0,0
BRF:27
BRH:19
end_of_record
TN:
SF:src/emit/compile.ts
FN:49,compile
FN:172,(anonymous_1)
FNF:2
FNH:2
FNDA:787,compile
FNDA:60,(anonymous_1)
DA:7,56
DA:8,56
DA:9,56
DA:10,56
DA:11,56
DA:12,56
DA:13,56
DA:14,56
DA:15,56
DA:16,56
DA:17,56
DA:18,56
DA:19,56
DA:20,56
DA:21,56
DA:22,56
DA:49,56
DA:50,787
DA:51,787
DA:54,787
DA:55,786
DA:58,786
DA:59,786
DA:60,782
DA:61,782
DA:62,775
DA:65,775
DA:66,3
DA:67,3
DA:68,3
DA:69,3
DA:70,3
DA:71,132
DA:72,3
DA:73,3
DA:74,3
DA:75,3
DA:76,3
DA:77,3
DA:81,775
DA:82,105
DA:83,196
DA:84,196
DA:85,6170
DA:86,196
DA:87,196
DA:88,196
DA:89,196
DA:90,196
DA:91,196
DA:99,775
DA:100,775
DA:102,775
DA:103,775
DA:104,7
DA:105,3
DA:106,3
DA:109,4
DA:116,771
DA:118,771
DA:121,771
DA:124,771
DA:125,771
DA:126,771
DA:127,771
DA:128,771
DA:129,771
DA:130,9292
DA:131,567
DA:132,567
DA:133,567
DA:134,60
DA:140,567
DA:141,5
DA:143,567
DA:144,9
DA:145,9
DA:146,9
DA:147,9
DA:154,771
DA:157,771
DA:160,771
DA:161,771
DA:162,771
DA:163,771
DA:166,771
DA:169,771
DA:172,771
DA:173,771
DA:174,771
DA:175,0
DA:176,0
DA:182,0
DA:186,771
DA:187,771
DA:188,771
DA:189,59548
DA:190,327225
DA:191,0
DA:201,771
DA:203,771
DA:205,0
DA:206,0
DA:207,0
LF:104
LH:97
BRDA:49,0,0,0
BRDA:50,1,0,0
BRDA:50,2,0,776
BRDA:50,3,0,781
BRDA:50,4,0,783
BRDA:65,5,0,775
BRDA:65,5,1,772
BRDA:81,6,0,105
BRDA:103,7,0,7
BRDA:104,8,0,3
BRDA:104,8,1,4
BRDA:131,9,0,30
BRDA:132,10,0,34
BRDA:133,11,0,60
BRDA:136,12,0,60
BRDA:136,12,1,1
BRDA:140,13,0,5
BRDA:141,14,0,5
BRDA:141,14,1,0
BRDA:143,15,0,9
BRDA:143,16,0,567
BRDA:143,16,1,9
BRDA:145,17,0,9
BRDA:146,18,0,8
BRDA:175,19,0,0
BRDA:190,20,0,0
BRDA:190,21,0,327225
BRDA:190,21,1,53089
BRDA:190,21,2,53089
BRDA:205,22,0,0
BRF:30
BRH:24
end_of_record
TN:
SF:src/emit/index.ts
FN:34,emit
FN:87,(anonymous_1)
FN:95,(anonymous_2)
FN:130,emitFunction
FN:138,emitFunctionWithSourceMap
FN:153,fnNameToPath
FN:163,emitInstr
FN:260,slot
FN:264,cmpToMC
FN:281,macroLineCompat
FN:283,(anonymous_10)
FN:286,emitSubcmd
FNF:12
FNH:12
FNDA:792,emit
FNDA:35,(anonymous_1)
FNDA:93,(anonymous_2)
FNDA:59575,emitFunction
FNDA:15,emitFunctionWithSourceMap
FNDA:59590,fnNameToPath
FNDA:329891,emitInstr
FNDA:377716,slot
FNDA:4,cmpToMC
FNDA:4,macroLineCompat
FNDA:12,(anonymous_10)
FNDA:47,emitSubcmd
DA:9,59
DA:10,59
DA:34,59
DA:35,792
DA:36,792
DA:37,792
DA:38,792
DA:39,792
DA:40,792
DA:41,792
DA:42,792
DA:45,792
DA:53,792
DA:54,792
DA:60,792
DA:61,59590
DA:62,59590
DA:63,15
DA:64,15
DA:65,15
DA:66,15
DA:67,15
DA:68,13
DA:71,59575
DA:72,59575
DA:77,792
DA:78,7
DA:85,792
DA:87,792
DA:88,792
DA:94,792
DA:95,93
DA:96,90
DA:103,792
DA:111,792
DA:112,772
DA:113,11
DA:114,11
DA:115,9
DA:123,792
DA:131,59575
DA:132,59575
DA:133,327300
DA:135,59575
DA:145,15
DA:146,15
DA:147,59
DA:148,59
DA:150,15
DA:155,59590
DA:156,59590
DA:164,329891
DA:166,53106
DA:169,102951
DA:172,8586
DA:175,7403
DA:178,17384
DA:181,12929
DA:184,1047
DA:187,1
DA:190,1
DA:193,1
DA:196,2532
DA:199,4715
DA:202,333
DA:205,1
DA:208,1
DA:211,46545
DA:214,2425
DA:215,2423
DA:218,2
DA:221,1
DA:224,1
DA:227,1
DA:230,1
DA:233,35
DA:234,35
DA:240,16418
DA:243,428
DA:244,424
DA:249,4
DA:252,53045
DA:261,377716
DA:265,4
DA:266,1
DA:267,1
DA:268,1
DA:269,0
DA:270,0
DA:271,1
DA:283,12
DA:287,47
DA:289,29
DA:291,9
DA:293,1
DA:295,1
DA:297,1
DA:299,1
DA:301,1
DA:303,1
DA:305,1
DA:307,1
DA:309,1
LF:103
LH:101
BRDA:36,0,0,792
BRDA:36,0,1,1
BRDA:37,1,0,792
BRDA:37,1,1,1
BRDA:38,2,0,792
BRDA:38,2,1,1
BRDA:40,3,0,792
BRDA:40,3,1,20
BRDA:41,4,0,792
BRDA:41,4,1,19
BRDA:62,5,0,15
BRDA:62,5,1,59575
BRDA:67,6,0,13
BRDA:85,7,0,792
BRDA:85,8,0,792
BRDA:85,8,1,758
BRDA:94,9,0,90
BRDA:111,10,0,772
BRDA:114,11,0,9
BRDA:114,12,0,11
BRDA:114,12,1,10
BRDA:164,13,0,53106
BRDA:164,13,1,102951
BRDA:164,13,2,8586
BRDA:164,13,3,7403
BRDA:164,13,4,17384
BRDA:164,13,5,12929
BRDA:164,13,6,1047
BRDA:164,13,7,1
BRDA:164,13,8,1
BRDA:164,13,9,1
BRDA:164,13,10,2532
BRDA:164,13,11,4715
BRDA:164,13,12,333
BRDA:164,13,13,1
BRDA:164,13,14,1
BRDA:164,13,15,46545
BRDA:164,13,16,2425
BRDA:164,13,17,1
BRDA:164,13,18,1
BRDA:164,13,19,1
BRDA:164,13,20,1
BRDA:164,13,21,35
BRDA:164,13,22,16418
BRDA:164,13,23,428
BRDA:164,13,24,53045
BRDA:202,14,0,332
BRDA:202,14,1,1
BRDA:214,15,0,2423
BRDA:234,16,0,34
BRDA:234,16,1,1
BRDA:243,17,0,424
BRDA:265,18,0,1
BRDA:265,18,1,1
BRDA:265,18,2,1
BRDA:265,18,3,0
BRDA:265,18,4,0
BRDA:265,18,5,1
BRDA:287,19,0,29
BRDA:287,19,1,9
BRDA:287,19,2,1
BRDA:287,19,3,1
BRDA:287,19,4,1
BRDA:287,19,5,1
BRDA:287,19,6,1
BRDA:287,19,7,1
BRDA:287,19,8,1
BRDA:287,19,9,1
BRDA:287,19,10,1
BRF:69
BRH:67
end_of_record
TN:
SF:src/emit/modules.ts
FN:50,compileModules
FN:270,crossModuleDCE
FN:325,(anonymous_2)
FN:331,compileSingleModule
FN:392,(anonymous_4)
FN:408,mergeTagFile
FN:409,(anonymous_6)
FN:421,detectCircularImports
FN:425,dfs
FN:457,rewriteCallsInProgram
FN:468,rewriteBlock
FN:474,rewriteStmt
FN:532,rewriteExpr
FNF:13
FNH:13
FNDA:16,compileModules
FNDA:11,crossModuleDCE
FNDA:20,(anonymous_2)
FNDA:19,compileSingleModule
FNDA:14,(anonymous_4)
FNDA:22,mergeTagFile
FNDA:119,(anonymous_6)
FNDA:15,detectCircularImports
FNDA:38,dfs
FNDA:6,rewriteCallsInProgram
FNDA:9,rewriteBlock
FNDA:13,rewriteStmt
FNDA:29,rewriteExpr
DA:15,7
DA:16,7
DA:17,7
DA:18,7
DA:19,7
DA:20,7
DA:21,7
DA:22,7
DA:23,7
DA:24,7
DA:25,7
DA:50,7
DA:54,16
DA:55,16
DA:57,16
DA:58,0
DA:65,16
DA:67,16
DA:68,28
DA:69,28
DA:70,28
DA:71,28
DA:74,28
DA:75,28
DA:76,1
DA:83,27
DA:91,15
DA:92,15
DA:93,27
DA:94,27
DA:95,32
DA:97,27
DA:104,15
DA:111,13
DA:113,13
DA:114,22
DA:115,22
DA:116,9
DA:117,9
DA:118,1
DA:125,8
DA:127,1
DA:128,2
DA:131,7
DA:132,1
DA:138,6
DA:141,20
DA:149,11
DA:150,11
DA:151,19
DA:154,11
DA:155,19
DA:156,7
DA:157,7
DA:158,7
DA:159,1
DA:160,2
DA:162,6
DA:171,11
DA:173,11
DA:174,11
DA:176,11
DA:177,19
DA:178,19
DA:179,19
DA:182,19
DA:183,6
DA:189,19
DA:190,19
DA:191,14
DA:192,14
DA:194,19
DA:197,19
DA:198,19
DA:199,8
DA:206,19
DA:209,19
DA:210,19
DA:213,19
DA:214,15
DA:216,5
DA:221,19
DA:222,100
DA:223,19
DA:224,11
DA:225,11
DA:227,19
DA:230,81
DA:231,19
DA:232,19
DA:235,62
DA:236,3
DA:237,3
DA:239,59
DA:246,11
DA:248,11
DA:275,11
DA:278,3
DA:279,3
DA:280,20
DA:281,20
DA:282,13
DA:287,3
DA:288,3
DA:289,3
DA:290,20
DA:291,13
DA:293,13
DA:294,13
DA:295,1
DA:297,13
DA:301,3
DA:302,3
DA:303,3
DA:304,20
DA:305,13
DA:307,10
DA:308,10
DA:312,3
DA:313,10
DA:314,10
DA:315,10
DA:316,1
DA:317,1
DA:318,0
DA:319,0
DA:325,3
DA:326,20
DA:327,3
DA:338,19
DA:340,19
DA:341,19
DA:342,19
DA:347,19
DA:348,19
DA:349,19
DA:350,19
DA:351,19
DA:352,24
DA:353,4
DA:354,4
DA:355,4
DA:356,1
DA:358,4
DA:359,1
DA:365,19
DA:366,19
DA:368,19
DA:369,19
DA:370,19
DA:371,19
DA:373,19
DA:374,19
DA:375,19
DA:377,19
DA:382,19
DA:383,14
DA:384,14
DA:385,14
DA:387,14
DA:388,75
DA:389,14
DA:390,61
DA:391,14
DA:392,14
DA:393,14
DA:395,14
DA:400,19
DA:402,0
DA:403,0
DA:409,119
DA:410,22
DA:411,14
DA:412,14
DA:414,8
DA:415,8
DA:416,8
DA:417,8
DA:422,15
DA:423,15
DA:426,38
DA:427,2
DA:428,2
DA:434,36
DA:435,28
DA:436,28
DA:437,28
DA:438,28
DA:439,27
DA:440,14
DA:443,23
DA:446,15
DA:447,24
DA:458,6
DA:459,6
DA:461,6
DA:462,1
DA:463,1
DA:469,9
DA:470,13
DA:475,13
DA:478,8
DA:479,8
DA:481,4
DA:482,4
DA:484,1
DA:485,1
DA:486,1
DA:487,1
DA:489,0
DA:490,0
DA:491,0
DA:493,0
DA:494,0
DA:495,0
DA:496,0
DA:497,0
DA:499,0
DA:500,0
DA:501,0
DA:502,0
DA:504,0
DA:505,0
DA:506,0
DA:508,0
DA:509,0
DA:511,0
DA:512,0
DA:514,0
DA:517,0
DA:518,0
DA:520,0
DA:521,0
DA:523,0
DA:524,0
DA:526,0
DA:527,0
DA:533,29
DA:536,9
DA:537,9
DA:538,8
DA:540,11
DA:541,9
DA:544,0
DA:545,0
DA:547,0
DA:548,0
DA:549,0
DA:551,0
DA:552,0
DA:554,2
DA:555,2
DA:557,0
DA:558,0
DA:559,0
DA:561,0
DA:562,0
DA:563,0
DA:565,0
DA:566,0
DA:567,0
DA:568,0
DA:570,0
DA:571,0
DA:573,3
DA:574,3
DA:576,0
DA:577,0
DA:578,0
DA:580,0
DA:581,0
DA:583,0
DA:584,0
LF:273
LH:214
BRDA:52,0,0,0
BRDA:54,1,0,16
BRDA:54,1,1,0
BRDA:57,2,0,0
BRDA:75,3,0,1
BRDA:75,4,0,28
BRDA:75,4,1,21
BRDA:95,5,0,21
BRDA:117,6,0,1
BRDA:125,7,0,1
BRDA:125,7,1,7
BRDA:131,8,0,1
BRDA:157,9,0,0
BRDA:158,10,0,1
BRDA:158,10,1,6
BRDA:160,11,0,1
BRDA:178,12,0,19
BRDA:178,12,1,0
BRDA:182,13,0,6
BRDA:190,14,0,14
BRDA:191,15,0,14
BRDA:191,15,1,0
BRDA:198,16,0,8
BRDA:198,17,0,19
BRDA:198,17,1,16
BRDA:206,18,0,14
BRDA:206,18,1,5
BRDA:209,19,0,14
BRDA:209,19,1,5
BRDA:213,20,0,15
BRDA:222,21,0,19
BRDA:223,22,0,11
BRDA:230,23,0,19
BRDA:235,24,0,3
BRDA:275,25,0,8
BRDA:281,26,0,13
BRDA:290,27,0,7
BRDA:304,28,0,7
BRDA:305,29,0,10
BRDA:314,30,0,10
BRDA:314,30,1,0
BRDA:317,31,0,0
BRDA:317,32,0,1
BRDA:317,32,1,1
BRDA:326,33,0,17
BRDA:353,34,0,2
BRDA:354,35,0,0
BRDA:355,36,0,1
BRDA:356,37,0,1
BRDA:356,37,1,1
BRDA:358,38,0,1
BRDA:359,39,0,1
BRDA:359,39,1,1
BRDA:382,40,0,14
BRDA:388,41,0,14
BRDA:388,41,1,61
BRDA:390,42,0,14
BRDA:393,43,0,14
BRDA:393,43,1,0
BRDA:402,44,0,0
BRDA:410,45,0,14
BRDA:426,46,0,2
BRDA:434,47,0,8
BRDA:438,48,0,27
BRDA:475,49,0,8
BRDA:475,49,1,8
BRDA:475,49,2,4
BRDA:475,49,3,1
BRDA:475,49,4,0
BRDA:475,49,5,0
BRDA:475,49,6,0
BRDA:475,49,7,0
BRDA:475,49,8,0
BRDA:475,49,9,0
BRDA:475,49,10,0
BRDA:475,49,11,0
BRDA:475,49,12,0
BRDA:475,49,13,0
BRDA:478,50,0,8
BRDA:478,50,1,0
BRDA:481,51,0,4
BRDA:486,52,0,1
BRDA:493,53,0,0
BRDA:511,54,0,0
BRDA:533,55,0,9
BRDA:533,55,1,0
BRDA:533,55,2,0
BRDA:533,55,3,0
BRDA:533,55,4,2
BRDA:533,55,5,0
BRDA:533,55,6,0
BRDA:533,55,7,0
BRDA:533,55,8,0
BRDA:533,55,9,3
BRDA:533,55,10,0
BRDA:533,55,11,0
BRDA:533,55,12,0
BRDA:537,56,0,8
BRF:98
BRH:64
end_of_record
TN:
SF:src/emit/sourcemap.ts
FN:57,(anonymous_0)
FN:62,(anonymous_1)
FN:82,(anonymous_2)
FN:94,serializeSourceMap
FN:99,sourceMapPath
FNF:5
FNH:5
FNDA:15,(anonymous_0)
FNDA:59,(anonymous_1)
FNDA:15,(anonymous_2)
FNDA:13,serializeSourceMap
FNDA:13,sourceMapPath
DA:50,59
DA:52,15
DA:53,15
DA:54,15
DA:55,15
DA:58,15
DA:63,59
DA:64,59
DA:66,48
DA:67,48
DA:68,13
DA:69,13
DA:70,13
DA:73,48
DA:83,15
DA:84,13
DA:94,59
DA:95,13
DA:99,59
DA:100,13
LF:20
LH:20
BRDA:64,0,0,11
BRDA:67,1,0,13
BRDA:83,2,0,2
BRF:3
BRH:3
end_of_record
TN:
SF:src/events/types.ts
FN:41,isEventTypeName
FN:45,getEventParamSpecs
FN:49,parseEventParam
FN:62,toTypeNode
FNF:4
FNH:4
FNDA:21,isEventTypeName
FNDA:11,getEventParamSpecs
FNDA:11,parseEventParam
FNDA:11,toTypeNode
DA:3,58
DA:41,58
DA:42,21
DA:45,58
DA:46,11
DA:50,11
DA:51,11
DA:52,0
DA:55,11
DA:56,11
DA:63,11
DA:64,11
DA:67,0
DA:68,0
DA:71,0
LF:15
LH:11
BRDA:51,0,0,0
BRDA:63,1,0,11
BRDA:67,2,0,0
BRDA:67,3,0,0
BRDA:67,3,1,0
BRDA:67,3,2,0
BRDA:67,3,3,0
BRDA:67,3,4,0
BRDA:67,3,5,0
BRDA:67,3,6,0
BRDA:67,3,7,0
BRDA:67,3,8,0
BRDA:67,3,9,0
BRDA:67,3,10,0
BRF:14
BRH:1
end_of_record
TN:
SF:src/formatter/index.ts
FN:1,format
FNF:1
FNH:1
FNDA:8,format
DA:1,1
DA:2,8
DA:3,8
DA:4,8
DA:6,8
DA:7,29
DA:8,29
DA:11,20
DA:14,20
DA:17,20
DA:21,8
LF:11
LH:11
BRDA:8,0,0,9
BRDA:11,1,0,8
BRDA:17,2,0,8
BRF:3
BRH:3
end_of_record
TN:
SF:src/hir/lower.ts
FN:27,lowerToHIR
FN:32,(anonymous_1)
FN:34,(anonymous_2)
FN:37,(anonymous_3)
FN:42,(anonymous_4)
FN:44,(anonymous_5)
FN:47,(anonymous_6)
FN:61,lowerMatchPattern
FN:75,lowerGlobal
FN:85,lowerFunction
FN:99,lowerParam
FN:111,lowerBlock
FN:125,lowerStmt
FN:356,(anonymous_13)
FN:425,lowerExecuteSubcommand
FN:446,lowerExpr
FN:476,(anonymous_16)
FN:483,(anonymous_17)
FNF:18
FNH:17
FNDA:859,lowerToHIR
FNDA:45,(anonymous_1)
FNDA:79,(anonymous_2)
FNDA:22,(anonymous_3)
FNDA:21,(anonymous_4)
FNDA:62,(anonymous_5)
FNDA:2,(anonymous_6)
FNDA:75,lowerMatchPattern
FNDA:28,lowerGlobal
FNDA:9859,lowerFunction
FNDA:20960,lowerParam
FNDA:25798,lowerBlock
FNDA:61283,lowerStmt
FNDA:75,(anonymous_13)
FNDA:0,lowerExecuteSubcommand
FNDA:205795,lowerExpr
FNDA:85,(anonymous_16)
FNDA:3,(anonymous_17)
DA:27,62
DA:28,859
DA:32,45
DA:34,79
DA:37,22
DA:42,21
DA:44,62
DA:47,2
DA:62,75
DA:63,3
DA:64,3
DA:65,23
DA:66,18
DA:67,28
DA:76,28
DA:86,9859
DA:100,20960
DA:112,25798
DA:113,25798
DA:114,61270
DA:116,61270
DA:117,50
DA:119,61220
DA:122,25798
DA:126,61283
DA:128,16065
DA:131,5
DA:134,14639
DA:137,14182
DA:140,16
DA:143,9
DA:146,11734
DA:155,2577
DA:159,14
DA:161,14
DA:162,13
DA:163,13
DA:164,13
DA:167,14
DA:168,14
DA:169,14
DA:170,14
DA:175,19
DA:176,19
DA:183,19
DA:185,19
DA:198,19
DA:210,19
DA:215,4
DA:216,4
DA:223,4
DA:234,4
DA:248,4
DA:249,4
DA:250,4
DA:262,4
DA:268,13
DA:269,13
DA:270,13
DA:271,13
DA:274,13
DA:287,13
DA:296,13
DA:309,13
DA:324,13
DA:325,13
DA:327,13
DA:339,13
DA:343,17
DA:353,26
DA:356,75
DA:365,11
DA:374,5
DA:383,3
DA:394,0
DA:402,1935
DA:405,9
DA:415,0
DA:416,0
DA:427,0
DA:435,62
DA:438,62
DA:447,205795
DA:462,50421
DA:465,77055
DA:468,132
DA:471,428
DA:474,52
DA:476,85
DA:481,1
DA:483,3
DA:488,4
DA:492,54704
DA:501,629
DA:504,2
DA:508,11414
DA:509,19
DA:510,19
DA:523,11395
DA:527,7
DA:528,1
DA:529,1
DA:530,1
DA:544,6
DA:553,104
DA:556,2081
DA:560,1045
DA:561,2
DA:562,2
DA:563,2
DA:564,2
DA:579,1043
DA:589,7595
DA:592,0
DA:595,10
DA:604,40
DA:607,8
DA:610,9
DA:613,6
DA:616,42
DA:619,6
DA:620,6
DA:630,0
DA:631,0
LF:124
LH:117
BRDA:62,0,0,3
BRDA:62,0,1,3
BRDA:62,0,2,23
BRDA:62,0,3,18
BRDA:62,0,4,28
BRDA:103,1,0,2
BRDA:103,1,1,20958
BRDA:116,2,0,50
BRDA:116,2,1,61220
BRDA:126,3,0,16065
BRDA:126,3,1,5
BRDA:126,3,2,14639
BRDA:126,3,3,14182
BRDA:126,3,4,16
BRDA:126,3,5,9
BRDA:126,3,6,11734
BRDA:126,3,7,2577
BRDA:126,3,8,14
BRDA:126,3,9,19
BRDA:126,3,10,4
BRDA:126,3,11,13
BRDA:126,3,12,17
BRDA:126,3,13,26
BRDA:126,3,14,11
BRDA:126,3,15,5
BRDA:126,3,16,3
BRDA:126,3,17,0
BRDA:126,3,18,1935
BRDA:126,3,19,9
BRDA:126,3,20,0
BRDA:137,4,0,14179
BRDA:137,4,1,3
BRDA:150,5,0,1451
BRDA:150,5,1,10283
BRDA:161,6,0,13
BRDA:163,7,0,0
BRDA:163,7,1,13
BRDA:202,8,0,3
BRDA:202,8,1,16
BRDA:410,9,0,1
BRDA:410,9,1,8
BRDA:447,10,0,46282
BRDA:447,10,1,46340
BRDA:447,10,2,46340
BRDA:447,10,3,46340
BRDA:447,10,4,46340
BRDA:447,10,5,46473
BRDA:447,10,6,46508
BRDA:447,10,7,50253
BRDA:447,10,8,50264
BRDA:447,10,9,50264
BRDA:447,10,10,50270
BRDA:447,10,11,50411
BRDA:447,10,12,50421
BRDA:447,10,13,77055
BRDA:447,10,14,132
BRDA:447,10,15,428
BRDA:447,10,16,52
BRDA:447,10,17,1
BRDA:447,10,18,4
BRDA:447,10,19,54704
BRDA:447,10,20,629
BRDA:447,10,21,2
BRDA:447,10,22,11414
BRDA:447,10,23,7
BRDA:447,10,24,104
BRDA:447,10,25,2081
BRDA:447,10,26,1045
BRDA:447,10,27,7595
BRDA:447,10,28,0
BRDA:447,10,29,10
BRDA:447,10,30,40
BRDA:447,10,31,8
BRDA:447,10,32,9
BRDA:447,10,33,6
BRDA:447,10,34,42
BRDA:447,10,35,6
BRDA:447,10,36,0
BRDA:483,11,0,2
BRDA:483,11,1,1
BRDA:508,12,0,19
BRDA:527,13,0,1
BRDA:560,14,0,2
BRDA:619,15,0,6
BRDA:619,15,1,0
BRF:85
BRH:79
end_of_record
TN:
SF:src/hir/monomorphize.ts
FN:31,monomorphize
FN:41,typeSuffix
FN:54,mangledName
FN:59,buildSubst
FN:69,substType
FN:79,(anonymous_5)
FN:83,(anonymous_6)
FN:110,(anonymous_7)
FN:114,(anonymous_8)
FN:157,(anonymous_9)
FN:162,(anonymous_10)
FN:168,(anonymous_11)
FN:195,(anonymous_12)
FN:203,(anonymous_13)
FN:211,(anonymous_14)
FN:221,(anonymous_15)
FN:261,(anonymous_16)
FN:287,(anonymous_17)
FN:291,(anonymous_18)
FN:293,(anonymous_19)
FN:311,(anonymous_20)
FN:327,(anonymous_21)
FN:329,(anonymous_22)
FN:331,(anonymous_23)
FN:333,(anonymous_24)
FN:339,(anonymous_25)
FN:360,(anonymous_26)
FN:373,(anonymous_27)
FN:374,(anonymous_28)
FN:380,(anonymous_29)
FN:400,(anonymous_30)
FNF:31
FNH:24
FNDA:796,monomorphize
FNDA:173,typeSuffix
FNDA:81,mangledName
FNDA:35,buildSubst
FNDA:11966,substType
FNDA:0,(anonymous_5)
FNDA:0,(anonymous_6)
FNDA:796,(anonymous_7)
FNDA:796,(anonymous_8)
FNDA:92,(anonymous_9)
FNDA:35,(anonymous_10)
FNDA:69,(anonymous_11)
FNDA:6766,(anonymous_12)
FNDA:15970,(anonymous_13)
FNDA:16640,(anonymous_14)
FNDA:41372,(anonymous_15)
FNDA:0,(anonymous_16)
FNDA:149098,(anonymous_17)
FNDA:8059,(anonymous_18)
FNDA:6,(anonymous_19)
FNDA:0,(anonymous_20)
FNDA:457,(anonymous_21)
FNDA:0,(anonymous_22)
FNDA:2,(anonymous_23)
FNDA:0,(anonymous_24)
FNDA:0,(anonymous_25)
FNDA:43,(anonymous_26)
FNDA:43,(anonymous_27)
FNDA:40,(anonymous_28)
FNDA:79,(anonymous_29)
FNDA:94,(anonymous_30)
DA:31,58
DA:32,796
DA:33,796
DA:42,173
DA:43,173
DA:44,0
DA:45,0
DA:46,0
DA:47,0
DA:48,0
DA:49,0
DA:55,81
DA:60,35
DA:61,35
DA:62,35
DA:64,35
DA:70,11966
DA:72,104
DA:73,104
DA:74,0
DA:77,127
DA:79,0
DA:81,0
DA:83,0
DA:85,11735
DA:104,796
DA:106,796
DA:108,796
DA:111,796
DA:116,796
DA:117,9738
DA:118,440
DA:122,796
DA:124,675
DA:128,121
DA:129,121
DA:130,7206
DA:132,440
DA:134,6766
DA:135,6766
DA:139,121
DA:140,46
DA:141,46
DA:142,46
DA:144,35
DA:145,35
DA:146,35
DA:150,121
DA:151,35
DA:154,121
DA:158,92
DA:163,35
DA:164,35
DA:167,35
DA:168,35
DA:169,69
DA:170,69
DA:171,69
DA:178,35
DA:179,35
DA:181,35
DA:196,6766
DA:198,6766
DA:199,15970
DA:201,6766
DA:203,15970
DA:213,16640
DA:214,16640
DA:215,16640
DA:216,41372
DA:218,16640
DA:222,41372
DA:223,41372
DA:225,11729
DA:226,11729
DA:228,11729
DA:230,0
DA:231,0
DA:233,11729
DA:236,0
DA:238,8803
DA:240,10896
DA:242,7875
DA:249,1800
DA:256,0
DA:258,0
DA:263,0
DA:264,0
DA:266,0
DA:268,0
DA:272,0
DA:274,0
DA:283,269
DA:288,149098
DA:289,149098
DA:291,8059
DA:293,4216
DA:294,4216
DA:295,4216
DA:297,49
DA:298,49
DA:299,46
DA:300,46
DA:302,46
DA:304,46
DA:305,46
DA:308,4170
DA:311,0
DA:313,44682
DA:315,521
DA:317,8135
DA:319,0
DA:321,231
DA:323,0
DA:325,383
DA:327,457
DA:329,0
DA:331,2
DA:333,0
DA:335,0
DA:337,0
DA:339,0
DA:342,0
DA:344,0
DA:346,0
DA:349,90833
DA:361,43
DA:362,43
DA:364,43
DA:365,84
DA:366,84
DA:367,84
DA:368,79
DA:373,43
DA:374,40
DA:376,3
DA:381,79
DA:383,79
DA:384,40
DA:386,79
DA:388,0
DA:389,0
DA:390,0
DA:392,0
DA:393,0
DA:394,0
DA:401,94
DA:402,67
DA:403,0
DA:404,0
DA:405,0
DA:406,0
DA:407,0
DA:408,0
DA:409,0
DA:410,12
DA:413,10
DA:416,0
DA:417,0
DA:418,0
DA:420,5
LF:161
LH:113
BRDA:42,0,0,173
BRDA:42,0,1,0
BRDA:42,0,2,0
BRDA:42,0,3,0
BRDA:42,0,4,0
BRDA:42,0,5,0
BRDA:42,0,6,0
BRDA:70,1,0,104
BRDA:70,1,1,127
BRDA:70,1,2,0
BRDA:70,1,3,0
BRDA:70,1,4,0
BRDA:70,1,5,11735
BRDA:73,2,0,104
BRDA:117,3,0,440
BRDA:117,4,0,9738
BRDA:117,4,1,440
BRDA:122,5,0,675
BRDA:130,6,0,440
BRDA:130,7,0,7206
BRDA:130,7,1,440
BRDA:142,8,0,11
BRDA:151,9,0,35
BRDA:174,10,0,0
BRDA:174,10,1,69
BRDA:205,11,0,0
BRDA:205,11,1,15970
BRDA:223,12,0,11729
BRDA:223,12,1,0
BRDA:223,12,2,8803
BRDA:223,12,3,10896
BRDA:223,12,4,7875
BRDA:223,12,5,1800
BRDA:223,12,6,0
BRDA:223,12,7,0
BRDA:223,12,8,0
BRDA:223,12,9,0
BRDA:223,12,10,0
BRDA:223,12,11,0
BRDA:223,12,12,269
BRDA:226,13,0,11729
BRDA:226,13,1,0
BRDA:228,14,0,11729
BRDA:228,14,1,0
BRDA:231,15,0,0
BRDA:236,16,0,0
BRDA:236,16,1,0
BRDA:240,17,0,10894
BRDA:240,17,1,2
BRDA:246,18,0,164
BRDA:246,18,1,7711
BRDA:253,19,0,0
BRDA:253,19,1,1800
BRDA:263,20,0,0
BRDA:263,20,1,0
BRDA:278,21,0,0
BRDA:278,21,1,0
BRDA:289,22,0,4216
BRDA:289,22,1,0
BRDA:289,22,2,44682
BRDA:289,22,3,521
BRDA:289,22,4,8135
BRDA:289,22,5,0
BRDA:289,22,6,231
BRDA:289,22,7,0
BRDA:289,22,8,383
BRDA:289,22,9,96
BRDA:289,22,10,0
BRDA:289,22,11,1
BRDA:289,22,12,0
BRDA:289,22,13,0
BRDA:289,22,14,0
BRDA:289,22,15,0
BRDA:289,22,16,0
BRDA:289,22,17,0
BRDA:289,22,18,0
BRDA:289,22,19,90833
BRDA:295,23,0,49
BRDA:295,24,0,4216
BRDA:295,24,1,49
BRDA:295,24,2,49
BRDA:297,25,0,49
BRDA:297,25,1,43
BRDA:298,26,0,46
BRDA:300,27,0,46
BRDA:335,28,0,0
BRDA:335,28,1,0
BRDA:339,29,0,0
BRDA:339,29,1,0
BRDA:364,30,0,127
BRDA:364,30,1,84
BRDA:367,31,0,79
BRDA:373,32,0,40
BRDA:381,33,0,79
BRDA:381,34,0,79
BRDA:381,34,1,79
BRDA:383,35,0,40
BRDA:388,36,0,0
BRDA:388,37,0,0
BRDA:388,37,1,0
BRDA:392,38,0,0
BRDA:392,39,0,0
BRDA:392,39,1,0
BRDA:393,40,0,0
BRDA:393,40,1,0
BRDA:401,41,0,67
BRDA:401,41,1,0
BRDA:401,41,2,0
BRDA:401,41,3,0
BRDA:401,41,4,0
BRDA:401,41,5,0
BRDA:401,41,6,0
BRDA:401,41,7,0
BRDA:401,41,8,12
BRDA:401,41,9,10
BRDA:401,41,10,0
BRDA:401,41,11,5
BRDA:410,42,0,12
BRDA:410,42,1,0
BRDA:417,43,0,0
BRF:120
BRH:59
end_of_record
TN:
SF:src/lexer/index.ts
FN:122,(anonymous_0)
FN:128,(anonymous_1)
FN:137,(anonymous_2)
FN:145,(anonymous_3)
FN:149,(anonymous_4)
FN:155,(anonymous_5)
FN:166,(anonymous_6)
FN:170,(anonymous_7)
FN:410,(anonymous_8)
FN:450,(anonymous_9)
FN:468,(anonymous_10)
FN:516,(anonymous_11)
FN:563,(anonymous_12)
FN:640,(anonymous_13)
FNF:14
FNH:14
FNDA:1355,(anonymous_0)
FNDA:4,(anonymous_1)
FNDA:1355,(anonymous_2)
FNDA:3788519,(anonymous_3)
FNDA:3814426,(anonymous_4)
FNDA:4377538,(anonymous_5)
FNDA:632484,(anonymous_6)
FNDA:1577168,(anonymous_7)
FNDA:996,(anonymous_8)
FNDA:27,(anonymous_9)
FNDA:3788,(anonymous_10)
FNDA:12,(anonymous_11)
FNDA:46718,(anonymous_12)
FNDA:250815,(anonymous_13)
DA:9,66
DA:67,66
DA:107,66
DA:113,66
DA:116,1355
DA:117,1355
DA:118,1355
DA:119,1355
DA:123,1355
DA:124,1355
DA:125,1355
DA:129,4
DA:138,1355
DA:139,1577168
DA:141,1351
DA:142,1351
DA:146,3788519
DA:150,3814426
DA:151,3814426
DA:152,3814365
DA:156,4377538
DA:157,4377538
DA:158,129227
DA:159,129227
DA:161,4248311
DA:163,4377538
DA:167,632484
DA:171,1577168
DA:172,1577168
DA:174,1577168
DA:177,1577168
DA:180,672193
DA:182,39702
DA:183,1931203
DA:185,39702
DA:189,632491
DA:190,3
DA:191,3
DA:192,43
DA:193,3
DA:194,3
DA:195,3
DA:197,40
DA:199,3
DA:203,632488
DA:204,2774
DA:205,2774
DA:206,2774
DA:208,629714
DA:209,114
DA:210,114
DA:211,114
DA:213,629600
DA:214,4199
DA:215,4199
DA:216,4199
DA:218,625401
DA:219,164
DA:220,164
DA:221,164
DA:223,625237
DA:224,2258
DA:225,2258
DA:226,2258
DA:228,622979
DA:229,723
DA:230,723
DA:231,723
DA:233,622256
DA:234,18
DA:235,18
DA:236,18
DA:238,622238
DA:239,6
DA:240,6
DA:241,6
DA:243,622232
DA:244,9
DA:245,9
DA:246,9
DA:248,622223
DA:249,6
DA:250,6
DA:251,6
DA:253,622217
DA:254,6
DA:255,6
DA:256,6
DA:258,622211
DA:259,4
DA:260,4
DA:261,4
DA:263,622207
DA:264,3
DA:265,3
DA:266,3
DA:270,622204
DA:271,85
DA:272,85
DA:273,85
DA:277,622119
DA:278,4
DA:279,4
DA:281,4
DA:282,1
DA:284,4
DA:285,4
DA:287,4
DA:288,4
DA:292,622115
DA:293,13
DA:295,13
DA:296,2
DA:299,13
DA:300,13
DA:303,13
DA:304,0
DA:305,0
DA:306,0
DA:310,13
DA:311,0
DA:312,0
DA:313,0
DA:316,0
DA:318,13
DA:319,13
DA:323,622102
DA:324,12
DA:326,12
DA:327,4
DA:328,8
DA:330,4
DA:331,4
DA:334,8
DA:335,1
DA:338,8
DA:339,8
DA:342,8
DA:343,0
DA:344,0
DA:345,0
DA:348,8
DA:349,8
DA:353,622090
DA:355,622090
DA:356,319617
DA:357,319617
DA:361,302473
DA:362,996
DA:363,996
DA:367,301477
DA:368,12
DA:369,12
DA:370,12
DA:374,301465
DA:375,3788
DA:376,3787
DA:380,297677
DA:381,141
DA:382,141
DA:383,141
DA:384,141
DA:385,907
DA:387,141
DA:388,141
DA:391,0
DA:392,0
DA:396,297536
DA:397,46718
DA:398,46718
DA:402,250818
DA:403,250815
DA:404,250815
DA:407,3
DA:412,996
DA:413,996
DA:416,996
DA:417,212
DA:418,212
DA:421,212
DA:422,27
DA:425,212
DA:426,212
DA:430,784
DA:431,784
DA:432,8147
DA:436,784
DA:437,512
DA:438,512
DA:439,512
DA:440,6546
DA:441,6546
DA:442,6546
DA:443,6546
DA:447,784
DA:451,27
DA:452,27
DA:453,27
DA:455,27
DA:456,497
DA:457,497
DA:459,497
DA:460,493
DA:461,489
DA:462,489
DA:465,27
DA:469,3788
DA:470,3788
DA:471,3788
DA:473,3788
DA:474,80453
DA:475,3787
DA:478,76666
DA:479,2
DA:480,2
DA:481,2
DA:484,76664
DA:485,4
DA:486,4
DA:487,4
DA:488,4
DA:489,4
DA:492,76660
DA:493,76660
DA:495,76660
DA:497,30
DA:498,0
DA:499,0
DA:502,30
DA:504,30
DA:505,30
DA:508,3788
DA:509,1
DA:512,3787
DA:513,3787
DA:517,12
DA:518,12
DA:519,12
DA:521,12
DA:522,170
DA:523,12
DA:526,158
DA:527,0
DA:528,0
DA:529,0
DA:532,158
DA:533,11
DA:534,11
DA:535,11
DA:536,11
DA:539,147
DA:540,147
DA:542,147
DA:544,57
DA:545,0
DA:546,0
DA:549,57
DA:551,57
DA:552,57
DA:555,12
DA:556,0
DA:559,12
DA:560,12
DA:564,46718
DA:567,46718
DA:568,47940
DA:572,46718
DA:573,39
DA:574,39
DA:576,39
DA:577,5
DA:580,39
DA:581,52
DA:583,39
DA:584,39
DA:588,46679
DA:589,204
DA:590,204
DA:591,222
DA:594,204
DA:595,204
DA:596,9
DA:597,9
DA:598,9
DA:600,195
DA:601,136
DA:602,136
DA:603,136
DA:605,59
DA:606,59
DA:610,46475
DA:611,46475
DA:612,3
DA:613,3
DA:614,3
DA:616,46472
DA:617,3
DA:618,3
DA:619,3
DA:621,46469
DA:622,3
DA:623,3
DA:624,3
DA:626,46466
DA:627,1
DA:628,1
DA:629,1
DA:631,46465
DA:632,1
DA:633,1
DA:634,1
DA:637,46464
DA:641,250815
DA:643,250815
DA:644,558765
DA:648,250815
DA:649,1937
DA:651,1937
DA:652,0
DA:655,1937
DA:656,1937
DA:657,1937
DA:658,1937
DA:659,145109
DA:660,940
DA:661,940
DA:663,144169
DA:666,1937
DA:667,1937
DA:670,1937
DA:671,0
DA:673,1937
DA:674,1937
DA:676,1937
DA:677,1937
DA:682,248878
DA:683,248878
DA:684,101117
DA:686,147761
LF:339
LH:317
BRDA:132,0,0,4
BRDA:132,0,1,0
BRDA:132,1,0,4
BRDA:132,1,1,0
BRDA:149,2,0,3811675
BRDA:151,3,0,61
BRDA:157,4,0,129227
BRDA:157,4,1,4248311
BRDA:177,5,0,904975
BRDA:180,6,0,39702
BRDA:180,7,0,672193
BRDA:180,7,1,49531
BRDA:182,8,0,1970905
BRDA:182,8,1,1970905
BRDA:189,9,0,3
BRDA:189,10,0,632491
BRDA:189,10,1,9829
BRDA:192,11,0,3
BRDA:192,12,0,43
BRDA:192,12,1,9
BRDA:203,13,0,2774
BRDA:203,14,0,632488
BRDA:203,14,1,10854
BRDA:208,15,0,114
BRDA:208,16,0,629714
BRDA:208,16,1,32990
BRDA:213,17,0,4199
BRDA:213,18,0,629600
BRDA:213,18,1,32876
BRDA:218,19,0,164
BRDA:218,20,0,625401
BRDA:218,20,1,175
BRDA:223,21,0,2258
BRDA:223,22,0,625237
BRDA:223,22,1,7342
BRDA:228,23,0,723
BRDA:228,24,0,622979
BRDA:228,24,1,3599
BRDA:233,25,0,18
BRDA:233,26,0,622256
BRDA:233,26,1,18
BRDA:238,27,0,6
BRDA:238,28,0,622238
BRDA:238,28,1,6
BRDA:243,29,0,9
BRDA:243,30,0,622232
BRDA:243,30,1,9133
BRDA:248,31,0,6
BRDA:248,32,0,622223
BRDA:248,32,1,8080
BRDA:253,33,0,6
BRDA:253,34,0,622217
BRDA:253,34,1,13244
BRDA:258,35,0,4
BRDA:258,36,0,622211
BRDA:258,36,1,9826
BRDA:263,37,0,3
BRDA:263,38,0,622207
BRDA:263,38,1,781
BRDA:270,39,0,85
BRDA:270,40,0,622204
BRDA:270,40,1,43489
BRDA:277,41,0,4
BRDA:277,42,0,622119
BRDA:277,42,1,792
BRDA:281,43,0,1
BRDA:292,44,0,13
BRDA:295,45,0,2
BRDA:295,46,0,13
BRDA:295,46,1,11
BRDA:303,47,0,0
BRDA:303,48,0,13
BRDA:303,48,1,0
BRDA:310,49,0,0
BRDA:323,50,0,12
BRDA:326,51,0,4
BRDA:334,52,0,1
BRDA:334,53,0,8
BRDA:334,53,1,7
BRDA:342,54,0,0
BRDA:342,55,0,8
BRDA:342,55,1,0
BRDA:355,56,0,319617
BRDA:361,57,0,996
BRDA:367,58,0,12
BRDA:367,59,0,301477
BRDA:367,59,1,13157
BRDA:374,60,0,3788
BRDA:380,61,0,141
BRDA:382,62,0,141
BRDA:396,63,0,46718
BRDA:402,64,0,250815
BRDA:416,65,0,212
BRDA:416,66,0,996
BRDA:416,66,1,641
BRDA:421,67,0,27
BRDA:436,68,0,512
BRDA:439,69,0,7058
BRDA:439,69,1,7057
BRDA:442,70,0,0
BRDA:443,71,0,512
BRDA:455,72,0,524
BRDA:455,72,1,521
BRDA:459,73,0,4
BRDA:459,73,1,493
BRDA:460,74,0,4
BRDA:460,74,1,489
BRDA:461,75,0,0
BRDA:461,75,1,489
BRDA:461,76,0,489
BRDA:461,76,1,1
BRDA:462,77,0,27
BRDA:462,78,0,489
BRDA:462,78,1,28
BRDA:474,79,0,3787
BRDA:474,80,0,80453
BRDA:474,80,1,80423
BRDA:478,81,0,2
BRDA:478,82,0,76666
BRDA:478,82,1,2
BRDA:484,83,0,4
BRDA:484,84,0,76664
BRDA:484,84,1,76634
BRDA:484,84,2,345
BRDA:495,85,0,76630
BRDA:497,86,0,0
BRDA:502,87,0,0
BRDA:504,88,0,0
BRDA:505,89,0,4
BRDA:508,90,0,1
BRDA:522,91,0,12
BRDA:522,92,0,170
BRDA:522,92,1,113
BRDA:526,93,0,0
BRDA:526,94,0,158
BRDA:526,94,1,0
BRDA:532,95,0,11
BRDA:532,96,0,158
BRDA:532,96,1,101
BRDA:542,97,0,90
BRDA:544,98,0,0
BRDA:544,99,0,57
BRDA:544,99,1,0
BRDA:549,100,0,0
BRDA:551,101,0,0
BRDA:552,102,0,11
BRDA:555,103,0,0
BRDA:572,104,0,39
BRDA:572,105,0,46718
BRDA:572,105,1,243
BRDA:576,106,0,5
BRDA:588,107,0,204
BRDA:588,108,0,46679
BRDA:588,108,1,204
BRDA:595,109,0,9
BRDA:600,110,0,136
BRDA:611,111,0,3
BRDA:611,112,0,46475
BRDA:611,112,1,4
BRDA:616,113,0,3
BRDA:616,114,0,46472
BRDA:616,114,1,3
BRDA:621,115,0,3
BRDA:621,116,0,46469
BRDA:621,116,1,3
BRDA:626,117,0,1
BRDA:626,118,0,46466
BRDA:626,118,1,1
BRDA:631,119,0,1
BRDA:631,120,0,46465
BRDA:631,120,1,1
BRDA:648,121,0,1937
BRDA:648,122,0,250815
BRDA:648,122,1,1937
BRDA:655,123,0,1937
BRDA:658,124,0,147046
BRDA:658,124,1,147046
BRDA:659,125,0,940
BRDA:659,125,1,144169
BRDA:659,126,0,145109
BRDA:659,126,1,940
BRDA:666,127,0,1937
BRDA:673,128,0,1937
BRDA:683,129,0,101117
BRDA:683,129,1,147761
BRF:185
BRH:166
end_of_record
TN:
SF:src/lir/budget.ts
FN:35,getCalledFunctions
FN:55,buildCallGraph
FN:56,(anonymous_2)
FN:77,stripNamespace
FN:86,findSCCs
FN:94,strongconnect
FN:136,instrCommandCount
FN:148,localCommandCount
FN:165,estimateLoopIterations
FN:192,estimateCommandCount
FN:212,estimate
FN:236,(anonymous_11)
FN:283,analyzeBudget
FNF:13
FNH:13
FNDA:17545711,getCalledFunctions
FNDA:9209,buildCallGraph
FNDA:2900675,(anonymous_2)
FNDA:2235835,stripNamespace
FNDA:9209,findSCCs
FNDA:2220194,strongconnect
FNDA:265423,instrCommandCount
FNDA:42033,localCommandCount
FNDA:46,estimateLoopIterations
FNDA:9209,estimateCommandCount
FNDA:42294,estimate
FNDA:168,(anonymous_11)
FNDA:776,analyzeBudget
DA:15,56
DA:18,56
DA:21,56
DA:36,17545711
DA:39,2235787
DA:45,48
DA:48,74451
DA:50,15235425
DA:56,2900675
DA:57,9209
DA:59,9209
DA:60,2900675
DA:61,2900675
DA:62,17471260
DA:64,2235835
DA:65,2235835
DA:66,2223624
DA:70,2900675
DA:73,9209
DA:78,2235835
DA:79,2235835
DA:80,2235834
DA:82,1
DA:87,9209
DA:88,9209
DA:89,9209
DA:90,9209
DA:91,9209
DA:92,9209
DA:95,2220194
DA:96,2220194
DA:97,2220194
DA:98,2220194
DA:99,2220194
DA:101,2220194
DA:102,1637508
DA:103,689763
DA:104,689763
DA:105,947745
DA:106,1313
DA:110,2220194
DA:111,2215911
DA:113,2215911
DA:114,2220194
DA:115,2220194
DA:116,2220194
DA:118,2215911
DA:122,9209
DA:123,2220194
DA:124,1530431
DA:128,9209
DA:137,265423
DA:140,1347
DA:143,264076
DA:149,42033
DA:150,42033
DA:151,265423
DA:153,42033
DA:169,46
DA:170,168
DA:171,1422
DA:173,8
DA:174,8
DA:175,8
DA:176,8
DA:182,38
DA:192,56
DA:193,9209
DA:194,9209
DA:195,2900675
DA:198,9209
DA:199,9209
DA:202,9209
DA:203,9209
DA:204,2215911
DA:205,2220194
DA:210,9209
DA:213,42294
DA:215,41911
DA:216,41911
DA:220,41911
DA:222,41911
DA:224,41911
DA:225,41911
DA:227,41911
DA:229,46
DA:230,46
DA:231,168
DA:232,168
DA:236,168
DA:237,46
DA:240,46
DA:241,46
DA:242,168
DA:243,203
DA:244,35
DA:249,46
DA:251,46
DA:252,168
DA:254,46
DA:255,46
DA:259,41865
DA:260,41865
DA:261,33050
DA:264,41865
DA:265,41865
DA:266,41865
DA:269,9209
DA:283,56
DA:287,776
DA:291,776
DA:293,59558
DA:296,59497
DA:299,9512
DA:301,9202
DA:303,9202
DA:304,1
DA:310,9201
DA:311,1
DA:320,776
LF:120
LH:120
BRDA:36,0,0,2174221
BRDA:36,0,1,2235787
BRDA:36,0,2,8
BRDA:36,0,3,8
BRDA:36,0,4,9
BRDA:36,0,5,9
BRDA:36,0,6,48
BRDA:36,0,7,74451
BRDA:36,0,8,15235425
BRDA:65,1,0,2223624
BRDA:79,2,0,2235834
BRDA:101,3,0,2220194
BRDA:101,3,1,0
BRDA:102,4,0,689763
BRDA:102,4,1,947745
BRDA:105,5,0,1313
BRDA:110,6,0,2215911
BRDA:123,7,0,1530431
BRDA:137,8,0,1347
BRDA:137,8,1,264076
BRDA:171,9,0,8
BRDA:171,10,0,1422
BRDA:171,10,1,1414
BRDA:175,11,0,8
BRDA:213,12,0,383
BRDA:216,13,0,0
BRDA:220,14,0,0
BRDA:225,15,0,41911
BRDA:225,15,1,41865
BRDA:225,15,2,41865
BRDA:227,16,0,46
BRDA:232,17,0,168
BRDA:242,18,0,168
BRDA:242,18,1,0
BRDA:243,19,0,35
BRDA:260,20,0,41865
BRDA:260,20,1,0
BRDA:285,21,0,4
BRDA:293,22,0,61
BRDA:296,23,0,49985
BRDA:299,24,0,310
BRDA:303,25,0,1
BRDA:303,25,1,9201
BRDA:310,26,0,1
BRF:44
BRH:39
end_of_record
TN:
SF:src/lir/lower.ts
FN:25,lowerToLIR
FN:58,(anonymous_1)
FN:63,(anonymous_2)
FN:74,(anonymous_3)
FN:80,(anonymous_4)
FN:89,(anonymous_5)
FN:95,(anonymous_6)
FN:127,(anonymous_7)
FN:132,(anonymous_8)
FN:157,(anonymous_9)
FN:164,(anonymous_10)
FN:192,(anonymous_11)
FN:196,(anonymous_12)
FN:205,(anonymous_13)
FN:214,lowerFunction
FN:234,(anonymous_15)
FN:234,(anonymous_16)
FN:253,lowerBlock
FN:279,lowerInstr
FN:290,lowerInstrInner
FN:585,lowerTerminator
FN:597,lowerTerminatorInner
FN:649,emitBranchTarget
FN:697,lowerOperandToSlot
FN:712,lowerOperandToSlotDirect
FN:726,operandToSlot
FN:739,constSlot
FN:746,lowerBinOp
FN:758,getTermTargets
FNF:29
FNH:29
FNDA:817,lowerToLIR
FNDA:817,(anonymous_1)
FNDA:362113,(anonymous_2)
FNDA:66798,(anonymous_3)
FNDA:59620,(anonymous_4)
FNDA:1398,(anonymous_5)
FNDA:610,(anonymous_6)
FNDA:1020,(anonymous_7)
FNDA:200,(anonymous_8)
FNDA:183871,(anonymous_9)
FNDA:10177,(anonymous_10)
FNDA:60727,(anonymous_11)
FNDA:78093,(anonymous_12)
FNDA:59233,(anonymous_13)
FNDA:10177,lowerFunction
FNDA:19962,(anonymous_15)
FNDA:80,(anonymous_16)
FNDA:59233,lowerBlock
FNDA:124655,lowerInstr
FNDA:124655,lowerInstrInner
FNDA:59216,lowerTerminator
FNDA:59216,lowerTerminatorInner
FNDA:40422,emitBranchTarget
FNDA:86871,lowerOperandToSlot
FNDA:8979,lowerOperandToSlotDirect
FNDA:135781,operandToSlot
FNDA:41547,constSlot
FNDA:53313,lowerBinOp
FNDA:45193,getTermTargets
DA:25,59
DA:26,817
DA:27,817
DA:28,10177
DA:30,817
DA:42,817
DA:46,817
DA:48,817
DA:50,817
DA:52,817
DA:54,817
DA:56,817
DA:59,817
DA:60,817
DA:65,362113
DA:66,123
DA:69,361990
DA:70,361990
DA:71,361990
DA:76,66798
DA:77,66798
DA:81,59620
DA:90,1398
DA:91,1398
DA:92,1398
DA:95,610
DA:97,305
DA:98,305
DA:99,305
DA:102,305
DA:106,305
DA:111,305
DA:118,305
DA:119,305
DA:128,1020
DA:129,1020
DA:130,1020
DA:132,200
DA:133,100
DA:134,100
DA:135,100
DA:137,100
DA:140,100
DA:145,100
DA:152,100
DA:153,100
DA:158,183871
DA:159,2063
DA:160,3790
DA:165,10177
DA:166,10177
DA:167,10177
DA:168,10177
DA:170,10177
DA:171,45193
DA:175,10177
DA:176,10177
DA:177,45193
DA:178,45193
DA:179,44596
DA:184,10177
DA:185,35016
DA:186,9562
DA:187,9562
DA:193,60727
DA:197,78093
DA:198,78093
DA:200,25385
DA:201,25385
DA:202,25385
DA:206,59233
DA:215,10177
DA:218,10177
DA:219,10177
DA:222,10177
DA:223,19962
DA:224,19962
DA:225,19962
DA:228,10177
DA:230,10177
DA:234,19962
DA:238,10177
DA:239,9562
DA:240,8616
DA:241,8616
DA:242,8616
DA:243,8616
DA:260,59233
DA:261,59233
DA:263,59233
DA:264,59233
DA:267,59216
DA:268,124655
DA:272,59216
DA:285,124655
DA:286,124655
DA:287,124655
DA:296,124655
DA:298,783
DA:299,783
DA:303,33558
DA:304,33558
DA:313,53311
DA:314,53311
DA:321,53311
DA:322,53311
DA:327,4
DA:328,4
DA:329,4
DA:330,4
DA:331,4
DA:337,20207
DA:338,20207
DA:339,20207
DA:341,20207
DA:343,20207
DA:346,20207
DA:347,20207
DA:348,20207
DA:349,20207
DA:350,20207
DA:351,20207
DA:355,20207
DA:362,1
DA:363,1
DA:364,1
DA:370,1
DA:371,1
DA:372,1
DA:374,1
DA:375,1
DA:376,1
DA:381,1
DA:382,1
DA:383,1
DA:384,1
DA:385,1
DA:389,332
DA:390,332
DA:397,332
DA:406,1398
DA:407,1398
DA:410,1398
DA:420,1398
DA:421,1398
DA:431,1398
DA:432,1398
DA:437,1398
DA:441,1263
DA:442,1263
DA:450,1263
DA:459,1020
DA:460,1020
DA:463,1020
DA:473,1020
DA:483,1020
DA:484,1020
DA:485,1020
DA:490,429
DA:491,429
DA:496,429
DA:501,1433
DA:502,729
DA:505,704
DA:506,704
DA:512,1433
DA:517,10874
DA:518,8979
DA:519,8979
DA:523,10874
DA:524,4825
DA:525,4825
DA:527,21
DA:529,4804
DA:532,6049
DA:536,10874
DA:537,5744
DA:538,5744
DA:540,10874
DA:544,6
DA:546,6
DA:547,15
DA:548,15
DA:557,6
DA:560,6
DA:561,5
DA:562,5
DA:564,6
DA:568,34
DA:573,34
DA:577,0
DA:592,59216
DA:593,59216
DA:594,59216
DA:604,59216
DA:606,18700
DA:607,16418
DA:608,16418
DA:609,16418
DA:611,18700
DA:615,20305
DA:617,20287
DA:620,18
DA:622,20305
DA:626,20211
DA:631,20211
DA:632,20211
DA:638,20211
DA:639,20211
DA:640,20211
DA:656,40422
DA:658,8768
DA:659,8768
DA:660,8768
DA:661,8768
DA:662,8768
DA:668,8768
DA:670,8768
DA:674,31654
DA:675,31654
DA:676,31654
DA:677,31654
DA:679,31654
DA:687,31654
DA:689,31654
DA:703,86871
DA:704,86871
DA:705,15110
DA:707,71761
DA:718,8979
DA:719,1912
DA:721,7067
DA:731,135781
DA:732,94235
DA:735,41546
DA:740,41547
DA:741,41547
DA:742,41547
DA:753,53313
DA:754,53313
DA:755,53313
DA:759,45193
DA:760,14306
DA:761,15145
DA:762,15742
DA:763,0
LF:246
LH:244
BRDA:65,0,0,123
BRDA:70,1,0,361990
BRDA:70,1,1,0
BRDA:92,2,0,1093
BRDA:130,3,0,920
BRDA:158,4,0,181808
BRDA:160,5,0,3790
BRDA:179,6,0,44596
BRDA:179,6,1,35016
BRDA:185,7,0,9562
BRDA:185,8,0,35016
BRDA:185,8,1,9562
BRDA:198,9,0,52708
BRDA:239,10,0,8616
BRDA:260,11,0,0
BRDA:264,12,0,17
BRDA:296,13,0,783
BRDA:296,13,1,33558
BRDA:296,13,2,13062
BRDA:296,13,3,21951
BRDA:296,13,4,39335
BRDA:296,13,5,52264
BRDA:296,13,6,53311
BRDA:296,13,7,4
BRDA:296,13,8,20207
BRDA:296,13,9,1
BRDA:296,13,10,1
BRDA:296,13,11,1
BRDA:296,13,12,332
BRDA:296,13,13,1398
BRDA:296,13,14,1263
BRDA:296,13,15,1020
BRDA:296,13,16,429
BRDA:296,13,17,1433
BRDA:296,13,18,10874
BRDA:296,13,19,6
BRDA:296,13,20,34
BRDA:296,13,21,0
BRDA:347,14,0,347
BRDA:347,14,1,19860
BRDA:501,15,0,729
BRDA:501,15,1,704
BRDA:523,16,0,4825
BRDA:523,16,1,6049
BRDA:525,17,0,21
BRDA:525,17,1,4804
BRDA:536,18,0,5744
BRDA:560,19,0,5
BRDA:604,20,0,18700
BRDA:604,20,1,20305
BRDA:604,20,2,20211
BRDA:606,21,0,16418
BRDA:615,22,0,20287
BRDA:615,22,1,18
BRDA:656,23,0,8768
BRDA:658,24,0,8768
BRDA:704,25,0,15110
BRDA:704,25,1,71761
BRDA:718,26,0,1912
BRDA:718,26,1,7067
BRDA:731,27,0,94235
BRDA:759,28,0,14306
BRDA:759,28,1,15145
BRDA:759,28,2,15742
BRDA:759,28,3,0
BRF:65
BRH:61
end_of_record
TN:
SF:src/lir/verify.ts
FN:17,verifyLIR
FN:19,(anonymous_1)
FN:28,verifyFunction
FN:70,getSlotsFromInstr
FN:110,getFnRefsFromInstr
FNF:5
FNH:5
FNDA:17,verifyLIR
FNDA:19,(anonymous_1)
FNDA:19,verifyFunction
FNDA:28,getSlotsFromInstr
FNDA:28,getFnRefsFromInstr
DA:17,1
DA:18,17
DA:19,19
DA:21,17
DA:22,19
DA:25,17
DA:33,19
DA:35,19
DA:37,26
DA:38,22
DA:39,6
DA:47,26
DA:49,9
DA:50,9
DA:51,5
DA:59,26
DA:60,1
DA:67,19
DA:71,28
DA:73,4
DA:82,4
DA:84,1
DA:86,2
DA:88,0
DA:90,0
DA:93,2
DA:96,1
DA:98,2
DA:106,12
DA:111,28
DA:113,4
DA:115,1
DA:118,2
DA:121,1
DA:123,1
DA:125,2
DA:127,17
LF:37
LH:35
BRDA:38,0,0,6
BRDA:49,1,0,0
BRDA:49,2,0,9
BRDA:49,2,1,9
BRDA:50,3,0,5
BRDA:59,4,0,1
BRDA:59,5,0,26
BRDA:59,5,1,2
BRDA:71,6,0,4
BRDA:71,6,1,3
BRDA:71,6,2,4
BRDA:71,6,3,4
BRDA:71,6,4,4
BRDA:71,6,5,4
BRDA:71,6,6,4
BRDA:71,6,7,4
BRDA:71,6,8,4
BRDA:71,6,9,1
BRDA:71,6,10,2
BRDA:71,6,11,0
BRDA:71,6,12,0
BRDA:71,6,13,2
BRDA:71,6,14,2
BRDA:71,6,15,1
BRDA:71,6,16,1
BRDA:71,6,17,2
BRDA:71,6,18,4
BRDA:71,6,19,5
BRDA:71,6,20,6
BRDA:71,6,21,7
BRDA:71,6,22,8
BRDA:71,6,23,10
BRDA:71,6,24,12
BRDA:111,7,0,4
BRDA:111,7,1,1
BRDA:111,7,2,2
BRDA:111,7,3,2
BRDA:111,7,4,1
BRDA:111,7,5,1
BRDA:111,7,6,1
BRDA:111,7,7,2
BRDA:111,7,8,17
BRF:42
BRH:39
end_of_record
TN:
SF:src/mc-test/client.ts
FN:70,(anonymous_0)
FN:74,(anonymous_1)
FN:76,(anonymous_2)
FN:87,(anonymous_3)
FN:101,(anonymous_4)
FN:111,(anonymous_5)
FN:116,(anonymous_6)
FN:121,(anonymous_7)
FN:126,(anonymous_8)
FN:131,(anonymous_9)
FN:136,(anonymous_10)
FN:139,(anonymous_11)
FN:143,(anonymous_12)
FN:152,(anonymous_13)
FN:155,(anonymous_14)
FN:162,(anonymous_15)
FN:168,(anonymous_16)
FN:173,(anonymous_17)
FN:178,(anonymous_18)
FN:183,(anonymous_19)
FN:188,(anonymous_20)
FN:193,(anonymous_21)
FN:200,(anonymous_22)
FN:208,(anonymous_23)
FN:225,(anonymous_24)
FN:234,(anonymous_25)
FN:246,(anonymous_26)
FN:258,(anonymous_27)
FN:260,(anonymous_28)
FN:262,(anonymous_29)
FN:272,(anonymous_30)
FN:285,(anonymous_31)
FNF:32
FNH:19
FNDA:4,(anonymous_0)
FNDA:178,(anonymous_1)
FNDA:360,(anonymous_2)
FNDA:498,(anonymous_3)
FNDA:4,(anonymous_4)
FNDA:3,(anonymous_5)
FNDA:282,(anonymous_6)
FNDA:187,(anonymous_7)
FNDA:0,(anonymous_8)
FNDA:2,(anonymous_9)
FNDA:3,(anonymous_10)
FNDA:3,(anonymous_11)
FNDA:2,(anonymous_12)
FNDA:1,(anonymous_13)
FNDA:1,(anonymous_14)
FNDA:159,(anonymous_15)
FNDA:0,(anonymous_16)
FNDA:10,(anonymous_17)
FNDA:2,(anonymous_18)
FNDA:0,(anonymous_19)
FNDA:0,(anonymous_20)
FNDA:0,(anonymous_21)
FNDA:0,(anonymous_22)
FNDA:7,(anonymous_23)
FNDA:22,(anonymous_24)
FNDA:0,(anonymous_25)
FNDA:0,(anonymous_26)
FNDA:0,(anonymous_27)
FNDA:0,(anonymous_28)
FNDA:0,(anonymous_29)
FNDA:0,(anonymous_30)
FNDA:0,(anonymous_31)
DA:67,4
DA:71,4
DA:75,178
DA:76,360
DA:78,178
DA:79,178
DA:80,178
DA:81,0
DA:82,0
DA:84,178
DA:88,498
DA:93,498
DA:94,0
DA:95,0
DA:97,498
DA:102,4
DA:103,4
DA:104,4
DA:106,0
DA:112,3
DA:117,282
DA:122,187
DA:127,0
DA:132,2
DA:137,3
DA:139,3
DA:144,2
DA:153,1
DA:154,1
DA:155,1
DA:157,1
DA:163,159
DA:164,159
DA:169,0
DA:174,10
DA:179,2
DA:184,0
DA:189,0
DA:194,0
DA:195,0
DA:196,0
DA:201,0
DA:215,7
DA:226,22
DA:227,22
DA:235,0
DA:236,0
DA:237,0
DA:247,0
DA:248,0
DA:249,0
DA:259,0
DA:260,0
DA:261,0
DA:262,0
DA:263,0
DA:279,0
DA:280,0
DA:281,0
DA:282,0
DA:283,0
DA:285,0
DA:287,0
DA:288,0
LF:64
LH:32
BRDA:70,0,0,0
BRDA:70,1,0,0
BRDA:74,2,0,7
BRDA:78,3,0,171
BRDA:78,3,1,7
BRDA:80,4,0,0
BRDA:87,5,0,22
BRDA:93,6,0,0
BRDA:136,7,0,0
BRDA:155,8,0,0
BRDA:173,9,0,10
BRDA:178,10,0,0
BRDA:183,11,0,0
BRDA:193,12,0,0
BRDA:195,13,0,0
BRDA:216,14,0,7
BRDA:216,14,1,4
BRDA:217,15,0,7
BRDA:217,15,1,4
BRDA:218,16,0,7
BRDA:218,16,1,1
BRDA:219,17,0,7
BRDA:219,17,1,4
BRDA:219,18,0,7
BRDA:219,18,1,4
BRDA:219,19,0,7
BRDA:219,19,1,4
BRDA:220,20,0,7
BRDA:220,20,1,4
BRDA:220,21,0,7
BRDA:220,21,1,4
BRDA:220,22,0,7
BRDA:220,22,1,4
BRDA:236,23,0,0
BRDA:238,24,0,0
BRDA:238,24,1,0
BRDA:246,25,0,0
BRDA:248,26,0,0
BRDA:258,27,0,0
BRDA:261,28,0,0
BRDA:276,29,0,0
BRDA:277,30,0,0
BRDA:283,31,0,0
BRF:43
BRH:23
end_of_record
TN:
SF:src/mc-validator/index.ts
FN:41,(anonymous_9)
FN:47,(anonymous_10)
FN:49,(anonymous_11)
FN:78,(anonymous_12)
FN:79,(anonymous_13)
FN:82,(anonymous_14)
FN:100,(anonymous_15)
FN:148,(anonymous_16)
FN:156,(anonymous_17)
FN:194,(anonymous_18)
FN:213,(anonymous_19)
FN:223,walk
FN:278,(anonymous_21)
FN:290,parserConsumesRest
FN:297,parserTokenWidth
FN:311,tokenize
FN:365,isNumberish
FNF:17
FNH:16
FNDA:1,(anonymous_9)
FNDA:200,(anonymous_10)
FNDA:600,(anonymous_11)
FNDA:200,(anonymous_12)
FNDA:7809,(anonymous_13)
FNDA:36,(anonymous_14)
FNDA:61,(anonymous_15)
FNDA:58,(anonymous_16)
FNDA:4,(anonymous_17)
FNDA:12,(anonymous_18)
FNDA:188,(anonymous_19)
FNDA:1116,walk
FNDA:216,(anonymous_21)
FNDA:450,parserConsumesRest
FNDA:446,parserTokenWidth
FNDA:200,tokenize
FNDA:0,isNumberish
DA:1,6
DA:26,6
DA:27,6
DA:28,6
DA:29,6
DA:34,6
DA:35,6
DA:37,6
DA:42,1
DA:43,1
DA:44,1
DA:48,200
DA:49,600
DA:50,0
DA:53,200
DA:54,200
DA:55,0
DA:58,200
DA:59,0
DA:62,200
DA:64,36
DA:66,61
DA:68,58
DA:70,4
DA:72,12
DA:74,29
DA:79,7809
DA:83,36
DA:84,36
DA:85,0
DA:88,36
DA:89,24
DA:90,24
DA:91,0
DA:94,24
DA:97,12
DA:101,61
DA:102,7
DA:103,0
DA:105,7
DA:108,54
DA:109,0
DA:112,54
DA:113,54
DA:114,0
DA:115,0
DA:117,0
DA:120,54
DA:121,10
DA:122,0
DA:124,10
DA:127,44
DA:128,13
DA:129,0
DA:131,13
DA:132,0
DA:134,13
DA:137,31
DA:138,0
DA:141,31
DA:142,0
DA:145,31
DA:149,58
DA:150,0
DA:153,58
DA:157,4
DA:158,0
DA:161,4
DA:162,4
DA:163,0
DA:166,4
DA:167,4
DA:168,0
DA:171,4
DA:172,0
DA:173,0
DA:175,0
DA:176,0
DA:178,0
DA:181,4
DA:182,3
DA:183,0
DA:185,3
DA:186,0
DA:188,3
DA:191,1
DA:195,12
DA:196,0
DA:199,12
DA:200,12
DA:201,0
DA:203,12
DA:206,0
DA:207,0
DA:210,0
DA:214,188
DA:215,188
DA:217,188
DA:230,1116
DA:231,1116
DA:232,1116
DA:233,0
DA:236,1116
DA:237,184
DA:238,184
DA:239,184
DA:242,932
DA:243,932
DA:244,9120
DA:245,8670
DA:246,470
DA:247,470
DA:249,8200
DA:252,450
DA:253,0
DA:256,450
DA:257,450
DA:258,450
DA:259,4
DA:260,4
DA:261,4
DA:262,4
DA:266,446
DA:267,446
DA:268,0
DA:271,446
DA:272,446
DA:273,434
DA:274,434
DA:277,12
DA:278,216
DA:279,12
DA:280,12
DA:281,12
DA:286,12
DA:287,12
DA:291,450
DA:298,446
DA:301,0
DA:305,0
DA:307,446
DA:312,200
DA:313,200
DA:314,200
DA:315,200
DA:316,200
DA:317,200
DA:319,200
DA:320,10788
DA:321,0
DA:322,0
DA:323,0
DA:326,10788
DA:327,760
DA:328,760
DA:329,0
DA:330,760
DA:331,66
DA:333,760
DA:336,10028
DA:337,66
DA:338,66
DA:339,66
DA:342,9962
DA:343,9962
DA:344,9962
DA:345,9962
DA:347,9962
DA:348,895
DA:349,895
DA:350,895
DA:352,895
DA:355,9067
DA:358,200
DA:359,200
DA:362,200
DA:366,0
LF:177
LH:136
BRDA:44,0,0,1
BRDA:44,0,1,0
BRDA:49,1,0,0
BRDA:49,2,0,200
BRDA:49,2,1,200
BRDA:49,2,2,200
BRDA:54,3,0,0
BRDA:58,4,0,0
BRDA:62,5,0,36
BRDA:62,5,1,61
BRDA:62,5,2,58
BRDA:62,5,3,4
BRDA:62,5,4,12
BRDA:62,5,5,29
BRDA:79,6,0,7809
BRDA:79,6,1,7809
BRDA:84,7,0,0
BRDA:84,8,0,36
BRDA:84,8,1,36
BRDA:88,9,0,24
BRDA:90,10,0,0
BRDA:101,11,0,7
BRDA:101,12,0,61
BRDA:101,12,1,7
BRDA:102,13,0,0
BRDA:108,14,0,0
BRDA:108,15,0,54
BRDA:108,15,1,54
BRDA:108,16,0,54
BRDA:108,16,1,0
BRDA:113,17,0,0
BRDA:114,18,0,0
BRDA:120,19,0,10
BRDA:121,20,0,0
BRDA:127,21,0,13
BRDA:128,22,0,0
BRDA:131,23,0,0
BRDA:137,24,0,0
BRDA:141,25,0,0
BRDA:149,26,0,0
BRDA:149,27,0,58
BRDA:149,27,1,58
BRDA:157,28,0,0
BRDA:162,29,0,0
BRDA:167,30,0,0
BRDA:171,31,0,0
BRDA:172,32,0,0
BRDA:175,33,0,0
BRDA:175,34,0,0
BRDA:175,34,1,0
BRDA:181,35,0,3
BRDA:182,36,0,0
BRDA:185,37,0,0
BRDA:195,38,0,0
BRDA:199,39,0,12
BRDA:200,40,0,0
BRDA:206,41,0,0
BRDA:217,42,0,188
BRDA:217,42,1,0
BRDA:230,43,0,1116
BRDA:230,43,1,0
BRDA:232,44,0,0
BRDA:236,45,0,184
BRDA:237,46,0,184
BRDA:237,46,1,12
BRDA:237,47,0,12
BRDA:237,47,1,0
BRDA:242,48,0,932
BRDA:242,48,1,0
BRDA:244,49,0,8670
BRDA:245,50,0,470
BRDA:245,51,0,8670
BRDA:245,51,1,470
BRDA:252,52,0,0
BRDA:258,53,0,4
BRDA:259,54,0,4
BRDA:259,54,1,0
BRDA:259,55,0,0
BRDA:259,55,1,0
BRDA:260,56,0,4
BRDA:267,57,0,0
BRDA:272,58,0,434
BRDA:277,59,0,12
BRDA:277,59,1,0
BRDA:279,60,0,12
BRDA:279,61,0,12
BRDA:279,61,1,12
BRDA:292,62,0,450
BRDA:292,62,1,8
BRDA:292,62,2,450
BRDA:298,63,0,0
BRDA:298,63,1,0
BRDA:298,63,2,0
BRDA:298,63,3,0
BRDA:298,63,4,0
BRDA:298,63,5,446
BRDA:301,64,0,0
BRDA:301,64,1,0
BRDA:305,65,0,0
BRDA:305,65,1,0
BRDA:307,66,0,446
BRDA:307,66,1,0
BRDA:320,67,0,0
BRDA:326,68,0,760
BRDA:328,69,0,0
BRDA:328,69,1,760
BRDA:330,70,0,66
BRDA:336,71,0,66
BRDA:336,72,0,10028
BRDA:336,72,1,9962
BRDA:342,73,0,8
BRDA:343,74,0,8
BRDA:344,75,0,30
BRDA:345,76,0,30
BRDA:347,77,0,895
BRDA:347,78,0,9962
BRDA:347,78,1,896
BRDA:347,78,2,895
BRDA:348,79,0,895
BRDA:358,80,0,200
BRDA:366,81,0,0
BRDA:366,81,1,0
BRF:122
BRH:67
end_of_record
TN:
SF:src/mir/lower.ts
FN:22,lowerToMIR
FN:26,(anonymous_1)
FN:151,(anonymous_2)
FN:174,(anonymous_3)
FN:178,(anonymous_4)
FN:189,(anonymous_5)
FN:193,(anonymous_6)
FN:200,(anonymous_7)
FN:207,(anonymous_8)
FN:211,(anonymous_9)
FN:215,(anonymous_10)
FN:219,(anonymous_11)
FN:223,(anonymous_12)
FN:227,(anonymous_13)
FN:231,(anonymous_14)
FN:236,(anonymous_15)
FN:247,lowerFunction
FN:285,(anonymous_17)
FN:312,(anonymous_18)
FN:328,lowerImplMethod
FN:409,(anonymous_20)
FN:423,isPlaceholderTerm
FN:428,computeReachable
FN:435,(anonymous_23)
FN:445,computePreds
FN:452,(anonymous_25)
FN:460,getTermTargets
FN:473,lowerBlock
FN:483,lowerStmt
FN:603,(anonymous_29)
FN:606,(anonymous_30)
FN:612,(anonymous_31)
FN:870,(anonymous_32)
FN:897,(anonymous_33)
FN:918,(anonymous_34)
FN:1077,(anonymous_35)
FN:1140,lowerExpr
FN:1649,(anonymous_37)
FN:1701,(anonymous_38)
FN:1735,(anonymous_39)
FN:1776,(anonymous_40)
FN:1777,(anonymous_41)
FN:1824,(anonymous_42)
FN:1862,(anonymous_43)
FN:1911,(anonymous_44)
FN:1915,(anonymous_45)
FN:1925,(anonymous_46)
FN:1950,(anonymous_47)
FN:2047,isDoubleExpr
FN:2059,lowerDoubleExprToPath
FN:2082,lowerShortCircuitAnd
FN:2110,lowerShortCircuitOr
FN:2146,lowerTimerMethod
FN:2220,(anonymous_53)
FN:2224,(anonymous_54)
FN:2234,lowerExecuteSubcmd
FN:2281,selectorToString
FN:2321,fStringToJsonText
FN:2345,formatBuiltinCall
FN:2353,(anonymous_59)
FN:2358,(anonymous_60)
FN:2359,(anonymous_61)
FN:2360,(anonymous_62)
FN:2373,(anonymous_63)
FN:2466,coordStr
FN:2474,exprToCommandArg
FN:2522,hirExprToStringLiteral
FNF:67
FNH:62
FNDA:818,lowerToMIR
FNDA:75,(anonymous_1)
FNDA:9575,(anonymous_2)
FNDA:103562,(anonymous_3)
FNDA:56249,(anonymous_4)
FNDA:46674,(anonymous_5)
FNDA:102102,(anonymous_6)
FNDA:56249,(anonymous_7)
FNDA:46674,(anonymous_8)
FNDA:25642,(anonymous_9)
FNDA:2773,(anonymous_10)
FNDA:2773,(anonymous_11)
FNDA:23,(anonymous_12)
FNDA:3231,(anonymous_13)
FNDA:34,(anonymous_14)
FNDA:347,(anonymous_15)
FNDA:9479,lowerFunction
FNDA:20389,(anonymous_17)
FNDA:56101,(anonymous_18)
FNDA:56,lowerImplMethod
FNDA:102,(anonymous_20)
FNDA:25642,isPlaceholderTerm
FNDA:9575,computeReachable
FNDA:275006,(anonymous_23)
FNDA:9575,computePreds
FNDA:327580,(anonymous_25)
FNDA:85596,getTermTargets
FNDA:25616,lowerBlock
FNDA:61797,lowerStmt
FNDA:2389,(anonymous_29)
FNDA:2376,(anonymous_30)
FNDA:22,(anonymous_31)
FNDA:20,(anonymous_32)
FNDA:18,(anonymous_33)
FNDA:72,(anonymous_34)
FNDA:8,(anonymous_35)
FNDA:198159,lowerExpr
FNDA:8,(anonymous_37)
FNDA:15,(anonymous_38)
FNDA:14,(anonymous_39)
FNDA:65,(anonymous_40)
FNDA:328,(anonymous_41)
FNDA:7152,(anonymous_42)
FNDA:7511,(anonymous_43)
FNDA:0,(anonymous_44)
FNDA:0,(anonymous_45)
FNDA:0,(anonymous_46)
FNDA:9,(anonymous_47)
FNDA:40092,isDoubleExpr
FNDA:156,lowerDoubleExprToPath
FNDA:15,lowerShortCircuitAnd
FNDA:4,lowerShortCircuitOr
FNDA:3,lowerTimerMethod
FNDA:0,(anonymous_53)
FNDA:0,(anonymous_54)
FNDA:21,lowerExecuteSubcmd
FNDA:25,selectorToString
FNDA:3,fStringToJsonText
FNDA:147,formatBuiltinCall
FNDA:37,(anonymous_59)
FNDA:316,(anonymous_60)
FNDA:316,(anonymous_61)
FNDA:240,(anonymous_62)
FNDA:10,(anonymous_63)
FNDA:30,coordStr
FNDA:1806,exprToCommandArg
FNDA:2688,hirExprToStringLiteral
DA:16,61
DA:22,61
DA:24,818
DA:25,818
DA:26,75
DA:30,818
DA:31,818
DA:32,21
DA:33,21
DA:34,62
DA:36,21
DA:40,818
DA:41,818
DA:42,21
DA:43,21
DA:44,56
DA:45,56
DA:47,21
DA:51,818
DA:54,818
DA:55,818
DA:56,9347
DA:58,818
DA:59,21
DA:60,56
DA:64,818
DA:67,818
DA:68,818
DA:69,9347
DA:72,818
DA:74,818
DA:75,818
DA:76,9347
DA:77,9347
DA:81,818
DA:82,21
DA:83,56
DA:84,56
DA:89,818
DA:90,132
DA:93,818
DA:105,9575
DA:106,9575
DA:107,9575
DA:110,9575
DA:112,9575
DA:120,9575
DA:122,9575
DA:124,9575
DA:134,9575
DA:136,9575
DA:140,9575
DA:142,9575
DA:144,9575
DA:145,9575
DA:147,9575
DA:149,9575
DA:161,9575
DA:162,9575
DA:163,9575
DA:164,9575
DA:165,9575
DA:166,9575
DA:167,9575
DA:168,9575
DA:169,9575
DA:170,9575
DA:171,9575
DA:175,103562
DA:179,56249
DA:185,56249
DA:186,56249
DA:190,46674
DA:194,102102
DA:195,1234
DA:197,102102
DA:201,56249
DA:202,761
DA:204,56249
DA:208,46674
DA:212,25642
DA:216,2773
DA:220,2773
DA:224,23
DA:228,3231
DA:232,34
DA:237,347
DA:238,347
DA:239,347
DA:266,9479
DA:267,9479
DA:268,9479
DA:269,9479
DA:270,9479
DA:271,9479
DA:274,9479
DA:275,132
DA:276,163
DA:282,9479
DA:283,9479
DA:284,9479
DA:285,9479
DA:286,20389
DA:288,163
DA:290,20226
DA:292,319
DA:293,319
DA:295,319
DA:297,19907
DA:298,19907
DA:299,19907
DA:302,9479
DA:305,9479
DA:306,9479
DA:307,9479
DA:311,9479
DA:312,56101
DA:315,9479
DA:317,9479
DA:325,9479
DA:340,56
DA:341,56
DA:342,56
DA:343,56
DA:344,56
DA:346,56
DA:347,56
DA:349,56
DA:351,43
DA:352,43
DA:353,66
DA:354,66
DA:355,66
DA:357,43
DA:359,43
DA:360,4
DA:361,4
DA:363,4
DA:364,4
DA:366,1
DA:367,1
DA:368,2
DA:369,2
DA:370,2
DA:372,1
DA:374,3
DA:375,3
DA:376,3
DA:381,13
DA:382,14
DA:384,14
DA:385,14
DA:386,0
DA:387,0
DA:388,0
DA:389,0
DA:390,0
DA:392,0
DA:394,14
DA:395,14
DA:396,14
DA:401,56
DA:403,56
DA:404,56
DA:405,56
DA:408,56
DA:409,102
DA:410,56
DA:412,56
DA:420,56
DA:425,25642
DA:429,9575
DA:430,9575
DA:431,9575
DA:432,47575
DA:433,47575
DA:434,42798
DA:435,275006
DA:436,42798
DA:437,42798
DA:438,42476
DA:442,9575
DA:447,42798
DA:449,9575
DA:450,42798
DA:451,42798
DA:452,327580
DA:453,42476
DA:454,42476
DA:461,85596
DA:462,27332
DA:463,28810
DA:464,29454
DA:465,0
DA:478,25616
DA:479,61797
DA:489,61797
DA:490,749
DA:493,61797
DA:495,16649
DA:498,4
DA:499,4
DA:500,4
DA:501,4
DA:502,4
DA:503,4
DA:504,4
DA:505,16645
DA:507,3
DA:508,3
DA:509,3
DA:510,3
DA:511,3
DA:512,3
DA:513,16642
DA:515,23
DA:516,23
DA:517,23
DA:518,46
DA:521,2
DA:522,2
DA:523,2
DA:524,2
DA:525,4
DA:526,4
DA:527,4
DA:528,4
DA:530,2
DA:532,2
DA:533,2
DA:534,2
DA:536,44
DA:537,44
DA:538,44
DA:539,44
DA:542,23
DA:543,16619
DA:545,5
DA:546,5
DA:547,5
DA:548,5
DA:549,5
DA:550,5
DA:551,5
DA:552,16614
DA:554,21
DA:555,21
DA:556,12
DA:558,12
DA:559,12
DA:560,20
DA:561,20
DA:562,20
DA:564,20
DA:565,20
DA:566,20
DA:567,4
DA:570,12
DA:572,9
DA:573,9
DA:574,9
DA:575,9
DA:577,16593
DA:579,171
DA:580,171
DA:581,171
DA:583,39
DA:586,132
DA:587,132
DA:588,132
DA:590,132
DA:593,171
DA:594,171
DA:595,171
DA:596,16422
DA:598,473
DA:599,473
DA:600,473
DA:601,473
DA:603,2389
DA:604,473
DA:606,2376
DA:607,466
DA:612,22
DA:613,7
DA:614,7
DA:615,22
DA:616,7
DA:617,7
DA:621,473
DA:622,473
DA:623,473
DA:624,15949
DA:628,69
DA:629,69
DA:630,69
DA:632,69
DA:640,69
DA:641,69
DA:642,69
DA:644,15880
DA:645,15880
DA:646,15880
DA:647,15880
DA:649,15880
DA:650,37
DA:653,16649
DA:658,5
DA:659,5
DA:661,1
DA:662,1
DA:663,2
DA:664,2
DA:665,2
DA:666,2
DA:667,2
DA:669,4
DA:671,0
DA:672,0
DA:673,0
DA:674,0
DA:676,0
DA:679,0
DA:680,0
DA:681,0
DA:682,0
DA:683,0
DA:684,0
DA:685,0
DA:688,0
DA:689,0
DA:692,4
DA:693,4
DA:694,4
DA:695,9
DA:696,9
DA:697,9
DA:698,9
DA:701,5
DA:705,15418
DA:706,15418
DA:710,13386
DA:712,4
DA:713,4
DA:714,4
DA:715,4
DA:716,13382
DA:718,2
DA:719,2
DA:720,2
DA:721,13380
DA:723,24
DA:724,32
DA:725,32
DA:727,24
DA:728,13356
DA:730,7
DA:731,15
DA:732,15
DA:734,7
DA:735,13349
DA:737,2820
DA:738,2820
DA:739,0
DA:740,0
DA:741,0
DA:742,0
DA:743,0
DA:745,2820
DA:746,2820
DA:749,10529
DA:750,10529
DA:753,13386
DA:754,13386
DA:755,13386
DA:759,15
DA:760,15
DA:761,15
DA:762,15
DA:763,15
DA:764,15
DA:768,8
DA:769,8
DA:770,8
DA:771,8
DA:772,8
DA:773,8
DA:777,11539
DA:778,11539
DA:779,11539
DA:780,11539
DA:782,11539
DA:785,11539
DA:786,11539
DA:787,11539
DA:788,11539
DA:792,11539
DA:793,1605
DA:794,1605
DA:795,1605
DA:796,1605
DA:800,11539
DA:801,11539
DA:805,2773
DA:806,2773
DA:807,2773
DA:812,2773
DA:813,2773
DA:814,40
DA:816,2773
DA:819,2773
DA:822,2773
DA:823,2773
DA:824,2773
DA:827,2773
DA:828,2773
DA:829,2773
DA:830,2773
DA:831,2773
DA:832,2773
DA:836,2773
DA:837,40
DA:838,40
DA:839,40
DA:840,40
DA:844,2773
DA:845,2773
DA:851,16
DA:852,16
DA:855,16
DA:856,16
DA:858,16
DA:859,0
DA:863,16
DA:864,16
DA:865,16
DA:866,16
DA:867,16
DA:869,16
DA:870,20
DA:871,16
DA:873,16
DA:881,16
DA:882,16
DA:887,18
DA:888,18
DA:890,18
DA:891,18
DA:892,18
DA:893,18
DA:894,18
DA:896,18
DA:897,18
DA:898,18
DA:900,18
DA:908,18
DA:909,18
DA:914,26
DA:918,26
DA:919,72
DA:925,26
DA:926,3
DA:927,3
DA:928,3
DA:929,0
DA:930,0
DA:933,3
DA:934,3
DA:935,3
DA:936,3
DA:937,3
DA:938,3
DA:939,3
DA:942,0
DA:943,0
DA:944,0
DA:945,0
DA:946,0
DA:947,0
DA:948,0
DA:953,26
DA:957,26
DA:958,75
DA:959,75
DA:961,75
DA:963,18
DA:964,18
DA:965,18
DA:967,57
DA:969,3
DA:970,3
DA:971,3
DA:972,3
DA:973,3
DA:974,3
DA:975,3
DA:976,3
DA:977,3
DA:979,3
DA:980,54
DA:982,3
DA:983,3
DA:984,3
DA:985,3
DA:986,3
DA:987,3
DA:988,3
DA:990,3
DA:991,3
DA:992,3
DA:993,3
DA:995,3
DA:996,51
DA:997,23
DA:998,23
DA:999,23
DA:1000,23
DA:1001,23
DA:1002,23
DA:1003,23
DA:1004,23
DA:1005,23
DA:1007,23
DA:1008,28
DA:1010,28
DA:1011,28
DA:1012,11
DA:1013,11
DA:1014,11
DA:1015,11
DA:1016,11
DA:1017,11
DA:1018,11
DA:1019,0
DA:1021,11
DA:1022,20
DA:1023,20
DA:1024,20
DA:1025,20
DA:1026,20
DA:1027,20
DA:1030,11
DA:1031,11
DA:1032,11
DA:1033,11
DA:1035,11
DA:1037,17
DA:1038,17
DA:1039,17
DA:1040,17
DA:1041,17
DA:1042,17
DA:1043,17
DA:1044,17
DA:1045,17
DA:1046,17
DA:1048,17
DA:1054,26
DA:1055,8
DA:1058,26
DA:1059,26
DA:1066,1936
DA:1067,1936
DA:1070,1936
DA:1071,1936
DA:1077,8
DA:1078,8
DA:1079,0
DA:1085,8
DA:1086,7
DA:1087,7
DA:1088,7
DA:1089,7
DA:1092,1
DA:1093,1
DA:1094,1
DA:1095,1
DA:1096,1
DA:1097,1
DA:1098,1
DA:1101,8
DA:1102,8
DA:1103,8
DA:1105,8
DA:1108,8
DA:1109,8
DA:1110,8
DA:1111,8
DA:1112,8
DA:1113,8
DA:1117,8
DA:1118,1
DA:1119,1
DA:1120,1
DA:1121,1
DA:1125,8
DA:1126,8
DA:1130,0
DA:1131,0
DA:1145,198159
DA:1147,44931
DA:1151,48
DA:1156,0
DA:1160,92
DA:1161,92
DA:1162,92
DA:1163,92
DA:1164,92
DA:1165,92
DA:1169,28
DA:1176,0
DA:1177,0
DA:1179,0
DA:1180,0
DA:1181,0
DA:1198,98
DA:1199,98
DA:1200,98
DA:1205,73497
DA:1206,106
DA:1207,106
DA:1209,106
DA:1211,106
DA:1212,106
DA:1214,73391
DA:1215,73391
DA:1217,36
DA:1218,36
DA:1219,36
DA:1220,36
DA:1225,55128
DA:1226,15
DA:1228,55113
DA:1229,4
DA:1233,55109
DA:1239,55109
DA:1240,78
DA:1241,78
DA:1242,78
DA:1244,78
DA:1245,78
DA:1247,78
DA:1249,78
DA:1250,78
DA:1251,78
DA:1252,78
DA:1253,78
DA:1254,78
DA:1257,55031
DA:1258,55031
DA:1259,55031
DA:1262,55031
DA:1265,55031
DA:1269,55031
DA:1270,40723
DA:1271,40723
DA:1272,40723
DA:1274,5
DA:1275,5
DA:1276,5
DA:1277,5
DA:1278,5
DA:1279,5
DA:1280,5
DA:1281,40718
DA:1283,4
DA:1284,4
DA:1285,4
DA:1286,4
DA:1287,4
DA:1288,4
DA:1290,40714
DA:1291,40714
DA:1292,8
DA:1295,14308
DA:1296,14308
DA:1298,0
DA:1300,55026
DA:1304,661
DA:1305,661
DA:1306,661
DA:1307,656
DA:1308,5
DA:1309,5
DA:1311,661
DA:1315,11858
DA:1319,11858
DA:1320,11858
DA:1321,11858
DA:1322,11858
DA:1323,11858
DA:1327,6
DA:1329,6
DA:1330,6
DA:1331,6
DA:1332,5
DA:1333,5
DA:1334,5
DA:1335,5
DA:1339,1
DA:1344,40
DA:1345,40
DA:1346,40
DA:1351,104
DA:1352,103
DA:1353,103
DA:1354,5
DA:1358,99
DA:1359,98
DA:1360,98
DA:1361,60
DA:1362,60
DA:1366,39
DA:1367,1
DA:1368,1
DA:1369,1
DA:1370,1
DA:1371,1
DA:1375,38
DA:1376,38
DA:1377,38
DA:1378,38
DA:1383,2570
DA:1384,2570
DA:1385,2570
DA:1386,843
DA:1387,843
DA:1389,128
DA:1392,715
DA:1393,715
DA:1395,843
DA:1398,1727
DA:1399,1727
DA:1400,1727
DA:1401,1727
DA:1402,1727
DA:1406,1270
DA:1407,1270
DA:1408,1270
DA:1409,1270
DA:1410,616
DA:1412,72
DA:1415,544
DA:1416,544
DA:1418,616
DA:1421,654
DA:1426,7768
DA:1427,423
DA:1431,423
DA:1434,423
DA:1435,423
DA:1436,423
DA:1437,423
DA:1441,7345
DA:1442,1025
DA:1443,1025
DA:1446,1025
DA:1447,1025
DA:1448,1025
DA:1449,1025
DA:1450,1025
DA:1451,1025
DA:1457,6320
DA:1458,122
DA:1459,122
DA:1460,122
DA:1461,122
DA:1462,122
DA:1463,122
DA:1464,122
DA:1471,6198
DA:1472,437
DA:1473,437
DA:1474,437
DA:1475,437
DA:1476,437
DA:1477,0
DA:1479,437
DA:1481,437
DA:1485,5761
DA:1486,3
DA:1487,3
DA:1488,3
DA:1489,3
DA:1492,3
DA:1493,3
DA:1494,3
DA:1495,3
DA:1496,3
DA:1502,5758
DA:1503,2
DA:1504,2
DA:1505,2
DA:1506,2
DA:1509,2
DA:1510,2
DA:1512,2
DA:1513,2
DA:1518,5756
DA:1519,705
DA:1520,705
DA:1521,705
DA:1522,688
DA:1523,688
DA:1524,688
DA:1525,688
DA:1526,688
DA:1527,688
DA:1533,5068
DA:1534,1
DA:1535,1
DA:1536,1
DA:1537,1
DA:1538,1
DA:1539,1
DA:1540,1
DA:1546,5067
DA:1547,0
DA:1548,0
DA:1549,0
DA:1550,0
DA:1551,0
DA:1552,0
DA:1559,5067
DA:1563,0
DA:1564,0
DA:1565,0
DA:1566,0
DA:1568,0
DA:1570,0
DA:1571,0
DA:1572,0
DA:1573,0
DA:1579,5067
DA:1580,0
DA:1581,0
DA:1582,0
DA:1583,0
DA:1584,0
DA:1585,0
DA:1586,0
DA:1592,5067
DA:1593,0
DA:1594,0
DA:1595,0
DA:1596,0
DA:1597,0
DA:1598,0
DA:1604,5067
DA:1605,6
DA:1606,6
DA:1607,6
DA:1608,6
DA:1609,6
DA:1612,6
DA:1613,6
DA:1614,6
DA:1618,6
DA:1619,6
DA:1629,6
DA:1631,6
DA:1634,6
DA:1635,6
DA:1637,2
DA:1643,6
DA:1644,6
DA:1645,6
DA:1646,6
DA:1648,6
DA:1649,8
DA:1650,6
DA:1651,6
DA:1658,6
DA:1662,6
DA:1663,6
DA:1666,0
DA:1667,0
DA:1671,6
DA:1672,6
DA:1673,6
DA:1677,5061
DA:1678,147
DA:1679,147
DA:1680,147
DA:1681,147
DA:1682,147
DA:1686,4914
DA:1687,3045
DA:1688,3045
DA:1690,14
DA:1691,3
DA:1692,3
DA:1693,3
DA:1694,3
DA:1697,11
DA:1698,11
DA:1700,11
DA:1701,11
DA:1702,15
DA:1703,15
DA:1706,11
DA:1707,11
DA:1708,1
DA:1709,1
DA:1710,1
DA:1712,1
DA:1713,1
DA:1714,2
DA:1715,2
DA:1719,1
DA:1722,0
DA:1724,11
DA:1725,11
DA:1726,11
DA:1727,11
DA:1733,4900
DA:1734,4900
DA:1735,14
DA:1736,5
DA:1737,5
DA:1738,5
DA:1739,14
DA:1740,14
DA:1741,14
DA:1742,14
DA:1743,14
DA:1744,14
DA:1752,5
DA:1753,5
DA:1754,5
DA:1761,4895
DA:1762,4895
DA:1763,4590
DA:1764,4590
DA:1765,8006
DA:1766,8006
DA:1767,328
DA:1768,328
DA:1769,328
DA:1773,4590
DA:1775,269
DA:1776,65
DA:1777,328
DA:1779,269
DA:1782,269
DA:1784,132
DA:1785,132
DA:1800,132
DA:1804,269
DA:1805,269
DA:1806,682
DA:1807,682
DA:1808,354
DA:1811,269
DA:1812,269
DA:1813,269
DA:1821,4626
DA:1822,4626
DA:1823,4321
DA:1824,7152
DA:1826,4321
DA:1827,134
DA:1828,134
DA:1829,134
DA:1830,134
DA:1831,307
DA:1832,307
DA:1834,257
DA:1835,257
DA:1837,186
DA:1838,186
DA:1841,71
DA:1842,71
DA:1843,71
DA:1844,71
DA:1846,257
DA:1848,50
DA:1852,134
DA:1853,0
DA:1855,134
DA:1856,134
DA:1857,134
DA:1862,7511
DA:1863,4492
DA:1864,4492
DA:1865,4492
DA:1870,8
DA:1871,8
DA:1872,8
DA:1873,3
DA:1875,3
DA:1876,3
DA:1877,3
DA:1880,0
DA:1881,0
DA:1882,0
DA:1885,0
DA:1886,0
DA:1887,0
DA:1890,5
DA:1891,5
DA:1892,5
DA:1896,0
DA:1897,0
DA:1898,0
DA:1900,0
DA:1901,0
DA:1902,0
DA:1903,0
DA:1904,0
DA:1907,0
DA:1908,0
DA:1910,0
DA:1911,0
DA:1912,0
DA:1913,0
DA:1915,0
DA:1916,0
DA:1917,0
DA:1918,0
DA:1919,0
DA:1924,0
DA:1925,0
DA:1926,0
DA:1927,0
DA:1928,0
DA:1933,10
DA:1934,4
DA:1935,4
DA:1936,4
DA:1938,4
DA:1939,4
DA:1941,4
DA:1943,4
DA:1944,4
DA:1945,4
DA:1946,4
DA:1947,4
DA:1948,4
DA:1950,9
DA:1951,6
DA:1952,6
DA:1953,6
DA:1959,0
DA:1960,0
DA:1961,0
DA:1963,0
DA:1964,0
DA:1965,0
DA:1970,0
DA:1971,0
DA:1972,0
DA:1973,0
DA:1974,0
DA:1975,0
DA:1980,0
DA:1981,0
DA:1982,0
DA:1983,0
DA:1984,0
DA:1988,42
DA:1989,42
DA:1991,42
DA:1993,4
DA:1994,4
DA:1995,4
DA:1996,4
DA:1998,4
DA:2000,4
DA:2001,4
DA:2002,4
DA:2003,4
DA:2006,38
DA:2008,38
DA:2010,35
DA:2011,35
DA:2012,35
DA:2013,35
DA:2014,6
DA:2016,35
DA:2019,3
DA:2020,3
DA:2021,3
DA:2022,3
DA:2023,3
DA:2025,3
DA:2029,0
DA:2030,0
DA:2031,0
DA:2032,0
DA:2036,0
DA:2037,0
DA:2048,40092
DA:2049,39938
DA:2050,39936
DA:2060,156
DA:2061,154
DA:2063,2
DA:2064,2
DA:2065,2
DA:2066,2
DA:2069,0
DA:2070,0
DA:2071,0
DA:2072,0
DA:2073,0
DA:2074,0
DA:2075,0
DA:2088,15
DA:2089,15
DA:2091,15
DA:2092,15
DA:2093,15
DA:2095,15
DA:2097,15
DA:2098,15
DA:2099,15
DA:2100,15
DA:2102,15
DA:2103,15
DA:2104,15
DA:2106,15
DA:2107,15
DA:2116,4
DA:2117,4
DA:2119,4
DA:2120,4
DA:2121,4
DA:2123,4
DA:2125,4
DA:2126,4
DA:2127,4
DA:2129,4
DA:2130,4
DA:2131,4
DA:2132,4
DA:2134,4
DA:2135,4
DA:2154,3
DA:2155,3
DA:2156,3
DA:2158,3
DA:2159,3
DA:2160,3
DA:2161,0
DA:2162,0
DA:2163,0
DA:2164,0
DA:2165,0
DA:2166,0
DA:2167,0
DA:2168,0
DA:2169,0
DA:2170,0
DA:2171,0
DA:2172,0
DA:2173,0
DA:2174,0
DA:2175,0
DA:2176,0
DA:2177,0
DA:2178,0
DA:2179,0
DA:2180,0
DA:2181,0
DA:2182,0
DA:2184,0
DA:2186,0
DA:2187,0
DA:2188,0
DA:2189,0
DA:2190,0
DA:2191,0
DA:2192,0
DA:2193,0
DA:2194,0
DA:2195,0
DA:2196,0
DA:2197,0
DA:2198,0
DA:2199,0
DA:2200,0
DA:2201,0
DA:2202,0
DA:2204,0
DA:2206,0
DA:2207,0
DA:2208,0
DA:2209,0
DA:2210,0
DA:2211,0
DA:2212,0
DA:2213,0
DA:2215,0
DA:2219,0
DA:2220,0
DA:2221,0
DA:2222,0
DA:2224,0
DA:2225,0
DA:2227,3
DA:2235,21
DA:2237,13
DA:2239,8
DA:2241,0
DA:2243,0
DA:2245,0
DA:2247,0
DA:2249,0
DA:2251,0
DA:2253,0
DA:2255,0
DA:2257,0
DA:2259,0
DA:2261,0
DA:2273,0
DA:2275,0
DA:2276,0
DA:2284,25
DA:2285,24
DA:2287,1
DA:2288,1
DA:2289,1
DA:2291,0
DA:2292,0
DA:2293,0
DA:2294,0
DA:2295,0
DA:2296,0
DA:2297,0
DA:2300,1
DA:2303,1
DA:2310,61
DA:2322,3
DA:2323,3
DA:2324,3
DA:2325,3
DA:2326,6
DA:2327,3
DA:2330,3
DA:2331,3
DA:2332,3
DA:2333,0
DA:2334,0
DA:2336,0
DA:2340,3
DA:2341,3
DA:2342,3
DA:2352,147
DA:2353,147
DA:2354,37
DA:2355,34
DA:2358,316
DA:2359,316
DA:2360,240
DA:2363,147
DA:2365,12
DA:2366,12
DA:2367,12
DA:2368,12
DA:2371,3
DA:2372,3
DA:2373,10
DA:2374,3
DA:2375,3
DA:2379,7
DA:2380,7
DA:2381,6
DA:2382,6
DA:2383,6
DA:2384,6
DA:2385,6
DA:2387,1
DA:2388,1
DA:2390,7
DA:2394,10
DA:2395,10
DA:2396,2
DA:2397,2
DA:2398,2
DA:2399,2
DA:2401,8
DA:2402,8
DA:2404,10
DA:2406,38
DA:2409,32
DA:2410,32
DA:2411,32
DA:2414,2
DA:2415,2
DA:2416,2
DA:2419,2
DA:2420,2
DA:2421,2
DA:2424,0
DA:2425,0
DA:2426,0
DA:2428,0
DA:2430,1
DA:2431,1
DA:2432,1
DA:2435,3
DA:2436,3
DA:2437,3
DA:2439,2
DA:2440,0
DA:2441,0
DA:2442,0
DA:2443,0
DA:2444,7
DA:2445,9
DA:2446,0
DA:2447,10
DA:2448,1
DA:2449,0
DA:2451,0
DA:2452,0
DA:2453,0
DA:2454,0
DA:2455,8
DA:2456,0
DA:2457,0
DA:2458,0
DA:2461,147
DA:2467,30
DA:2468,30
DA:2469,0
DA:2470,0
DA:2478,1806
DA:2479,18
DA:2480,8
DA:2481,0
DA:2482,0
DA:2483,0
DA:2484,0
DA:2485,0
DA:2486,1180
DA:2487,2
DA:2488,53
DA:2490,512
DA:2491,439
DA:2493,6
DA:2494,6
DA:2495,6
DA:2496,4
DA:2498,2
DA:2501,0
DA:2502,0
DA:2503,0
DA:2504,0
DA:2506,0
DA:2509,0
DA:2510,0
DA:2512,0
DA:2513,0
DA:2515,0
DA:2517,27
DA:2523,2688
DA:2524,2549
DA:2525,139
DA:2526,0
DA:2527,0
DA:2528,0
LF:1363
LH:1106
BRDA:34,0,0,62
BRDA:34,0,1,0
BRDA:44,1,0,56
BRDA:44,1,1,52
BRDA:154,2,0,0
BRDA:155,3,0,0
BRDA:156,4,0,34
BRDA:157,5,0,34
BRDA:158,6,0,34
BRDA:159,7,0,34
BRDA:167,8,0,9575
BRDA:167,8,1,9554
BRDA:180,9,0,56249
BRDA:180,9,1,0
BRDA:190,10,0,46674
BRDA:190,10,1,0
BRDA:194,11,0,1234
BRDA:194,12,0,102102
BRDA:194,12,1,1234
BRDA:201,13,0,761
BRDA:201,14,0,56249
BRDA:201,14,1,761
BRDA:216,15,0,2773
BRDA:216,15,1,0
BRDA:250,16,0,0
BRDA:251,17,0,0
BRDA:252,18,0,0
BRDA:253,19,0,0
BRDA:254,20,0,0
BRDA:256,21,0,0
BRDA:266,22,0,9479
BRDA:266,22,1,9347
BRDA:269,23,0,9479
BRDA:270,24,0,9479
BRDA:274,25,0,132
BRDA:286,26,0,163
BRDA:286,27,0,20389
BRDA:286,27,1,1015
BRDA:290,28,0,319
BRDA:290,29,0,20226
BRDA:290,29,1,19160
BRDA:298,30,0,19907
BRDA:298,30,1,19830
BRDA:306,31,0,9479
BRDA:334,32,0,0
BRDA:335,33,0,0
BRDA:336,34,0,0
BRDA:338,35,0,0
BRDA:343,36,0,56
BRDA:343,36,1,0
BRDA:344,37,0,56
BRDA:344,37,1,52
BRDA:349,38,0,43
BRDA:349,38,1,13
BRDA:361,39,0,3
BRDA:361,39,1,1
BRDA:362,40,0,1
BRDA:362,40,1,0
BRDA:363,41,0,4
BRDA:363,41,1,0
BRDA:364,42,0,1
BRDA:364,42,1,3
BRDA:364,43,0,4
BRDA:364,43,1,1
BRDA:382,44,0,14
BRDA:382,44,1,0
BRDA:383,45,0,0
BRDA:383,45,1,0
BRDA:384,46,0,14
BRDA:384,46,1,0
BRDA:385,47,0,0
BRDA:385,47,1,14
BRDA:385,48,0,14
BRDA:385,48,1,0
BRDA:404,49,0,56
BRDA:425,50,0,25642
BRDA:425,50,1,25624
BRDA:433,51,0,4777
BRDA:436,52,0,42798
BRDA:438,53,0,38000
BRDA:453,54,0,42476
BRDA:453,55,0,42476
BRDA:453,55,1,42476
BRDA:461,56,0,27332
BRDA:461,56,1,28810
BRDA:461,56,2,29454
BRDA:461,56,3,0
BRDA:489,57,0,749
BRDA:489,58,0,61797
BRDA:489,58,1,61779
BRDA:493,59,0,16649
BRDA:493,59,1,5
BRDA:493,59,2,15418
BRDA:493,59,3,13386
BRDA:493,59,4,15
BRDA:493,59,5,8
BRDA:493,59,6,11539
BRDA:493,59,7,2773
BRDA:493,59,8,16
BRDA:493,59,9,18
BRDA:493,59,10,26
BRDA:493,59,11,1936
BRDA:493,59,12,8
BRDA:493,59,13,0
BRDA:495,60,0,4
BRDA:495,60,1,16645
BRDA:505,61,0,3
BRDA:505,61,1,16642
BRDA:513,62,0,23
BRDA:513,62,1,16619
BRDA:515,63,0,22
BRDA:515,63,1,1
BRDA:518,64,0,2
BRDA:518,64,1,44
BRDA:543,65,0,5
BRDA:543,65,1,16614
BRDA:552,66,0,21
BRDA:552,66,1,16593
BRDA:555,67,0,12
BRDA:555,67,1,9
BRDA:566,68,0,4
BRDA:577,69,0,171
BRDA:577,69,1,16422
BRDA:577,70,0,16593
BRDA:577,70,1,16029
BRDA:581,71,0,39
BRDA:581,71,1,132
BRDA:596,72,0,473
BRDA:596,72,1,15949
BRDA:604,73,0,466
BRDA:604,73,1,7
BRDA:612,74,0,15
BRDA:612,74,1,7
BRDA:615,75,0,15
BRDA:624,76,0,69
BRDA:624,76,1,15880
BRDA:649,77,0,37
BRDA:649,78,0,15880
BRDA:649,78,1,15858
BRDA:649,78,2,15842
BRDA:659,79,0,1
BRDA:659,79,1,4
BRDA:662,80,0,3
BRDA:662,80,1,2
BRDA:669,81,0,0
BRDA:669,81,1,4
BRDA:672,82,0,0
BRDA:673,83,0,0
BRDA:673,83,1,0
BRDA:710,84,0,4
BRDA:710,84,1,13382
BRDA:716,85,0,2
BRDA:716,85,1,13380
BRDA:721,86,0,24
BRDA:721,86,1,13356
BRDA:728,87,0,7
BRDA:728,87,1,13349
BRDA:735,88,0,2820
BRDA:735,88,1,10529
BRDA:738,89,0,0
BRDA:738,89,1,2820
BRDA:738,90,0,2820
BRDA:738,90,1,0
BRDA:749,91,0,10526
BRDA:749,91,1,3
BRDA:760,92,0,0
BRDA:769,93,0,0
BRDA:780,94,0,1605
BRDA:780,94,1,9934
BRDA:787,95,0,11539
BRDA:792,96,0,1605
BRDA:795,97,0,1605
BRDA:813,98,0,40
BRDA:813,99,0,2773
BRDA:813,99,1,40
BRDA:816,100,0,40
BRDA:816,100,1,2733
BRDA:831,101,0,2773
BRDA:836,102,0,40
BRDA:836,103,0,2773
BRDA:836,103,1,40
BRDA:839,104,0,40
BRDA:855,105,0,16
BRDA:858,106,0,0
BRDA:866,107,0,16
BRDA:893,108,0,18
BRDA:919,109,0,72
BRDA:919,109,1,69
BRDA:925,110,0,3
BRDA:926,111,0,3
BRDA:926,111,1,0
BRDA:928,112,0,0
BRDA:928,112,1,3
BRDA:928,113,0,3
BRDA:928,113,1,0
BRDA:953,114,0,3
BRDA:953,114,1,23
BRDA:961,115,0,18
BRDA:961,115,1,57
BRDA:964,116,0,18
BRDA:967,117,0,3
BRDA:967,117,1,54
BRDA:976,118,0,3
BRDA:980,119,0,3
BRDA:980,119,1,51
BRDA:990,120,0,3
BRDA:992,121,0,3
BRDA:996,122,0,23
BRDA:996,122,1,28
BRDA:1004,123,0,23
BRDA:1008,124,0,28
BRDA:1011,125,0,11
BRDA:1011,125,1,17
BRDA:1016,126,0,10
BRDA:1017,127,0,10
BRDA:1018,128,0,0
BRDA:1018,128,1,11
BRDA:1025,129,0,11
BRDA:1025,129,1,9
BRDA:1027,130,0,9
BRDA:1032,131,0,11
BRDA:1045,132,0,17
BRDA:1054,133,0,8
BRDA:1078,134,0,8
BRDA:1085,135,0,7
BRDA:1085,135,1,1
BRDA:1085,136,0,8
BRDA:1085,136,1,7
BRDA:1103,137,0,1
BRDA:1103,137,1,7
BRDA:1110,138,0,8
BRDA:1112,139,0,8
BRDA:1117,140,0,1
BRDA:1120,141,0,1
BRDA:1145,142,0,44931
BRDA:1145,142,1,48
BRDA:1145,142,2,0
BRDA:1145,142,3,0
BRDA:1145,142,4,0
BRDA:1145,142,5,92
BRDA:1145,142,6,28
BRDA:1145,142,7,0
BRDA:1145,142,8,38
BRDA:1145,142,9,38
BRDA:1145,142,10,38
BRDA:1145,142,11,38
BRDA:1145,142,12,38
BRDA:1145,142,13,38
BRDA:1145,142,14,38
BRDA:1145,142,15,96
BRDA:1145,142,16,96
BRDA:1145,142,17,96
BRDA:1145,142,18,98
BRDA:1145,142,19,98
BRDA:1145,142,20,73497
BRDA:1145,142,21,55128
BRDA:1145,142,22,661
BRDA:1145,142,23,11858
BRDA:1145,142,24,6
BRDA:1145,142,25,40
BRDA:1145,142,26,104
BRDA:1145,142,27,2570
BRDA:1145,142,28,1270
BRDA:1145,142,29,7768
BRDA:1145,142,30,8
BRDA:1145,142,31,10
BRDA:1145,142,32,0
BRDA:1145,142,33,0
BRDA:1145,142,34,0
BRDA:1145,142,35,42
BRDA:1145,142,36,0
BRDA:1169,143,0,17
BRDA:1169,143,1,11
BRDA:1205,144,0,106
BRDA:1215,145,0,73355
BRDA:1225,146,0,15
BRDA:1228,147,0,4
BRDA:1239,148,0,78
BRDA:1239,149,0,55109
BRDA:1239,149,1,40014
BRDA:1239,149,2,78
BRDA:1269,150,0,40723
BRDA:1269,150,1,14308
BRDA:1270,151,0,40723
BRDA:1270,151,1,35835
BRDA:1271,152,0,40723
BRDA:1271,152,1,25026
BRDA:1272,153,0,5
BRDA:1272,153,1,40718
BRDA:1272,154,0,40723
BRDA:1272,154,1,13296
BRDA:1272,154,2,5
BRDA:1281,155,0,4
BRDA:1281,155,1,40714
BRDA:1281,156,0,40718
BRDA:1281,156,1,9873
BRDA:1281,156,2,4
BRDA:1291,157,0,8
BRDA:1291,158,0,40714
BRDA:1291,158,1,40706
BRDA:1295,159,0,14308
BRDA:1295,159,1,0
BRDA:1306,160,0,656
BRDA:1306,160,1,5
BRDA:1308,161,0,5
BRDA:1320,162,0,11858
BRDA:1320,162,1,2
BRDA:1329,163,0,6
BRDA:1331,164,0,5
BRDA:1333,165,0,5
BRDA:1345,166,0,40
BRDA:1345,166,1,0
BRDA:1351,167,0,103
BRDA:1353,168,0,5
BRDA:1353,169,0,103
BRDA:1353,169,1,5
BRDA:1358,170,0,98
BRDA:1360,171,0,60
BRDA:1362,172,0,60
BRDA:1366,173,0,1
BRDA:1366,174,0,39
BRDA:1366,174,1,1
BRDA:1369,175,0,1
BRDA:1371,176,0,1
BRDA:1383,177,0,2570
BRDA:1385,178,0,843
BRDA:1387,179,0,128
BRDA:1387,179,1,715
BRDA:1407,180,0,1270
BRDA:1409,181,0,616
BRDA:1410,182,0,72
BRDA:1410,182,1,544
BRDA:1426,183,0,423
BRDA:1426,184,0,7768
BRDA:1426,184,1,7345
BRDA:1431,185,0,151
BRDA:1431,185,1,272
BRDA:1431,186,0,423
BRDA:1431,186,1,423
BRDA:1433,187,0,272
BRDA:1433,187,1,0
BRDA:1441,188,0,1025
BRDA:1443,189,0,287
BRDA:1443,189,1,738
BRDA:1443,190,0,1025
BRDA:1443,190,1,1025
BRDA:1445,191,0,738
BRDA:1445,191,1,0
BRDA:1457,192,0,122
BRDA:1457,193,0,6320
BRDA:1457,193,1,122
BRDA:1471,194,0,437
BRDA:1471,195,0,6198
BRDA:1471,195,1,437
BRDA:1476,196,0,0
BRDA:1476,196,1,437
BRDA:1485,197,0,3
BRDA:1485,198,0,5761
BRDA:1485,198,1,5759
BRDA:1488,199,0,3
BRDA:1488,199,1,0
BRDA:1489,200,0,2
BRDA:1489,200,1,1
BRDA:1490,201,0,2
BRDA:1490,201,1,0
BRDA:1492,202,0,2
BRDA:1492,202,1,1
BRDA:1502,203,0,2
BRDA:1504,204,0,2
BRDA:1504,204,1,0
BRDA:1506,205,0,2
BRDA:1506,205,1,0
BRDA:1507,206,0,2
BRDA:1507,206,1,0
BRDA:1518,207,0,705
BRDA:1519,208,0,705
BRDA:1521,209,0,688
BRDA:1533,210,0,1
BRDA:1534,211,0,1
BRDA:1536,212,0,1
BRDA:1546,213,0,0
BRDA:1547,214,0,0
BRDA:1549,215,0,0
[...]
BRDA:50,0,0,1
BRDA:60,1,0,0
BRDA:79,2,0,0
BRF:3
BRH:1
end_of_record
TN:
SF:src/tuner/adapters/sqrt-newton.ts
FN:46,(anonymous_0)
FN:70,(anonymous_1)
FN:75,(anonymous_2)
FN:97,(anonymous_3)
FN:101,(anonymous_4)
FNF:5
FNH:5
FNDA:5,(anonymous_0)
FNDA:4,(anonymous_1)
FNDA:1,(anonymous_2)
FNDA:1,(anonymous_3)
FNDA:8,(anonymous_4)
DA:28,1
DA:30,1
DA:32,1
DA:37,1
DA:47,5
DA:48,5
DA:50,5
DA:51,5
DA:54,3
DA:55,3
DA:59,3
DA:60,24
DA:61,24
DA:62,24
DA:63,24
DA:64,24
DA:67,3
DA:71,4
DA:72,3
DA:76,1
DA:80,1
DA:81,1
DA:82,1
DA:83,1
DA:84,201
DA:85,201
DA:86,201
DA:90,1
DA:91,10
DA:94,1
DA:98,1
DA:99,1
DA:101,1
DA:102,8
DA:105,1
LF:35
LH:35
BRDA:51,0,0,2
BRDA:55,1,0,0
BRDA:61,2,0,0
BRDA:64,3,0,0
BRDA:71,4,0,1
BRF:5
BRH:2
end_of_record
TN:
SF:src/typechecker/index.ts
FN:157,(anonymous_0)
FN:162,(anonymous_1)
FN:170,(anonymous_2)
FN:175,(anonymous_3)
FN:184,(anonymous_4)
FN:191,(anonymous_5)
FN:210,(anonymous_6)
FN:266,(anonymous_7)
FN:312,(anonymous_8)
FN:313,(anonymous_9)
FN:355,(anonymous_10)
FN:361,(anonymous_11)
FN:428,(anonymous_12)
FN:483,(anonymous_13)
FN:523,(anonymous_14)
FN:555,(anonymous_15)
FN:598,(anonymous_16)
FN:779,(anonymous_17)
FN:814,(anonymous_18)
FN:824,(anonymous_19)
FN:860,(anonymous_20)
FN:873,(anonymous_21)
FN:895,(anonymous_22)
FN:909,(anonymous_23)
FN:936,(anonymous_24)
FN:955,(anonymous_25)
FN:999,(anonymous_26)
FN:1029,(anonymous_27)
FN:1035,(anonymous_28)
FN:1082,(anonymous_29)
FN:1101,(anonymous_30)
FN:1118,(anonymous_31)
FN:1259,(anonymous_32)
FN:1287,(anonymous_33)
FN:1291,(anonymous_34)
FN:1318,(anonymous_35)
FN:1339,(anonymous_36)
FN:1359,(anonymous_37)
FN:1371,(anonymous_38)
FN:1376,(anonymous_39)
FN:1383,(anonymous_40)
FN:1390,(anonymous_41)
FN:1400,(anonymous_42)
FN:1403,(anonymous_43)
FN:1444,(anonymous_44)
FN:1462,(anonymous_45)
FN:1468,(anonymous_46)
FN:1483,(anonymous_47)
FN:1494,(anonymous_48)
FN:1500,(anonymous_49)
FN:1508,(anonymous_50)
FN:1516,(anonymous_51)
FN:1521,(anonymous_52)
FNF:53
FNH:49
FNDA:849,(anonymous_0)
FNDA:64,(anonymous_1)
FNDA:46,(anonymous_2)
FNDA:18,(anonymous_3)
FNDA:775,(anonymous_4)
FNDA:849,(anonymous_5)
FNDA:61,(anonymous_6)
FNDA:9846,(anonymous_7)
FNDA:9413,(anonymous_8)
FNDA:571,(anonymous_9)
FNDA:24759,(anonymous_10)
FNDA:59714,(anonymous_11)
FNDA:62,(anonymous_12)
FNDA:5,(anonymous_13)
FNDA:16082,(anonymous_14)
FNDA:13171,(anonymous_15)
FNDA:202715,(anonymous_16)
FNDA:7611,(anonymous_17)
FNDA:71,(anonymous_18)
FNDA:7818,(anonymous_19)
FNDA:15,(anonymous_20)
FNDA:90,(anonymous_21)
FNDA:0,(anonymous_22)
FNDA:43,(anonymous_23)
FNDA:6,(anonymous_24)
FNDA:112,(anonymous_25)
FNDA:14,(anonymous_26)
FNDA:16,(anonymous_27)
FNDA:15,(anonymous_28)
FNDA:11188,(anonymous_29)
FNDA:11189,(anonymous_30)
FNDA:184375,(anonymous_31)
FNDA:17,(anonymous_32)
FNDA:30,(anonymous_33)
FNDA:6,(anonymous_34)
FNDA:147,(anonymous_35)
FNDA:8864,(anonymous_36)
FNDA:10,(anonymous_37)
FNDA:31,(anonymous_38)
FNDA:31,(anonymous_39)
FNDA:0,(anonymous_40)
FNDA:28770,(anonymous_41)
FNDA:283822,(anonymous_42)
FNDA:37536,(anonymous_43)
FNDA:36,(anonymous_44)
FNDA:6,(anonymous_45)
FNDA:15,(anonymous_46)
FNDA:35,(anonymous_47)
FNDA:0,(anonymous_48)
FNDA:0,(anonymous_49)
FNDA:60840,(anonymous_50)
FNDA:24,(anonymous_51)
FNDA:13,(anonymous_52)
DA:9,58
DA:10,58
DA:23,58
DA:55,58
DA:104,58
DA:105,58
DA:106,58
DA:107,58
DA:109,58
DA:128,58
DA:131,849
DA:132,849
DA:133,849
DA:134,849
DA:135,849
DA:136,849
DA:137,849
DA:138,849
DA:139,849
DA:140,849
DA:142,849
DA:144,849
DA:145,849
DA:147,849
DA:158,849
DA:159,849
DA:163,64
DA:164,64
DA:171,46
DA:172,46
DA:176,18
DA:177,18
DA:178,18
DA:185,775
DA:193,849
DA:194,9786
DA:198,849
DA:199,28
DA:202,849
DA:203,25
DA:204,25
DA:205,25
DA:206,25
DA:209,25
DA:210,61
DA:211,60
DA:212,0
DA:214,60
DA:215,44
DA:216,44
DA:217,0
DA:220,60
DA:224,849
DA:225,51
DA:226,51
DA:227,92
DA:229,51
DA:232,849
DA:233,27
DA:234,27
DA:235,78
DA:237,27
DA:240,849
DA:241,3
DA:242,3
DA:243,3
DA:244,0
DA:249,3
DA:253,849
DA:254,9786
DA:257,849
DA:258,25
DA:259,60
DA:263,849
DA:269,9846
DA:271,9413
DA:272,9413
DA:273,9413
DA:274,9413
DA:276,9413
DA:278,9413
DA:279,3
DA:282,9413
DA:283,1276
DA:287,9413
DA:288,20045
DA:289,20045
DA:290,4
DA:291,4
DA:292,4
DA:293,4
DA:294,4
DA:295,0
DA:300,20041
DA:301,1
DA:306,9413
DA:308,9413
DA:309,9413
DA:313,9413
DA:314,9413
DA:315,9401
DA:318,12
DA:319,0
DA:320,0
DA:323,12
DA:324,12
DA:325,0
DA:326,0
DA:329,12
DA:330,1
DA:331,1
DA:334,11
DA:335,11
DA:336,1
DA:340,1
DA:343,10
DA:344,10
DA:345,10
DA:346,10
DA:347,0
DA:356,24759
DA:357,59703
DA:362,59714
DA:364,16082
DA:365,16082
DA:367,5
DA:368,5
DA:370,13171
DA:371,13171
DA:373,11188
DA:374,11188
DA:375,11188
DA:376,11188
DA:377,11188
DA:379,2574
DA:380,2574
DA:381,2574
DA:382,2574
DA:383,2574
DA:385,11
DA:386,11
DA:387,11
DA:388,11
DA:389,11
DA:390,11
DA:391,11
DA:393,18
DA:394,18
DA:396,18
DA:397,18
DA:402,18
DA:403,18
DA:404,18
DA:405,18
DA:406,18
DA:408,0
DA:409,0
DA:410,0
DA:412,0
DA:414,0
DA:415,0
DA:416,0
DA:418,18
DA:420,28
DA:421,28
DA:422,79
DA:424,31
DA:425,31
DA:426,31
DA:428,62
DA:429,31
DA:431,0
DA:435,79
DA:437,28
DA:440,10
DA:441,10
DA:442,10
DA:443,10
DA:444,10
DA:448,5
DA:449,5
DA:452,3
DA:453,3
DA:454,3
DA:455,3
DA:456,3
DA:460,0
DA:461,0
DA:462,0
DA:463,0
DA:466,0
DA:468,0
DA:469,0
DA:470,0
DA:473,0
DA:475,14634
DA:476,14634
DA:479,1934
DA:484,5
DA:485,5
DA:486,5
DA:488,0
DA:489,0
DA:490,0
DA:491,0
DA:493,0
DA:494,0
DA:499,0
DA:500,0
DA:501,0
DA:503,5
DA:505,5
DA:506,0
DA:511,5
DA:512,11
DA:513,11
DA:517,0
DA:518,0
DA:525,16082
DA:526,16082
DA:529,16082
DA:530,16082
DA:532,16082
DA:533,16082
DA:539,15603
DA:541,2
DA:546,15601
DA:547,2
DA:556,13171
DA:558,13171
DA:560,13171
DA:561,13167
DA:562,13167
DA:566,13167
DA:567,13167
DA:568,8
DA:569,8
DA:570,8
DA:577,13167
DA:579,4
DA:584,13163
DA:585,3
DA:592,4
DA:593,1
DA:599,202715
DA:601,74987
DA:602,11
DA:604,74987
DA:607,7611
DA:608,7611
DA:611,0
DA:612,0
DA:615,112
DA:616,112
DA:618,14
DA:619,14
DA:622,53990
DA:623,53990
DA:624,53990
DA:625,53990
DA:626,40215
DA:627,40215
DA:628,40215
DA:629,40215
DA:630,40215
DA:632,0
DA:638,40215
DA:639,40215
DA:640,40215
DA:641,10
DA:647,53990
DA:651,6
DA:652,6
DA:653,6
DA:654,2
DA:656,6
DA:660,626
DA:661,626
DA:664,11381
DA:665,0
DA:666,11381
DA:667,1
DA:669,11381
DA:670,11381
DA:673,7
DA:674,7
DA:675,7
DA:678,1045
DA:679,1045
DA:680,1045
DA:681,1045
DA:684,2079
DA:685,2079
DA:686,2079
DA:687,2079
DA:688,0
DA:690,2079
DA:693,54
DA:694,93
DA:696,54
DA:699,1
DA:700,3
DA:701,1
DA:704,1
DA:707,10
DA:708,20
DA:709,11
DA:711,9
DA:712,9
DA:714,9
DA:715,9
DA:719,1
DA:725,10
DA:728,429
DA:729,1857
DA:731,429
DA:734,8
DA:735,0
DA:737,8
DA:738,17
DA:740,8
DA:743,15
DA:744,15
DA:747,48
DA:748,1
DA:750,47
DA:751,47
DA:752,1
DA:755,48
DA:758,13
DA:772,50218
DA:774,42
DA:775,42
DA:780,7611
DA:781,6
DA:784,7611
DA:785,7611
DA:786,90
DA:787,90
DA:790,7521
DA:791,7521
DA:792,13
DA:793,12
DA:794,2
DA:798,10
DA:799,1
DA:805,13
DA:806,13
DA:810,7508
DA:811,7508
DA:813,4534
DA:814,71
DA:815,37
DA:816,0
DA:821,71
DA:822,37
DA:824,7818
DA:825,4497
DA:826,4
DA:829,4
DA:834,4497
DA:835,7816
DA:836,7816
DA:837,7813
DA:839,7816
DA:840,7816
DA:841,0
DA:847,4497
DA:850,2974
DA:851,2974
DA:852,3
DA:853,3
DA:856,2971
DA:857,2971
DA:858,14
DA:860,15
DA:864,14
DA:867,2957
DA:868,7453
DA:874,90
DA:875,129
DA:878,90
DA:879,90
DA:880,0
DA:883,90
DA:884,90
DA:888,0
DA:896,0
DA:897,0
DA:898,0
DA:899,0
DA:900,0
DA:901,0
DA:903,0
DA:906,0
DA:915,43
DA:916,0
DA:919,43
DA:920,59
DA:921,59
DA:922,0
DA:923,0
DA:925,59
DA:926,59
DA:927,59
DA:928,0
DA:937,6
DA:938,6
DA:939,0
DA:942,6
DA:943,6
DA:944,2
DA:947,4
DA:948,1
DA:956,112
DA:957,104
DA:961,112
DA:962,111
DA:963,8
DA:964,8
DA:965,0
DA:967,8
DA:970,103
DA:971,103
DA:972,103
DA:974,103
DA:975,63
DA:976,63
DA:977,1
DA:979,40
DA:980,36
DA:981,0
DA:983,4
DA:985,2
DA:987,1
DA:988,1
DA:1000,14
DA:1001,7
DA:1002,1
DA:1006,6
DA:1007,1
DA:1013,14
DA:1014,14
DA:1015,0
DA:1016,0
DA:1017,0
DA:1019,0
DA:1022,14
DA:1023,1
DA:1024,1
DA:1027,13
DA:1029,16
DA:1036,15
DA:1037,15
DA:1038,15
DA:1040,15
DA:1041,0
DA:1045,0
DA:1048,15
DA:1049,15
DA:1050,15
DA:1051,15
DA:1053,15
DA:1054,3
DA:1060,15
DA:1061,15
DA:1065,15
DA:1066,11
DA:1068,4
DA:1069,4
DA:1070,4
DA:1071,1
DA:1078,15
DA:1079,15
DA:1083,11188
DA:1085,11188
DA:1086,4
DA:1087,4
DA:1088,4
DA:1089,4
DA:1090,4
DA:1091,4
DA:1093,11184
DA:1096,11188
DA:1097,1447
DA:1102,11189
DA:1103,11182
DA:1106,7
DA:1107,7
DA:1108,2
DA:1111,5
DA:1119,184375
DA:1121,38283
DA:1123,50
DA:1125,0
DA:1127,0
DA:1129,0
DA:1131,160
DA:1133,6
DA:1136,2264
DA:1138,1
DA:1139,3
DA:1140,1
DA:1143,1
DA:1145,10
DA:1146,20
DA:1147,9
DA:1150,10
DA:1152,11
DA:1154,81219
DA:1156,5899
DA:1157,5899
DA:1158,1
DA:1160,5898
DA:1161,0
DA:1163,5898
DA:1164,1
DA:1165,1
DA:1166,1
DA:1167,1
DA:1169,0
DA:1171,5897
DA:1172,1
DA:1174,5896
DA:1175,0
DA:1177,5896
DA:1178,5896
DA:1179,3
DA:1181,5893
DA:1182,5893
DA:1183,7
DA:1185,5886
DA:1186,5886
DA:1189,5017
DA:1190,35
DA:1192,4982
DA:1194,869
DA:1197,14
DA:1198,14
DA:1201,0
DA:1202,0
DA:1203,0
DA:1205,0
DA:1208,44
DA:1209,43
DA:1211,1
DA:1213,114
DA:1214,6
DA:1216,108
DA:1217,108
DA:1218,108
DA:1219,36
DA:1222,72
DA:1224,1052
DA:1225,1052
DA:1226,0
DA:1229,54116
DA:1230,4
DA:1232,54112
DA:1234,0
DA:1236,444
DA:1237,443
DA:1240,116
DA:1241,116
DA:1244,429
DA:1245,164
DA:1247,265
DA:1249,53
DA:1250,51
DA:1251,51
DA:1252,50
DA:1255,3
DA:1257,8
DA:1259,17
DA:1263,8
DA:1265,8
DA:1269,5
DA:1270,0
DA:1274,43
DA:1276,15
DA:1283,11
DA:1291,30
DA:1292,6
DA:1293,4
DA:1295,2
DA:1296,2
DA:1297,2
DA:1299,0
DA:1300,0
DA:1303,30
DA:1306,30
DA:1307,0
DA:1310,30
DA:1320,147
DA:1321,17
DA:1325,130
DA:1326,7
DA:1327,7
DA:1331,123
DA:1332,109
DA:1336,14
DA:1340,8864
DA:1341,8864
DA:1342,118
DA:1345,8746
DA:1346,8746
DA:1347,8725
DA:1350,21
DA:1351,21
DA:1352,0
DA:1355,21
DA:1360,10
DA:1362,0
DA:1363,0
DA:1364,0
DA:1365,0
DA:1367,0
DA:1372,31
DA:1377,31
DA:1378,31
DA:1384,0
DA:1391,28770
DA:1392,28386
DA:1400,283822
DA:1405,37536
DA:1406,17
DA:1408,37519
DA:1409,0
DA:1413,37519
DA:1414,0
DA:1416,37519
DA:1417,1
DA:1419,37518
DA:1420,10
DA:1422,37508
DA:1423,153
DA:1426,37355
DA:1428,37355
DA:1430,36433
DA:1431,36386
DA:1433,32
DA:1435,32
DA:1439,6
DA:1444,36
DA:1445,6
DA:1448,922
DA:1449,775
DA:1452,147
DA:1453,54
DA:1456,93
DA:1457,38
DA:1460,55
DA:1461,30
DA:1462,6
DA:1466,25
DA:1467,7
DA:1468,15
DA:1471,18
DA:1472,18
DA:1476,0
DA:1477,0
DA:1480,0
DA:1484,35
DA:1486,34
DA:1488,0
DA:1490,0
DA:1492,0
DA:1494,0
DA:1496,1
DA:1498,0
DA:1500,0
DA:1502,0
DA:1504,0
DA:1509,60840
DA:1510,2110
DA:1512,58730
DA:1513,26
DA:1515,58704
DA:1516,24
DA:1518,58693
DA:1519,49
DA:1521,13
DA:1525,58644
DA:1526,27
DA:1528,58617
DA:1529,23
DA:1531,58594
DA:1532,0
DA:1534,58594
LF:689
LH:583
BRDA:165,0,0,64
BRDA:165,0,1,0
BRDA:166,1,0,64
BRDA:166,1,1,0
BRDA:177,2,0,0
BRDA:177,2,1,18
BRDA:198,3,0,849
BRDA:198,3,1,0
BRDA:202,4,0,849
BRDA:202,4,1,0
BRDA:204,5,0,25
BRDA:211,6,0,0
BRDA:214,7,0,44
BRDA:216,8,0,0
BRDA:216,9,0,44
BRDA:216,9,1,44
BRDA:224,10,0,849
BRDA:224,10,1,0
BRDA:232,11,0,849
BRDA:232,11,1,0
BRDA:235,12,0,78
BRDA:235,12,1,0
BRDA:240,13,0,849
BRDA:240,13,1,0
BRDA:243,14,0,0
BRDA:257,15,0,849
BRDA:257,15,1,0
BRDA:269,16,0,433
BRDA:269,17,0,9846
BRDA:269,17,1,433
BRDA:289,18,0,4
BRDA:289,18,1,20041
BRDA:294,19,0,0
BRDA:300,20,0,1
BRDA:314,21,0,9401
BRDA:318,22,0,0
BRDA:324,23,0,0
BRDA:329,24,0,1
BRDA:335,25,0,1
BRDA:346,26,0,0
BRDA:362,27,0,16082
BRDA:362,27,1,5
BRDA:362,27,2,13171
BRDA:362,27,3,11188
BRDA:362,27,4,2574
BRDA:362,27,5,11
BRDA:362,27,6,18
BRDA:362,27,7,28
BRDA:362,27,8,10
BRDA:362,27,9,5
BRDA:362,27,10,3
BRDA:362,27,11,0
BRDA:362,27,12,14634
BRDA:362,27,13,1934
BRDA:385,28,0,11
BRDA:394,29,0,18
BRDA:394,29,1,0
BRDA:409,30,0,0
BRDA:409,30,1,0
BRDA:422,31,0,31
BRDA:428,32,0,62
BRDA:428,32,1,24
BRDA:429,33,0,0
BRDA:429,34,0,31
BRDA:429,34,1,31
BRDA:429,34,2,20
BRDA:461,35,0,0
BRDA:461,36,0,0
BRDA:461,36,1,0
BRDA:469,37,0,0
BRDA:486,38,0,0
BRDA:486,38,1,5
BRDA:489,39,0,0
BRDA:493,40,0,0
BRDA:500,41,0,0
BRDA:500,41,1,0
BRDA:503,42,0,5
BRDA:503,42,1,0
BRDA:505,43,0,0
BRDA:512,44,0,11
BRDA:512,44,1,0
BRDA:525,45,0,16071
BRDA:525,45,1,11
BRDA:529,46,0,16082
BRDA:529,46,1,11
BRDA:533,47,0,15603
BRDA:534,48,0,16082
BRDA:534,48,1,16071
BRDA:534,48,2,16045
BRDA:534,48,3,15616
BRDA:537,49,0,15616
BRDA:537,49,1,15501
BRDA:539,50,0,2
BRDA:539,50,1,15601
BRDA:546,51,0,2
BRDA:556,52,0,0
BRDA:560,53,0,13167
BRDA:560,53,1,4
BRDA:566,54,0,13167
BRDA:566,54,1,12910
BRDA:567,55,0,8
BRDA:567,56,0,13167
BRDA:567,56,1,15
BRDA:569,57,0,8
BRDA:577,58,0,4
BRDA:577,58,1,13163
BRDA:584,59,0,3
BRDA:592,60,0,1
BRDA:592,61,0,4
BRDA:592,61,1,4
BRDA:599,62,0,74987
BRDA:599,62,1,7611
BRDA:599,62,2,0
BRDA:599,62,3,112
BRDA:599,62,4,14
BRDA:599,62,5,53990
BRDA:599,62,6,6
BRDA:599,62,7,626
BRDA:599,62,8,11381
BRDA:599,62,9,7
BRDA:599,62,10,1045
BRDA:599,62,11,2079
BRDA:599,62,12,54
BRDA:599,62,13,1
BRDA:599,62,14,10
BRDA:599,62,15,429
BRDA:599,62,16,8
BRDA:599,62,17,15
BRDA:599,62,18,48
BRDA:599,62,19,13
BRDA:599,62,20,45967
BRDA:599,62,21,46026
BRDA:599,62,22,46062
BRDA:599,62,23,49788
BRDA:599,62,24,49927
BRDA:599,62,25,49938
BRDA:599,62,26,50085
BRDA:599,62,27,50085
BRDA:599,62,28,50085
BRDA:599,62,29,50085
BRDA:599,62,30,50218
BRDA:599,62,31,42
BRDA:601,63,0,11
BRDA:625,64,0,40215
BRDA:628,65,0,40215
BRDA:628,65,1,40215
BRDA:628,65,2,40215
BRDA:629,66,0,40215
BRDA:629,66,1,40215
BRDA:629,66,2,40215
BRDA:630,67,0,0
BRDA:630,68,0,40215
BRDA:630,68,1,40215
BRDA:638,69,0,40215
BRDA:638,69,1,40215
BRDA:639,70,0,40215
BRDA:639,70,1,40215
BRDA:640,71,0,10
BRDA:640,72,0,40215
BRDA:640,72,1,40205
BRDA:653,73,0,2
BRDA:664,74,0,0
BRDA:664,74,1,11381
BRDA:666,75,0,1
BRDA:687,76,0,0
BRDA:687,77,0,2079
BRDA:687,77,1,2079
BRDA:700,78,0,1
BRDA:708,79,0,11
BRDA:714,80,0,9
BRDA:714,80,1,8
BRDA:715,81,0,1
BRDA:716,82,0,9
BRDA:716,82,1,9
BRDA:717,83,0,9
BRDA:717,83,1,8
BRDA:734,84,0,0
BRDA:734,85,0,8
BRDA:734,85,1,8
BRDA:747,86,0,1
BRDA:747,86,1,47
BRDA:751,87,0,1
BRDA:780,88,0,6
BRDA:780,89,0,7611
BRDA:780,89,1,7605
BRDA:785,90,0,90
BRDA:791,91,0,13
BRDA:792,92,0,12
BRDA:792,93,0,13
BRDA:792,93,1,5
BRDA:793,94,0,2
BRDA:793,94,1,10
BRDA:798,95,0,1
BRDA:811,96,0,4534
BRDA:813,97,0,37
BRDA:813,98,0,4534
BRDA:813,98,1,37
BRDA:815,99,0,0
BRDA:815,100,0,37
BRDA:815,100,1,37
BRDA:825,101,0,4
BRDA:825,102,0,4497
BRDA:825,102,1,4494
BRDA:826,103,0,4
BRDA:826,103,1,0
BRDA:835,104,0,7813
BRDA:835,104,1,3
BRDA:836,105,0,7813
BRDA:840,106,0,0
BRDA:840,107,0,7816
BRDA:840,107,1,7813
BRDA:851,108,0,3
BRDA:857,109,0,14
BRDA:875,110,0,90
BRDA:875,110,1,39
BRDA:879,111,0,0
BRDA:884,112,0,0
BRDA:885,113,0,90
BRDA:885,113,1,90
BRDA:885,113,2,9
BRDA:898,114,0,0
BRDA:915,115,0,0
BRDA:921,116,0,0
BRDA:927,117,0,0
BRDA:938,118,0,0
BRDA:943,119,0,2
BRDA:943,120,0,6
BRDA:943,120,1,2
BRDA:947,121,0,1
BRDA:947,122,0,4
BRDA:947,122,1,4
BRDA:956,123,0,104
BRDA:956,124,0,112
BRDA:956,124,1,111
BRDA:961,125,0,111
BRDA:962,126,0,8
BRDA:964,127,0,0
BRDA:972,128,0,103
BRDA:974,129,0,63
BRDA:974,129,1,40
BRDA:976,130,0,1
BRDA:976,131,0,63
BRDA:976,131,1,63
BRDA:979,132,0,36
BRDA:979,132,1,4
BRDA:980,133,0,0
BRDA:980,134,0,36
BRDA:980,134,1,0
BRDA:980,134,2,0
BRDA:983,135,0,2
BRDA:985,136,0,1
BRDA:987,137,0,1
BRDA:1000,138,0,7
BRDA:1000,139,0,14
BRDA:1000,139,1,7
BRDA:1001,140,0,1
BRDA:1001,140,1,6
BRDA:1006,141,0,1
BRDA:1014,142,0,0
BRDA:1022,143,0,1
BRDA:1036,144,0,15
BRDA:1036,144,1,0
BRDA:1037,145,0,15
BRDA:1037,145,1,0
BRDA:1040,146,0,0
BRDA:1040,147,0,15
BRDA:1040,147,1,15
BRDA:1051,148,0,15
BRDA:1051,148,1,0
BRDA:1055,149,0,3
BRDA:1055,149,1,0
BRDA:1061,150,0,0
BRDA:1061,150,1,15
BRDA:1063,151,0,15
BRDA:1063,151,1,0
BRDA:1065,152,0,11
BRDA:1065,152,1,4
BRDA:1070,153,0,1
BRDA:1085,154,0,4
BRDA:1085,154,1,11184
BRDA:1096,155,0,1447
BRDA:1102,156,0,11182
BRDA:1102,157,0,11189
BRDA:1102,157,1,7
BRDA:1107,158,0,2
BRDA:1107,159,0,7
BRDA:1107,159,1,7
BRDA:1119,160,0,38283
BRDA:1119,160,1,50
BRDA:1119,160,2,0
BRDA:1119,160,3,0
BRDA:1119,160,4,0
BRDA:1119,160,5,160
BRDA:1119,160,6,6
BRDA:1119,160,7,2262
BRDA:1119,160,8,2264
BRDA:1119,160,9,1
BRDA:1119,160,10,10
BRDA:1119,160,11,11
BRDA:1119,160,12,81219
BRDA:1119,160,13,5899
BRDA:1119,160,14,14
BRDA:1119,160,15,0
BRDA:1119,160,16,44
BRDA:1119,160,17,114
BRDA:1119,160,18,1052
BRDA:1119,160,19,54116
BRDA:1119,160,20,0
BRDA:1119,160,21,444
BRDA:1119,160,22,116
BRDA:1119,160,23,429
BRDA:1119,160,24,53
BRDA:1119,160,25,8
BRDA:1119,160,26,8
BRDA:1119,160,27,5
BRDA:1119,160,28,43
BRDA:1119,160,29,15
BRDA:1119,160,30,11
BRDA:1139,161,0,1
BRDA:1146,162,0,9
BRDA:1154,163,0,81219
BRDA:1154,163,1,8
BRDA:1157,164,0,1
BRDA:1160,165,0,0
BRDA:1163,166,0,1
BRDA:1165,167,0,1
BRDA:1165,168,0,1
BRDA:1165,168,1,1
BRDA:1167,169,0,1
BRDA:1171,170,0,1
BRDA:1174,171,0,0
BRDA:1178,172,0,3
BRDA:1182,173,0,7
BRDA:1186,174,0,5017
BRDA:1189,175,0,35
BRDA:1189,176,0,5017
BRDA:1189,176,1,35
BRDA:1190,177,0,35
BRDA:1190,177,1,8
BRDA:1198,178,0,14
BRDA:1198,178,1,0
BRDA:1202,179,0,0
BRDA:1208,180,0,43
BRDA:1213,181,0,6
BRDA:1213,182,0,114
BRDA:1213,182,1,114
BRDA:1216,183,0,108
BRDA:1218,184,0,36
BRDA:1218,185,0,108
BRDA:1218,185,1,36
BRDA:1225,186,0,1052
BRDA:1229,187,0,4
BRDA:1236,188,0,1
BRDA:1241,189,0,116
BRDA:1241,189,1,0
BRDA:1244,190,0,164
BRDA:1249,191,0,51
BRDA:1251,192,0,50
BRDA:1264,193,0,8
BRDA:1264,193,1,0
BRDA:1269,194,0,5
BRDA:1278,195,0,15
BRDA:1278,195,1,0
BRDA:1278,196,0,15
BRDA:1278,196,1,15
BRDA:1292,197,0,4
BRDA:1296,198,0,2
BRDA:1303,199,0,0
BRDA:1303,199,1,30
BRDA:1306,200,0,0
BRDA:1307,201,0,0
BRDA:1307,201,1,0
BRDA:1320,202,0,17
BRDA:1320,203,0,147
BRDA:1320,203,1,133
BRDA:1320,203,2,130
BRDA:1325,204,0,7
BRDA:1327,205,0,7
BRDA:1327,205,1,0
BRDA:1331,206,0,109
BRDA:1341,207,0,118
BRDA:1346,208,0,8725
BRDA:1351,209,0,0
BRDA:1351,210,0,21
BRDA:1351,210,1,21
BRDA:1360,211,0,10
BRDA:1364,212,0,0
BRDA:1377,213,0,31
BRDA:1391,214,0,384
BRDA:1391,215,0,28770
BRDA:1391,215,1,28400
BRDA:1400,216,0,283822
BRDA:1400,216,1,85033
BRDA:1405,217,0,17
BRDA:1405,218,0,37536
BRDA:1405,218,1,36450
BRDA:1405,218,2,35687
BRDA:1408,219,0,0
BRDA:1408,220,0,37519
BRDA:1408,220,1,38
BRDA:1408,220,2,0
BRDA:1413,221,0,0
BRDA:1413,222,0,37519
BRDA:1413,222,1,153
BRDA:1416,223,0,1
BRDA:1416,224,0,37519
BRDA:1416,224,1,11
BRDA:1419,225,0,10
BRDA:1419,226,0,37518
BRDA:1419,226,1,10
BRDA:1422,227,0,153
BRDA:1422,228,0,37508
BRDA:1422,228,1,153
BRDA:1426,229,0,0
BRDA:1428,230,0,36433
BRDA:1428,231,0,37355
BRDA:1428,231,1,36433
BRDA:1430,232,0,47
BRDA:1431,233,0,36354
BRDA:1433,234,0,32
BRDA:1433,234,1,6
BRDA:1433,234,2,26
BRDA:1433,234,3,26
BRDA:1435,235,0,26
BRDA:1444,236,0,0
BRDA:1444,237,0,36
BRDA:1444,237,1,3
BRDA:1448,238,0,775
BRDA:1448,239,0,922
BRDA:1448,239,1,775
BRDA:1452,240,0,54
BRDA:1452,241,0,147
BRDA:1452,241,1,54
BRDA:1456,242,0,38
BRDA:1456,243,0,93
BRDA:1456,243,1,38
BRDA:1460,244,0,30
BRDA:1460,245,0,55
BRDA:1460,245,1,30
BRDA:1461,246,0,30
BRDA:1461,246,1,30
BRDA:1461,246,2,30
BRDA:1466,247,0,7
BRDA:1466,248,0,25
BRDA:1466,248,1,7
BRDA:1467,249,0,7
BRDA:1467,249,1,7
BRDA:1471,250,0,18
BRDA:1471,251,0,18
BRDA:1471,251,1,18
BRDA:1476,252,0,0
BRDA:1476,253,0,0
BRDA:1476,253,1,0
BRDA:1476,253,2,0
BRDA:1484,254,0,34
BRDA:1484,254,1,0
BRDA:1484,254,2,0
BRDA:1484,254,3,0
BRDA:1484,254,4,0
BRDA:1484,254,5,1
BRDA:1484,254,6,0
BRDA:1484,254,7,0
BRDA:1484,254,8,0
BRDA:1484,254,9,0
BRDA:1509,255,0,2110
BRDA:1512,256,0,26
BRDA:1515,257,0,11
BRDA:1518,258,0,49
BRDA:1525,259,0,27
BRDA:1525,260,0,58644
BRDA:1525,260,1,58362
BRDA:1525,260,2,282
BRDA:1528,261,0,23
BRDA:1528,262,0,58617
BRDA:1528,262,1,255
BRDA:1531,263,0,0
BRDA:1531,264,0,58594
BRDA:1531,264,1,58001
BRF:478
BRH:379
end_of_record
TN:
SF:src/types/mc-version.ts
FN:8,(anonymous_0)
FN:21,parseMcVersion
FN:42,compareMcVersion
FNF:3
FNH:3
FNDA:59,(anonymous_0)
FNDA:9,parseMcVersion
FNDA:6,compareMcVersion
DA:8,59
DA:9,59
DA:10,59
DA:11,59
DA:12,59
DA:13,59
DA:14,59
DA:21,59
DA:22,9
DA:23,9
DA:24,3
DA:26,6
DA:27,6
DA:28,6
DA:29,6
DA:30,6
DA:31,0
DA:33,6
DA:34,1
DA:36,5
DA:42,59
DA:43,6
DA:46,59
LF:23
LH:22
BRDA:8,0,0,59
BRDA:8,0,1,59
BRDA:23,1,0,3
BRDA:23,2,0,9
BRDA:23,2,1,7
BRDA:26,3,0,4
BRDA:30,4,0,0
BRDA:30,5,0,6
BRDA:30,5,1,6
BRDA:30,5,2,6
BRDA:33,6,0,1
BRF:11
BRH:10
end_of_record
